MPASM 5.87                      SONYCRBT.ASM   11-26-2021  2:44:46         PAGE  1


LOC  OBJECT CODE     LINE SOURCE TEXT
  VALUE

Warning[205]: Found directive in column 1. (list)
                      00001 list p=12f675
                      00002         #include <P12f675.INC>
                      00001         LIST
                      00002 
                      00003 ;==========================================================================
                      00004 ; Build date : Jan 06 2020
                      00005 ;  MPASM PIC12F675 processor include
                      00006 ; 
                      00007 ;  (c) Copyright 1999-2020 Microchip Technology, All rights reserved
                      00008 ;==========================================================================
                      00009 
                      00367         LIST
                      00003         ERRORLEVEL      -302            
2007   0054           00004         __CONFIG  00054H
                      00005         ;__CONFIG       _MCLRE_OFF & _PWRTE_OFF & _WDT_OFF & _INTRC_OSC_NOCLKOUT & _BODEN_OFF
                      00006         #define   IR_LED    GPIO,2 ; ???????????? ?????????
  00000020            00007 count           equ     0x20    
  00000023            00008 f0              equ     0x23    
  00000024            00009 f1              equ     0x24     
  00000025            00010 strelkapasmax   equ     0x25    
  00000026            00011 strelkapasmin   equ     0x26    
  00000027            00012 qizilmax        equ     0x27
  00000028            00013 qizilmin        equ     0x28
  00000029            00014 powermax        equ     0x29
  0000002A            00015 powermin        equ     0x2A
  0000002B            00016 strelkachapmax  equ     0x2B
  0000002C            00017 strelkachapmin  equ     0x2C
  0000002D            00018 strelkaonmax    equ     0x2D
  0000002E            00019 strelkaonmin    equ     0x2E
  00000032            00020 Reg_1           equ     0x32            
  00000033            00021 Reg_2           equ     0x33
  00000034            00022 Reg_3           equ     0x34
  00000038            00023 volumpasmax     equ     0x38
  00000039            00024 volumpasmin     equ     0x39
  0000003A            00025 volumtepamax    equ     0x3A
  0000003B            00026 volumtepamin    equ     0x3B
  0000003C            00027 strelkatepamax  equ     0x3C
  0000003D            00028 strelkatepamin  equ     0x3D
  0000003E            00029 fCOUNTER        equ     0x3E
  0000003F            00030 fCOUNTER2       equ     0x3F 
  00000040            00031 yashilmax       equ     0x40
  00000041            00032 yashilmin       equ     0x41
                      00033         
                      00034                 org     0x00
0000   2???           00035                 goto    Init            
                      00036 ;***********************************************************************
0001   1283           00037 Init        bcf     STATUS, RP0         ; Bank 0
0002   0185           00038             clrf    GPIO                        ; aus!
0003   3007           00039             movlw   b'00000111'
0004   0099           00040             movwf   CMCON                       ; Comparator aus
0005   1683           00041             bsf     STATUS, RP0         ; Bank 1
0006   1105           00042             bcf     TRISIO,2
MPASM 5.87                      SONYCRBT.ASM   11-26-2021  2:44:46         PAGE  2


LOC  OBJECT CODE     LINE SOURCE TEXT
  VALUE

0007   1605           00043             bsf     TRISIO,4
0008   1683           00044             bsf     STATUS, RP0         ; Bank 1
0009   23FF           00045             call    0x3FF
000A   0090           00046             movwf   OSCCAL                      ; 4-MHz-Kalibrierung
000B   1283           00047             bcf     STATUS, RP0         ; Bank 0
000C   138B           00048             bcf     INTCON, GIE         ; Int deaktiviert          
                      00049 ;******************************************************************************
000D   141F           00050             BSF     ADCON0, ADON        ; ADON=1
000E   159F           00051             BSF     ADCON0, CHS1        ; ADCHS1=0
000F   151F           00052             BSF     ADCON0, CHS0        ; ADCHS0=0
0010   1683           00053             BSF     STATUS,RP0  ; Bank1
0011   019F           00054             clrf    ANSEL          
0012   161F           00055             BSF     ANSEL, ADCS0        ; ADCS0=1 Fosc/8
0013   159F           00056             BSF     ANSEL, ANS3
0014   1283           00057             BCF     STATUS,RP0  ; Bank0
0015   131F           00058             BCF     ADCON0, VCFG        ; RA2=digital
0016   139F           00059             BCF     ADCON0, ADFM        ; ADFM=1 linksb?ndig
                      00060             
0017   30FC           00061             movlw   0xFC                ;4.85V      
0018   00A5           00062             movwf   strelkapasmax
0019   30EB           00063             movlw   0xEB                ;4.45V
001A   00A6           00064             movwf   strelkapasmin
001B   30EB           00065             movlw   0xEB                ; 4.45V
001C   00A7           00066             movwf   qizilmax
001D   30D2           00067             movlw   0xD2                ; 3.97V
001E   00A8           00068             movwf   qizilmin
001F   30D2           00069             movlw   0xD2                ; 3.97V
0020   00C0           00070             movwf   yashilmax
0021   30C8           00071             movlw   0xC8                ; 3.80V
0022   00C1           00072             movwf   yashilmin
0023   30C8           00073             movlw   0xC8                ; 3.80V
0024   00A9           00074             movwf   powermax
0025   30BD           00075             movlw   0xBD                ; 3.55V
0026   00AA           00076             movwf   powermin
0027   30BD           00077             movlw   0xBD                ; 3.55V
0028   00AB           00078             movwf   strelkachapmax
0029   30AF           00079             movlw   0xAF                ; 3.32V
002A   00AC           00080             movwf   strelkachapmin
002B   30AF           00081             movlw   0xAF                ; 3.32V
002C   00AD           00082             movwf   strelkaonmax
002D   30A3           00083             movlw   0xA3                ; 3.08V
002E   00AE           00084             movwf   strelkaonmin
002F   30A3           00085             movlw   0xA3                ; 3.08V
0030   00B8           00086             movwf   volumpasmax
0031   3094           00087             movlw   0x94                ; 2.85V
0032   00B9           00088             movwf   volumpasmin
0033   3094           00089             movlw   0x94                ; 2.85V
0034   00BA           00090             movwf   volumtepamax            
0035   3046           00091             movlw   0x46                ; 1.32V
0036   00BB           00092             movwf   volumtepamin            
0037   3046           00093             movlw   0x46                ; 1.32V
0038   00BC           00094             movwf   strelkatepamax
0039   3001           00095             movlw   0x01                ; 0.00V
MPASM 5.87                      SONYCRBT.ASM   11-26-2021  2:44:46         PAGE  3


LOC  OBJECT CODE     LINE SOURCE TEXT
  VALUE

003A   00BD           00096             movwf   strelkatepamin
                      00097 ;***********************************************************************
003B   2???           00098 Mainloop    call        UMessen1        ; AN0 nach f1,f0  (f1 is entscheidend)
003C   2???           00099             call        LED             ; LED ein-/ausschalten
003D   2???           00100             goto        Mainloop
                      00101 ;***********************************************************************
003E   149F           00102 UMessen1    BSF     ADCON0, 1   ; ADC starten       
003F   189F           00103 loop        BTFSC   ADCON0, 1   ; ist der ADC fertig?
0040   2???           00104             GOTO    loop                ; nein, weiter warten       
0041   081E           00105             movfw   ADRESH              ; obere  8 Bit auslesen
0042   00A4           00106             movwf   f1          ; obere  8-Bit nach f1
0043   1683           00107             bsf     STATUS,RP0  ; Bank1
0044   081E           00108             movfw   ADRESL              ; untere 2 Bit auslesen, werden aber  nicht ben?tigt
0045   1283           00109             bcf     STATUS,RP0  ; Bank0
0046   00A3           00110             movwf   f0          ; untere 2-Bit nach f0
0047   30AB           00111             movlw       .171
0048   00B2           00112             movwf       Reg_1
0049   3019           00113             movlw       .25
004A   00B3           00114             movwf       Reg_2
004B   0BB2           00115             decfsz      Reg_1,F
004C   2???           00116             goto        $-1
004D   0BB3           00117             decfsz      Reg_2,F
004E   2???           00118             goto        $-3
004F   0000           00119             nop
0050   0000           00120             nop
0051   0008           00121             return
                      00122 ;***********************************************************************
0052   0825           00123 LED         MOVFW       strelkapasmax
0053   0224           00124             subwf       f1, w           ; w:=f1-w 
0054   1C03           00125             btfss       STATUS, C
0055   2???           00126             call        strelkapas              ; LED an
                      00127 
0056   0827           00128             MOVFW       qizilmax
0057   0224           00129             subwf       f1, w           ; w:=f1-w 
0058   1C03           00130             btfss       STATUS, C
0059   2???           00131             call        qizil           ; LED an
                      00132             
005A   0840           00133             MOVFW       yashilmax
005B   0224           00134             subwf       f1, w           ; w:=f1-w 
005C   1C03           00135             btfss       STATUS, C
005D   2???           00136             call        yashil          ; LED an
                      00137 
005E   0829           00138             MOVFW       powermax
005F   0224           00139             subwf       f1, w           ; w:=f1-w 
0060   1C03           00140             btfss       STATUS, C
0061   2???           00141             call        power           ; LED an
                      00142 
0062   082B           00143             MOVFW       strelkachapmax
0063   0224           00144             subwf       f1, w           ; w:=f1-w 
0064   1C03           00145             btfss       STATUS, C
0065   2???           00146             call        strelkachap     ; LED an
                      00147 
0066   082D           00148             MOVFW       strelkaonmax
MPASM 5.87                      SONYCRBT.ASM   11-26-2021  2:44:46         PAGE  4


LOC  OBJECT CODE     LINE SOURCE TEXT
  VALUE

0067   0224           00149             subwf       f1, w           ; w:=f1-w 
0068   1C03           00150             btfss       STATUS, C
0069   2???           00151             call        strelkaon       ; LED an
                      00152 
006A   0838           00153             MOVFW       volumpasmax
006B   0224           00154             subwf       f1, w           ; w:=f1-w 
006C   1C03           00155             btfss       STATUS, C
006D   2???           00156             call        volumpas        ; LED an
                      00157 
006E   083A           00158             MOVFW       volumtepamax
006F   0224           00159             subwf       f1, w           ; w:=f1-w 
0070   1C03           00160             btfss       STATUS, C
0071   2???           00161             call        volumtepa       ; LED an
                      00162 
0072   083C           00163             MOVFW       strelkatepamax
0073   0224           00164             subwf       f1, w           ; w:=f1-w 
0074   1C03           00165             btfss       STATUS, C
0075   2???           00166             call        strelkatepa     ; LED an
0076   0008           00167             return
                      00168 ;***********************************************************************
0077   0826           00169 strelkapas  MOVFW       strelkapasmin
0078   0224           00170             subwf       f1, w           ; w:=f1-w 
0079   1803           00171             btfsc       STATUS, C
007A   2???           00172             call        cmstrelkapas
007B   0008           00173             return
007C   0828           00174 qizil       MOVFW       qizilmin
007D   0224           00175             subwf       f1, w           ; w:=f1-w 
007E   1803           00176             btfsc       STATUS, C
007F   2???           00177             call        qiziluderjat
0080   0008           00178             return
0081   0841           00179 yashil      MOVFW       yashilmin
0082   0224           00180             subwf       f1, w           ; w:=f1-w 
0083   1803           00181             btfsc       STATUS, C
0084   2???           00182             call        yashiluderjat
0085   0008           00183             return          
0086   082A           00184 power       MOVFW       powermin
0087   0224           00185             subwf       f1, w           ; w:=f1-w 
0088   1803           00186             btfsc       STATUS, C
0089   2???           00187             call        cmpower
008A   0008           00188             return
008B   082C           00189 strelkachap MOVFW       strelkachapmin
008C   0224           00190             subwf       f1, w           ; w:=f1-w 
008D   1803           00191             btfsc       STATUS, C
008E   2???           00192             call        cmstrelkachap
008F   0008           00193             return      
0090   082E           00194 strelkaon   MOVFW       strelkaonmin
0091   0224           00195             subwf       f1, w           ; w:=f1-w 
0092   1803           00196             btfsc       STATUS, C
0093   2???           00197             call        cmstrelkaon
0094   0008           00198             return      
0095   0839           00199 volumpas    MOVFW       volumpasmin
0096   0224           00200             subwf       f1, w           ; w:=f1-w 
0097   1803           00201             btfsc       STATUS, C
MPASM 5.87                      SONYCRBT.ASM   11-26-2021  2:44:46         PAGE  5


LOC  OBJECT CODE     LINE SOURCE TEXT
  VALUE

0098   2???           00202             call        cmvolumpas
0099   0008           00203             return      
009A   083B           00204 volumtepa   MOVFW       volumtepamin
009B   0224           00205             subwf       f1, w           ; w:=f1-w 
009C   1803           00206             btfsc       STATUS, C
009D   2???           00207             call        cmvolumtepa
009E   0008           00208             return      
009F   083D           00209 strelkatepa MOVFW       strelkatepamin
00A0   0224           00210             subwf       f1, w           ; w:=f1-w 
00A1   1803           00211             btfsc       STATUS, C
00A2   2???           00212             call        cmstrelkatepa
00A3   0008           00213             return      
                      00214 ;<<<<<<<<<<<<<<<<<<<<<<<<<<<<<<<<<<<<<<<<<<<<<<<<<<<<<<<<<<<<<<<<<<<<<<<<<<<<<
00A4                  00215 Big_delay ;=770*x+1     x=(delay-5)/770 ???????? ?????????? call ? return.
00A4   00BF           00216         movwf   fCOUNTER2
00A5   01BE           00217         clrf    fCOUNTER
00A6                  00218 BD_Loop94
00A6   0BBE           00219         decfsz  fCOUNTER,1
00A7   2???           00220         goto    BD_Loop94
00A8   0BBF           00221         decfsz  fCOUNTER2,1
00A9   2???           00222         goto    BD_Loop94
00AA   0008           00223         return
                      00224 ;-----------------------------------------------------------------------------
00AB   2???           00225 qiziluderjat    call    cmqizil
00AC   2???           00226                 call    delay29ms
00AD   2???           00227                 call    cmmute
                      00228                 ;call   cmatt
00AE   0008           00229                 return
                      00230 ;-----------------------------------------------------------------------------
00AF   2???           00231 yashiluderjat   call    cmyashil
00B0   2???           00232                 call    delay29ms
00B1   2???           00233                 call    cmpause         
00B2   0008           00234                 return          
                      00235 ;-----------------------------------------------------------------------------  
00B3   2???           00236 cmstrelkapas    call    Send_1;      // 38
00B4   2???           00237                 call    Send_1;      // 39
00B5   2???           00238                 call    Send_1;      // 40
00B6   2???           00239                 call    Send_0;      // 41
00B7   2???           00240                 call    Send_1;      // 42
00B8   2???           00241                 call    Send_0;      // 43
00B9   2???           00242                 call    Send_1;      // 35
00BA   2???           00243                 call    Send_1;      // 36
00BB   2???           00244                 call    Send_0;      // 37
00BC   2???           00245                 call    Send_1;      // 38
00BD   2???           00246                 call    Send_0;      // 39
00BE   2???           00247                 call    Send_1;      // 40
00BF   2???           00248                 call    Send_0;      // 41
00C0   2???           00249                 call    Send_1;      // 42
00C1   2???           00250                 call    Send_1;      // 43
00C2   2???           00251                 call    Send_0;      // 43
00C3   2???           00252                 call    Send_1;      // 43
00C4   2???           00253                 call    Send_1;      // 43
00C5   2???           00254                 call    Send_0;      // 43
MPASM 5.87                      SONYCRBT.ASM   11-26-2021  2:44:46         PAGE  6


LOC  OBJECT CODE     LINE SOURCE TEXT
  VALUE

00C6   2???           00255                 call    Send_1;      // 43
00C7   2???           00256                 call    Send_0;      // 43
00C8   2???           00257                 call    Send_1;      // 43
00C9   2???           00258                 call    Send_0;      // 43
00CA   2???           00259                 call    Send_1;      // 43
00CB   2???           00260                 call    Send_0;      // 43
00CC   2???           00261                 call    Send_1;      // 43
00CD   2???           00262                 call    Send_1;      // 43
00CE   2???           00263                 call    Send_0;      // 43
00CF   2???           00264                 call    Send_1;      // 43
00D0   2???           00265                 call    Send_0;      // 43
00D1   2???           00266                 call    Send_1;      // 43
00D2   2???           00267                 call    Send_0;      // 43
00D3   2???           00268                 call    Send_1;      // 43
00D4   2???           00269                 call    Send_0;      // 43
00D5   2???           00270                 call    Send_1;      // 43
00D6   2???           00271                 call    Send_0;      // 43
00D7   2???           00272                 call    Send_1;      // 43
00D8   2???           00273                 call    Send_1;      // 43
00D9   2???           00274                 call    Send_0;      // 43
00DA   0008           00275                 return
                      00276 
00DB   2???           00277 cmqizil         call    Send_1;      // 38
00DC   2???           00278                 call    Send_1;      // 39
00DD   2???           00279                 call    Send_1;      // 40
00DE   2???           00280                 call    Send_0;      // 41
00DF   2???           00281                 call    Send_1;      // 42
00E0   2???           00282                 call    Send_1;      // 43
00E1   2???           00283                 call    Send_0;      // 35
00E2   2???           00284                 call    Send_1;      // 36
00E3   2???           00285                 call    Send_0;      // 37
00E4   2???           00286                 call    Send_1;      // 38
00E5   2???           00287                 call    Send_0;      // 39
00E6   2???           00288                 call    Send_1;      // 40
00E7   2???           00289                 call    Send_0;      // 41
00E8   2???           00290                 call    Send_1;      // 42
00E9   2???           00291                 call    Send_0;      // 43
00EA   2???           00292                 call    Send_1;      // 43
00EB   2???           00293                 call    Send_0;      // 43
00EC   2???           00294                 call    Send_1;      // 43
00ED   2???           00295                 call    Send_1;      // 43
00EE   2???           00296                 call    Send_0;      // 43
00EF   2???           00297                 call    Send_1;      // 43
00F0   2???           00298                 call    Send_0;      // 43
00F1   2???           00299                 call    Send_1;      // 43
00F2   2???           00300                 call    Send_0;      // 43
00F3   2???           00301                 call    Send_1;      // 43
00F4   2???           00302                 call    Send_1;      // 43
00F5   2???           00303                 call    Send_0;      // 43
00F6   2???           00304                 call    Send_1;      // 43
00F7   2???           00305                 call    Send_0;      // 43
00F8   2???           00306                 call    Send_1;      // 43
00F9   2???           00307                 call    Send_0;      // 43
MPASM 5.87                      SONYCRBT.ASM   11-26-2021  2:44:46         PAGE  7


LOC  OBJECT CODE     LINE SOURCE TEXT
  VALUE

00FA   2???           00308                 call    Send_1;      // 43
00FB   2???           00309                 call    Send_0;      // 43
00FC   2???           00310                 call    Send_1;      // 43
00FD   2???           00311                 call    Send_0;      // 43
00FE   2???           00312                 call    Send_1;      // 43
00FF   2???           00313                 call    Send_1;      // 43
0100   2???           00314                 call    Send_0;      // 43
0101   2???           00315                 call    Send_1;      // 43
0102   2???           00316                 call    Send_0;      // 43
0103   2???           00317                 call    Send_1;      // 43
0104   2???           00318                 call    Send_0;      // 43
0105   2???           00319                 call    Send_1;      // 43
0106   2???           00320                 call    Send_0;      // 43
0107   2???           00321                 call    Send_1;      // 43
0108   2???           00322                 call    Send_0;      // 43
0109   2???           00323                 call    Send_1;      // 43
010A   2???           00324                 call    Send_0;      // 43
010B   0008           00325                 return
                      00326                 
010C   2???           00327 cmmute          call    Send_1;      // 38
010D   2???           00328                 call    Send_1;      // 39
010E   2???           00329                 call    Send_1;      // 40
010F   2???           00330                 call    Send_0;      // 41
0110   2???           00331                 call    Send_1;      // 42
0111   2???           00332                 call    Send_1;      // 43
0112   2???           00333                 call    Send_0;      // 35
0113   2???           00334                 call    Send_1;      // 36
0114   2???           00335                 call    Send_0;      // 37
0115   2???           00336                 call    Send_1;      // 38
0116   2???           00337                 call    Send_1;      // 39
0117   2???           00338                 call    Send_0;      // 40
0118   2???           00339                 call    Send_1;      // 41
0119   2???           00340                 call    Send_0;      // 42
011A   2???           00341                 call    Send_1;      // 43
011B   2???           00342                 call    Send_0;      // 43
011C   2???           00343                 call    Send_1;      // 43
011D   2???           00344                 call    Send_0;      // 43
011E   2???           00345                 call    Send_1;      // 43
011F   2???           00346                 call    Send_1;      // 43
0120   2???           00347                 call    Send_0;      // 43
0121   2???           00348                 call    Send_1;      // 43
0122   2???           00349                 call    Send_0;      // 43
0123   2???           00350                 call    Send_1;      // 43
0124   2???           00351                 call    Send_0;      // 43
0125   2???           00352                 call    Send_1;      // 43
0126   2???           00353                 call    Send_1;      // 43
0127   2???           00354                 call    Send_0;      // 43
0128   2???           00355                 call    Send_1;      // 43
0129   2???           00356                 call    Send_0;      // 43
012A   2???           00357                 call    Send_1;      // 43
012B   2???           00358                 call    Send_0;      // 43
012C   2???           00359                 call    Send_1;      // 43
012D   2???           00360                 call    Send_0;      // 43
MPASM 5.87                      SONYCRBT.ASM   11-26-2021  2:44:46         PAGE  8


LOC  OBJECT CODE     LINE SOURCE TEXT
  VALUE

012E   2???           00361                 call    Send_1;      // 43
012F   2???           00362                 call    Send_0;      // 43
0130   2???           00363                 call    Send_1;      // 43
0131   2???           00364                 call    Send_1;      // 43
0132   2???           00365                 call    Send_0;      // 43
0133   0008           00366                 return          
                      00367 
0134   2???           00368 cmatt           call    Send_1;      // 38
0135   2???           00369                 call    Send_1;      // 39
0136   2???           00370                 call    Send_1;      // 40
0137   2???           00371                 call    Send_0;      // 41
0138   2???           00372                 call    Send_1;      // 42
0139   2???           00373                 call    Send_1;      // 43
013A   2???           00374                 call    Send_0;      // 35
013B   2???           00375                 call    Send_1;      // 36
013C   2???           00376                 call    Send_0;      // 37
013D   2???           00377                 call    Send_1;      // 38
013E   2???           00378                 call    Send_1;      // 39
013F   2???           00379                 call    Send_0;      // 40
0140   2???           00380                 call    Send_1;      // 41
0141   2???           00381                 call    Send_0;      // 42
0142   2???           00382                 call    Send_1;      // 43
0143   2???           00383                 call    Send_0;      // 43
0144   2???           00384                 call    Send_1;      // 43
0145   2???           00385                 call    Send_0;      // 43
0146   2???           00386                 call    Send_1;      // 43
0147   2???           00387                 call    Send_1;      // 43
0148   2???           00388                 call    Send_0;      // 43
0149   2???           00389                 call    Send_1;      // 43
014A   2???           00390                 call    Send_0;      // 43
014B   2???           00391                 call    Send_1;      // 43
014C   2???           00392                 call    Send_0;      // 43
014D   2???           00393                 call    Send_1;      // 43
014E   2???           00394                 call    Send_1;      // 43
014F   2???           00395                 call    Send_0;      // 43
0150   2???           00396                 call    Send_1;      // 43
0151   2???           00397                 call    Send_0;      // 43
0152   2???           00398                 call    Send_1;      // 43
0153   2???           00399                 call    Send_0;      // 43
0154   2???           00400                 call    Send_1;      // 43
0155   2???           00401                 call    Send_0;      // 43
0156   2???           00402                 call    Send_1;      // 43
0157   2???           00403                 call    Send_0;      // 43
0158   2???           00404                 call    Send_1;      // 43
0159   2???           00405                 call    Send_1;      // 43
015A   2???           00406                 call    Send_0;      // 43              
015B   0008           00407                 return
                      00408                 
015C   2???           00409 cmyashil        call    Send_1;      // 38
015D   2???           00410                 call    Send_1;      // 39
015E   2???           00411                 call    Send_1;      // 40
015F   2???           00412                 call    Send_0;      // 41
0160   2???           00413                 call    Send_1;      // 42
MPASM 5.87                      SONYCRBT.ASM   11-26-2021  2:44:46         PAGE  9


LOC  OBJECT CODE     LINE SOURCE TEXT
  VALUE

0161   2???           00414                 call    Send_1;      // 43
0162   2???           00415                 call    Send_0;      // 35
0163   2???           00416                 call    Send_1;      // 36
0164   2???           00417                 call    Send_0;      // 37
0165   2???           00418                 call    Send_1;      // 38
0166   2???           00419                 call    Send_0;      // 39
0167   2???           00420                 call    Send_1;      // 40
0168   2???           00421                 call    Send_0;      // 41
0169   2???           00422                 call    Send_1;      // 42
016A   2???           00423                 call    Send_0;      // 43
016B   2???           00424                 call    Send_1;      // 43
016C   2???           00425                 call    Send_0;      // 43
016D   2???           00426                 call    Send_1;      // 43
016E   2???           00427                 call    Send_1;      // 43
016F   2???           00428                 call    Send_0;      // 43
0170   2???           00429                 call    Send_1;      // 43
0171   2???           00430                 call    Send_0;      // 43
0172   2???           00431                 call    Send_1;      // 43
0173   2???           00432                 call    Send_0;      // 43
0174   2???           00433                 call    Send_1;      // 43
0175   2???           00434                 call    Send_1;      // 43
0176   2???           00435                 call    Send_0;      // 43
0177   2???           00436                 call    Send_1;      // 43
0178   2???           00437                 call    Send_0;      // 43
0179   2???           00438                 call    Send_1;      // 43
017A   2???           00439                 call    Send_0;      // 43
017B   2???           00440                 call    Send_1;      // 43
017C   2???           00441                 call    Send_0;      // 43
017D   2???           00442                 call    Send_1;      // 43
017E   2???           00443                 call    Send_0;      // 43
017F   2???           00444                 call    Send_1;      // 43
0180   2???           00445                 call    Send_1;      // 43
0181   2???           00446                 call    Send_0;      // 43
0182   2???           00447                 call    Send_1;      // 43
0183   2???           00448                 call    Send_0;      // 43
0184   2???           00449                 call    Send_1;      // 43
0185   2???           00450                 call    Send_0;      // 43
0186   2???           00451                 call    Send_1;      // 43
0187   2???           00452                 call    Send_0;      // 43
0188   2???           00453                 call    Send_1;      // 43
0189   2???           00454                 call    Send_0;      // 43
018A   2???           00455                 call    Send_1;      // 43
018B   2???           00456                 call    Send_0;      // 43              
018C   0008           00457                 return
                      00458                 
018D   2???           00459 cmpause         call    Send_1;      // 38
018E   2???           00460                 call    Send_1;      // 39
018F   2???           00461                 call    Send_1;      // 40
0190   2???           00462                 call    Send_0;      // 41
0191   2???           00463                 call    Send_1;      // 42
0192   2???           00464                 call    Send_1;      // 43
0193   2???           00465                 call    Send_0;      // 35
0194   2???           00466                 call    Send_1;      // 36
MPASM 5.87                      SONYCRBT.ASM   11-26-2021  2:44:46         PAGE 10


LOC  OBJECT CODE     LINE SOURCE TEXT
  VALUE

0195   2???           00467                 call    Send_0;      // 37
0196   2???           00468                 call    Send_1;      // 38
0197   2???           00469                 call    Send_1;      // 39
0198   2???           00470                 call    Send_0;      // 40
0199   2???           00471                 call    Send_1;      // 41
019A   2???           00472                 call    Send_0;      // 42
019B   2???           00473                 call    Send_1;      // 43
019C   2???           00474                 call    Send_0;      // 43
019D   2???           00475                 call    Send_1;      // 43
019E   2???           00476                 call    Send_0;      // 43
019F   2???           00477                 call    Send_1;      // 43
01A0   2???           00478                 call    Send_1;      // 43
01A1   2???           00479                 call    Send_0;      // 43
01A2   2???           00480                 call    Send_1;      // 43
01A3   2???           00481                 call    Send_0;      // 43
01A4   2???           00482                 call    Send_1;      // 43
01A5   2???           00483                 call    Send_0;      // 43
01A6   2???           00484                 call    Send_1;      // 43
01A7   2???           00485                 call    Send_1;      // 43
01A8   2???           00486                 call    Send_0;      // 43
01A9   2???           00487                 call    Send_1;      // 43
01AA   2???           00488                 call    Send_0;      // 43
01AB   2???           00489                 call    Send_1;      // 43
01AC   2???           00490                 call    Send_0;      // 43
01AD   2???           00491                 call    Send_1;      // 43
01AE   2???           00492                 call    Send_0;      // 43
01AF   2???           00493                 call    Send_1;      // 43
01B0   2???           00494                 call    Send_0;      // 43
01B1   2???           00495                 call    Send_1;      // 43
01B2   2???           00496                 call    Send_1;      // 43
01B3   2???           00497                 call    Send_0;      // 43                      
01B4   0008           00498                 return
                      00499         
01B5   2???           00500 cmpower         call    Send_1;      // 38
01B6   2???           00501                 call    Send_1;      // 39
01B7   2???           00502                 call    Send_1;      // 40
01B8   2???           00503                 call    Send_0;      // 41
01B9   2???           00504                 call    Send_1;      // 42
01BA   2???           00505                 call    Send_0;      // 43
01BB   2???           00506                 call    Send_1;      // 35
01BC   2???           00507                 call    Send_1;      // 36
01BD   2???           00508                 call    Send_0;      // 37
01BE   2???           00509                 call    Send_1;      // 38
01BF   2???           00510                 call    Send_1;      // 39
01C0   2???           00511                 call    Send_0;      // 40
01C1   2???           00512                 call    Send_1;      // 41
01C2   2???           00513                 call    Send_0;      // 42
01C3   2???           00514                 call    Send_1;      // 43
01C4   2???           00515                 call    Send_0;      // 43
01C5   2???           00516                 call    Send_1;      // 43
01C6   2???           00517                 call    Send_0;      // 43
01C7   2???           00518                 call    Send_1;      // 43
01C8   2???           00519                 call    Send_1;      // 43
MPASM 5.87                      SONYCRBT.ASM   11-26-2021  2:44:46         PAGE 11


LOC  OBJECT CODE     LINE SOURCE TEXT
  VALUE

01C9   2???           00520                 call    Send_0;      // 43
01CA   2???           00521                 call    Send_1;      // 43
01CB   2???           00522                 call    Send_0;      // 43
01CC   2???           00523                 call    Send_1;      // 43
01CD   2???           00524                 call    Send_0;      // 43
01CE   2???           00525                 call    Send_1;      // 43
01CF   2???           00526                 call    Send_1;      // 43
01D0   2???           00527                 call    Send_0;      // 43
01D1   2???           00528                 call    Send_1;      // 43
01D2   2???           00529                 call    Send_0;      // 43
01D3   2???           00530                 call    Send_1;      // 43
01D4   2???           00531                 call    Send_0;      // 43
01D5   2???           00532                 call    Send_1;      // 43
01D6   2???           00533                 call    Send_0;      // 43
01D7   2???           00534                 call    Send_1;      // 43
01D8   2???           00535                 call    Send_0;      // 43
01D9   2???           00536                 call    Send_1;      // 43
01DA   2???           00537                 call    Send_1;      // 43
01DB   2???           00538                 call    Send_0;      // 43      
01DC   0008           00539                 return
                      00540 
01DD   2???           00541 cmstrelkachap   call    Send_1;      // 38
01DE   2???           00542                 call    Send_1;      // 39
01DF   2???           00543                 call    Send_1;      // 40
01E0   2???           00544                 call    Send_0;      // 41
01E1   2???           00545                 call    Send_1;      // 42
01E2   2???           00546                 call    Send_1;      // 43
01E3   2???           00547                 call    Send_0;      // 35
01E4   2???           00548                 call    Send_1;      // 36
01E5   2???           00549                 call    Send_0;      // 37
01E6   2???           00550                 call    Send_1;      // 38
01E7   2???           00551                 call    Send_1;      // 39
01E8   2???           00552                 call    Send_0;      // 40
01E9   2???           00553                 call    Send_1;      // 41
01EA   2???           00554                 call    Send_0;      // 42
01EB   2???           00555                 call    Send_1;      // 43
01EC   2???           00556                 call    Send_1;      // 43
01ED   2???           00557                 call    Send_0;      // 43
01EE   2???           00558                 call    Send_1;      // 43
01EF   2???           00559                 call    Send_1;      // 43
01F0   2???           00560                 call    Send_0;      // 43
01F1   2???           00561                 call    Send_1;      // 43
01F2   2???           00562                 call    Send_0;      // 43
01F3   2???           00563                 call    Send_1;      // 43
01F4   2???           00564                 call    Send_0;      // 43
01F5   2???           00565                 call    Send_1;      // 43
01F6   2???           00566                 call    Send_0;      // 43
01F7   2???           00567                 call    Send_1;      // 43
01F8   2???           00568                 call    Send_1;      // 43
01F9   2???           00569                 call    Send_0;      // 43
01FA   2???           00570                 call    Send_1;      // 43
01FB   2???           00571                 call    Send_0;      // 43
01FC   2???           00572                 call    Send_1;      // 43
MPASM 5.87                      SONYCRBT.ASM   11-26-2021  2:44:46         PAGE 12


LOC  OBJECT CODE     LINE SOURCE TEXT
  VALUE

01FD   2???           00573                 call    Send_0;      // 43
01FE   2???           00574                 call    Send_1;      // 43
01FF   2???           00575                 call    Send_0;      // 43
0200   2???           00576                 call    Send_1;      // 43
0201   2???           00577                 call    Send_0;      // 43
0202   2???           00578                 call    Send_1;      // 43
0203   2???           00579                 call    Send_1;      // 43
0204   2???           00580                 call    Send_0;      // 43
0205   0008           00581                 return
                      00582                 
0206   2???           00583 cmstrelkaon     call    Send_1;      // 38
0207   2???           00584                 call    Send_1;      // 39
0208   2???           00585                 call    Send_1;      // 40
0209   2???           00586                 call    Send_0;      // 41
020A   2???           00587                 call    Send_1;      // 42
020B   2???           00588                 call    Send_0;      // 43
020C   2???           00589                 call    Send_1;      // 35
020D   2???           00590                 call    Send_0;      // 36
020E   2???           00591                 call    Send_1;      // 37
020F   2???           00592                 call    Send_1;      // 38
0210   2???           00593                 call    Send_0;      // 39
0211   2???           00594                 call    Send_1;      // 40
0212   2???           00595                 call    Send_0;      // 41
0213   2???           00596                 call    Send_1;      // 42
0214   2???           00597                 call    Send_1;      // 43
0215   2???           00598                 call    Send_0;      // 43
0216   2???           00599                 call    Send_1;      // 43
0217   2???           00600                 call    Send_1;      // 43
0218   2???           00601                 call    Send_0;      // 43
0219   2???           00602                 call    Send_1;      // 43
021A   2???           00603                 call    Send_0;      // 43
021B   2???           00604                 call    Send_1;      // 43
021C   2???           00605                 call    Send_0;      // 43
021D   2???           00606                 call    Send_1;      // 43
021E   2???           00607                 call    Send_0;      // 43
021F   2???           00608                 call    Send_1;      // 43
0220   2???           00609                 call    Send_1;      // 43
0221   2???           00610                 call    Send_0;      // 43
0222   2???           00611                 call    Send_1;      // 43
0223   2???           00612                 call    Send_0;      // 43
0224   2???           00613                 call    Send_1;      // 43
0225   2???           00614                 call    Send_0;      // 43
0226   2???           00615                 call    Send_1;      // 43
0227   2???           00616                 call    Send_0;      // 43
0228   2???           00617                 call    Send_1;      // 43
0229   2???           00618                 call    Send_0;      // 43
022A   2???           00619                 call    Send_1;      // 43
022B   2???           00620                 call    Send_1;      // 43
022C   2???           00621                 call    Send_0;      // 43
022D   0008           00622                 return
                      00623                 
022E   2???           00624 cmvolumpas      call    Send_1;      // 38
022F   2???           00625                 call    Send_1;      // 39
MPASM 5.87                      SONYCRBT.ASM   11-26-2021  2:44:46         PAGE 13


LOC  OBJECT CODE     LINE SOURCE TEXT
  VALUE

0230   2???           00626                 call    Send_1;      // 40
0231   2???           00627                 call    Send_0;      // 41
0232   2???           00628                 call    Send_1;      // 42
0233   2???           00629                 call    Send_1;      // 43
0234   2???           00630                 call    Send_0;      // 35
0235   2???           00631                 call    Send_1;      // 36
0236   2???           00632                 call    Send_1;      // 37
0237   2???           00633                 call    Send_0;      // 38
0238   2???           00634                 call    Send_1;      // 39
0239   2???           00635                 call    Send_0;      // 40
023A   2???           00636                 call    Send_1;      // 41
023B   2???           00637                 call    Send_0;      // 42
023C   2???           00638                 call    Send_1;      // 43
023D   2???           00639                 call    Send_1;      // 43
023E   2???           00640                 call    Send_0;      // 43
023F   2???           00641                 call    Send_1;      // 43
0240   2???           00642                 call    Send_0;      // 43
0241   2???           00643                 call    Send_1;      // 43
0242   2???           00644                 call    Send_0;      // 43
0243   2???           00645                 call    Send_1;      // 43
0244   2???           00646                 call    Send_0;      // 43
0245   2???           00647                 call    Send_1;      // 43
0246   2???           00648                 call    Send_0;      // 43
0247   2???           00649                 call    Send_1;      // 43
0248   2???           00650                 call    Send_1;      // 43
0249   2???           00651                 call    Send_0;      // 43
024A   2???           00652                 call    Send_1;      // 43
024B   2???           00653                 call    Send_0;      // 43
024C   2???           00654                 call    Send_1;      // 43
024D   2???           00655                 call    Send_0;      // 43
024E   2???           00656                 call    Send_1;      // 43
024F   2???           00657                 call    Send_0;      // 43
0250   2???           00658                 call    Send_1;      // 43
0251   2???           00659                 call    Send_0;      // 43
0252   2???           00660                 call    Send_1;      // 43
0253   2???           00661                 call    Send_1;      // 43
0254   2???           00662                 call    Send_0;      // 43
0255   0008           00663                 return
                      00664                 
0256   2???           00665 cmvolumtepa     call    Send_1;      // 38
0257   2???           00666                 call    Send_1;      // 39
0258   2???           00667                 call    Send_1;      // 40
0259   2???           00668                 call    Send_0;      // 41
025A   2???           00669                 call    Send_1;      // 42
025B   2???           00670                 call    Send_0;      // 43
025C   2???           00671                 call    Send_1;      // 35
025D   2???           00672                 call    Send_1;      // 36
025E   2???           00673                 call    Send_0;      // 37
025F   2???           00674                 call    Send_1;      // 38
0260   2???           00675                 call    Send_0;      // 39
0261   2???           00676                 call    Send_1;      // 40
0262   2???           00677                 call    Send_0;      // 41
0263   2???           00678                 call    Send_1;      // 42
MPASM 5.87                      SONYCRBT.ASM   11-26-2021  2:44:46         PAGE 14


LOC  OBJECT CODE     LINE SOURCE TEXT
  VALUE

0264   2???           00679                 call    Send_1;      // 43
0265   2???           00680                 call    Send_0;      // 43
0266   2???           00681                 call    Send_1;      // 43
0267   2???           00682                 call    Send_0;      // 43
0268   2???           00683                 call    Send_1;      // 43
0269   2???           00684                 call    Send_0;      // 43
026A   2???           00685                 call    Send_1;      // 43
026B   2???           00686                 call    Send_0;      // 43
026C   2???           00687                 call    Send_1;      // 43
026D   2???           00688                 call    Send_0;      // 43
026E   2???           00689                 call    Send_1;      // 43
026F   2???           00690                 call    Send_0;      // 43
0270   2???           00691                 call    Send_1;      // 43
0271   2???           00692                 call    Send_0;      // 43
0272   2???           00693                 call    Send_1;      // 43
0273   2???           00694                 call    Send_1;      // 43
0274   2???           00695                 call    Send_0;      // 43
                      00696                 
0275   0008           00697                 return
                      00698                 
0276   2???           00699 cmstrelkatepa   call    Send_1;      // 38
0277   2???           00700                 call    Send_1;      // 39
0278   2???           00701                 call    Send_1;      // 40
0279   2???           00702                 call    Send_0;      // 41
027A   2???           00703                 call    Send_1;      // 42
027B   2???           00704                 call    Send_1;      // 43
027C   2???           00705                 call    Send_0;      // 35
027D   2???           00706                 call    Send_1;      // 36
027E   2???           00707                 call    Send_1;      // 37
027F   2???           00708                 call    Send_0;      // 38
0280   2???           00709                 call    Send_1;      // 39
0281   2???           00710                 call    Send_0;      // 40
0282   2???           00711                 call    Send_1;      // 41
0283   2???           00712                 call    Send_0;      // 42
0284   2???           00713                 call    Send_1;      // 43
0285   2???           00714                 call    Send_1;      // 43
0286   2???           00715                 call    Send_0;      // 43
0287   2???           00716                 call    Send_1;      // 43
0288   2???           00717                 call    Send_1;      // 43
0289   2???           00718                 call    Send_0;      // 43
028A   2???           00719                 call    Send_1;      // 43
028B   2???           00720                 call    Send_0;      // 43
028C   2???           00721                 call    Send_1;      // 43
028D   2???           00722                 call    Send_0;      // 43
028E   2???           00723                 call    Send_1;      // 43
028F   2???           00724                 call    Send_0;      // 43
0290   2???           00725                 call    Send_1;      // 43
0291   2???           00726                 call    Send_1;      // 43
0292   2???           00727                 call    Send_0;      // 43
0293   2???           00728                 call    Send_1;      // 43
0294   2???           00729                 call    Send_0;      // 43
0295   2???           00730                 call    Send_1;      // 43
0296   2???           00731                 call    Send_0;      // 43
MPASM 5.87                      SONYCRBT.ASM   11-26-2021  2:44:46         PAGE 15


LOC  OBJECT CODE     LINE SOURCE TEXT
  VALUE

0297   2???           00732                 call    Send_1;      // 43
0298   2???           00733                 call    Send_0;      // 43
0299   2???           00734                 call    Send_1;      // 43
029A   2???           00735                 call    Send_0;      // 43
029B   2???           00736                 call    Send_1;      // 43
029C   2???           00737                 call    Send_1;      // 43
029D   2???           00738                 call    Send_0;      // 43
029E   0008           00739                 return
                      00740                 
029F   2???           00741 cmmute1         call    Send_1;      // 43
02A0   2???           00742                 call    Send_0;      // 43
02A1   3020           00743                 movlw   d'32'
02A2   2???           00744                 call    Big_delay
02A3   0008           00745                 return
                      00746                 
02A4   3019           00747 Send_1          movlw   d'25'       ; 527 millisekund
02A5   00B2           00748                 movwf   Reg_1
02A6   1505           00749 Send1_Loop      bsf     IR_LED
02A7   0000           00750                 nop
02A8   0000           00751                 nop
02A9   0000           00752                 nop
02AA   0000           00753                 nop
02AB   0000           00754                 nop
02AC   0000           00755                 nop
02AD   0000           00756                 nop
02AE   0000           00757                 nop
02AF   0000           00758                 nop
02B0   0000           00759                 nop
02B1   0000           00760                 nop
02B2   0000           00761                 nop
02B3   1105           00762                 bcf     IR_LED
02B4   0000           00763                 nop
02B5   0000           00764                 nop
02B6   0000           00765                 nop
02B7   0000           00766                 nop
02B8   0000           00767                 nop
02B9   0000           00768                 nop
02BA   0000           00769                 nop
02BB   0000           00770                 nop
02BC   0000           00771                 nop
02BD   0000           00772                 nop
02BE   0BB2           00773                 decfsz  Reg_1,1
02BF   2???           00774                 goto    Send1_Loop
02C0   0008           00775                 return
                      00776 ;-----------------------------------------------------------------------------          
02C1   301C           00777 Send_0          movlw   d'28'   ;527 millisekund
02C2   00B2           00778                 movwf   Reg_1
02C3   1105           00779 Send0_Loop      bcf     IR_LED
02C4   0000           00780                 nop
02C5   0000           00781                 nop
02C6   0000           00782                 nop
02C7   0000           00783                 nop
02C8   0000           00784                 nop
MPASM 5.87                      SONYCRBT.ASM   11-26-2021  2:44:46         PAGE 16


LOC  OBJECT CODE     LINE SOURCE TEXT
  VALUE

02C9   0000           00785                 nop
02CA   0000           00786                 nop
02CB   0000           00787                 nop
02CC   0000           00788                 nop
02CD   0000           00789                 nop
02CE   0000           00790                 nop
02CF   0000           00791                 nop
02D0   1105           00792                 bcf     IR_LED
02D1   0000           00793                 nop
02D2   0000           00794                 nop
02D3   0000           00795                 nop
02D4   0000           00796                 nop
02D5   0000           00797                 nop
02D6   0000           00798                 nop
02D7   0000           00799                 nop
02D8   0000           00800                 nop
02D9   0000           00801                 nop
02DA   0000           00802                 nop
02DB   0BB2           00803                 decfsz  Reg_1,1
02DC   2???           00804                 goto    Send0_Loop
02DD   0008           00805                 return
                      00806 ;-----------------------------------------------------------------------------
                      00807 
02DE   30A9           00808 delay250ms      movlw       .169
02DF   00B2           00809                 movwf       Reg_1
02E0   3045           00810                 movlw       .69
02E1   00B3           00811                 movwf       Reg_2
02E2   3002           00812                 movlw       .2
02E3   00B4           00813                 movwf       Reg_3
02E4   0BB2           00814                 decfsz      Reg_1,F
02E5   2???           00815                 goto        $-1
02E6   0BB3           00816                 decfsz      Reg_2,F
02E7   2???           00817                 goto        $-3
02E8   0BB4           00818                 decfsz      Reg_3,F
02E9   2???           00819                 goto        $-5
02EA   0000           00820                 nop
02EB   0000           00821                 nop
                      00822 
02EC   0008           00823                 return
                      00824                 
                      00825                 
02ED   30A8           00826 delay29ms       movlw       .168
02EE   00B2           00827                 movwf       Reg_1
02EF   3026           00828                 movlw       .38
02F0   00B3           00829                 movwf       Reg_2
02F1   0BB2           00830                 decfsz      Reg_1,F
02F2   2???           00831                 goto        $-1
02F3   0BB3           00832                 decfsz      Reg_2,F
02F4   2???           00833                 goto        $-3
02F5   0000           00834                 nop
                      00835 
                      00836 
02F6   0008           00837                 return
MPASM 5.87                      SONYCRBT.ASM   11-26-2021  2:44:46         PAGE 17


LOC  OBJECT CODE     LINE SOURCE TEXT
  VALUE

                      00838                 
                      00839 ;-----------------------------------------------------------------------------  
0054                  00840                 end
MPASM 5.87                      SONYCRBT.ASM   11-26-2021  2:44:46         PAGE 18


SYMBOL TABLE
  LABEL                             VALUE 

ADCON0                            0000001F
ADCS0                             00000004
ADCS1                             00000005
ADCS2                             00000006
ADFM                              00000007
ADIE                              00000006
ADIF                              00000006
ADON                              00000000
ADRESH                            0000001E
ADRESL                            0000009E
ANS0                              00000000
ANS1                              00000001
ANS2                              00000002
ANS3                              00000003
ANSEL                             0000009F
BD_Loop94                         000000A6
Big_delay                         000000A4
C                                 00000000
CAL0                              00000002
CAL1                              00000003
CAL2                              00000004
CAL3                              00000005
CAL4                              00000006
CAL5                              00000007
CHS0                              00000002
CHS1                              00000003
CINV                              00000004
CIS                               00000003
CM0                               00000000
CM1                               00000001
CM2                               00000002
CMCON                             00000019
CMIE                              00000003
CMIF                              00000003
COUT                              00000006
DC                                00000001
EEADR                             0000009B
EECON1                            0000009C
EECON2                            0000009D
EEDAT                             0000009A
EEDATA                            0000009A
EEIE                              00000007
EEIF                              00000007
F                                 00000001
FSR                               00000004
GIE                               00000007
GO                                00000001
GO_DONE                           00000001
GO_NOT_DONE                       00000001
GP0                               00000000
GP1                               00000001
GP2                               00000002
GP3                               00000003
MPASM 5.87                      SONYCRBT.ASM   11-26-2021  2:44:46         PAGE 19


SYMBOL TABLE
  LABEL                             VALUE 

GP4                               00000004
GP5                               00000005
GPIE                              00000003
GPIF                              00000000
GPIO                              00000005
GPIO0                             00000000
GPIO1                             00000001
GPIO2                             00000002
GPIO3                             00000003
GPIO4                             00000004
GPIO5                             00000005
INDF                              00000000
INTCON                            0000000B
INTE                              00000004
INTEDG                            00000006
INTF                              00000001
IOC                               00000096
IOC0                              00000000
IOC1                              00000001
IOC2                              00000002
IOC3                              00000003
IOC4                              00000004
IOC5                              00000005
IOCB                              00000096
IOCB0                             00000000
IOCB1                             00000001
IOCB2                             00000002
IOCB3                             00000003
IOCB4                             00000004
IOCB5                             00000005
IRP                               00000007
IR_LED                            GPIO,2
Init                              00000001
LED                               00000052
Mainloop                          0000003B
NOT_BOD                           00000000
NOT_BOR                           00000000
NOT_DONE                          00000001
NOT_GPPU                          00000007
NOT_PD                            00000003
NOT_POR                           00000001
NOT_T1SYNC                        00000002
NOT_TO                            00000004
OPTION_REG                        00000081
OSCCAL                            00000090
PCL                               00000002
PCLATH                            0000000A
PCON                              0000008E
PEIE                              00000006
PIE1                              0000008C
PIR1                              0000000C
PS0                               00000000
PS1                               00000001
MPASM 5.87                      SONYCRBT.ASM   11-26-2021  2:44:46         PAGE 20


SYMBOL TABLE
  LABEL                             VALUE 

PS2                               00000002
PSA                               00000003
RD                                00000000
RP0                               00000005
RP1                               00000006
Reg_1                             00000032
Reg_2                             00000033
Reg_3                             00000034
STATUS                            00000003
Send0_Loop                        000002C3
Send1_Loop                        000002A6
Send_0                            000002C1
Send_1                            000002A4
T0CS                              00000005
T0IE                              00000005
T0IF                              00000002
T0SE                              00000004
T1CKPS0                           00000004
T1CKPS1                           00000005
T1CON                             00000010
T1IE                              00000000
T1IF                              00000000
T1OSCEN                           00000003
TMR0                              00000001
TMR0IE                            00000005
TMR0IF                            00000002
TMR1                              0000000E
TMR1CS                            00000001
TMR1GE                            00000006
TMR1H                             0000000F
TMR1IE                            00000000
TMR1IF                            00000000
TMR1L                             0000000E
TMR1ON                            00000000
TRISIO                            00000085
TRISIO0                           00000000
TRISIO1                           00000001
TRISIO2                           00000002
TRISIO3                           00000003
TRISIO4                           00000004
TRISIO5                           00000005
UMessen1                          0000003E
VCFG                              00000006
VR0                               00000000
VR1                               00000001
VR2                               00000002
VR3                               00000003
VRCON                             00000099
VREN                              00000007
VRR                               00000005
W                                 00000000
WPU                               00000095
WPU0                              00000000
MPASM 5.87                      SONYCRBT.ASM   11-26-2021  2:44:46         PAGE 21


SYMBOL TABLE
  LABEL                             VALUE 

WPU1                              00000001
WPU2                              00000002
WPU4                              00000004
WPU5                              00000005
WR                                00000001
WREN                              00000002
WRERR                             00000003
Z                                 00000002
_.org_0_004C                      0000004C
_.org_0_004E                      0000004E
_.org_0_02E5                      000002E5
_.org_0_02E7                      000002E7
_.org_0_02E9                      000002E9
_.org_0_02F2                      000002F2
_.org_0_02F4                      000002F4
_BODEN_OFF                        00003FBF
_BODEN_ON                         00003FFF
_BOREN_OFF                        00003FBF
_BOREN_ON                         00003FFF
_CONFIG                           00002007
_CPD_OFF                          00003FFF
_CPD_ON                           00003EFF
_CP_OFF                           00003FFF
_CP_ON                            00003F7F
_DEVID1                           00002006
_EC_OSC                           00003FFB
_EXTRC_OSC_CLKOUT                 00003FFF
_EXTRC_OSC_NOCLKOUT               00003FFE
_FOSC_EC                          00003FFB
_FOSC_EXTRCCLK                    00003FFF
_FOSC_EXTRCIO                     00003FFE
_FOSC_HS                          00003FFA
_FOSC_INTRCCLK                    00003FFD
_FOSC_INTRCIO                     00003FFC
_FOSC_LP                          00003FF8
_FOSC_XT                          00003FF9
_HS_OSC                           00003FFA
_IDLOC0                           00002000
_IDLOC1                           00002001
_IDLOC2                           00002002
_IDLOC3                           00002003
_INTRC_OSC_CLKOUT                 00003FFD
_INTRC_OSC_NOCLKOUT               00003FFC
_LP_OSC                           00003FF8
_MCLRE_OFF                        00003FDF
_MCLRE_ON                         00003FFF
_PWRTE_OFF                        00003FFF
_PWRTE_ON                         00003FEF
_WDTE_OFF                         00003FF7
_WDTE_ON                          00003FFF
_WDT_OFF                          00003FF7
_WDT_ON                           00003FFF
_XT_OSC                           00003FF9
MPASM 5.87                      SONYCRBT.ASM   11-26-2021  2:44:46         PAGE 22


SYMBOL TABLE
  LABEL                             VALUE 

__12F675                          00000001
cmatt                             00000134
cmmute                            0000010C
cmmute1                           0000029F
cmpause                           0000018D
cmpower                           000001B5
cmqizil                           000000DB
cmstrelkachap                     000001DD
cmstrelkaon                       00000206
cmstrelkapas                      000000B3
cmstrelkatepa                     00000276
cmvolumpas                        0000022E
cmvolumtepa                       00000256
cmyashil                          0000015C
count                             00000020
delay250ms                        000002DE
delay29ms                         000002ED
f0                                00000023
f1                                00000024
fCOUNTER                          0000003E
fCOUNTER2                         0000003F
loop                              0000003F
power                             00000086
powermax                          00000029
powermin                          0000002A
qizil                             0000007C
qizilmax                          00000027
qizilmin                          00000028
qiziluderjat                      000000AB
strelkachap                       0000008B
strelkachapmax                    0000002B
strelkachapmin                    0000002C
strelkaon                         00000090
strelkaonmax                      0000002D
strelkaonmin                      0000002E
strelkapas                        00000077
strelkapasmax                     00000025
strelkapasmin                     00000026
strelkatepa                       0000009F
strelkatepamax                    0000003C
strelkatepamin                    0000003D
volumpas                          00000095
volumpasmax                       00000038
volumpasmin                       00000039
volumtepa                         0000009A
volumtepamax                      0000003A
volumtepamin                      0000003B
yashil                            00000081
yashilmax                         00000040
yashilmin                         00000041
yashiluderjat                     000000AF

MPASM 5.87                      SONYCRBT.ASM   11-26-2021  2:44:46         PAGE 23





Errors   :     0
Warnings :     1 reported,     0 suppressed
Messages :     0 reported,     7 suppressed

