MPASM 5.83                      ALPBTNEW.ASM   8-20-2019  13:40:26         PAGE  1


LOC  OBJECT CODE     LINE SOURCE TEXT
  VALUE

Warning[205]: Found directive in column 1. (list)
                      00001 list p=12f675
                      00002         #include <P12f675.INC>
                      00001         LIST
                      00002 
                      00003 ;==========================================================================
                      00004 ; Build date : Jan 21 2019
                      00005 ;  MPASM PIC12F675 processor include
                      00006 ; 
                      00007 ;  (c) Copyright 1999-2019 Microchip Technology, All rights reserved
                      00008 ;==========================================================================
                      00009 
                      00367         LIST
                      00003         ERRORLEVEL      -302            
2007   0054           00004         __CONFIG  00054H
                      00005         ;__CONFIG       _MCLRE_OFF & _PWRTE_OFF & _WDT_OFF & _INTRC_OSC_NOCLKOUT & _BODEN_OFF
                      00006         #define   IR_LED    GPIO,2 ; ???????????? ?????????
  00000020            00007 count           equ     0x20    
  00000023            00008 f0              equ     0x23    
  00000024            00009 f1              equ     0x24     
  00000025            00010 strelkapasmax   equ     0x25    
  00000026            00011 strelkapasmin   equ     0x26    
  00000027            00012 qizilmax        equ     0x27
  00000028            00013 qizilmin        equ     0x28
  00000029            00014 powermax        equ     0x29
  0000002A            00015 powermin        equ     0x2A
  0000002B            00016 strelkachapmax  equ     0x2B
  0000002C            00017 strelkachapmin  equ     0x2C
  0000002D            00018 strelkaonmax    equ     0x2D
  0000002E            00019 strelkaonmin    equ     0x2E
  00000032            00020 Reg_1           equ     0x32            
  00000033            00021 Reg_2           equ     0x33
  00000034            00022 Reg_3           equ     0x34
  00000038            00023 volumpasmax     equ     0x38
  00000039            00024 volumpasmin     equ     0x39
  0000003A            00025 volumtepamax    equ     0x3A
  0000003B            00026 volumtepamin    equ     0x3B
  0000003C            00027 strelkatepamax  equ     0x3C
  0000003D            00028 strelkatepamin  equ     0x3D
  0000003E            00029 fCOUNTER        equ     0x3E
  0000003F            00030 fCOUNTER2       equ     0x3F 
  00000040            00031 yashilmax       equ     0x40
  00000041            00032 yashilmin       equ     0x41    
                      00033         org     0x00
0000   2???           00034         goto    Init
                      00035 ;***********************************************************************
0001   1283           00036 Init        bcf     STATUS, RP0         ; Bank 0
0002   0185           00037             clrf    GPIO                        ; aus!
0003   3007           00038             movlw   b'00000111'
0004   0099           00039             movwf   CMCON                       ; Comparator aus
0005   1683           00040             bsf     STATUS, RP0         ; Bank 1
0006   1105           00041             bcf     TRISIO,2
0007   1605           00042             bsf     TRISIO,4
MPASM 5.83                      ALPBTNEW.ASM   8-20-2019  13:40:26         PAGE  2


LOC  OBJECT CODE     LINE SOURCE TEXT
  VALUE

0008   1683           00043             bsf     STATUS, RP0         ; Bank 1
0009   23FF           00044             call    0x3FF
000A   0090           00045             movwf   OSCCAL                      ; 4-MHz-Kalibrierung
000B   1283           00046             bcf     STATUS, RP0         ; Bank 0
000C   138B           00047             bcf     INTCON, GIE         ; Int deaktiviert
                      00048 ;******************************************************************************
000D   141F           00049             BSF     ADCON0, ADON        ; ADON=1
000E   159F           00050             BSF     ADCON0, CHS1        ; ADCHS1=0
000F   151F           00051             BSF     ADCON0, CHS0        ; ADCHS0=0
0010   1683           00052             BSF     STATUS,RP0  ; Bank1
0011   019F           00053             clrf    ANSEL
0012   161F           00054             BSF     ANSEL, ADCS0        ; ADCS0=1 Fosc/8
0013   159F           00055             BSF     ANSEL, ANS3
0014   1283           00056             BCF     STATUS,RP0  ; Bank0
0015   131F           00057             BCF     ADCON0, VCFG        ; RA2=digital
0016   139F           00058             BCF     ADCON0, ADFM        ; ADFM=1 linksb?ndig
                      00059             
0017   30FD           00060             movlw   0xFD                ;4.84V
0018   00A9           00061             movwf   powermax
0019   30F4           00062             movlw   0xF4                ;4.69V
001A   00AA           00063             movwf   powermin
001B   30F4           00064             movlw   0xF4                ; 4.64V
001C   00C0           00065             movwf   yashilmax
001D   30EC           00066             movlw   0xEC                ; 4.56V
001E   00C1           00067             movwf   yashilmin
001F   30EC           00068             movlw   0xEC                ; 4.46V
0020   00A7           00069             movwf   qizilmax
0021   30CF           00070             movlw   0xCF                ; 4.38V
0022   00A8           00071             movwf   qizilmin
0023   30CF           00072             movlw   0xCF                ; 3.77V
0024   00BA           00073             movwf   volumtepamax
0025   3055           00074             movlw   0x55                ; 3.69V
0026   00BB           00075             movwf   volumtepamin
0027   3055           00076             movlw   0x55                ; 0.01V
0028   00B8           00077             movwf   volumpasmax
0029   3002           00078             movlw   0x02                ; 0.06V
002A   00B9           00079             movwf   volumpasmin
                      00080 ;***********************************************************************
002B   2???           00081 Mainloop    call        UMessen1        ; AN0 nach f1,f0  (f1 is entscheidend)
002C   2???           00082             call        LED             ; LED ein-/ausschalten
002D   2???           00083             goto        Mainloop
                      00084 ;***********************************************************************
002E   149F           00085 UMessen1    BSF     ADCON0, 1   ; ADC starten       
002F   189F           00086 loop        BTFSC   ADCON0, 1   ; ist der ADC fertig?
0030   2???           00087             GOTO    loop                ; nein, weiter warten       
0031   081E           00088             movfw   ADRESH              ; obere  8 Bit auslesen
0032   00A4           00089             movwf   f1          ; obere  8-Bit nach f1
0033   1683           00090             bsf     STATUS,RP0  ; Bank1
0034   081E           00091             movfw   ADRESL              ; untere 2 Bit auslesen, werden aber  nicht ben?tigt
0035   1283           00092             bcf     STATUS,RP0  ; Bank0
0036   00A3           00093             movwf   f0          ; untere 2-Bit nach f0
0037   30A5           00094             movlw       .165
0038   00B2           00095             movwf       Reg_1
MPASM 5.83                      ALPBTNEW.ASM   8-20-2019  13:40:26         PAGE  3


LOC  OBJECT CODE     LINE SOURCE TEXT
  VALUE

0039   3033           00096             movlw       .51
003A   00B3           00097             movwf       Reg_2
003B   0BB2           00098             decfsz      Reg_1,F
003C   2???           00099             goto        $-1
003D   0BB3           00100             decfsz      Reg_2,F
003E   2???           00101             goto        $-3
003F   0008           00102             return
                      00103 ;***********************************************************************
0040   0829           00104 LED         MOVFW       powermax
0041   0224           00105             subwf       f1, w           ; w:=f1-w 
0042   1C03           00106             btfss       STATUS, C
0043   2???           00107             call        power           ; LED an
                      00108             
                      00109                     
0044   0840           00110             MOVFW       yashilmax
0045   0224           00111             subwf       f1, w           ; w:=f1-w 
0046   1C03           00112             btfss       STATUS, C
0047   2???           00113             call        yashil          ; LED an
                      00114 
0048   0827           00115             MOVFW       qizilmax
0049   0224           00116             subwf       f1, w           ; w:=f1-w 
004A   1C03           00117             btfss       STATUS, C
004B   2???           00118             call        qizil           ; LED an
                      00119             
004C   083A           00120             MOVFW       volumtepamax
004D   0224           00121             subwf       f1, w           ; w:=f1-w 
004E   1C03           00122             btfss       STATUS, C
004F   2???           00123             call        volumtepa       ; LED an
                      00124            
                      00125 
0050   0838           00126             MOVFW       volumpasmax
0051   0224           00127             subwf       f1, w           ; w:=f1-w 
0052   1C03           00128             btfss       STATUS, C
0053   2???           00129             call        volumpas        ; LED an            
0054   0008           00130             return
                      00131 ;***********************************************************************
0055   082A           00132 power       MOVFW       powermin
0056   0224           00133             subwf       f1, w           ; w:=f1-w 
0057   1803           00134             btfsc       STATUS, C
0058   2???           00135             call        cmpower
0059   0008           00136             return
                      00137             
005A   0841           00138 yashil      MOVFW       yashilmin
005B   0224           00139             subwf       f1, w           ; w:=f1-w 
005C   1803           00140             btfsc       STATUS, C
005D   2???           00141             call        yashiluderjat
005E   0008           00142             return          
                      00143             
005F   0828           00144 qizil       MOVFW       qizilmin
0060   0224           00145             subwf       f1, w           ; w:=f1-w 
0061   1803           00146             btfsc       STATUS, C
0062   2???           00147             call        qiziluderjat
0063   0008           00148             return
MPASM 5.83                      ALPBTNEW.ASM   8-20-2019  13:40:26         PAGE  4


LOC  OBJECT CODE     LINE SOURCE TEXT
  VALUE

                      00149             
0064   083B           00150 volumtepa   MOVFW       volumtepamin
0065   0224           00151             subwf       f1, w           ; w:=f1-w 
0066   1803           00152             btfsc       STATUS, C
0067   2???           00153             call        cmvolumtepa
0068   0008           00154             return      
                      00155             
0069   0839           00156 volumpas    MOVFW       volumpasmin
006A   0224           00157             subwf       f1, w           ; w:=f1-w 
006B   1803           00158             btfsc       STATUS, C
006C   2???           00159             call        cmvolumpas
006D   0008           00160             return
                      00161             
                      00162 ;<<<<<<<<<<<<<<<<<<<<<<<<<<<<<<<<<<<<<<<<<<<<<<<<<<<<<<<<<<<<<<<<<<<<<<<<<<<<<
006E                  00163 Big_delay ;=770*x+1     x=(delay-5)/770 ???????? ?????????? call ? return.
006E   00BF           00164         movwf   fCOUNTER2
006F   01BE           00165         clrf    fCOUNTER
0070                  00166 BD_Loop94
0070   0BBE           00167         decfsz  fCOUNTER,1
0071   2???           00168         goto    BD_Loop94
0072   0BBF           00169         decfsz  fCOUNTER2,1
0073   2???           00170         goto    BD_Loop94
0074   0008           00171         return
                      00172 ;-----------------------------------------------------------------------------
0075   2???           00173 qiziluderjat    call    delay250ms
0076   2???           00174                 call    UMessen1
                      00175                 
0077   0827           00176                 MOVFW   qizilmax
0078   0224           00177                 subwf   f1, w           ; w:=f1-w 
0079   1803           00178                 btfsc   STATUS, C
                      00179                 
007A   2???           00180                 call    cmqizil         
007B   2???           00181                 call    cmmute
                      00182                 
007C   2???           00183                 call    delay250ms
                      00184                 
007D   2???           00185 krug            call    UMessen1
007E   0827           00186                 MOVFW   qizilmax
007F   0224           00187                 subwf   f1, w           ; w:=f1-w 
0080   1C03           00188                 btfss   STATUS, C
                      00189                 
                      00190                 
0081   2???           00191                 goto    krug
0082   2???           00192                 goto    Mainloop
                      00193 ;-----------------------------------------------------------------------------
0083   2???           00194 yashiluderjat   call    delay250ms
0084   2???           00195                 call    UMessen1
                      00196                 
0085   0840           00197                 MOVFW   yashilmax
0086   0224           00198                 subwf   f1, w           ; w:=f1-w 
0087   1803           00199                 btfsc   STATUS, C
                      00200                 
0088   2???           00201                 call    cmyashil                        
MPASM 5.83                      ALPBTNEW.ASM   8-20-2019  13:40:26         PAGE  5


LOC  OBJECT CODE     LINE SOURCE TEXT
  VALUE

0089   2???           00202                 call    cmpause
                      00203                 
008A   2???           00204                 call    delay250ms
                      00205                 
008B   2???           00206 krug1           call    UMessen1
008C   0840           00207                 MOVFW   yashilmax
008D   0224           00208                 subwf   f1, w           ; w:=f1-w 
008E   1C03           00209                 btfss   STATUS, C
                      00210                 
                      00211                 
008F   2???           00212                 goto    krug1
0090   2???           00213                 goto    Mainloop                
                      00214 ;-----------------------------------------------------------------------------  
0091                  00215 poweruderjat
0091   2???           00216                 call    delay250ms
0092   2???           00217                 call    UMessen1
                      00218                 
0093   0829           00219                 MOVFW   powermax
0094   0224           00220                 subwf   f1, w           ; w:=f1-w 
0095   1803           00221                 btfsc   STATUS, C
                      00222                 
0096   2???           00223                 call    cmpower 
0097   2???           00224                 call    cmequalizer
                      00225                 
0098   2???           00226                 call    delay250ms
                      00227                 
0099   2???           00228 krug2           call    UMessen1
009A   0829           00229                 MOVFW   powermax
009B   0224           00230                 subwf   f1, w           ; w:=f1-w 
009C   1C03           00231                 btfss   STATUS, C
                      00232                 
                      00233                 
009D   2???           00234                 goto    krug2
009E   2???           00235                 goto    Mainloop                
                      00236 ;-----------------------------------------------------------------------------                  
009F   2???           00237 cmstrelkapas    call    delayy9ms
00A0   2???           00238                 call    delayy4.5ms
00A1   2???           00239                 call    yarmi
00A2   2???           00240                 call    metka1000
00A3   2???           00241                 call    metka1000
00A4   2???           00242                 call    metka1000
00A5   2???           00243                 call    metka1000
00A6   2???           00244                 call    Send_1;      // 43
00A7   2???           00245                 call    Send_0;      // 43
00A8   2???           00246                 call    metka101010101010101000
00A9   2???           00247                 call    metka1000
00AA   2???           00248                 call    metka1000
00AB   2???           00249                 call    metka1000
00AC   2???           00250                 call    Send_1;      // 43
00AD   2???           00251                 call    Send_0;      // 43
00AE   3020           00252                 movlw   d'32'
00AF   2???           00253                 call    Big_delay
00B0   0008           00254                 return
MPASM 5.83                      ALPBTNEW.ASM   8-20-2019  13:40:26         PAGE  6


LOC  OBJECT CODE     LINE SOURCE TEXT
  VALUE

00B1                  00255 cmqizil
00B1   2???           00256                 call    delayy9ms
00B2   2???           00257                 call    delayy4.5ms
00B3   2???           00258                 call    yarmi
00B4   2???           00259                 call    metka101000
00B5   2???           00260                 call    metka1000
00B6   2???           00261                 call    metka101000
00B7   2???           00262                 call    metka1010101000
00B8   2???           00263                 call    metka10101000
00B9   2???           00264                 call    metka101000
00BA   2???           00265                 call    metka1000
00BB   2???           00266                 call    metka1000
00BC   2???           00267                 call    Send_1;      // 43
00BD   2???           00268                 call    Send_0;      // 43              
00BE   3020           00269                 movlw   d'32'
00BF   2???           00270                 call    Big_delay
00C0   2???           00271                 call    cmstrelkatepa
00C1   2???           00272                 goto    Mainloop
                      00273                 
                      00274                 
00C2   2???           00275 cmmute          call    cmmute1
00C3   2???           00276                 call    delayy9ms
00C4   2???           00277                 call    delayy4.5ms
00C5   2???           00278                 call    metka1000
00C6   2???           00279                 call    metka1000
00C7   2???           00280                 call    metka1000
00C8   2???           00281                 call    metka1000
00C9   2???           00282                 call    metka101000
00CA   2???           00283                 call    metka101000
00CB   2???           00284                 call    metka101010101000
00CC   2???           00285                 call    metka101000
00CD   2???           00286                 call    metka10101010101000
00CE   2???           00287                 call    metka1000
00CF   2???           00288                 call    metka10101000
00D0   2???           00289                 call    metka1000
00D1   2???           00290                 call    metka1000
00D2   2???           00291                 call    metka1000
00D3   2???           00292                 call    metka10101000
00D4   2???           00293                 call    metka1000
00D5   2???           00294                 call    Send_1;      // 88
00D6   2???           00295                 call    Send_0;      // 89
00D7   3020           00296                 movlw   d'32'
00D8   2???           00297                 call    Big_delay
00D9   0008           00298                 return          
00DA                  00299 cmyashil
00DA   2???           00300                 call    delayy9ms
00DB   2???           00301                 call    delayy4.5ms
00DC   2???           00302                 call    yarmi
00DD   2???           00303                 call    metka1000
00DE   2???           00304                 call    metka1000
00DF   2???           00305                 call    metka1000
00E0   2???           00306                 call    Send_1;      // 41
00E1   2???           00307                 call    Send_0;      // 42
MPASM 5.83                      ALPBTNEW.ASM   8-20-2019  13:40:26         PAGE  7


LOC  OBJECT CODE     LINE SOURCE TEXT
  VALUE

00E2   2???           00308                 call    metka101010101010101000
00E3   2???           00309                 call    metka1000
00E4   2???           00310                 call    metka1000
00E5   2???           00311                 call    metka1000
00E6   2???           00312                 call    metka1000
00E7   2???           00313                 call    Send_1;      // 43
00E8   2???           00314                 call    Send_0;      // 43              
00E9   3020           00315                 movlw   d'32'
00EA   2???           00316                 call    Big_delay
00EB   2???           00317                 call    cmstrelkaon
00EC   2???           00318                 goto    Mainloop
                      00319                 
                      00320                 
00ED   2???           00321 cmpause         call    delayy9ms
00EE   2???           00322                 call    delayy4.5ms
00EF   2???           00323                 call    yarmi
00F0   2???           00324                 call    metka101010101000
00F1   2???           00325                 call    metka1000
00F2   2???           00326                 call    metka101000     
00F3   2???           00327                 call    metka101000     
00F4   2???           00328                 call    metka1000
00F5   2???           00329                 call    metka1000
00F6   2???           00330                 call    metka10101000
00F7   2???           00331                 call    metka101000
00F8   2???           00332                 call    Send_1;      // 88
00F9   2???           00333                 call    Send_0;      // 89
00FA   3020           00334                 movlw   d'32'
00FB   2???           00335                 call    Big_delay
00FC   0008           00336                 return
                      00337         
00FD   2???           00338 cmpower         call    delayy9ms
00FE   2???           00339                 call    delayy4.5ms
00FF   2???           00340                 call    yarmi
0100   2???           00341                 call    metka101000
0101   2???           00342                 call    metka101000
0102   2???           00343                 call    metka101010101000
0103   2???           00344                 call    metka101000
0104   2???           00345                 call    metka101000
0105   2???           00346                 call    metka1000
0106   2???           00347                 call    metka1000
0107   2???           00348                 call    metka1000
0108   2???           00349                 call    Send_1;      // 43
0109   2???           00350                 call    Send_0;      // 43
010A   3020           00351                 movlw   d'32'
010B   2???           00352                 call    Big_delay
010C   0008           00353                 return
                      00354 
010D   2???           00355 cmequalizer     call    delayy9ms
010E   2???           00356                 call    delayy4.5ms
010F   2???           00357                 call    yarmi
0110   2???           00358                 call    metka101000
0111   2???           00359                 call    metka101000
0112   2???           00360                 call    metka1000
MPASM 5.83                      ALPBTNEW.ASM   8-20-2019  13:40:26         PAGE  8


LOC  OBJECT CODE     LINE SOURCE TEXT
  VALUE

0113   2???           00361                 call    metka10101010101000
0114   2???           00362                 call    metka10101000
0115   2???           00363                 call    metka1000
0116   2???           00364                 call    metka1000
0117   2???           00365                 call    metka1000
0118   2???           00366                 call    Send_1;      // 43
0119   2???           00367                 call    Send_0;      // 43
Warning[202]: Argument out of range.  Least significant bits used.
011A   3040           00368                 movlw   d'320'
011B   2???           00369                 call    Big_delay
011C   0008           00370                 return
                      00371                 
011D   2???           00372 cmstrelkachap   call    delayy9ms
011E   2???           00373                 call    delayy4.5ms
011F   2???           00374                 call    yarmi
0120   2???           00375                 call    metka1000
0121   2???           00376                 call    metka1000
0122   2???           00377                 call    metka10101000
0123   2???           00378                 call    metka10101010101000
0124   2???           00379                 call    metka1000
0125   2???           00380                 call    metka101000
0126   2???           00381                 call    metka1000
0127   2???           00382                 call    metka1000
0128   2???           00383                 call    Send_1;      // 43
0129   2???           00384                 call    Send_0;      // 43              
012A   3020           00385                 movlw   d'32'
012B   2???           00386                 call    Big_delay
012C   0008           00387                 return
012D   2???           00388 cmstrelkaon     call    delayy9ms
012E   2???           00389                 call    delayy4.5ms
012F   2???           00390                 call    yarmi
0130   2???           00391                 call    metka101000
0131   2???           00392                 call    metka10101000
0132   2???           00393                 call    metka1010101000
0133   2???           00394                 call    metka101000
0134   2???           00395                 call    metka1000
0135   2???           00396                 call    metka101000
0136   2???           00397                 call    metka1000
0137   2???           00398                 call    metka1000
0138   2???           00399                 call    Send_1;      // 43
0139   2???           00400                 call    Send_0;      // 43
013A   3020           00401                 movlw   d'32'
013B   2???           00402                 call    Big_delay
013C   0008           00403                 return
013D   2???           00404 cmvolumpas      call    delayy9ms
013E   2???           00405                 call    delayy4.5ms
013F   2???           00406                 call    yarmi
0140   2???           00407                 call    metka1000
0141   2???           00408                 call    metka101000
0142   2???           00409                 call    metka101000
0143   2???           00410                 call    metka101010101000
0144   2???           00411                 call    metka101000
0145   2???           00412                 call    metka101000
MPASM 5.83                      ALPBTNEW.ASM   8-20-2019  13:40:26         PAGE  9


LOC  OBJECT CODE     LINE SOURCE TEXT
  VALUE

0146   2???           00413                 call    metka1000
0147   2???           00414                 call    metka1000
0148   2???           00415                 call    Send_1;      // 43
0149   2???           00416                 call    Send_0;      // 43
014A   3020           00417                 movlw   d'32'
014B   2???           00418                 call    Big_delay
014C   0008           00419                 return
014D   2???           00420 cmvolumtepa     call    delayy9ms
014E   2???           00421                 call    delayy4.5ms
014F   2???           00422                 call    yarmi
0150   2???           00423                 call    metka10101000
0151   2???           00424                 call    metka101000
0152   2???           00425                 call    metka1010101000
0153   2???           00426                 call    metka1000
0154   2???           00427                 call    metka101000
0155   2???           00428                 call    metka101000
0156   2???           00429                 call    metka1000
0157   2???           00430                 call    metka1000
0158   2???           00431                 call    Send_1;      // 43
0159   2???           00432                 call    Send_0;      // 43
015A   3020           00433                 movlw   d'32'
015B   2???           00434                 call    Big_delay
015C   0008           00435                 return
015D                  00436 cmstrelkatepa
015D   2???           00437                 call    delayy9ms
015E   2???           00438                 call    delayy4.5ms
015F   2???           00439                 call    yarmi
0160   2???           00440                 call    metka101000
0161   2???           00441                 call    metka1000
0162   2???           00442                 call    metka1000
0163   2???           00443                 call    metka101010101000
0164   2???           00444                 call    metka1010101000
0165   2???           00445                 call    metka1000
0166   2???           00446                 call    metka1000
0167   2???           00447                 call    metka1000
0168   2???           00448                 call    Send_1;      // 43
0169   2???           00449                 call    Send_0;      // 43
016A   3020           00450                 movlw   d'32'
016B   2???           00451                 call    Big_delay
016C   0008           00452                 return
                      00453                 
016D   2???           00454 yarmi           call    metka101000
016E   2???           00455                 call    metka1000
016F   2???           00456                 call    metka101010101000
0170   2???           00457                 call    metka101000     
0171   2???           00458                 call    metka10101000
0172   2???           00459                 call    metka1000
0173   2???           00460                 call    metka1000
0174   2???           00461                 call    Send_1;      // 41
0175   2???           00462                 call    Send_0;      // 42
0176   0008           00463                 return
0177   2???           00464 bt              call    delayy9ms
0178   2???           00465                 call    delayy4.5ms
MPASM 5.83                      ALPBTNEW.ASM   8-20-2019  13:40:26         PAGE 10


LOC  OBJECT CODE     LINE SOURCE TEXT
  VALUE

0179   2???           00466                 call    yarmi
017A   2???           00467                 call    metka101000
017B   2???           00468                 call    metka1000
017C   2???           00469                 call    metka1000
017D   2???           00470                 call    metka101000
017E   2???           00471                 call    metka10101000
017F   2???           00472                 call    metka1010101000
0180   2???           00473                 call    metka101000
0181   2???           00474                 call    metka1000
0182   2???           00475                 call    Send_1;      // 43
0183   2???           00476                 call    Send_0;      // 43
0184   2???           00477                 call    Send_1;      // 43
0185   2???           00478                 call    Send_0;      // 43
0186   3020           00479                 movlw   d'32'
0187   2???           00480                 call    Big_delay
0188   0008           00481                 return
                      00482                 
0189   2???           00483 cmmute1         call    delayy9ms
018A   2???           00484                 call    delayy4.5ms
018B   2???           00485                 call    yarmi
018C   2???           00486                 call    metka101000
018D   2???           00487                 call    metka10101000
018E   2???           00488                 call    metka1000
018F   2???           00489                 call    metka101010101000
0190   2???           00490                 call    metka1000
0191   2???           00491                 call    metka10101000
0192   2???           00492                 call    metka1000
0193   2???           00493                 call    metka1000
0194   2???           00494                 call    Send_1;      // 43
0195   2???           00495                 call    Send_0;      // 43
0196   3020           00496                 movlw   d'32'
0197   2???           00497                 call    Big_delay
0198   0008           00498                 return
                      00499                 
0199                  00500 metka101010101010101000 
0199   2???           00501                 call    Send_1;      // 43
019A   2???           00502                 call    Send_0;      // 43              
019B                  00503 metka1010101010101000   
019B   2???           00504                 call    Send_1;      // 43
019C   2???           00505                 call    Send_0;      // 43              
019D                  00506 metka10101010101000     
019D   2???           00507                 call    Send_1;      // 43
019E   2???           00508                 call    Send_0;      // 43              
019F                  00509 metka101010101000       
019F   2???           00510                 call    Send_1;      // 43
01A0   2???           00511                 call    Send_0;      // 43              
01A1   2???           00512 metka1010101000 call    Send_1;      // 43
01A2   2???           00513                 call    Send_0;      // 43              
01A3   2???           00514 metka10101000   call    Send_1;      // 43
01A4   2???           00515                 call    Send_0;      // 43
01A5   2???           00516 metka101000     call    Send_1;      // 43
01A6   2???           00517                 call    Send_0;      // 43
01A7   2???           00518 metka1000       call    Send_1;      // 43
MPASM 5.83                      ALPBTNEW.ASM   8-20-2019  13:40:26         PAGE 11


LOC  OBJECT CODE     LINE SOURCE TEXT
  VALUE

01A8   2???           00519                 call    Send_0;      // 43
01A9   2???           00520                 call    Send_0;      // 43
01AA   2???           00521                 call    Send_0;      // 43              
01AB   0008           00522                 return
                      00523                 
01AC   3013           00524 Send_1          movlw   d'19'       ; 527 millisekund
01AD   00B2           00525                 movwf   Reg_1
01AE   1505           00526 Send1_Loop      bsf     IR_LED
01AF   0000           00527                 nop
01B0   0000           00528                 nop
01B1   0000           00529                 nop
01B2   0000           00530                 nop
01B3   0000           00531                 nop
01B4   0000           00532                 nop
01B5   0000           00533                 nop
01B6   0000           00534                 nop
01B7   0000           00535                 nop
01B8   0000           00536                 nop
01B9   0000           00537                 nop
01BA   0000           00538                 nop
01BB   1105           00539                 bcf     IR_LED
01BC   0000           00540                 nop
01BD   0000           00541                 nop
01BE   0000           00542                 nop
01BF   0000           00543                 nop
01C0   0000           00544                 nop
01C1   0000           00545                 nop
01C2   0000           00546                 nop
01C3   0000           00547                 nop
01C4   0000           00548                 nop
01C5   0000           00549                 nop
01C6   0BB2           00550                 decfsz  Reg_1,1
01C7   2???           00551                 goto    Send1_Loop
01C8   0008           00552                 return
                      00553 ;-----------------------------------------------------------------------------          
01C9   3013           00554 Send_0          movlw   d'19'   ;527 millisekund
01CA   00B2           00555                 movwf   Reg_1
01CB   1105           00556 Send0_Loop      bcf     IR_LED
01CC   0000           00557                 nop
01CD   0000           00558                 nop
01CE   0000           00559                 nop
01CF   0000           00560                 nop
01D0   0000           00561                 nop
01D1   0000           00562                 nop
01D2   0000           00563                 nop
01D3   0000           00564                 nop
01D4   0000           00565                 nop
01D5   0000           00566                 nop
01D6   0000           00567                 nop
01D7   0000           00568                 nop
01D8   1105           00569                 bcf     IR_LED
01D9   0000           00570                 nop
01DA   0000           00571                 nop
MPASM 5.83                      ALPBTNEW.ASM   8-20-2019  13:40:26         PAGE 12


LOC  OBJECT CODE     LINE SOURCE TEXT
  VALUE

01DB   0000           00572                 nop
01DC   0000           00573                 nop
01DD   0000           00574                 nop
01DE   0000           00575                 nop
01DF   0000           00576                 nop
01E0   0000           00577                 nop
01E1   0000           00578                 nop
01E2   0000           00579                 nop
01E3   0BB2           00580                 decfsz  Reg_1,1
01E4   2???           00581                 goto    Send0_Loop
01E5   0008           00582                 return
                      00583 ;-----------------------------------------------------------------------------
01E6   30B9           00584 delayy9ms       movlw   d'185'
01E7   00B2           00585                 movwf   Reg_1
01E8   1505           00586 Send0_Loopp     bsf     IR_LED
01E9   0000           00587                 nop
01EA   0000           00588                 nop
01EB   0000           00589                 nop
01EC   0000           00590                 nop
01ED   0000           00591                 nop
01EE   0000           00592                 nop
01EF   0000           00593                 nop
01F0   0000           00594                 nop
01F1   0000           00595                 nop
01F2   0000           00596                 nop
01F3   0000           00597                 nop
01F4   0000           00598                 nop
01F5   1105           00599                 bcf     IR_LED
01F6   0000           00600                 nop
01F7   0000           00601                 nop
01F8   0000           00602                 nop
01F9   0000           00603                 nop
01FA   0000           00604                 nop
01FB   0000           00605                 nop
01FC   0000           00606                 nop
01FD   0000           00607                 nop
01FE   0000           00608                 nop
01FF   0000           00609                 nop
0200   0BB2           00610                 decfsz  Reg_1,1
0201   2???           00611                 goto    Send0_Loopp
0202   3084           00612                 movlw   d'132'
0203   00B2           00613                 movwf   Reg_1
0204   1505           00614 Send0_Loopp1    bsf     IR_LED
0205   0000           00615                 nop
0206   0000           00616                 nop
0207   0000           00617                 nop
0208   0000           00618                 nop
0209   0000           00619                 nop
020A   0000           00620                 nop
020B   0000           00621                 nop
020C   0000           00622                 nop
020D   0000           00623                 nop
020E   0000           00624                 nop
MPASM 5.83                      ALPBTNEW.ASM   8-20-2019  13:40:26         PAGE 13


LOC  OBJECT CODE     LINE SOURCE TEXT
  VALUE

020F   0000           00625                 nop
0210   0000           00626                 nop
0211   1105           00627                 bcf     IR_LED
0212   0000           00628                 nop
0213   0000           00629                 nop
0214   0000           00630                 nop
0215   0000           00631                 nop
0216   0000           00632                 nop
0217   0000           00633                 nop
0218   0000           00634                 nop
0219   0000           00635                 nop
021A   0000           00636                 nop
021B   0000           00637                 nop
021C   0BB2           00638                 decfsz  Reg_1,1
021D   2???           00639                 goto    Send0_Loopp1
021E   0008           00640                 return
021F   30AA           00641 delayy4.5ms     movlw       .170
0220   00B2           00642                 movwf       Reg_1
0221   3006           00643                 movlw       .6
0222   00B3           00644                 movwf       Reg_2
0223   0BB2           00645                 decfsz      Reg_1,F
0224   2???           00646                 goto        $-1
0225   0BB3           00647                 decfsz      Reg_2,F
0226   2???           00648                 goto        $-3
0227   0008           00649                 return
                      00650 
0228   30BA           00651 delay250ms      movlw       .186
0229   00B2           00652                 movwf       Reg_1
022A   3004           00653                 movlw       .4
022B   00B3           00654                 movwf       Reg_2
022C   3002           00655                 movlw       .2
022D   00B4           00656                 movwf       Reg_3
022E   0BB2           00657                 decfsz      Reg_1,F
022F   2???           00658                 goto        $-1
0230   0BB3           00659                 decfsz      Reg_2,F
0231   2???           00660                 goto        $-3
0232   0BB4           00661                 decfsz      Reg_3,F
0233   2???           00662                 goto        $-5
0234   0000           00663                 nop
                      00664 
                      00665 
                      00666 
0235   0008           00667                 return
                      00668                 
                      00669 ;-----------------------------------------------------------------------------  
0054                  00670                 end
MPASM 5.83                      ALPBTNEW.ASM   8-20-2019  13:40:26         PAGE 14


SYMBOL TABLE
  LABEL                             VALUE 

ADCON0                            0000001F
ADCS0                             00000004
ADCS1                             00000005
ADCS2                             00000006
ADFM                              00000007
ADIE                              00000006
ADIF                              00000006
ADON                              00000000
ADRESH                            0000001E
ADRESL                            0000009E
ANS0                              00000000
ANS1                              00000001
ANS2                              00000002
ANS3                              00000003
ANSEL                             0000009F
BD_Loop94                         00000070
Big_delay                         0000006E
C                                 00000000
CAL0                              00000002
CAL1                              00000003
CAL2                              00000004
CAL3                              00000005
CAL4                              00000006
CAL5                              00000007
CHS0                              00000002
CHS1                              00000003
CINV                              00000004
CIS                               00000003
CM0                               00000000
CM1                               00000001
CM2                               00000002
CMCON                             00000019
CMIE                              00000003
CMIF                              00000003
COUT                              00000006
DC                                00000001
EEADR                             0000009B
EECON1                            0000009C
EECON2                            0000009D
EEDAT                             0000009A
EEDATA                            0000009A
EEIE                              00000007
EEIF                              00000007
F                                 00000001
FSR                               00000004
GIE                               00000007
GO                                00000001
GO_DONE                           00000001
GO_NOT_DONE                       00000001
GP0                               00000000
GP1                               00000001
GP2                               00000002
GP3                               00000003
MPASM 5.83                      ALPBTNEW.ASM   8-20-2019  13:40:26         PAGE 15


SYMBOL TABLE
  LABEL                             VALUE 

GP4                               00000004
GP5                               00000005
GPIE                              00000003
GPIF                              00000000
GPIO                              00000005
GPIO0                             00000000
GPIO1                             00000001
GPIO2                             00000002
GPIO3                             00000003
GPIO4                             00000004
GPIO5                             00000005
INDF                              00000000
INTCON                            0000000B
INTE                              00000004
INTEDG                            00000006
INTF                              00000001
IOC                               00000096
IOC0                              00000000
IOC1                              00000001
IOC2                              00000002
IOC3                              00000003
IOC4                              00000004
IOC5                              00000005
IOCB                              00000096
IOCB0                             00000000
IOCB1                             00000001
IOCB2                             00000002
IOCB3                             00000003
IOCB4                             00000004
IOCB5                             00000005
IRP                               00000007
IR_LED                            GPIO,2
Init                              00000001
LED                               00000040
Mainloop                          0000002B
NOT_BOD                           00000000
NOT_BOR                           00000000
NOT_DONE                          00000001
NOT_GPPU                          00000007
NOT_PD                            00000003
NOT_POR                           00000001
NOT_T1SYNC                        00000002
NOT_TO                            00000004
OPTION_REG                        00000081
OSCCAL                            00000090
PCL                               00000002
PCLATH                            0000000A
PCON                              0000008E
PEIE                              00000006
PIE1                              0000008C
PIR1                              0000000C
PS0                               00000000
PS1                               00000001
MPASM 5.83                      ALPBTNEW.ASM   8-20-2019  13:40:26         PAGE 16


SYMBOL TABLE
  LABEL                             VALUE 

PS2                               00000002
PSA                               00000003
RD                                00000000
RP0                               00000005
RP1                               00000006
Reg_1                             00000032
Reg_2                             00000033
Reg_3                             00000034
STATUS                            00000003
Send0_Loop                        000001CB
Send0_Loopp                       000001E8
Send0_Loopp1                      00000204
Send1_Loop                        000001AE
Send_0                            000001C9
Send_1                            000001AC
T0CS                              00000005
T0IE                              00000005
T0IF                              00000002
T0SE                              00000004
T1CKPS0                           00000004
T1CKPS1                           00000005
T1CON                             00000010
T1IE                              00000000
T1IF                              00000000
T1OSCEN                           00000003
TMR0                              00000001
TMR0IE                            00000005
TMR0IF                            00000002
TMR1                              0000000E
TMR1CS                            00000001
TMR1GE                            00000006
TMR1H                             0000000F
TMR1IE                            00000000
TMR1IF                            00000000
TMR1L                             0000000E
TMR1ON                            00000000
TRISIO                            00000085
TRISIO0                           00000000
TRISIO1                           00000001
TRISIO2                           00000002
TRISIO3                           00000003
TRISIO4                           00000004
TRISIO5                           00000005
UMessen1                          0000002E
VCFG                              00000006
VR0                               00000000
VR1                               00000001
VR2                               00000002
VR3                               00000003
VRCON                             00000099
VREN                              00000007
VRR                               00000005
W                                 00000000
MPASM 5.83                      ALPBTNEW.ASM   8-20-2019  13:40:26         PAGE 17


SYMBOL TABLE
  LABEL                             VALUE 

WPU                               00000095
WPU0                              00000000
WPU1                              00000001
WPU2                              00000002
WPU4                              00000004
WPU5                              00000005
WR                                00000001
WREN                              00000002
WRERR                             00000003
Z                                 00000002
_.org_0_003C                      0000003C
_.org_0_003E                      0000003E
_.org_0_0224                      00000224
_.org_0_0226                      00000226
_.org_0_022F                      0000022F
_.org_0_0231                      00000231
_.org_0_0233                      00000233
_BODEN_OFF                        00003FBF
_BODEN_ON                         00003FFF
_BOREN_OFF                        00003FBF
_BOREN_ON                         00003FFF
_CONFIG                           00002007
_CPD_OFF                          00003FFF
_CPD_ON                           00003EFF
_CP_OFF                           00003FFF
_CP_ON                            00003F7F
_DEVID1                           00002006
_EC_OSC                           00003FFB
_EXTRC_OSC_CLKOUT                 00003FFF
_EXTRC_OSC_NOCLKOUT               00003FFE
_FOSC_EC                          00003FFB
_FOSC_EXTRCCLK                    00003FFF
_FOSC_EXTRCIO                     00003FFE
_FOSC_HS                          00003FFA
_FOSC_INTRCCLK                    00003FFD
_FOSC_INTRCIO                     00003FFC
_FOSC_LP                          00003FF8
_FOSC_XT                          00003FF9
_HS_OSC                           00003FFA
_IDLOC0                           00002000
_IDLOC1                           00002001
_IDLOC2                           00002002
_IDLOC3                           00002003
_INTRC_OSC_CLKOUT                 00003FFD
_INTRC_OSC_NOCLKOUT               00003FFC
_LP_OSC                           00003FF8
_MCLRE_OFF                        00003FDF
_MCLRE_ON                         00003FFF
_PWRTE_OFF                        00003FFF
_PWRTE_ON                         00003FEF
_WDTE_OFF                         00003FF7
_WDTE_ON                          00003FFF
_WDT_OFF                          00003FF7
MPASM 5.83                      ALPBTNEW.ASM   8-20-2019  13:40:26         PAGE 18


SYMBOL TABLE
  LABEL                             VALUE 

_WDT_ON                           00003FFF
_XT_OSC                           00003FF9
__12F675                          00000001
bt                                00000177
cmequalizer                       0000010D
cmmute                            000000C2
cmmute1                           00000189
cmpause                           000000ED
cmpower                           000000FD
cmqizil                           000000B1
cmstrelkachap                     0000011D
cmstrelkaon                       0000012D
cmstrelkapas                      0000009F
cmstrelkatepa                     0000015D
cmvolumpas                        0000013D
cmvolumtepa                       0000014D
cmyashil                          000000DA
count                             00000020
delay250ms                        00000228
delayy4.5ms                       0000021F
delayy9ms                         000001E6
f0                                00000023
f1                                00000024
fCOUNTER                          0000003E
fCOUNTER2                         0000003F
krug                              0000007D
krug1                             0000008B
krug2                             00000099
loop                              0000002F
metka1000                         000001A7
metka101000                       000001A5
metka10101000                     000001A3
metka1010101000                   000001A1
metka101010101000                 0000019F
metka10101010101000               0000019D
metka1010101010101000             0000019B
metka101010101010101000           00000199
power                             00000055
powermax                          00000029
powermin                          0000002A
poweruderjat                      00000091
qizil                             0000005F
qizilmax                          00000027
qizilmin                          00000028
qiziluderjat                      00000075
strelkachapmax                    0000002B
strelkachapmin                    0000002C
strelkaonmax                      0000002D
strelkaonmin                      0000002E
strelkapasmax                     00000025
strelkapasmin                     00000026
strelkatepamax                    0000003C
strelkatepamin                    0000003D
MPASM 5.83                      ALPBTNEW.ASM   8-20-2019  13:40:26         PAGE 19


SYMBOL TABLE
  LABEL                             VALUE 

volumpas                          00000069
volumpasmax                       00000038
volumpasmin                       00000039
volumtepa                         00000064
volumtepamax                      0000003A
volumtepamin                      0000003B
yarmi                             0000016D
yashil                            0000005A
yashilmax                         00000040
yashilmin                         00000041
yashiluderjat                     00000083

Errors   :     0
Warnings :     2 reported,     0 suppressed
Messages :     0 reported,     7 suppressed

