MPASM 5.83                          TMR0.ASM   12-14-2019  23:03:27         PAGE  1


LOC  OBJECT CODE     LINE SOURCE TEXT
  VALUE

                      00001 ;**************** THE WELS THEORY ******************
                      00002 ;Descripción: Encendemos un led cada 30ms. La temporización
                      00003 ;conseguimos con el Timer0
                      00004 ;
                      00005 ;Para más información visita: www.thewelstheory.com
                      00006 ;Y sigueme en www.facebook.com/WelsTheory
                      00007 
Warning[205]: Found directive in column 1. (List)
                      00008 List P=16F84A ; Procesador PIC16f84A
                      00009 #include "p16f84a.inc" ;Incluye las librerias 
                      00001         LIST
                      00002 
                      00003 ;==========================================================================
                      00004 ; Build date : Jan 21 2019
                      00005 ;  MPASM PIC16F84A processor include
                      00006 ; 
                      00007 ;  (c) Copyright 1999-2019 Microchip Technology, All rights reserved
                      00008 ;==========================================================================
                      00009 
                      00209         LIST
                      00010     
                      00011 ; CONFIGURACION DEL PIC16F84A
2007   3FF1           00012  __CONFIG _FOSC_XT & _WDTE_OFF & _PWRTE_ON & _CP_OFF
                      00013 
                      00014 ;Definimos salida del LED
                      00015 #DEFINE     LED     PORTB,4
                      00016  
Warning[205]: Found directive in column 1. (CBLOCK)
                      00017 CBLOCK  0x0C
Warning[205]: Found directive in column 1. (ENDC)
                      00018 ENDC
                      00019 
                      00020 ;CODIGO
                      00021     ORG 0
0000                  00022 INICIO
0000   1683           00023     BSF     STATUS,RP0
0001   1206           00024     BCF     LED
0002   3007           00025     MOVLW   B'00000111'
Message[302]: Register in operand not in bank 0.  Ensure that bank bits are correct.
0003   0081           00026     MOVWF   OPTION_REG          ;Prescaler de 64 asigando al TMR0
0004   1283           00027     BCF     STATUS,RP0
0005                  00028 START
0005   1206           00029     BCF     LED                 ;Comienza apagado
0006   2???           00030     CALL    Timer0_10ms         ;Esperamos 10ms
0007   2???           00031     CALL    Timer0_10ms         ;Esperamos 10ms
0008   2???           00032     CALL    Timer0_10ms         ;Esperamos 10ms
0009   1606           00033     BSF     LED                 ;Encendemos el LED
000A   2???           00034     CALL    Timer0_10ms         ;Esperamos 10ms
000B   2???           00035     CALL    Timer0_10ms         ;Esperamos 10ms
000C   2???           00036     CALL    Timer0_10ms         ;Esperamos 10ms
000D   2???           00037     GOTO    START
                      00038      
                      00039     
MPASM 5.83                          TMR0.ASM   12-14-2019  23:03:27         PAGE  2


LOC  OBJECT CODE     LINE SOURCE TEXT
  VALUE

  0000000A            00040 TMR0_Carga10ms  EQU     .10     
000E                  00041 Timer0_10ms
000E   300A           00042     MOVLW   TMR0_Carga10ms          ;Carga el Timer0 con el valor que queremos
000F   0081           00043     MOVWF   TMR0
0010   110B           00044     BCF     INTCON,T0IF             ;Reseteamos el Flag de desbordamiento del TMR0
0011                  00045 Timer0_Desbordamiento
0011   1D0B           00046     BTFSS   INTCON,T0IF             ;¿Se ha desbordado el TMR0?
0012   2???           00047     GOTO    Timer0_Desbordamiento   ;Aún no, Repite.
0013   0008           00048     RETURN
                      00049     
                      00050 
3FF1                  00051     END
MPASM 5.83                          TMR0.ASM   12-14-2019  23:03:27         PAGE  3


SYMBOL TABLE
  LABEL                             VALUE 

C                                 00000000
DC                                00000001
EEADR                             00000009
EECON1                            00000088
EECON2                            00000089
EEDATA                            00000008
EEIE                              00000006
EEIF                              00000004
F                                 00000001
FSR                               00000004
GIE                               00000007
INDF                              00000000
INICIO                            00000000
INTCON                            0000000B
INTE                              00000004
INTEDG                            00000006
INTF                              00000001
IRP                               00000007
LED                               PORTB,4
NOT_PD                            00000003
NOT_RBPU                          00000007
NOT_TO                            00000004
OPTION_REG                        00000081
PCL                               00000002
PCLATH                            0000000A
PORTA                             00000005
PORTB                             00000006
PS0                               00000000
PS1                               00000001
PS2                               00000002
PSA                               00000003
RA0                               00000000
RA1                               00000001
RA2                               00000002
RA3                               00000003
RA4                               00000004
RB0                               00000000
RB1                               00000001
RB2                               00000002
RB3                               00000003
RB4                               00000004
RB5                               00000005
RB6                               00000006
RB7                               00000007
RBIE                              00000003
RBIF                              00000000
RD                                00000000
RP0                               00000005
RP1                               00000006
START                             00000005
STATUS                            00000003
T0CS                              00000005
T0IE                              00000005
MPASM 5.83                          TMR0.ASM   12-14-2019  23:03:27         PAGE  4


SYMBOL TABLE
  LABEL                             VALUE 

T0IF                              00000002
T0SE                              00000004
TMR0                              00000001
TMR0IE                            00000005
TMR0IF                            00000002
TMR0_Carga10ms                    0000000A
TRISA                             00000085
TRISA0                            00000000
TRISA1                            00000001
TRISA2                            00000002
TRISA3                            00000003
TRISA4                            00000004
TRISB                             00000086
TRISB0                            00000000
TRISB1                            00000001
TRISB2                            00000002
TRISB3                            00000003
TRISB4                            00000004
TRISB5                            00000005
TRISB6                            00000006
TRISB7                            00000007
Timer0_10ms                       0000000E
Timer0_Desbordamiento             00000011
W                                 00000000
WR                                00000001
WREN                              00000002
WRERR                             00000003
Z                                 00000002
_CONFIG                           00002007
_CP_OFF                           00003FFF
_CP_ON                            0000000F
_DEVID1                           00002006
_FOSC_EXTRC                       00003FFF
_FOSC_HS                          00003FFE
_FOSC_LP                          00003FFC
_FOSC_XT                          00003FFD
_HS_OSC                           00003FFE
_IDLOC0                           00002000
_IDLOC1                           00002001
_IDLOC2                           00002002
_IDLOC3                           00002003
_LP_OSC                           00003FFC
_PWRTE_OFF                        00003FFF
_PWRTE_ON                         00003FF7
_RC_OSC                           00003FFF
_WDTE_OFF                         00003FFB
_WDTE_ON                          00003FFF
_WDT_OFF                          00003FFB
_WDT_ON                           00003FFF
_XT_OSC                           00003FFD
__16F84A                          00000001

MPASM 5.83                          TMR0.ASM   12-14-2019  23:03:27         PAGE  5





Errors   :     0
Warnings :     3 reported,     0 suppressed
Messages :     1 reported,     0 suppressed

