MPASM 5.77                         KENCR.ASM   10-9-2019  17:02:42         PAGE  1


LOC  OBJECT CODE     LINE SOURCE TEXT
  VALUE

Warning[205]: Found directive in column 1. (list)
                      00001 list p=12f675
                      00002         #include <P12f675.INC>
                      00001         LIST
                      00002 
                      00003 ;==========================================================================
                      00004 ; Build date : Nov 22 2017
                      00005 ;  MPASM PIC12F675 processor include
                      00006 ; 
                      00007 ;  (c) Copyright 1999-2017 Microchip Technology, All rights reserved
                      00008 ;==========================================================================
                      00009 
                      00367         LIST
                      00003         ERRORLEVEL      -302            
2007   0014           00004         __CONFIG  00014H
                      00005         ;__CONFIG       _MCLRE_OFF & _PWRTE_OFF & _WDT_OFF & _INTRC_OSC_NOCLKOUT & _BODEN_OFF
                      00006         #define   IR_LED    GPIO,2 ; ???????????? ?????????
  00000020            00007 count           equ     0x20    
  00000023            00008 f0              equ     0x23    
  00000024            00009 f1              equ     0x24     
  00000025            00010 strelkapasmax   equ     0x25    
  00000026            00011 strelkapasmin   equ     0x26    
  00000027            00012 attmax          equ     0x27
  00000028            00013 attmin          equ     0x28
  00000029            00014 powermax        equ     0x29
  0000002A            00015 powermin        equ     0x2A
  0000002B            00016 strelkachapmax  equ     0x2B
  0000002C            00017 strelkachapmin  equ     0x2C
  0000002D            00018 strelkaonmax    equ     0x2D
  0000002E            00019 strelkaonmin    equ     0x2E
  00000032            00020 Reg_1           equ     0x32            
  00000033            00021 Reg_2           equ     0x33
  00000034            00022 Reg_3           equ     0x34
  00000038            00023 volumpasmax     equ     0x38
  00000039            00024 volumpasmin     equ     0x39
  0000003A            00025 volumtepamax    equ     0x3A
  0000003B            00026 volumtepamin    equ     0x3B
  0000003C            00027 strelkatepamax  equ     0x3C
  0000003D            00028 strelkatepamin  equ     0x3D
  0000003E            00029 fCOUNTER        equ     0x3E ; ??????? ?????? ??? ?????????? ???????????.
  0000003F            00030 fCOUNTER2       equ     0x3F ; ???????2.        
                      00031         org     0x00
0000   2???           00032         goto    Init
                      00033 ;***********************************************************************
0001   1283           00034 Init        bcf     STATUS, RP0         ; Bank 0
0002   0185           00035             clrf    GPIO                        ; aus!
0003   3007           00036             movlw   b'00000111'
0004   0099           00037             movwf   CMCON                       ; Comparator aus
0005   1683           00038             bsf     STATUS, RP0         ; Bank 1
0006   1105           00039             bcf     TRISIO,2
0007   1605           00040             bsf     TRISIO,4
0008   1683           00041             bsf     STATUS, RP0         ; Bank 1
0009   23FF           00042             call    0x3FF
MPASM 5.77                         KENCR.ASM   10-9-2019  17:02:42         PAGE  2


LOC  OBJECT CODE     LINE SOURCE TEXT
  VALUE

000A   0090           00043             movwf   OSCCAL                      ; 4-MHz-Kalibrierung
000B   1283           00044             bcf     STATUS, RP0         ; Bank 0
000C   138B           00045             bcf     INTCON, GIE         ; Int deaktiviert
                      00046 ;******************************************************************************
000D   141F           00047             BSF     ADCON0, ADON        ; ADON=1
000E   159F           00048             BSF     ADCON0, CHS1        ; ADCHS1=0
000F   151F           00049             BSF     ADCON0, CHS0        ; ADCHS0=0
0010   1683           00050             BSF     STATUS,RP0  ; Bank1
0011   019F           00051             clrf    ANSEL
0012   161F           00052             BSF     ANSEL, ADCS0        ; ADCS0=1 Fosc/8
0013   159F           00053             BSF     ANSEL, ANS3
0014   1283           00054             BCF     STATUS,RP0  ; Bank0
0015   131F           00055             BCF     ADCON0, VCFG        ; RA2=digital
0016   139F           00056             BCF     ADCON0, ADFM        ; ADFM=1 linksb?ndig
                      00057 
0017   30FC           00058             movlw   0xFC                ;4.85V      
0018   00A5           00059             movwf   strelkapasmax
0019   30E4           00060             movlw   0xE4                ;4.45V
001A   00A6           00061             movwf   strelkapasmin
001B   30E4           00062             movlw   0xE4                ; 4.45V
Error[113]  : Symbol not previously defined (qizilmax)
001C   0080           00063             movwf   qizilmax
001D   30CF           00064             movlw   0xCF                ; 3.97V
Error[113]  : Symbol not previously defined (qizilmin)
001E   0080           00065             movwf   qizilmin
001F   30CF           00066             movlw   0xCF                ; 3.97V
Error[113]  : Symbol not previously defined (yashilmax)
0020   0080           00067             movwf   yashilmax
0021   30C5           00068             movlw   0xC5                ; 3.80V
Error[113]  : Symbol not previously defined (yashilmin)
0022   0080           00069             movwf   yashilmin
0023   30C5           00070             movlw   0xC5                ; 3.80V
0024   00A9           00071             movwf   powermax
0025   30BE           00072             movlw   0xBE                ; 3.55V
0026   00AA           00073             movwf   powermin
0027   30BE           00074             movlw   0xBE                ; 3.55V
0028   00AB           00075             movwf   strelkachapmax
0029   30AE           00076             movlw   0xAE                ; 3.32V
002A   00AC           00077             movwf   strelkachapmin
002B   30AE           00078             movlw   0xAE                ; 3.32V
002C   00AD           00079             movwf   strelkaonmax
002D   309F           00080             movlw   0x9F                ; 3.08V
002E   00AE           00081             movwf   strelkaonmin
002F   309F           00082             movlw   0x9F                ; 3.08V
0030   00B8           00083             movwf   volumpasmax
0031   3092           00084             movlw   0x92                ; 2.85V
0032   00B9           00085             movwf   volumpasmin
0033   3092           00086             movlw   0x92                ; 2.85V
0034   00BA           00087             movwf   volumtepamax            
0035   3044           00088             movlw   0x44                ; 1.32V
0036   00BB           00089             movwf   volumtepamin            
0037   3044           00090             movlw   0x44                ; 1.32V
0038   00BC           00091             movwf   strelkatepamax
MPASM 5.77                         KENCR.ASM   10-9-2019  17:02:42         PAGE  3


LOC  OBJECT CODE     LINE SOURCE TEXT
  VALUE

0039   3001           00092             movlw   0x01                ; 0.00V
003A   00BD           00093             movwf   strelkatepamin
                      00094 ;***********************************************************************
003B   2???           00095 Mainloop    call        UMessen1        ; AN0 nach f1,f0  (f1 is entscheidend)
003C   2???           00096             call        LED             ; LED ein-/ausschalten
003D   2???           00097             goto        Mainloop
                      00098 ;***********************************************************************
003E   149F           00099 UMessen1    BSF     ADCON0, 1   ; ADC starten       
003F   189F           00100 loop        BTFSC   ADCON0, 1   ; ist der ADC fertig?
0040   2???           00101             GOTO    loop                ; nein, weiter warten       
0041   081E           00102             movfw   ADRESH              ; obere  8 Bit auslesen
0042   00A4           00103             movwf   f1          ; obere  8-Bit nach f1
0043   1683           00104             bsf     STATUS,RP0  ; Bank1
0044   081E           00105             movfw   ADRESL              ; untere 2 Bit auslesen, werden aber  nicht ben?tigt
0045   1283           00106             bcf     STATUS,RP0  ; Bank0
0046   00A3           00107             movwf   f0          ; untere 2-Bit nach f0
0047   30A5           00108             movlw       .165
0048   00B2           00109             movwf       Reg_1
0049   3033           00110             movlw       .51
004A   00B3           00111             movwf       Reg_2
004B   0BB2           00112             decfsz      Reg_1,F
004C   2???           00113             goto        $-1
004D   0BB3           00114             decfsz      Reg_2,F
004E   2???           00115             goto        $-3
004F   0008           00116             return
                      00117 ;***********************************************************************
0050   0825           00118 LED         MOVFW       strelkapasmax
0051   0224           00119             subwf       f1, w           ; w:=f1-w 
0052   1C03           00120             btfss       STATUS, C
0053   2???           00121             call        strelkapas              ; LED an
                      00122 
0054   0827           00123             MOVFW       attmax
0055   0224           00124             subwf       f1, w           ; w:=f1-w 
0056   1C03           00125             btfss       STATUS, C
0057   2???           00126             call        att             ; LED an
                      00127 
0058   0829           00128             MOVFW       powermax
0059   0224           00129             subwf       f1, w           ; w:=f1-w 
005A   1C03           00130             btfss       STATUS, C
005B   2???           00131             call        power           ; LED an
                      00132 
005C   082B           00133             MOVFW       strelkachapmax
005D   0224           00134             subwf       f1, w           ; w:=f1-w 
005E   1C03           00135             btfss       STATUS, C
005F   2???           00136             call        strelkachap     ; LED an
                      00137 
0060   082D           00138             MOVFW       strelkaonmax
0061   0224           00139             subwf       f1, w           ; w:=f1-w 
0062   1C03           00140             btfss       STATUS, C
0063   2???           00141             call        strelkaon       ; LED an
                      00142 
0064   0838           00143             MOVFW       volumpasmax
0065   0224           00144             subwf       f1, w           ; w:=f1-w 
MPASM 5.77                         KENCR.ASM   10-9-2019  17:02:42         PAGE  4


LOC  OBJECT CODE     LINE SOURCE TEXT
  VALUE

0066   1C03           00145             btfss       STATUS, C
0067   2???           00146             call        volumpas        ; LED an
                      00147 
0068   083A           00148             MOVFW       volumtepamax
0069   0224           00149             subwf       f1, w           ; w:=f1-w 
006A   1C03           00150             btfss       STATUS, C
006B   2???           00151             call        volumtepa       ; LED an
                      00152 
006C   083C           00153             MOVFW       strelkatepamax
006D   0224           00154             subwf       f1, w           ; w:=f1-w 
006E   1C03           00155             btfss       STATUS, C
006F   2???           00156             call        strelkatepa     ; LED an
0070   0008           00157             return
                      00158 ;***********************************************************************
0071   0826           00159 strelkapas  MOVFW       strelkapasmin
0072   0224           00160             subwf       f1, w           ; w:=f1-w 
0073   1803           00161             btfsc       STATUS, C
0074   2???           00162             call        cmstrelkapas
0075   0008           00163             return
0076   0828           00164 att         MOVFW       attmin
0077   0224           00165             subwf       f1, w           ; w:=f1-w 
0078   1803           00166             btfsc       STATUS, C
0079   2???           00167             call        cmatt
007A   0008           00168             return
007B   082A           00169 power       MOVFW       powermin
007C   0224           00170             subwf       f1, w           ; w:=f1-w 
007D   1803           00171             btfsc       STATUS, C
007E   2???           00172             call        cmpower
007F   0008           00173             return
0080   082C           00174 strelkachap MOVFW       strelkachapmin
0081   0224           00175             subwf       f1, w           ; w:=f1-w 
0082   1803           00176             btfsc       STATUS, C
0083   2???           00177             call        cmstrelkachap
0084   0008           00178             return      
0085   082E           00179 strelkaon   MOVFW       strelkaonmin
0086   0224           00180             subwf       f1, w           ; w:=f1-w 
0087   1803           00181             btfsc       STATUS, C
0088   2???           00182             call        cmstrelkaon
0089   0008           00183             return      
008A   0839           00184 volumpas    MOVFW       volumpasmin
008B   0224           00185             subwf       f1, w           ; w:=f1-w 
008C   1803           00186             btfsc       STATUS, C
008D   2???           00187             call        cmvolumpas
008E   0008           00188             return      
008F   083B           00189 volumtepa   MOVFW       volumtepamin
0090   0224           00190             subwf       f1, w           ; w:=f1-w 
0091   1803           00191             btfsc       STATUS, C
0092   2???           00192             call        cmvolumtepa
0093   0008           00193             return      
0094   083D           00194 strelkatepa MOVFW       strelkatepamin
0095   0224           00195             subwf       f1, w           ; w:=f1-w 
0096   1803           00196             btfsc       STATUS, C
0097   2???           00197             call        cmstrelkatepa
MPASM 5.77                         KENCR.ASM   10-9-2019  17:02:42         PAGE  5


LOC  OBJECT CODE     LINE SOURCE TEXT
  VALUE

0098   0008           00198             return      
                      00199 ;<<<<<<<<<<<<<<<<<<<<<<<<<<<<<<<<<<<<<<<<<<<<<<<<<<<<<<<<<<<<<<<<<<<<<<<<<<<<<
0099                  00200 Big_delay ;=770*x+1     x=(delay-5)/770 ???????? ?????????? call ? return.
0099   00BF           00201         movwf   fCOUNTER2
009A   01BE           00202         clrf    fCOUNTER
009B                  00203 BD_Loop94
009B   0BBE           00204         decfsz  fCOUNTER,1
009C   2???           00205         goto    BD_Loop94
009D   0BBF           00206         decfsz  fCOUNTER2,1
009E   2???           00207         goto    BD_Loop94
009F   0008           00208         return
                      00209 ;-----------------------------------------------------------------------------
00A0                  00210 delay
00A0   00BE           00211         movwf   fCOUNTER
00A1                  00212 D_Loop36
00A1   0BBE           00213         decfsz  fCOUNTER,1
00A2   2???           00214         goto    D_Loop36
00A3   0008           00215         return
                      00216 ;-----------------------------------------------------------------------------
00A4   2???           00217 cmstrelkapas    call    delayy9ms
00A5   2???           00218                 call    delayy4.5ms
00A6   2???           00219                 call    yarmi
00A7   2???           00220                 call    Send_1;      // 38
00A8   2???           00221                 call    Send_0;      // 39
00A9   2???           00222                 call    Send_1;      // 40
00AA   2???           00223                 call    Send_0;      // 41
00AB   2???           00224                 call    Send_1;      // 42
00AC   2???           00225                 call    Send_0;      // 43
00AD   2???           00226                 call    Send_1;      // 35
00AE   2???           00227                 call    Send_0;      // 36
00AF   2???           00228                 call    Send_0;      // 37
00B0   2???           00229                 call    Send_0;      // 38
00B1   2???           00230                 call    Send_1;      // 39
00B2   2???           00231                 call    Send_0;      // 40
00B3   2???           00232                 call    Send_0;      // 41
00B4   2???           00233                 call    Send_0;      // 42
00B5   2???           00234                 call    Send_1;      // 43
00B6   2???           00235                 call    Send_0;      // 43
00B7   2???           00236                 call    Send_1;      // 43
00B8   2???           00237                 call    Send_0;      // 43
00B9   2???           00238                 call    Send_1;      // 43
00BA   2???           00239                 call    Send_0;      // 43
00BB   2???           00240                 call    Send_1;      // 43
00BC   2???           00241                 call    Send_0;      // 43
00BD   2???           00242                 call    Send_1;      // 43
00BE   2???           00243                 call    Send_0;      // 43
00BF   2???           00244                 call    Send_0;      // 43
00C0   2???           00245                 call    Send_0;      // 43
00C1   2???           00246                 call    Send_1;      // 43
00C2   2???           00247                 call    Send_0;      // 43
00C3   2???           00248                 call    Send_0;      // 43
00C4   2???           00249                 call    Send_0;      // 43
00C5   2???           00250                 call    Send_1;      // 43
MPASM 5.77                         KENCR.ASM   10-9-2019  17:02:42         PAGE  6


LOC  OBJECT CODE     LINE SOURCE TEXT
  VALUE

00C6   2???           00251                 call    Send_0;      // 43
00C7   2???           00252                 call    Send_1;      // 43
00C8   2???           00253                 call    Send_0;      // 43
00C9   2???           00254                 call    Send_1;      // 43
00CA   2???           00255                 call    Send_0;      // 43
00CB   2???           00256                 call    Send_0;      // 43
00CC   2???           00257                 call    Send_0;      // 43
00CD   2???           00258                 call    Send_1;      // 43
00CE   2???           00259                 call    Send_0;      // 43
00CF   2???           00260                 call    Send_0;      // 43
00D0   2???           00261                 call    Send_0;      // 43
00D1   2???           00262                 call    Send_1;      // 43
00D2   2???           00263                 call    Send_0;      // 43
00D3   2???           00264                 call    Send_0;      // 43
00D4   2???           00265                 call    Send_0;      // 43
00D5   2???           00266                 call    Send_1;      // 43
00D6   2???           00267                 call    Send_0;      // 43
00D7   2???           00268                 call    Send_0;      // 43
00D8   2???           00269                 call    Send_0;      // 43
00D9   2???           00270                 call    Send_1;      // 43
00DA   2???           00271                 call    Send_0;      // 43
00DB   3020           00272                 movlw   d'32'
00DC   2???           00273                 call    Big_delay
00DD   0008           00274                 return
00DE   2???           00275 cmatt           call    delayy9ms
00DF   2???           00276                 call    delayy4.5ms
00E0   2???           00277                 call    yarmi
00E1   2???           00278                 call    Send_1;      // 43
00E2   2???           00279                 call    Send_0;      // 35
00E3   2???           00280                 call    Send_1;      // 36
00E4   2???           00281                 call    Send_0;      // 37
00E5   2???           00282                 call    Send_1;      // 38
00E6   2???           00283                 call    Send_0;      // 39
00E7   2???           00284                 call    Send_0;      // 40
00E8   2???           00285                 call    Send_0;      // 41
00E9   2???           00286                 call    Send_1;      // 42
00EA   2???           00287                 call    Send_0;      // 43
00EB   2???           00288                 call    Send_0;      // 44
00EC   2???           00289                 call    Send_0;      // 45
00ED   2???           00290                 call    Send_1;      // 46
00EE   2???           00291                 call    Send_0;      // 47
00EF   2???           00292                 call    Send_1;      // 48
00F0   2???           00293                 call    Send_0;      // 49
00F1   2???           00294                 call    Send_0;      // 50
00F2   2???           00295                 call    Send_0;      // 51
00F3   2???           00296                 call    Send_1;      // 52
00F4   2???           00297                 call    Send_0;      // 53
00F5   2???           00298                 call    Send_1;      // 54
00F6   2???           00299                 call    Send_0;      // 55
00F7   2???           00300                 call    Send_1;      // 56
00F8   2???           00301                 call    Send_0;      // 57
00F9   2???           00302                 call    Send_1;      // 58
00FA   2???           00303                 call    Send_0;      // 59
MPASM 5.77                         KENCR.ASM   10-9-2019  17:02:42         PAGE  7


LOC  OBJECT CODE     LINE SOURCE TEXT
  VALUE

00FB   2???           00304                 call    Send_0;      // 60
00FC   2???           00305                 call    Send_0;      // 61
00FD   2???           00306                 call    Send_1;      // 62
00FE   2???           00307                 call    Send_0;      // 63
00FF   2???           00308                 call    Send_1;      // 64
0100   2???           00309                 call    Send_0;      // 65
0101   2???           00310                 call    Send_1;      // 66
0102   2???           00311                 call    Send_0;      // 67
0103   2???           00312                 call    Send_0;      // 68
0104   2???           00313                 call    Send_0;      // 69
0105   2???           00314                 call    Send_1;      // 70
0106   2???           00315                 call    Send_0;      // 71
0107   2???           00316                 call    Send_1;      // 72
0108   2???           00317                 call    Send_0;      // 73
0109   2???           00318                 call    Send_0;      // 74
010A   2???           00319                 call    Send_0;      // 75
010B   2???           00320                 call    Send_1;      // 76
010C   2???           00321                 call    Send_0;      // 77
010D   2???           00322                 call    Send_0;      // 78
010E   2???           00323                 call    Send_0;      // 79
010F   2???           00324                 call    Send_1;      // 80
0110   2???           00325                 call    Send_0;      // 81
0111   2???           00326                 call    Send_0;      // 82
0112   2???           00327                 call    Send_0;      // 83
0113   2???           00328                 call    Send_1;      // 84
0114   2???           00329                 call    Send_0;      // 85
0115   3020           00330                 movlw   d'32'
0116   2???           00331                 call    Big_delay
0117   0008           00332                 return  
0118   2???           00333 cmpower         call    delayy9ms
0119   2???           00334                 call    delayy4.5ms
011A   2???           00335                 call    yarmi
011B   2???           00336                 call    Send_1;      // 38
011C   2???           00337                 call    Send_0;      // 39
011D   2???           00338                 call    Send_1;      // 40
011E   2???           00339                 call    Send_0;      // 41
011F   2???           00340                 call    Send_0;      // 42
0120   2???           00341                 call    Send_0;      // 43
0121   2???           00342                 call    Send_1;      // 35
0122   2???           00343                 call    Send_0;      // 36
0123   2???           00344                 call    Send_0;      // 37
0124   2???           00345                 call    Send_0;      // 38
0125   2???           00346                 call    Send_1;      // 39
0126   2???           00347                 call    Send_0;      // 40
0127   2???           00348                 call    Send_1;      // 41
0128   2???           00349                 call    Send_0;      // 42
0129   2???           00350                 call    Send_1;      // 43
012A   2???           00351                 call    Send_0;      // 43
012B   2???           00352                 call    Send_0;      // 43
012C   2???           00353                 call    Send_0;      // 43
012D   2???           00354                 call    Send_1;      // 43
012E   2???           00355                 call    Send_0;      // 43
012F   2???           00356                 call    Send_1;      // 43
MPASM 5.77                         KENCR.ASM   10-9-2019  17:02:42         PAGE  8


LOC  OBJECT CODE     LINE SOURCE TEXT
  VALUE

0130   2???           00357                 call    Send_0;      // 43
0131   2???           00358                 call    Send_1;      // 43
0132   2???           00359                 call    Send_0;      // 43
0133   2???           00360                 call    Send_1;      // 43
0134   2???           00361                 call    Send_0;      // 43
0135   2???           00362                 call    Send_1;      // 43
0136   2???           00363                 call    Send_0;      // 43
0137   2???           00364                 call    Send_1;      // 43
0138   2???           00365                 call    Send_0;      // 43
0139   2???           00366                 call    Send_0;      // 43
013A   2???           00367                 call    Send_0;      // 43
013B   2???           00368                 call    Send_1;      // 43
013C   2???           00369                 call    Send_0;      // 43
013D   2???           00370                 call    Send_0;      // 43
013E   2???           00371                 call    Send_0;      // 43
013F   2???           00372                 call    Send_1;      // 43
0140   2???           00373                 call    Send_0;      // 43
0141   2???           00374                 call    Send_1;      // 43
0142   2???           00375                 call    Send_0;      // 43
0143   2???           00376                 call    Send_0;      // 43
0144   2???           00377                 call    Send_0;      // 43
0145   2???           00378                 call    Send_1;      // 43
0146   2???           00379                 call    Send_0;      // 43
0147   2???           00380                 call    Send_0;      // 43
0148   2???           00381                 call    Send_0;      // 43
0149   2???           00382                 call    Send_1;      // 43
014A   2???           00383                 call    Send_0;      // 43
014B   2???           00384                 call    Send_0;      // 43
014C   2???           00385                 call    Send_0;      // 43
014D   2???           00386                 call    Send_1;      // 43
014E   2???           00387                 call    Send_0;      // 43
014F   3020           00388                 movlw   d'32'
0150   2???           00389                 call    Big_delay
0151   0008           00390                 return
0152   2???           00391 cmstrelkachap   call    delayy9ms
0153   2???           00392                 call    delayy4.5ms
0154   2???           00393                 call    yarmi
0155   2???           00394                 call    Send_1;      // 39
0156   2???           00395                 call    Send_0;      // 40
0157   2???           00396                 call    Send_1;      // 41
0158   2???           00397                 call    Send_0;      // 42
0159   2???           00398                 call    Send_1;      // 43
015A   2???           00399                 call    Send_0;      // 44
015B   2???           00400                 call    Send_0;      // 45
015C   2???           00401                 call    Send_0;      // 46
015D   2???           00402                 call    Send_1;      // 47
015E   2???           00403                 call    Send_0;      // 48
015F   2???           00404                 call    Send_1;      // 49
0160   2???           00405                 call    Send_0;      // 50
0161   2???           00406                 call    Send_0;      // 51
0162   2???           00407                 call    Send_0;      // 52
0163   2???           00408                 call    Send_1;      // 53
0164   2???           00409                 call    Send_0;      // 54
MPASM 5.77                         KENCR.ASM   10-9-2019  17:02:42         PAGE  9


LOC  OBJECT CODE     LINE SOURCE TEXT
  VALUE

0165   2???           00410                 call    Send_1;      // 55
0166   2???           00411                 call    Send_0;      // 56
0167   2???           00412                 call    Send_1;      // 57
0168   2???           00413                 call    Send_0;      // 58
0169   2???           00414                 call    Send_1;      // 59
016A   2???           00415                 call    Send_0;      // 60
016B   2???           00416                 call    Send_1;      // 61
016C   2???           00417                 call    Send_0;      // 62
016D   2???           00418                 call    Send_0;      // 63
016E   2???           00419                 call    Send_0;      // 64
016F   2???           00420                 call    Send_1;      // 65
0170   2???           00421                 call    Send_0;      // 66
0171   2???           00422                 call    Send_1;      // 67
0172   2???           00423                 call    Send_0;      // 68
0173   2???           00424                 call    Send_0;      // 69
0174   2???           00425                 call    Send_0;      // 70
0175   2???           00426                 call    Send_1;      // 71
0176   2???           00427                 call    Send_0;      // 72
0177   2???           00428                 call    Send_1;      // 73
0178   2???           00429                 call    Send_0;      // 74
0179   2???           00430                 call    Send_0;      // 75
017A   2???           00431                 call    Send_0;      // 76
017B   2???           00432                 call    Send_1;      // 77
017C   2???           00433                 call    Send_0;      // 78
017D   2???           00434                 call    Send_0;      // 79
017E   2???           00435                 call    Send_0;      // 80
017F   2???           00436                 call    Send_1;      // 81
0180   2???           00437                 call    Send_0;      // 82
0181   2???           00438                 call    Send_0;      // 83
0182   2???           00439                 call    Send_0;      // 84
0183   2???           00440                 call    Send_1;      // 85
0184   2???           00441                 call    Send_0;      // 86
0185   2???           00442                 call    Send_0;      // 87
0186   2???           00443                 call    Send_0;      // 88
0187   2???           00444                 call    Send_1;      // 89
0188   2???           00445                 call    Send_0;      // 90
0189   3020           00446                 movlw   d'32'
018A   2???           00447                 call    Big_delay
018B   0008           00448                 return
018C   2???           00449 cmstrelkaon     call    delayy9ms
018D   2???           00450                 call    delayy4.5ms
018E   2???           00451                 call    yarmi
018F   2???           00452                 call    Send_1;      // 39
0190   2???           00453                 call    Send_0;      // 40
0191   2???           00454                 call    Send_1;      // 41
0192   2???           00455                 call    Send_0;      // 42
0193   2???           00456                 call    Send_0;      // 43
0194   2???           00457                 call    Send_0;      // 44
0195   2???           00458                 call    Send_1;      // 45
0196   2???           00459                 call    Send_0;      // 46
0197   2???           00460                 call    Send_0;      // 47
0198   2???           00461                 call    Send_0;      // 48
0199   2???           00462                 call    Send_1;      // 49
MPASM 5.77                         KENCR.ASM   10-9-2019  17:02:42         PAGE 10


LOC  OBJECT CODE     LINE SOURCE TEXT
  VALUE

019A   2???           00463                 call    Send_0;      // 50
019B   2???           00464                 call    Send_1;      // 51
019C   2???           00465                 call    Send_0;      // 52
019D   2???           00466                 call    Send_0;      // 53
019E   2???           00467                 call    Send_0;      // 54
019F   2???           00468                 call    Send_1;      // 55
01A0   2???           00469                 call    Send_0;      // 56
01A1   2???           00470                 call    Send_1;      // 57
01A2   2???           00471                 call    Send_0;      // 58
01A3   2???           00472                 call    Send_1;      // 59
01A4   2???           00473                 call    Send_0;      // 60
01A5   2???           00474                 call    Send_1;      // 61
01A6   2???           00475                 call    Send_0;      // 62
01A7   2???           00476                 call    Send_1;      // 63
01A8   2???           00477                 call    Send_0;      // 64
01A9   2???           00478                 call    Send_1;      // 65
01AA   2???           00479                 call    Send_0;      // 66
01AB   2???           00480                 call    Send_1;      // 67
01AC   2???           00481                 call    Send_0;      // 68
01AD   2???           00482                 call    Send_0;      // 69
01AE   2???           00483                 call    Send_0;      // 70
01AF   2???           00484                 call    Send_1;      // 71
01B0   2???           00485                 call    Send_0;      // 72
01B1   2???           00486                 call    Send_1;      // 73
01B2   2???           00487                 call    Send_0;      // 74
01B3   2???           00488                 call    Send_0;      // 75
01B4   2???           00489                 call    Send_0;      // 76
01B5   2???           00490                 call    Send_1;      // 77
01B6   2???           00491                 call    Send_0;      // 78
01B7   2???           00492                 call    Send_0;      // 79
01B8   2???           00493                 call    Send_0;      // 80
01B9   2???           00494                 call    Send_1;      // 81
01BA   2???           00495                 call    Send_0;      // 82
01BB   2???           00496                 call    Send_0;      // 83
01BC   2???           00497                 call    Send_0;      // 84
01BD   2???           00498                 call    Send_1;      // 85
01BE   2???           00499                 call    Send_0;      // 86
01BF   2???           00500                 call    Send_0;      // 87
01C0   2???           00501                 call    Send_0;      // 88
01C1   2???           00502                 call    Send_1;      // 89
01C2   2???           00503                 call    Send_0;      // 90
01C3   3020           00504                 movlw   d'32'
01C4   2???           00505                 call    Big_delay
01C5   0008           00506                 return
01C6   2???           00507 cmvolumpas      call    delayy9ms
01C7   2???           00508                 call    delayy4.5ms
01C8   2???           00509                 call    yarmi
01C9   2???           00510                 call    Send_1;      // 39
01CA   2???           00511                 call    Send_0;      // 40
01CB   2???           00512                 call    Send_1;      // 41
01CC   2???           00513                 call    Send_0;      // 42
01CD   2???           00514                 call    Send_0;      // 43
01CE   2???           00515                 call    Send_0;      // 44
MPASM 5.77                         KENCR.ASM   10-9-2019  17:02:42         PAGE 11


LOC  OBJECT CODE     LINE SOURCE TEXT
  VALUE

01CF   2???           00516                 call    Send_1;      // 45
01D0   2???           00517                 call    Send_0;      // 46
01D1   2???           00518                 call    Send_1;      // 47
01D2   2???           00519                 call    Send_0;      // 48
01D3   2???           00520                 call    Send_0;      // 49
01D4   2???           00521                 call    Send_0;      // 50
01D5   2???           00522                 call    Send_1;      // 51
01D6   2???           00523                 call    Send_0;      // 52
01D7   2???           00524                 call    Send_1;      // 53
01D8   2???           00525                 call    Send_0;      // 54
01D9   2???           00526                 call    Send_0;      // 55
01DA   2???           00527                 call    Send_0;      // 56
01DB   2???           00528                 call    Send_1;      // 57
01DC   2???           00529                 call    Send_0;      // 58
01DD   2???           00530                 call    Send_1;      // 59
01DE   2???           00531                 call    Send_0;      // 60
01DF   2???           00532                 call    Send_1;      // 61
01E0   2???           00533                 call    Send_0;      // 62
01E1   2???           00534                 call    Send_1;      // 63
01E2   2???           00535                 call    Send_0;      // 64
01E3   2???           00536                 call    Send_1;      // 65
01E4   2???           00537                 call    Send_0;      // 66
01E5   2???           00538                 call    Send_0;      // 67
01E6   2???           00539                 call    Send_0;      // 68
01E7   2???           00540                 call    Send_1;      // 69
01E8   2???           00541                 call    Send_0;      // 70
01E9   2???           00542                 call    Send_1;      // 71
01EA   2???           00543                 call    Send_0;      // 72
01EB   2???           00544                 call    Send_0;      // 73
01EC   2???           00545                 call    Send_0;      // 74
01ED   2???           00546                 call    Send_1;      // 75
01EE   2???           00547                 call    Send_0;      // 76
01EF   2???           00548                 call    Send_1;      // 77
01F0   2???           00549                 call    Send_0;      // 78
01F1   2???           00550                 call    Send_0;      // 79
01F2   2???           00551                 call    Send_0;      // 80
01F3   2???           00552                 call    Send_1;      // 81
01F4   2???           00553                 call    Send_0;      // 82
01F5   2???           00554                 call    Send_0;      // 83
01F6   2???           00555                 call    Send_0;      // 84
01F7   2???           00556                 call    Send_1;      // 85
01F8   2???           00557                 call    Send_0;      // 86
01F9   2???           00558                 call    Send_0;      // 87
01FA   2???           00559                 call    Send_0;      // 88
01FB   2???           00560                 call    Send_1;      // 89
01FC   2???           00561                 call    Send_0;      // 90
01FD   3020           00562                 movlw   d'32'
01FE   2???           00563                 call    Big_delay
01FF   0008           00564                 return
0200   2???           00565 cmvolumtepa     call    delayy9ms
0201   2???           00566                 call    delayy4.5ms
0202   2???           00567                 call    yarmi
0203   2???           00568                 call    Send_1;      // 39
MPASM 5.77                         KENCR.ASM   10-9-2019  17:02:42         PAGE 12


LOC  OBJECT CODE     LINE SOURCE TEXT
  VALUE

0204   2???           00569                 call    Send_0;      // 40
0205   2???           00570                 call    Send_1;      // 41
0206   2???           00571                 call    Send_0;      // 42
0207   2???           00572                 call    Send_1;      // 43
0208   2???           00573                 call    Send_0;      // 44
0209   2???           00574                 call    Send_1;      // 45
020A   2???           00575                 call    Send_0;      // 46
020B   2???           00576                 call    Send_0;      // 47
020C   2???           00577                 call    Send_0;      // 48
020D   2???           00578                 call    Send_1;      // 49
020E   2???           00579                 call    Send_0;      // 50
020F   2???           00580                 call    Send_1;      // 51
0210   2???           00581                 call    Send_0;      // 52
0211   2???           00582                 call    Send_0;      // 53
0212   2???           00583                 call    Send_0;      // 54
0213   2???           00584                 call    Send_1;      // 55
0214   2???           00585                 call    Send_0;      // 56
0215   2???           00586                 call    Send_1;      // 57
0216   2???           00587                 call    Send_0;      // 58
0217   2???           00588                 call    Send_1;      // 59
0218   2???           00589                 call    Send_0;      // 60
0219   2???           00590                 call    Send_1;      // 61
021A   2???           00591                 call    Send_0;      // 62
021B   2???           00592                 call    Send_0;      // 63
021C   2???           00593                 call    Send_0;      // 64
021D   2???           00594                 call    Send_1;      // 65
021E   2???           00595                 call    Send_0;      // 66
021F   2???           00596                 call    Send_0;      // 67
0220   2???           00597                 call    Send_0;      // 68
0221   2???           00598                 call    Send_1;      // 69
0222   2???           00599                 call    Send_0;      // 70
0223   2???           00600                 call    Send_1;      // 71
0224   2???           00601                 call    Send_0;      // 72
0225   2???           00602                 call    Send_0;      // 73
0226   2???           00603                 call    Send_0;      // 74
0227   2???           00604                 call    Send_1;      // 75
0228   2???           00605                 call    Send_0;      // 76
0229   2???           00606                 call    Send_1;      // 77
022A   2???           00607                 call    Send_0;      // 78
022B   2???           00608                 call    Send_0;      // 79
022C   2???           00609                 call    Send_0;      // 80
022D   2???           00610                 call    Send_1;      // 81
022E   2???           00611                 call    Send_0;      // 82
022F   2???           00612                 call    Send_0;      // 83
0230   2???           00613                 call    Send_0;      // 84
0231   2???           00614                 call    Send_1;      // 85
0232   2???           00615                 call    Send_0;      // 86
0233   2???           00616                 call    Send_0;      // 87
0234   2???           00617                 call    Send_0;      // 88
0235   2???           00618                 call    Send_1;      // 89
0236   2???           00619                 call    Send_0;      // 90
0237   3020           00620                 movlw   d'32'
0238   2???           00621                 call    Big_delay
MPASM 5.77                         KENCR.ASM   10-9-2019  17:02:42         PAGE 13


LOC  OBJECT CODE     LINE SOURCE TEXT
  VALUE

0239   0008           00622                 return
023A                  00623 cmstrelkatepa
023A   2???           00624                 call    delayy9ms
023B   2???           00625                 call    delayy4.5ms
023C   2???           00626                 call    yarmi
023D   2???           00627                 call    Send_1;      // 38
023E   2???           00628                 call    Send_0;      // 39
023F   2???           00629                 call    Send_1;      // 40
0240   2???           00630                 call    Send_0;      // 41
0241   2???           00631                 call    Send_0;      // 42
0242   2???           00632                 call    Send_0;      // 43
0243   2???           00633                 call    Send_1;      // 44
0244   2???           00634                 call    Send_0;      // 45
0245   2???           00635                 call    Send_1;      // 46
0246   2???           00636                 call    Send_0;      // 47
0247   2???           00637                 call    Send_0;      // 48
0248   2???           00638                 call    Send_0;      // 49
0249   2???           00639                 call    Send_1;      // 50
024A   2???           00640                 call    Send_0;      // 51
024B   2???           00641                 call    Send_0;      // 52
024C   2???           00642                 call    Send_0;      // 53
024D   2???           00643                 call    Send_1;      // 54
024E   2???           00644                 call    Send_0;      // 55
024F   2???           00645                 call    Send_1;      // 56
0250   2???           00646                 call    Send_0;      // 57
0251   2???           00647                 call    Send_1;      // 58
0252   2???           00648                 call    Send_0;      // 59
0253   2???           00649                 call    Send_1;      // 60
0254   2???           00650                 call    Send_0;      // 61
0255   2???           00651                 call    Send_1;      // 62
0256   2???           00652                 call    Send_0;      // 63
0257   2???           00653                 call    Send_1;      // 64
0258   2???           00654                 call    Send_0;      // 65
0259   2???           00655                 call    Send_0;      // 66
025A   2???           00656                 call    Send_0;      // 67
025B   2???           00657                 call    Send_1;      // 68
025C   2???           00658                 call    Send_0;      // 69
025D   2???           00659                 call    Send_1;      // 70
025E   2???           00660                 call    Send_0;      // 71
025F   2???           00661                 call    Send_1;      // 72
0260   2???           00662                 call    Send_0;      // 73
0261   2???           00663                 call    Send_0;      // 74
0262   2???           00664                 call    Send_0;      // 75
0263   2???           00665                 call    Send_1;      // 76
0264   2???           00666                 call    Send_0;      // 77
0265   2???           00667                 call    Send_0;      // 78
0266   2???           00668                 call    Send_0;      // 79
0267   2???           00669                 call    Send_1;      // 80
0268   2???           00670                 call    Send_0;      // 81
0269   2???           00671                 call    Send_0;      // 82
026A   2???           00672                 call    Send_0;      // 83
026B   2???           00673                 call    Send_1;      // 84
026C   2???           00674                 call    Send_0;      // 85
MPASM 5.77                         KENCR.ASM   10-9-2019  17:02:42         PAGE 14


LOC  OBJECT CODE     LINE SOURCE TEXT
  VALUE

026D   2???           00675                 call    Send_0;      // 86
026E   2???           00676                 call    Send_0;      // 87
026F   2???           00677                 call    Send_1;      // 88
0270   2???           00678                 call    Send_0;      // 89
0271   3020           00679                 movlw   d'32'
0272   2???           00680                 call    Big_delay
0273   0008           00681                 return
0274   2???           00682 yarmi           call    Send_1;      // 86
0275   2???           00683                 call    Send_0;      // 87
0276   2???           00684                 call    Send_0;      // 88
0277   2???           00685                 call    Send_0;      // 89
0278   2???           00686                 call    Send_1;      // 0
0279   2???           00687                 call    Send_0;      // 1
027A   2???           00688                 call    Send_1;      // 2
027B   2???           00689                 call    Send_0;      // 3
027C   2???           00690                 call    Send_1;      // 4
027D   2???           00691                 call    Send_0;      // 5
027E   2???           00692                 call    Send_0;      // 6
027F   2???           00693                 call    Send_0;      // 7
0280   2???           00694                 call    Send_1;      // 8
0281   2???           00695                 call    Send_0;      // 9
0282   2???           00696                 call    Send_0;      // 10
0283   2???           00697                 call    Send_0;      // 11
0284   2???           00698                 call    Send_1;      // 12
0285   2???           00699                 call    Send_0;      // 13
0286   2???           00700                 call    Send_0;      // 14
0287   2???           00701                 call    Send_0;      // 15
0288   2???           00702                 call    Send_1;      // 16
0289   2???           00703                 call    Send_0;      // 17
028A   2???           00704                 call    Send_1;      // 19
028B   2???           00705                 call    Send_0;      // 20
028C   2???           00706                 call    Send_0;      // 21
028D   2???           00707                 call    Send_0;      // 22
028E   2???           00708                 call    Send_1;      // 23
028F   2???           00709                 call    Send_0;      // 24
0290   2???           00710                 call    Send_1;      // 25
0291   2???           00711                 call    Send_0;      // 26
0292   2???           00712                 call    Send_0;      // 27
0293   2???           00713                 call    Send_0;      // 28
0294   2???           00714                 call    Send_1;      // 29
0295   2???           00715                 call    Send_0;      // 30
0296   2???           00716                 call    Send_0;      // 31
0297   2???           00717                 call    Send_0;      // 32
0298   2???           00718                 call    Send_1;      // 33
0299   2???           00719                 call    Send_0;      // 34
029A   2???           00720                 call    Send_1;      // 35
029B   2???           00721                 call    Send_0;      // 36
029C   2???           00722                 call    Send_1;      // 37
029D   2???           00723                 call    Send_0;      // 38
029E   2???           00724                 call    Send_1;      // 39
029F   2???           00725                 call    Send_0;      // 40
02A0   2???           00726                 call    Send_0;      // 41
02A1   2???           00727                 call    Send_0;      // 42
MPASM 5.77                         KENCR.ASM   10-9-2019  17:02:42         PAGE 15


LOC  OBJECT CODE     LINE SOURCE TEXT
  VALUE

02A2   0008           00728                 return
02A3   3014           00729 Send_1          movlw   d'20'       ; 527 millisekund
02A4   00B2           00730                 movwf   Reg_1
02A5   1505           00731 Send1_Loop      bsf     IR_LED
02A6   0000           00732                 nop
02A7   0000           00733                 nop
02A8   0000           00734                 nop
02A9   0000           00735                 nop
02AA   0000           00736                 nop
02AB   0000           00737                 nop
02AC   0000           00738                 nop
02AD   0000           00739                 nop
02AE   0000           00740                 nop
02AF   0000           00741                 nop
02B0   0000           00742                 nop
02B1   0000           00743                 nop
02B2   1105           00744                 bcf     IR_LED
02B3   0000           00745                 nop
02B4   0000           00746                 nop
02B5   0000           00747                 nop
02B6   0000           00748                 nop
02B7   0000           00749                 nop
02B8   0000           00750                 nop
02B9   0000           00751                 nop
02BA   0000           00752                 nop
02BB   0000           00753                 nop
02BC   0000           00754                 nop
02BD   0BB2           00755                 decfsz  Reg_1,1
02BE   2???           00756                 goto    Send1_Loop
02BF   0008           00757                 return
                      00758 ;-----------------------------------------------------------------------------          
02C0   3014           00759 Send_0          movlw   d'20'   ;527 millisekund
02C1   00B2           00760                 movwf   Reg_1
02C2   1105           00761 Send0_Loop      bcf     IR_LED
02C3   0000           00762                 nop
02C4   0000           00763                 nop
02C5   0000           00764                 nop
02C6   0000           00765                 nop
02C7   0000           00766                 nop
02C8   0000           00767                 nop
02C9   0000           00768                 nop
02CA   0000           00769                 nop
02CB   0000           00770                 nop
02CC   0000           00771                 nop
02CD   0000           00772                 nop
02CE   0000           00773                 nop
02CF   1105           00774                 bcf     IR_LED
02D0   0000           00775                 nop
02D1   0000           00776                 nop
02D2   0000           00777                 nop
02D3   0000           00778                 nop
02D4   0000           00779                 nop
02D5   0000           00780                 nop
MPASM 5.77                         KENCR.ASM   10-9-2019  17:02:42         PAGE 16


LOC  OBJECT CODE     LINE SOURCE TEXT
  VALUE

02D6   0000           00781                 nop
02D7   0000           00782                 nop
02D8   0000           00783                 nop
02D9   0000           00784                 nop
02DA   0BB2           00785                 decfsz  Reg_1,1
02DB   2???           00786                 goto    Send0_Loop
02DC   0008           00787                 return
                      00788 ;-----------------------------------------------------------------------------
02DD   30C8           00789 delayy9ms       movlw   d'200'
02DE   00B2           00790                 movwf   Reg_1
02DF   1505           00791 Send0_Loopp     bsf     IR_LED
02E0   0000           00792                 nop
02E1   0000           00793                 nop
02E2   0000           00794                 nop
02E3   0000           00795                 nop
02E4   0000           00796                 nop
02E5   0000           00797                 nop
02E6   0000           00798                 nop
02E7   0000           00799                 nop
02E8   0000           00800                 nop
02E9   0000           00801                 nop
02EA   0000           00802                 nop
02EB   0000           00803                 nop
02EC   1105           00804                 bcf     IR_LED
02ED   0000           00805                 nop
02EE   0000           00806                 nop
02EF   0000           00807                 nop
02F0   0000           00808                 nop
02F1   0000           00809                 nop
02F2   0000           00810                 nop
02F3   0000           00811                 nop
02F4   0000           00812                 nop
02F5   0000           00813                 nop
02F6   0000           00814                 nop
02F7   0BB2           00815                 decfsz  Reg_1,1
02F8   2???           00816                 goto    Send0_Loopp
02F9   3084           00817                 movlw   d'132'
02FA   00B2           00818                 movwf   Reg_1
02FB   1505           00819 Send0_Loopp1    bsf     IR_LED
02FC   0000           00820                 nop
02FD   0000           00821                 nop
02FE   0000           00822                 nop
02FF   0000           00823                 nop
0300   0000           00824                 nop
0301   0000           00825                 nop
0302   0000           00826                 nop
0303   0000           00827                 nop
0304   0000           00828                 nop
0305   0000           00829                 nop
0306   0000           00830                 nop
0307   0000           00831                 nop
0308   1105           00832                 bcf     IR_LED
0309   0000           00833                 nop
MPASM 5.77                         KENCR.ASM   10-9-2019  17:02:42         PAGE 17


LOC  OBJECT CODE     LINE SOURCE TEXT
  VALUE

030A   0000           00834                 nop
030B   0000           00835                 nop
030C   0000           00836                 nop
030D   0000           00837                 nop
030E   0000           00838                 nop
030F   0000           00839                 nop
0310   0000           00840                 nop
0311   0000           00841                 nop
0312   0000           00842                 nop
0313   0BB2           00843                 decfsz  Reg_1,1
0314   2???           00844                 goto    Send0_Loopp1
0315   0008           00845                 return
0316   30D7           00846 delayy4.5ms     movlw       .215
0317   00B2           00847                 movwf       Reg_1
0318   3006           00848                 movlw       .6
0319   00B3           00849                 movwf       Reg_2
031A   0BB2           00850                 decfsz      Reg_1,F
031B   2???           00851                 goto        $-1
031C   0BB3           00852                 decfsz      Reg_2,F
031D   2???           00853                 goto        $-3
031E   0008           00854                 return
                      00855 ;-----------------------------------------------------------------------------  
0014                  00856                 end
MPASM 5.77                         KENCR.ASM   10-9-2019  17:02:42         PAGE 18


SYMBOL TABLE
  LABEL                             VALUE 

ADCON0                            0000001F
ADCS0                             00000004
ADCS1                             00000005
ADCS2                             00000006
ADFM                              00000007
ADIE                              00000006
ADIF                              00000006
ADON                              00000000
ADRESH                            0000001E
ADRESL                            0000009E
ANS0                              00000000
ANS1                              00000001
ANS2                              00000002
ANS3                              00000003
ANSEL                             0000009F
BD_Loop94                         0000009B
Big_delay                         00000099
C                                 00000000
CAL0                              00000002
CAL1                              00000003
CAL2                              00000004
CAL3                              00000005
CAL4                              00000006
CAL5                              00000007
CHS0                              00000002
CHS1                              00000003
CINV                              00000004
CIS                               00000003
CM0                               00000000
CM1                               00000001
CM2                               00000002
CMCON                             00000019
CMIE                              00000003
CMIF                              00000003
COUT                              00000006
DC                                00000001
D_Loop36                          000000A1
EEADR                             0000009B
EECON1                            0000009C
EECON2                            0000009D
EEDAT                             0000009A
EEDATA                            0000009A
EEIE                              00000007
EEIF                              00000007
F                                 00000001
FSR                               00000004
GIE                               00000007
GO                                00000001
GO_DONE                           00000001
GO_NOT_DONE                       00000001
GP0                               00000000
GP1                               00000001
GP2                               00000002
MPASM 5.77                         KENCR.ASM   10-9-2019  17:02:42         PAGE 19


SYMBOL TABLE
  LABEL                             VALUE 

GP3                               00000003
GP4                               00000004
GP5                               00000005
GPIE                              00000003
GPIF                              00000000
GPIO                              00000005
GPIO0                             00000000
GPIO1                             00000001
GPIO2                             00000002
GPIO3                             00000003
GPIO4                             00000004
GPIO5                             00000005
INDF                              00000000
INTCON                            0000000B
INTE                              00000004
INTEDG                            00000006
INTF                              00000001
IOC                               00000096
IOC0                              00000000
IOC1                              00000001
IOC2                              00000002
IOC3                              00000003
IOC4                              00000004
IOC5                              00000005
IOCB                              00000096
IOCB0                             00000000
IOCB1                             00000001
IOCB2                             00000002
IOCB3                             00000003
IOCB4                             00000004
IOCB5                             00000005
IRP                               00000007
IR_LED                            GPIO,2
Init                              00000001
LED                               00000050
Mainloop                          0000003B
NOT_BOD                           00000000
NOT_BOR                           00000000
NOT_DONE                          00000001
NOT_GPPU                          00000007
NOT_PD                            00000003
NOT_POR                           00000001
NOT_T1SYNC                        00000002
NOT_TO                            00000004
OPTION_REG                        00000081
OSCCAL                            00000090
PCL                               00000002
PCLATH                            0000000A
PCON                              0000008E
PEIE                              00000006
PIE1                              0000008C
PIR1                              0000000C
PS0                               00000000
MPASM 5.77                         KENCR.ASM   10-9-2019  17:02:42         PAGE 20


SYMBOL TABLE
  LABEL                             VALUE 

PS1                               00000001
PS2                               00000002
PSA                               00000003
RD                                00000000
RP0                               00000005
RP1                               00000006
Reg_1                             00000032
Reg_2                             00000033
Reg_3                             00000034
STATUS                            00000003
Send0_Loop                        000002C2
Send0_Loopp                       000002DF
Send0_Loopp1                      000002FB
Send1_Loop                        000002A5
Send_0                            000002C0
Send_1                            000002A3
T0CS                              00000005
T0IE                              00000005
T0IF                              00000002
T0SE                              00000004
T1CKPS0                           00000004
T1CKPS1                           00000005
T1CON                             00000010
T1IE                              00000000
T1IF                              00000000
T1OSCEN                           00000003
TMR0                              00000001
TMR0IE                            00000005
TMR0IF                            00000002
TMR1                              0000000E
TMR1CS                            00000001
TMR1GE                            00000006
TMR1H                             0000000F
TMR1IE                            00000000
TMR1IF                            00000000
TMR1L                             0000000E
TMR1ON                            00000000
TRISIO                            00000085
TRISIO0                           00000000
TRISIO1                           00000001
TRISIO2                           00000002
TRISIO3                           00000003
TRISIO4                           00000004
TRISIO5                           00000005
UMessen1                          0000003E
VCFG                              00000006
VR0                               00000000
VR1                               00000001
VR2                               00000002
VR3                               00000003
VRCON                             00000099
VREN                              00000007
VRR                               00000005
MPASM 5.77                         KENCR.ASM   10-9-2019  17:02:42         PAGE 21


SYMBOL TABLE
  LABEL                             VALUE 

W                                 00000000
WPU                               00000095
WPU0                              00000000
WPU1                              00000001
WPU2                              00000002
WPU4                              00000004
WPU5                              00000005
WR                                00000001
WREN                              00000002
WRERR                             00000003
Z                                 00000002
_.org_0_004C                      0000004C
_.org_0_004E                      0000004E
_.org_0_031B                      0000031B
_.org_0_031D                      0000031D
_BODEN_OFF                        00003FBF
_BODEN_ON                         00003FFF
_BOREN_OFF                        00003FBF
_BOREN_ON                         00003FFF
_CONFIG                           00002007
_CPD_OFF                          00003FFF
_CPD_ON                           00003EFF
_CP_OFF                           00003FFF
_CP_ON                            00003F7F
_DEVID1                           00002006
_EC_OSC                           00003FFB
_EXTRC_OSC_CLKOUT                 00003FFF
_EXTRC_OSC_NOCLKOUT               00003FFE
_FOSC_EC                          00003FFB
_FOSC_EXTRCCLK                    00003FFF
_FOSC_EXTRCIO                     00003FFE
_FOSC_HS                          00003FFA
_FOSC_INTRCCLK                    00003FFD
_FOSC_INTRCIO                     00003FFC
_FOSC_LP                          00003FF8
_FOSC_XT                          00003FF9
_HS_OSC                           00003FFA
_IDLOC0                           00002000
_IDLOC1                           00002001
_IDLOC2                           00002002
_IDLOC3                           00002003
_INTRC_OSC_CLKOUT                 00003FFD
_INTRC_OSC_NOCLKOUT               00003FFC
_LP_OSC                           00003FF8
_MCLRE_OFF                        00003FDF
_MCLRE_ON                         00003FFF
_PWRTE_OFF                        00003FFF
_PWRTE_ON                         00003FEF
_WDTE_OFF                         00003FF7
_WDTE_ON                          00003FFF
_WDT_OFF                          00003FF7
_WDT_ON                           00003FFF
_XT_OSC                           00003FF9
MPASM 5.77                         KENCR.ASM   10-9-2019  17:02:42         PAGE 22


SYMBOL TABLE
  LABEL                             VALUE 

__12F675                          00000001
att                               00000076
attmax                            00000027
attmin                            00000028
cmatt                             000000DE
cmpower                           00000118
cmstrelkachap                     00000152
cmstrelkaon                       0000018C
cmstrelkapas                      000000A4
cmstrelkatepa                     0000023A
cmvolumpas                        000001C6
cmvolumtepa                       00000200
count                             00000020
delay                             000000A0
delayy4.5ms                       00000316
delayy9ms                         000002DD
f0                                00000023
f1                                00000024
fCOUNTER                          0000003E
fCOUNTER2                         0000003F
loop                              0000003F
power                             0000007B
powermax                          00000029
powermin                          0000002A
strelkachap                       00000080
strelkachapmax                    0000002B
strelkachapmin                    0000002C
strelkaon                         00000085
strelkaonmax                      0000002D
strelkaonmin                      0000002E
strelkapas                        00000071
strelkapasmax                     00000025
strelkapasmin                     00000026
strelkatepa                       00000094
strelkatepamax                    0000003C
strelkatepamin                    0000003D
volumpas                          0000008A
volumpasmax                       00000038
volumpasmin                       00000039
volumtepa                         0000008F
volumtepamax                      0000003A
volumtepamin                      0000003B
yarmi                             00000274

Errors   :     4
Warnings :     1 reported,     0 suppressed
Messages :     0 reported,     7 suppressed

