

Microchip Technology PIC LITE Macro Assembler V2.00 build -1524193055 
                                                                                               Wed Aug 10 23:38:50 2022

Microchip Technology Omniscient Code Generator v2.00 (Free mode) build 20180527130849
     1  0000                     
      + 0000                     
     2                           ; Version 2.00
     3                           ; Generated 27/05/2018 GMT
     4                           
     5                           ; 
     6                           ; Copyright © 2018, Microchip Technology Inc. and its subsidiaries ("Microchip")
     7                           ; All rights reserved.
     8                           ; 
     9                           ; This software is developed by Microchip Technology Inc. and its subsidiaries ("Microch
                                 ip").
    10                           ; 
    11                           ; Redistribution and use in source and binary forms, with or without modification, are
    12                           ; permitted provided that the following conditions are met:
    13                           ; 
    14                           ;     1. Redistributions of source code must retain the above copyright notice, this lis
                                 t of
    15                           ;        conditions and the following disclaimer.
    16                           ; 
    17                           ;     2. Redistributions in binary form must reproduce the above copyright notice, this 
                                 list
    18                           ;        of conditions and the following disclaimer in the documentation and/or other
    19                           ;        materials provided with the distribution.
    20                           ; 
    21                           ;     3. Microchip's name may not be used to endorse or promote products derived from th
                                 is
    22                           ;        software without specific prior written permission.
    23                           ; 
    24                           ; THIS SOFTWARE IS PROVIDED BY MICROCHIP "AS IS" AND ANY EXPRESS OR IMPLIED WARRANTIES,

    25                           ; INCLUDING, BUT NOT LIMITED TO, THE IMPLIED WARRANTIES OF MERCHANTABILITY AND FITNESS F
                                 OR
    26                           ; PURPOSE ARE DISCLAIMED.  IN NO EVENT SHALL MICROCHIP BE LIABLE FOR ANY DIRECT, INDIREC
                                 T,
    27                           ; INCIDENTAL, SPECIAL, EXEMPLARY, OR CONSEQUENTIAL DAMAGES (INCLUDING BUT NOT LIMITED TO
                                 
    28                           ; PROCUREMENT OF SUBSTITUTE GOODS OR SERVICES; LOSS OF USE, DATA OR PROFITS; OR BUSINESS
                                 
    29                           ; INTERRUPTION) HOWSOEVER CAUSED AND ON ANY THEORY OF LIABILITY, WHETHER IN CONTRACT, ST
                                 RICT
    30                           ; LIABILITY, OR TORT (INCLUDING NEGLIGENCE OR OTHERWISE) ARISING IN ANY WAY OUT OF THE U
                                 SE OF
    31                           ; THIS SOFTWARE, EVEN IF ADVISED OF THE POSSIBILITY OF SUCH DAMAGE.
    32                           ; 
    33                           
    34                           
    35                           ; 
    36                           ; Code-generator required, PIC12F675 Definitions
    37                           ; 
    38  0004                     fsr0 equ 04h
    39  0004                     indf equ 00h
    40  0000                     indf0 equ 00h
    41  0000                     pc equ 02h
    42  0002                     pcl equ 02h
    43  0002                     pclath equ 0Ah
    44  000A                     status equ 03h
    45  0003                     
     2                           opt pagewidth 120
     3  0000                     byte0	macro	val
     4                           	(getbyte(val,0))
     5                           endm
     6  0000                     byte1	macro	val
     7                           	(getbyte(val,1))
     8                           endm
     9  0000                     byte2	macro	val
    10                           	(getbyte(val,2))
    11                           endm
    12  0000                     byte3	macro	val
    13                           	(getbyte(val,3))
    14                           endm
    15  0000                     byte4	macro	val
    16                           	(getbyte(val,4))
    17                           endm
    18  0000                     byte5	macro	val
    19                           	(getbyte(val,5))
    20                           endm
    21  0000                     byte6	macro	val
    22                           	(getbyte(val,6))
    23                           endm
    24  0000                     byte7	macro	val
    25                           	(getbyte(val,7))
    26                           endm
    27  0000                     getword	macro	val,pos
    28                           	(((val) >> (8 * pos)) and 0xffff)
    29                           endm
    30  0000                     word0	macro	val
    31                           	(getword(val,0))
    32                           endm
    33  0000                     word1	macro	val
    34                           	(getword(val,2))
    35                           endm
    36  0000                     word2	macro	val
    37                           	(getword(val,4))
    38                           endm
    39  0000                     word3	macro	val
    40                           	(getword(val,6))
    41                           endm
    42  0000                     gettword	macro	val,pos
    43                           	(((val) >> (8 * pos)) and 0xffffff)
    44                           endm
    45  0000                     tword0	macro	val
    46                           	(gettword(val,0))
    47                           endm
    48  0000                     tword1	macro	val
    49                           	(gettword(val,3))
    50                           endm
    51  0000                     tword2	macro	val
    52                           	(gettword(val,6))
    53                           endm
    54  0000                     getdword	macro	val,pos
    55                           	(((val) >> (8 * pos)) and 0xffffffff)
    56                           endm
    57  0000                     dword0	macro	val
    58                           	(getdword(val,0))
    59                           endm
    60  0000                     dword1	macro	val
    61                           	(getdword(val,4))
    62                           endm
    63  0000                     clrc	macro
    64                           	bcf	3,0
    65                           	endm
    66  0000                     clrz	macro
    67                           	bcf	3,2
    68                           	endm
    69  0000                     setc	macro
    70                           	bsf	3,0
    71                           	endm
    72  0000                     setz	macro
    73                           	bsf	3,2
    74                           	endm
    75  0000                     skipc	macro
    76                           	btfss	3,0
    77                           	endm
    78  0000                     skipz	macro
    79                           	btfss	3,2
    80                           	endm
    81  0000                     skipnc	macro
    82                           	btfsc	3,0
    83                           	endm
    84  0000                     skipnz	macro
    85                           	btfsc	3,2
    86                           	endm
    87  0000                     # 54 "C:\Program Files (x86)\Microchip\xc8\v2.00\pic\include\pic12f675.h"
    88                           INDF equ 00h ;# 
    89  0000                     # 74 "C:\Program Files (x86)\Microchip\xc8\v2.00\pic\include\pic12f675.h"
    90                           TMR0 equ 01h ;# 
    91  0001                     # 94 "C:\Program Files (x86)\Microchip\xc8\v2.00\pic\include\pic12f675.h"
    92                           PCL equ 02h ;# 
    93  0002                     # 114 "C:\Program Files (x86)\Microchip\xc8\v2.00\pic\include\pic12f675.h"
    94                           STATUS equ 03h ;# 
    95  0003                     # 200 "C:\Program Files (x86)\Microchip\xc8\v2.00\pic\include\pic12f675.h"
    96                           FSR equ 04h ;# 
    97  0004                     # 220 "C:\Program Files (x86)\Microchip\xc8\v2.00\pic\include\pic12f675.h"
    98                           GPIO equ 05h ;# 
    99  0005                     # 308 "C:\Program Files (x86)\Microchip\xc8\v2.00\pic\include\pic12f675.h"
   100                           PCLATH equ 0Ah ;# 
   101  000A                     # 328 "C:\Program Files (x86)\Microchip\xc8\v2.00\pic\include\pic12f675.h"
   102                           INTCON equ 0Bh ;# 
   103  000B                     # 406 "C:\Program Files (x86)\Microchip\xc8\v2.00\pic\include\pic12f675.h"
   104                           PIR1 equ 0Ch ;# 
   105  000C                     # 454 "C:\Program Files (x86)\Microchip\xc8\v2.00\pic\include\pic12f675.h"
   106                           TMR1 equ 0Eh ;# 
   107  000E                     # 461 "C:\Program Files (x86)\Microchip\xc8\v2.00\pic\include\pic12f675.h"
   108                           TMR1L equ 0Eh ;# 
   109  000E                     # 481 "C:\Program Files (x86)\Microchip\xc8\v2.00\pic\include\pic12f675.h"
   110                           TMR1H equ 0Fh ;# 
   111  000F                     # 501 "C:\Program Files (x86)\Microchip\xc8\v2.00\pic\include\pic12f675.h"
   112                           T1CON equ 010h ;# 
   113  0010                     # 566 "C:\Program Files (x86)\Microchip\xc8\v2.00\pic\include\pic12f675.h"
   114                           CMCON equ 019h ;# 
   115  0019                     # 625 "C:\Program Files (x86)\Microchip\xc8\v2.00\pic\include\pic12f675.h"
   116                           ADRESH equ 01Eh ;# 
   117  001E                     # 645 "C:\Program Files (x86)\Microchip\xc8\v2.00\pic\include\pic12f675.h"
   118                           ADCON0 equ 01Fh ;# 
   119  001F                     # 729 "C:\Program Files (x86)\Microchip\xc8\v2.00\pic\include\pic12f675.h"
   120                           OPTION_REG equ 081h ;# 
   121  0081                     # 799 "C:\Program Files (x86)\Microchip\xc8\v2.00\pic\include\pic12f675.h"
   122                           TRISIO equ 085h ;# 
   123  0085                     # 849 "C:\Program Files (x86)\Microchip\xc8\v2.00\pic\include\pic12f675.h"
   124                           PIE1 equ 08Ch ;# 
   125  008C                     # 897 "C:\Program Files (x86)\Microchip\xc8\v2.00\pic\include\pic12f675.h"
   126                           PCON equ 08Eh ;# 
   127  008E                     # 931 "C:\Program Files (x86)\Microchip\xc8\v2.00\pic\include\pic12f675.h"
   128                           OSCCAL equ 090h ;# 
   129  0090                     # 991 "C:\Program Files (x86)\Microchip\xc8\v2.00\pic\include\pic12f675.h"
   130                           WPU equ 095h ;# 
   131  0095                     # 1036 "C:\Program Files (x86)\Microchip\xc8\v2.00\pic\include\pic12f675.h"
   132                           IOC equ 096h ;# 
   133  0096                     # 1041 "C:\Program Files (x86)\Microchip\xc8\v2.00\pic\include\pic12f675.h"
   134                           IOCB equ 096h ;# 
   135  0096                     # 1210 "C:\Program Files (x86)\Microchip\xc8\v2.00\pic\include\pic12f675.h"
   136                           VRCON equ 099h ;# 
   137  0099                     # 1270 "C:\Program Files (x86)\Microchip\xc8\v2.00\pic\include\pic12f675.h"
   138                           EEDATA equ 09Ah ;# 
   139  009A                     # 1275 "C:\Program Files (x86)\Microchip\xc8\v2.00\pic\include\pic12f675.h"
   140                           EEDAT equ 09Ah ;# 
   141  009A                     # 1308 "C:\Program Files (x86)\Microchip\xc8\v2.00\pic\include\pic12f675.h"
   142                           EEADR equ 09Bh ;# 
   143  009B                     # 1328 "C:\Program Files (x86)\Microchip\xc8\v2.00\pic\include\pic12f675.h"
   144                           EECON1 equ 09Ch ;# 
   145  009C                     # 1366 "C:\Program Files (x86)\Microchip\xc8\v2.00\pic\include\pic12f675.h"
   146                           EECON2 equ 09Dh ;# 
   147  009D                     # 1386 "C:\Program Files (x86)\Microchip\xc8\v2.00\pic\include\pic12f675.h"
   148                           ADRESL equ 09Eh ;# 
   149  009E                     # 1406 "C:\Program Files (x86)\Microchip\xc8\v2.00\pic\include\pic12f675.h"
   150                           ANSEL equ 09Fh ;# 
   151  009F                     # 54 "C:\Program Files (x86)\Microchip\xc8\v2.00\pic\include\pic12f675.h"
   152                           INDF equ 00h ;# 
   153  0000                     # 74 "C:\Program Files (x86)\Microchip\xc8\v2.00\pic\include\pic12f675.h"
   154                           TMR0 equ 01h ;# 
   155  0001                     # 94 "C:\Program Files (x86)\Microchip\xc8\v2.00\pic\include\pic12f675.h"
   156                           PCL equ 02h ;# 
   157  0002                     # 114 "C:\Program Files (x86)\Microchip\xc8\v2.00\pic\include\pic12f675.h"
   158                           STATUS equ 03h ;# 
   159  0003                     # 200 "C:\Program Files (x86)\Microchip\xc8\v2.00\pic\include\pic12f675.h"
   160                           FSR equ 04h ;# 
   161  0004                     # 220 "C:\Program Files (x86)\Microchip\xc8\v2.00\pic\include\pic12f675.h"
   162                           GPIO equ 05h ;# 
   163  0005                     # 308 "C:\Program Files (x86)\Microchip\xc8\v2.00\pic\include\pic12f675.h"
   164                           PCLATH equ 0Ah ;# 
   165  000A                     # 328 "C:\Program Files (x86)\Microchip\xc8\v2.00\pic\include\pic12f675.h"
   166                           INTCON equ 0Bh ;# 
   167  000B                     # 406 "C:\Program Files (x86)\Microchip\xc8\v2.00\pic\include\pic12f675.h"
   168                           PIR1 equ 0Ch ;# 
   169  000C                     # 454 "C:\Program Files (x86)\Microchip\xc8\v2.00\pic\include\pic12f675.h"
   170                           TMR1 equ 0Eh ;# 
   171  000E                     # 461 "C:\Program Files (x86)\Microchip\xc8\v2.00\pic\include\pic12f675.h"
   172                           TMR1L equ 0Eh ;# 
   173  000E                     # 481 "C:\Program Files (x86)\Microchip\xc8\v2.00\pic\include\pic12f675.h"
   174                           TMR1H equ 0Fh ;# 
   175  000F                     # 501 "C:\Program Files (x86)\Microchip\xc8\v2.00\pic\include\pic12f675.h"
   176                           T1CON equ 010h ;# 
   177  0010                     # 566 "C:\Program Files (x86)\Microchip\xc8\v2.00\pic\include\pic12f675.h"
   178                           CMCON equ 019h ;# 
   179  0019                     # 625 "C:\Program Files (x86)\Microchip\xc8\v2.00\pic\include\pic12f675.h"
   180                           ADRESH equ 01Eh ;# 
   181  001E                     # 645 "C:\Program Files (x86)\Microchip\xc8\v2.00\pic\include\pic12f675.h"
   182                           ADCON0 equ 01Fh ;# 
   183  001F                     # 729 "C:\Program Files (x86)\Microchip\xc8\v2.00\pic\include\pic12f675.h"
   184                           OPTION_REG equ 081h ;# 
   185  0081                     # 799 "C:\Program Files (x86)\Microchip\xc8\v2.00\pic\include\pic12f675.h"
   186                           TRISIO equ 085h ;# 
   187  0085                     # 849 "C:\Program Files (x86)\Microchip\xc8\v2.00\pic\include\pic12f675.h"
   188                           PIE1 equ 08Ch ;# 
   189  008C                     # 897 "C:\Program Files (x86)\Microchip\xc8\v2.00\pic\include\pic12f675.h"
   190                           PCON equ 08Eh ;# 
   191  008E                     # 931 "C:\Program Files (x86)\Microchip\xc8\v2.00\pic\include\pic12f675.h"
   192                           OSCCAL equ 090h ;# 
   193  0090                     # 991 "C:\Program Files (x86)\Microchip\xc8\v2.00\pic\include\pic12f675.h"
   194                           WPU equ 095h ;# 
   195  0095                     # 1036 "C:\Program Files (x86)\Microchip\xc8\v2.00\pic\include\pic12f675.h"
   196                           IOC equ 096h ;# 
   197  0096                     # 1041 "C:\Program Files (x86)\Microchip\xc8\v2.00\pic\include\pic12f675.h"
   198                           IOCB equ 096h ;# 
   199  0096                     # 1210 "C:\Program Files (x86)\Microchip\xc8\v2.00\pic\include\pic12f675.h"
   200                           VRCON equ 099h ;# 
   201  0099                     # 1270 "C:\Program Files (x86)\Microchip\xc8\v2.00\pic\include\pic12f675.h"
   202                           EEDATA equ 09Ah ;# 
   203  009A                     # 1275 "C:\Program Files (x86)\Microchip\xc8\v2.00\pic\include\pic12f675.h"
   204                           EEDAT equ 09Ah ;# 
   205  009A                     # 1308 "C:\Program Files (x86)\Microchip\xc8\v2.00\pic\include\pic12f675.h"
   206                           EEADR equ 09Bh ;# 
   207  009B                     # 1328 "C:\Program Files (x86)\Microchip\xc8\v2.00\pic\include\pic12f675.h"
   208                           EECON1 equ 09Ch ;# 
   209  009C                     # 1366 "C:\Program Files (x86)\Microchip\xc8\v2.00\pic\include\pic12f675.h"
   210                           EECON2 equ 09Dh ;# 
   211  009D                     # 1386 "C:\Program Files (x86)\Microchip\xc8\v2.00\pic\include\pic12f675.h"
   212                           ADRESL equ 09Eh ;# 
   213  009E                     # 1406 "C:\Program Files (x86)\Microchip\xc8\v2.00\pic\include\pic12f675.h"
   214                           ANSEL equ 09Fh ;# 
   215  009F                     	FNCALL	_main,_ReadEEPROM
   216                           	FNCALL	_main,_WriteEEPROM
   217                           	FNCALL	_main,___wmul
   218                           	FNCALL	_main,_delay_ms
   219                           	FNROOT	_main
   220                           	global	_time
   221                           	global	_times
   222                           psect	idataBANK0,class=CODE,space=0,delta=2,noexec
   223                           global __pidataBANK0
   224                           __pidataBANK0:
   225  0356                     	file	"Bakavoy_New.c"
   226                           	line	15
   227                           
   228                           ;initializer for _time
   229                           	retlw	0Ah
   230  0356  340A               	retlw	0
   231  0357  3400               
   232                           	line	13
   233                           
   234                           ;initializer for _y
   235                           	retlw	01h
   236  0358  3401               	line	14
   237                           
   238                           ;initializer for _times
   239                           	retlw	064h
   240  0359  3464               	retlw	0
   241  035A  3400               
   242                           	global	_CMCON
   243                           _CMCON	set	0x19
   244  0019                     	global	_GPIO
   245                           _GPIO	set	0x5
   246  0005                     	global	_GPIO5
   247                           _GPIO5	set	0x2D
   248  002D                     	global	_ANSEL
   249                           _ANSEL	set	0x9F
   250  009F                     	global	_OPTION_REG
   251                           _OPTION_REG	set	0x81
   252  0081                     	global	_TRISIO
   253                           _TRISIO	set	0x85
   254  0085                     	global	_EECON1bits
   255                           _EECON1bits	set	0x9C
   256  009C                     	global	_EECON2
   257                           _EECON2	set	0x9D
   258  009D                     	global	_EEDATA
   259                           _EEDATA	set	0x9A
   260  009A                     	global	_EEADR
   261                           _EEADR	set	0x9B
   262  009B                     	global	_WR
   263                           _WR	set	0x4E1
   264  04E1                     	global	_WREN
   265                           _WREN	set	0x4E2
   266  04E2                     ; #config settings
   267                           global __CFG_FOSC$INTRCIO
   268                           __CFG_FOSC$INTRCIO equ 0x0
   269  0000                     global __CFG_WDTE$OFF
   270                           __CFG_WDTE$OFF equ 0x0
   271  0000                     global __CFG_PWRTE$OFF
   272                           __CFG_PWRTE$OFF equ 0x0
   273  0000                     global __CFG_MCLRE$OFF
   274                           __CFG_MCLRE$OFF equ 0x0
   275  0000                     global __CFG_BOREN$OFF
   276                           __CFG_BOREN$OFF equ 0x0
   277  0000                     global __CFG_CP$ON
   278                           __CFG_CP$ON equ 0x0
   279  0000                     global __CFG_CPD$ON
   280                           __CFG_CPD$ON equ 0x0
   281  0000                     	file	"C:\Users\User\AppData\Local\Temp\sko8."
   282                           	line	#
   283                           psect cinit,class=CODE,delta=2
   284                           global start_initialization
   285                           start_initialization:
   286  03F2                     
   287                           global __initialization
   288                           __initialization:
   289  03F2                     psect	bssBANK0,class=BANK0,space=1,noexec
   290                           global __pbssBANK0
   291                           __pbssBANK0:
   292  0030                     _x:
   293  0030                            ds      1
   294  0030                     
   295                           psect	dataBANK0,class=BANK0,space=1,noexec
   296                           global __pdataBANK0
   297                           __pdataBANK0:
   298  002B                     	file	"Bakavoy_New.c"
   299                           	line	15
   300                           _time:
   301  002B                            ds      2
   302  002B                     
   303                           psect	dataBANK0
   304                           	file	"Bakavoy_New.c"
   305                           	line	13
   306                           _y:
   307  002D                            ds      1
   308  002D                     
   309                           psect	dataBANK0
   310                           	file	"Bakavoy_New.c"
   311                           	line	14
   312                           _times:
   313  002E                            ds      2
   314  002E                     
   315                           	file	"C:\Users\User\AppData\Local\Temp\sko8."
   316                           	line	#
   317                           ; Initialize objects allocated to BANK0
   318                           	global __pidataBANK0
   319                           psect cinit,class=CODE,delta=2,merge=1
   320                           	fcall	__pidataBANK0+0		;fetch initializer
   321  03F2  2356               	movwf	__pdataBANK0+0&07fh		
   322  03F3  00AB               	fcall	__pidataBANK0+1		;fetch initializer
   323  03F4  2357               	movwf	__pdataBANK0+1&07fh		
   324  03F5  00AC               	fcall	__pidataBANK0+2		;fetch initializer
   325  03F6  2358               	movwf	__pdataBANK0+2&07fh		
   326  03F7  00AD               	fcall	__pidataBANK0+3		;fetch initializer
   327  03F8  2359               	movwf	__pdataBANK0+3&07fh		
   328  03F9  00AE               	fcall	__pidataBANK0+4		;fetch initializer
   329  03FA  235A               	movwf	__pdataBANK0+4&07fh		
   330  03FB  00AF               	line	#
   331                           ; Clear objects allocated to BANK0
   332                           psect cinit,class=CODE,delta=2,merge=1
   333                           	clrf	((__pbssBANK0)+0)&07Fh
   334  03FC  01B0               psect cinit,class=CODE,delta=2,merge=1
   335                           global end_of_initialization,__end_of__initialization
   336                           
   337                           ;End of C runtime variable initialization code
   338                           
   339                           end_of_initialization:
   340  03FD                     __end_of__initialization:
   341  03FD                     clrf status
   342  03FD  0183               ljmp _main	;jump to C main() function
   343  03FE  2BC4               psect	cstackCOMMON,class=COMMON,space=1,noexec
   344                           global __pcstackCOMMON
   345                           __pcstackCOMMON:
   346  0000                     ??_WriteEEPROM:	; 1 bytes @ 0x0
   347  0000                     ??_main:	; 1 bytes @ 0x0
   348  0000                     ??___wmul:	; 1 bytes @ 0x0
   349  0000                     psect	cstackBANK0,class=BANK0,space=1,noexec
   350                           global __pcstackBANK0
   351                           __pcstackBANK0:
   352  0020                     ?_WriteEEPROM:	; 1 bytes @ 0x0
   353  0020                     ?_ReadEEPROM:	; 1 bytes @ 0x0
   354  0020                     ??_ReadEEPROM:	; 1 bytes @ 0x0
   355  0020                     ?_main:	; 1 bytes @ 0x0
   356  0020                     	global	?___wmul
   357                           ?___wmul:	; 2 bytes @ 0x0
   358  0020                     	global	WriteEEPROM@data
   359                           WriteEEPROM@data:	; 2 bytes @ 0x0
   360  0020                     	global	___wmul@multiplier
   361                           ___wmul@multiplier:	; 2 bytes @ 0x0
   362  0020                     	ds	2
   363  0020                     	global	___wmul@multiplicand
   364                           ___wmul@multiplicand:	; 2 bytes @ 0x2
   365  0022                     	ds	2
   366  0022                     	global	___wmul@product
   367                           ___wmul@product:	; 2 bytes @ 0x4
   368  0024                     	ds	2
   369  0024                     ?_delay_ms:	; 1 bytes @ 0x6
   370  0026                     	global	delay_ms@x
   371                           delay_ms@x:	; 2 bytes @ 0x6
   372  0026                     	ds	2
   373  0026                     ??_delay_ms:	; 1 bytes @ 0x8
   374  0028                     	ds	1
   375  0028                     	global	delay_ms@i
   376                           delay_ms@i:	; 2 bytes @ 0x9
   377  0029                     	ds	2
   378  0029                     ;!
   379                           ;!Data Sizes:
   380                           ;!    Strings     0
   381                           ;!    Constant    0
   382                           ;!    Data        5
   383                           ;!    BSS         1
   384                           ;!    Persistent  0
   385                           ;!    Stack       0
   386                           ;!
   387                           ;!Auto Spaces:
   388                           ;!    Space          Size  Autos    Used
   389                           ;!    COMMON            0      0       0
   390                           ;!    BANK0            62     11      17
   391                           
   392                           ;!
   393                           ;!Pointer List with Targets:
   394                           ;!
   395                           ;!    None.
   396                           
   397                           
   398                           ;!
   399                           ;!Critical Paths under _main in COMMON
   400                           ;!
   401                           ;!    None.
   402                           ;!
   403                           ;!Critical Paths under _main in BANK0
   404                           ;!
   405                           ;!    _main->_delay_ms
   406                           ;!    _delay_ms->___wmul
   407                           
   408 ;;
   409 ;;Main: autosize = 0, tempsize = 0, incstack = 0, save=0
   410 ;;
   411                           
   412                           ;!
   413                           ;!Call Graph Tables:
   414                           ;!
   415                           ;! ---------------------------------------------------------------------------------
   416                           ;! (Depth) Function   	        Calls       Base Space   Used Autos Params    Refs
   417                           ;! ---------------------------------------------------------------------------------
   418                           ;! (0) _main                                                 0     0      0     442
   419                           ;!                         _ReadEEPROM
   420                           ;!                        _WriteEEPROM
   421                           ;!                             ___wmul
   422                           ;!                           _delay_ms
   423                           ;! ---------------------------------------------------------------------------------
   424                           ;! (1) _delay_ms                                             5     3      2     122
   425                           ;!                                              6 BANK0      5     3      2
   426                           ;!                             ___wmul (ARG)
   427                           ;! ---------------------------------------------------------------------------------
   428                           ;! (1) ___wmul                                               6     2      4     244
   429                           ;!                                              0 BANK0      6     2      4
   430                           ;! ---------------------------------------------------------------------------------
   431                           ;! (1) _WriteEEPROM                                          2     0      2      76
   432                           ;!                                              0 BANK0      2     0      2
   433                           ;! ---------------------------------------------------------------------------------
   434                           ;! (1) _ReadEEPROM                                           2     2      0       0
   435                           ;!                                              0 BANK0      2     2      0
   436                           ;! ---------------------------------------------------------------------------------
   437                           ;! Estimated maximum stack depth 1
   438                           ;! ---------------------------------------------------------------------------------
   439                           ;!
   440                           ;! Call Graph Graphs:
   441                           ;!
   442                           ;! _main (ROOT)
   443                           ;!   _ReadEEPROM
   444                           ;!   _WriteEEPROM
   445                           ;!   ___wmul
   446                           ;!   _delay_ms
   447                           ;!     ___wmul (ARG)
   448                           ;!
   449                           
   450                           ;! Address spaces:
   451                           
   452                           ;!Name               Size   Autos  Total    Cost      Usage
   453                           ;!SFR1                 0      0       0       2        0.0%
   454                           ;!BITSFR1              0      0       0       2        0.0%
   455                           ;!BANK0               3E      B      11       4       27.4%
   456                           ;!BITBANK0            3E      0       0       3        0.0%
   457                           ;!SFR0                 0      0       0       1        0.0%
   458                           ;!BITSFR0              0      0       0       1        0.0%
   459                           ;!COMMON               0      0       0       1        0.0%
   460                           ;!BITCOMMON            0      0       0       0        0.0%
   461                           ;!CODE                 0      0       0       0        0.0%
   462                           ;!DATA                 0      0      11       6        0.0%
   463                           ;!ABS                  0      0      11       5        0.0%
   464                           ;!NULL                 0      0       0       0        0.0%
   465                           ;!STACK                0      0       0       2        0.0%
   466                           ;!EEDATA              80      0       0       0        0.0%
   467                           
   468                           	global	_main
   469                           
   470 ;; *************** function _main *****************
   471 ;; Defined at:
   472 ;;		line 56 in file "Bakavoy_New.c"
   473 ;; Parameters:    Size  Location     Type
   474 ;;		None
   475 ;; Auto vars:     Size  Location     Type
   476 ;;		None
   477 ;; Return value:  Size  Location     Type
   478 ;;                  1    wreg      void 
   479 ;; Registers used:
   480 ;;		wreg, status,2, status,0, pclath, cstack
   481 ;; Tracked objects:
   482 ;;		On entry : B00/0
   483 ;;		On exit  : 0/0
   484 ;;		Unchanged: 0/0
   485 ;; Data sizes:     COMMON   BANK0
   486 ;;      Params:         0       0
   487 ;;      Locals:         0       0
   488 ;;      Temps:          0       0
   489 ;;      Totals:         0       0
   490 ;;Total ram usage:        0 bytes
   491 ;; Hardware stack levels required when called:    1
   492 ;; This function calls:
   493 ;;		_ReadEEPROM
   494 ;;		_WriteEEPROM
   495 ;;		___wmul
   496 ;;		_delay_ms
   497 ;; This function is called by:
   498 ;;		Startup code after reset
   499 ;; This function uses a non-reentrant model
   500 ;;
   501                           psect	maintext,global,class=CODE,delta=2,split=1,group=0
   502                           	file	"Bakavoy_New.c"
   503                           	line	56
   504                           global __pmaintext
   505                           __pmaintext:	;psect for function _main
   506  03C4                     psect	maintext
   507                           	file	"Bakavoy_New.c"
   508                           	line	56
   509                           	global	__size_of_main
   510                           	__size_of_main	equ	__end_of_main-_main
   511  002E                     	
   512                           _main:	
   513  03C4                     ;incstack = 0
   514                           	opt	stack 7
   515                           ; Regs used in _main: [wreg+status,2+status,0+pclath+cstack]
   516                           	line	57
   517                           	
   518                           l721:	
   519  03C4                     ;Bakavoy_New.c: 57:     TRISIO = 0b00111000;
   520                           	movlw	low(038h)
   521  03C4  3038               	bsf	status, 5	;RP0=1, select bank1
   522  03C5  1683               	movwf	(133)^080h	;volatile
   523  03C6  0085               	line	58
   524                           	
   525                           l723:	
   526  03C7                     ;Bakavoy_New.c: 58:     GPIO = 0b00000000;
   527                           	bcf	status, 5	;RP0=0, select bank0
   528  03C7  1283               	clrf	(5)	;volatile
   529  03C8  0185               	line	59
   530                           	
   531                           l725:	
   532  03C9                     ;Bakavoy_New.c: 59:     CMCON = 0b00000111;
   533                           	movlw	low(07h)
   534  03C9  3007               	movwf	(25)	;volatile
   535  03CA  0099               	line	60
   536                           ;Bakavoy_New.c: 60:     OPTION_REG = 0b00000000;
   537                           	bsf	status, 5	;RP0=1, select bank1
   538  03CB  1683               	clrf	(129)^080h	;volatile
   539  03CC  0181               	line	61
   540                           ;Bakavoy_New.c: 61:     ANSEL = 0b00000000;
   541                           	clrf	(159)^080h	;volatile
   542  03CD  019F               	goto	l727
   543  03CE  2BCF               	line	62
   544                           ;Bakavoy_New.c: 62:     while(1)
   545                           	
   546                           l54:	
   547  03CF                     	line	66
   548                           	
   549                           l727:	
   550  03CF                     ;Bakavoy_New.c: 63:     {;Bakavoy_New.c: 66:             WriteEEPROM(time);
   551                           	bcf	status, 5	;RP0=0, select bank0
   552  03CF  1283               	movf	(_time+1),w
   553  03D0  082C               	movwf	(WriteEEPROM@data+1)
   554  03D1  00A1               	movf	(_time),w
   555  03D2  082B               	movwf	(WriteEEPROM@data)
   556  03D3  00A0               	fcall	_WriteEEPROM
   557  03D4  2367               	line	67
   558                           	
   559                           l729:	
   560  03D5                     ;Bakavoy_New.c: 67:             ReadEEPROM();
   561                           	fcall	_ReadEEPROM
   562  03D5  235B               	line	71
   563                           	
   564                           l731:	
   565  03D6                     ;Bakavoy_New.c: 71:         if(GPIO5 == 1){
   566                           	bcf	status, 5	;RP0=0, select bank0
   567  03D6  1283               	btfss	(45/8),(45)&7	;volatile
   568  03D7  1E85               	goto	u141
   569  03D8  2BDA               	goto	u140
   570  03D9  2BDB               u141:
   571  03DA                     	goto	l727
   572  03DA  2BCF               u140:
   573  03DB                     	line	72
   574                           	
   575                           l733:	
   576  03DB                     ;Bakavoy_New.c: 72:             GPIO = (1<<1);
   577                           	movlw	low(02h)
   578  03DB  3002               	movwf	(5)	;volatile
   579  03DC  0085               	line	73
   580                           	
   581                           l735:	
   582  03DD                     ;Bakavoy_New.c: 73:             delay_ms(times * 100);
   583                           	movf	(_times+1),w
   584  03DD  082F               	movwf	(___wmul@multiplier+1)
   585  03DE  00A1               	movf	(_times),w
   586  03DF  082E               	movwf	(___wmul@multiplier)
   587  03E0  00A0               	movlw	064h
   588  03E1  3064               	movwf	(___wmul@multiplicand)
   589  03E2  00A2               	movlw	0
   590  03E3  3000               	movwf	((___wmul@multiplicand))+1
   591  03E4  00A3               	fcall	___wmul
   592  03E5  239B               	bcf	status, 5	;RP0=0, select bank0
   593  03E6  1283               	movf	(1+(?___wmul)),w
   594  03E7  0821               	movwf	(delay_ms@x+1)
   595  03E8  00A7               	movf	(0+(?___wmul)),w
   596  03E9  0820               	movwf	(delay_ms@x)
   597  03EA  00A6               	fcall	_delay_ms
   598  03EB  2378               	line	74
   599                           	
   600                           l737:	
   601  03EC                     ;Bakavoy_New.c: 74:             GPIO = (0<<1);
   602                           	bcf	status, 5	;RP0=0, select bank0
   603  03EC  1283               	clrf	(5)	;volatile
   604  03ED  0185               	goto	l727
   605  03EE  2BCF               	line	75
   606                           ;Bakavoy_New.c: 75:         }
   607                           	
   608                           l55:	
   609  03EF                     	goto	l727
   610  03EF  2BCF               	line	100
   611                           ;Bakavoy_New.c: 100:     }
   612                           	
   613                           l56:	
   614  03F0                     	goto	l727
   615  03F0  2BCF               	
   616                           l57:	
   617  03F1                     	line	102
   618                           ;Bakavoy_New.c: 101:     return;
   619                           	
   620                           l58:	
   621  03F1                     	global	start
   622                           	ljmp	start
   623  03F1  2800               	opt stack 0
   624                           GLOBAL	__end_of_main
   625                           	__end_of_main:
   626  03F2                     	signat	_main,89
   627                           	global	_delay_ms
   628                           
   629 ;; *************** function _delay_ms *****************
   630 ;; Defined at:
   631 ;;		line 18 in file "Bakavoy_New.c"
   632 ;; Parameters:    Size  Location     Type
   633 ;;  x               2    6[BANK0 ] int 
   634 ;; Auto vars:     Size  Location     Type
   635 ;;  i               2    9[BANK0 ] int 
   636 ;; Return value:  Size  Location     Type
   637 ;;                  1    wreg      void 
   638 ;; Registers used:
   639 ;;		wreg, status,2
   640 ;; Tracked objects:
   641 ;;		On entry : 0/0
   642 ;;		On exit  : 0/0
   643 ;;		Unchanged: 0/0
   644 ;; Data sizes:     COMMON   BANK0
   645 ;;      Params:         0       2
   646 ;;      Locals:         0       2
   647 ;;      Temps:          0       1
   648 ;;      Totals:         0       5
   649 ;;Total ram usage:        5 bytes
   650 ;; Hardware stack levels used:    1
   651 ;; This function calls:
   652 ;;		Nothing
   653 ;; This function is called by:
   654 ;;		_main
   655 ;; This function uses a non-reentrant model
   656 ;;
   657                           psect	text1,local,class=CODE,delta=2,merge=1,group=0
   658                           	line	18
   659                           global __ptext1
   660                           __ptext1:	;psect for function _delay_ms
   661  0378                     psect	text1
   662                           	file	"Bakavoy_New.c"
   663                           	line	18
   664                           	global	__size_of_delay_ms
   665                           	__size_of_delay_ms	equ	__end_of_delay_ms-_delay_ms
   666  0023                     	
   667                           _delay_ms:	
   668  0378                     ;incstack = 0
   669                           	opt	stack 7
   670                           ; Regs used in _delay_ms: [wreg+status,2]
   671                           	line	19
   672                           	
   673                           l685:	
   674  0378                     ;Bakavoy_New.c: 19:     WR = 1;
   675                           	bcf	status, 5	;RP0=0, select bank0
   676  0378  1283               	clrf	(delay_ms@i)
   677  0379  01A9               	clrf	(delay_ms@i+1)
   678  037A  01AA               	goto	l37
   679  037B  2B8B               	
   680                           l38:	
   681  037C                     	line	20
   682                           	
   683                           l687:	
   684  037C                     ;Bakavoy_New.c: 20:     while(WR){
   685                           	opt asmopt_push
   686                           opt asmopt_off
   687                           	movlw	199
   688  037C  30C7               	bcf	status, 5	;RP0=0, select bank0
   689  037D  1283               movwf	((??_delay_ms+0)+0),f
   690  037E  00A8               	u157:
   691  037F                     	nop2
   692  037F  2B80               decfsz	(??_delay_ms+0)+0,f
   693  0380  0BA8               	goto	u157
   694  0381  2B7F               	nop2
   695  0382  2B83               	nop2
   696  0383  2B84               opt asmopt_pop
   697                           
   698                           	line	21
   699                           ;Bakavoy_New.c: 21:     }
   700                           	movlw	01h
   701  0384  3001               	bcf	status, 5	;RP0=0, select bank0
   702  0385  1283               	addwf	(delay_ms@i),f
   703  0386  07A9               	skipnc
   704  0387  1803               	incf	(delay_ms@i+1),f
   705  0388  0AAA               	movlw	0
   706  0389  3000               	addwf	(delay_ms@i+1),f
   707  038A  07AA               	
   708                           l37:	
   709  038B                     	movf	(delay_ms@i+1),w
   710  038B  082A               	xorlw	80h
   711  038C  3A80               	movwf	(??_delay_ms+0)+0
   712  038D  00A8               	movf	(delay_ms@x+1),w
   713  038E  0827               	xorlw	80h
   714  038F  3A80               	subwf	(??_delay_ms+0)+0,w
   715  0390  0228               	skipz
   716  0391  1D03               	goto	u85
   717  0392  2B95               	movf	(delay_ms@x),w
   718  0393  0826               	subwf	(delay_ms@i),w
   719  0394  0229               u85:
   720  0395                     
   721                           	skipc
   722  0395  1C03               	goto	u81
   723  0396  2B98               	goto	u80
   724  0397  2B99               u81:
   725  0398                     	goto	l687
   726  0398  2B7C               u80:
   727  0399                     	goto	l40
   728  0399  2B9A               	
   729                           l39:	
   730  039A                     	line	22
   731                           	
   732                           l40:	
   733  039A                     	return
   734  039A  0008               	opt stack 0
   735                           GLOBAL	__end_of_delay_ms
   736                           	__end_of_delay_ms:
   737  039B                     	signat	_delay_ms,4217
   738                           	global	___wmul
   739                           
   740 ;; *************** function ___wmul *****************
   741 ;; Defined at:
   742 ;;		line 15 in file "C:\Program Files (x86)\Microchip\xc8\v2.00\pic\sources\c90\common\Umul16.c"
   743 ;; Parameters:    Size  Location     Type
   744 ;;  multiplier      2    0[BANK0 ] unsigned int 
   745 ;;  multiplicand    2    2[BANK0 ] unsigned int 
   746 ;; Auto vars:     Size  Location     Type
   747 ;;  product         2    4[BANK0 ] unsigned int 
   748 ;; Return value:  Size  Location     Type
   749 ;;                  2    0[BANK0 ] unsigned int 
   750 ;; Registers used:
   751 ;;		wreg, status,2, status,0
   752 ;; Tracked objects:
   753 ;;		On entry : 0/0
   754 ;;		On exit  : 0/0
   755 ;;		Unchanged: 0/0
   756 ;; Data sizes:     COMMON   BANK0
   757 ;;      Params:         0       4
   758 ;;      Locals:         0       2
   759 ;;      Temps:          0       0
   760 ;;      Totals:         0       6
   761 ;;Total ram usage:        6 bytes
   762 ;; Hardware stack levels used:    1
   763 ;; This function calls:
   764 ;;		Nothing
   765 ;; This function is called by:
   766 ;;		_main
   767 ;; This function uses a non-reentrant model
   768 ;;
   769                           psect	text2,local,class=CODE,delta=2,merge=1,group=1
   770                           	file	"C:\Program Files (x86)\Microchip\xc8\v2.00\pic\sources\c90\common\Umul16.c"
   771                           	line	15
   772                           global __ptext2
   773                           __ptext2:	;psect for function ___wmul
   774  039B                     psect	text2
   775                           	file	"C:\Program Files (x86)\Microchip\xc8\v2.00\pic\sources\c90\common\Umul16.c"
   776                           	line	15
   777                           	global	__size_of___wmul
   778                           	__size_of___wmul	equ	__end_of___wmul-___wmul
   779  0029                     	
   780                           ___wmul:	
   781  039B                     ;incstack = 0
   782                           	opt	stack 7
   783                           ; Regs used in ___wmul: [wreg+status,2+status,0]
   784                           	line	43
   785                           	
   786                           l707:	
   787  039B                     	bcf	status, 5	;RP0=0, select bank0
   788  039B  1283               	clrf	(___wmul@product)
   789  039C  01A4               	clrf	(___wmul@product+1)
   790  039D  01A5               	goto	l709
   791  039E  2B9F               	line	44
   792                           	
   793                           l143:	
   794  039F                     	line	45
   795                           	
   796                           l709:	
   797  039F                     	btfss	(___wmul@multiplier),(0)&7
   798  039F  1C20               	goto	u101
   799  03A0  2BA2               	goto	u100
   800  03A1  2BA3               u101:
   801  03A2                     	goto	l144
   802  03A2  2BA9               u100:
   803  03A3                     	line	46
   804                           	
   805                           l711:	
   806  03A3                     	movf	(___wmul@multiplicand),w
   807  03A3  0822               	addwf	(___wmul@product),f
   808  03A4  07A4               	skipnc
   809  03A5  1803               	incf	(___wmul@product+1),f
   810  03A6  0AA5               	movf	(___wmul@multiplicand+1),w
   811  03A7  0823               	addwf	(___wmul@product+1),f
   812  03A8  07A5               	
   813                           l144:	
   814  03A9                     	line	47
   815                           	movlw	01h
   816  03A9  3001               	
   817                           u115:
   818  03AA                     	clrc
   819  03AA  1003               	rlf	(___wmul@multiplicand),f
   820  03AB  0DA2               	rlf	(___wmul@multiplicand+1),f
   821  03AC  0DA3               	addlw	-1
   822  03AD  3EFF               	skipz
   823  03AE  1D03               	goto	u115
   824  03AF  2BAA               	line	48
   825                           	
   826                           l713:	
   827  03B0                     	movlw	01h
   828  03B0  3001               	
   829                           u125:
   830  03B1                     	clrc
   831  03B1  1003               	rrf	(___wmul@multiplier+1),f
   832  03B2  0CA1               	rrf	(___wmul@multiplier),f
   833  03B3  0CA0               	addlw	-1
   834  03B4  3EFF               	skipz
   835  03B5  1D03               	goto	u125
   836  03B6  2BB1               	line	49
   837                           	
   838                           l715:	
   839  03B7                     	movf	((___wmul@multiplier)),w
   840  03B7  0820               iorwf	((___wmul@multiplier+1)),w
   841  03B8  0421               	btfss	status,2
   842  03B9  1D03               	goto	u131
   843  03BA  2BBC               	goto	u130
   844  03BB  2BBD               u131:
   845  03BC                     	goto	l709
   846  03BC  2B9F               u130:
   847  03BD                     	goto	l717
   848  03BD  2BBE               	
   849                           l145:	
   850  03BE                     	line	52
   851                           	
   852                           l717:	
   853  03BE                     	movf	(___wmul@product+1),w
   854  03BE  0825               	movwf	(?___wmul+1)
   855  03BF  00A1               	movf	(___wmul@product),w
   856  03C0  0824               	movwf	(?___wmul)
   857  03C1  00A0               	goto	l146
   858  03C2  2BC3               	
   859                           l719:	
   860  03C3                     	line	53
   861                           	
   862                           l146:	
   863  03C3                     	return
   864  03C3  0008               	opt stack 0
   865                           GLOBAL	__end_of___wmul
   866                           	__end_of___wmul:
   867  03C4                     	signat	___wmul,8314
   868                           	global	_WriteEEPROM
   869                           
   870 ;; *************** function _WriteEEPROM *****************
   871 ;; Defined at:
   872 ;;		line 24 in file "Bakavoy_New.c"
   873 ;; Parameters:    Size  Location     Type
   874 ;;  data            2    0[BANK0 ] int 
   875 ;; Auto vars:     Size  Location     Type
   876 ;;		None
   877 ;; Return value:  Size  Location     Type
   878 ;;                  1    wreg      void 
   879 ;; Registers used:
   880 ;;		wreg, status,2
   881 ;; Tracked objects:
   882 ;;		On entry : 0/0
   883 ;;		On exit  : 0/0
   884 ;;		Unchanged: 0/0
   885 ;; Data sizes:     COMMON   BANK0
   886 ;;      Params:         0       2
   887 ;;      Locals:         0       0
   888 ;;      Temps:          0       0
   889 ;;      Totals:         0       2
   890 ;;Total ram usage:        2 bytes
   891 ;; Hardware stack levels used:    1
   892 ;; This function calls:
   893 ;;		Nothing
   894 ;; This function is called by:
   895 ;;		_main
   896 ;; This function uses a non-reentrant model
   897 ;;
   898                           psect	text3,local,class=CODE,delta=2,merge=1,group=0
   899                           	file	"Bakavoy_New.c"
   900                           	line	24
   901                           global __ptext3
   902                           __ptext3:	;psect for function _WriteEEPROM
   903  0367                     psect	text3
   904                           	file	"Bakavoy_New.c"
   905                           	line	24
   906                           	global	__size_of_WriteEEPROM
   907                           	__size_of_WriteEEPROM	equ	__end_of_WriteEEPROM-_WriteEEPROM
   908  0011                     	
   909                           _WriteEEPROM:	
   910  0367                     ;incstack = 0
   911                           	opt	stack 7
   912                           ; Regs used in _WriteEEPROM: [wreg+status,2]
   913                           	line	26
   914                           	
   915                           l689:	
   916  0367                     	bsf	status, 5	;RP0=1, select bank1
   917  0367  1683               	clrf	(155)^080h	;volatile
   918  0368  019B               	line	27
   919                           	
   920                           l691:	
   921  0369                     	movlw	low(0Ah)
   922  0369  300A               	movwf	(154)^080h	;volatile
   923  036A  009A               	line	28
   924                           	
   925                           l693:	
   926  036B                     	bsf	(1250/8)^080h,(1250)&7	;volsfr
   927  036B  151C               	line	29
   928                           	
   929                           l695:	
   930  036C                     	movlw	low(055h)
   931  036C  3055               	movwf	(157)^080h	;volsfr
   932  036D  009D               	line	30
   933                           	
   934                           l697:	
   935  036E                     	movlw	low(0AAh)
   936  036E  30AA               	movwf	(157)^080h	;volsfr
   937  036F  009D               	line	31
   938                           	
   939                           l699:	
   940  0370                     	bsf	(1249/8)^080h,(1249)&7	;volsfr
   941  0370  149C               	line	32
   942                           	goto	l43
   943  0371  2B72               	
   944                           l44:	
   945  0372                     	line	33
   946                           	
   947                           l43:	
   948  0372                     	line	32
   949                           	btfsc	(1249/8)^080h,(1249)&7	;volsfr
   950  0372  189C               	goto	u91
   951  0373  2B75               	goto	u90
   952  0374  2B76               u91:
   953  0375                     	goto	l43
   954  0375  2B72               u90:
   955  0376                     	
   956                           l45:	
   957  0376                     	line	34
   958                           	bcf	(1250/8)^080h,(1250)&7	;volsfr
   959  0376  111C               	line	47
   960                           	
   961                           l46:	
   962  0377                     	return
   963  0377  0008               	opt stack 0
   964                           GLOBAL	__end_of_WriteEEPROM
   965                           	__end_of_WriteEEPROM:
   966  0378                     	signat	_WriteEEPROM,4217
   967                           	global	_ReadEEPROM
   968                           
   969 ;; *************** function _ReadEEPROM *****************
   970 ;; Defined at:
   971 ;;		line 49 in file "Bakavoy_New.c"
   972 ;; Parameters:    Size  Location     Type
   973 ;;		None
   974 ;; Auto vars:     Size  Location     Type
   975 ;;		None
   976 ;; Return value:  Size  Location     Type
   977 ;;                  1    wreg      void 
   978 ;; Registers used:
   979 ;;		wreg, status,2
   980 ;; Tracked objects:
   981 ;;		On entry : 0/0
   982 ;;		On exit  : 0/0
   983 ;;		Unchanged: 0/0
   984 ;; Data sizes:     COMMON   BANK0
   985 ;;      Params:         0       0
   986 ;;      Locals:         0       0
   987 ;;      Temps:          0       2
   988 ;;      Totals:         0       2
   989 ;;Total ram usage:        2 bytes
   990 ;; Hardware stack levels used:    1
   991 ;; This function calls:
   992 ;;		Nothing
   993 ;; This function is called by:
   994 ;;		_main
   995 ;; This function uses a non-reentrant model
   996 ;;
   997                           psect	text4,local,class=CODE,delta=2,merge=1,group=0
   998                           	line	49
   999                           global __ptext4
  1000                           __ptext4:	;psect for function _ReadEEPROM
  1001  035B                     psect	text4
  1002                           	file	"Bakavoy_New.c"
  1003                           	line	49
  1004                           	global	__size_of_ReadEEPROM
  1005                           	__size_of_ReadEEPROM	equ	__end_of_ReadEEPROM-_ReadEEPROM
  1006  000C                     	
  1007                           _ReadEEPROM:	
  1008  035B                     ;incstack = 0
  1009                           	opt	stack 7
  1010                           ; Regs used in _ReadEEPROM: [wreg+status,2]
  1011                           	line	51
  1012                           	
  1013                           l701:	
  1014  035B                     ;Bakavoy_New.c: 51:   EEADR = 0b00000000;
  1015                           	bsf	status, 5	;RP0=1, select bank1
  1016  035B  1683               	clrf	(155)^080h	;volatile
  1017  035C  019B               	line	52
  1018                           	
  1019                           l703:	
  1020  035D                     ;Bakavoy_New.c: 52:   EECON1bits.RD = 1;
  1021                           	bsf	(156)^080h,0	;volsfr
  1022  035D  141C               	line	53
  1023                           	
  1024                           l705:	
  1025  035E                     ;Bakavoy_New.c: 53:   times = EEDATA;
  1026                           	movf	(154)^080h,w	;volatile
  1027  035E  081A               	bcf	status, 5	;RP0=0, select bank0
  1028  035F  1283               	movwf	(??_ReadEEPROM+0)+0
  1029  0360  00A0               	clrf	(??_ReadEEPROM+0)+0+1
  1030  0361  01A1               	movf	0+(??_ReadEEPROM+0)+0,w
  1031  0362  0820               	movwf	(_times)
  1032  0363  00AE               	movf	1+(??_ReadEEPROM+0)+0,w
  1033  0364  0821               	movwf	(_times+1)
  1034  0365  00AF               	line	54
  1035                           	
  1036                           l49:	
  1037  0366                     	return
  1038  0366  0008               	opt stack 0
  1039                           GLOBAL	__end_of_ReadEEPROM
  1040                           	__end_of_ReadEEPROM:
  1041  0367                     	signat	_ReadEEPROM,89
  1042                           global	___latbits
  1043                           ___latbits	equ	0
  1044  0000                     	global	btemp
  1045                           	btemp set 05Eh
  1046  005E                     
  1047                           	DABS	1,94,2	;btemp
  1048                           	global	wtemp0
  1049                           	wtemp0 set btemp+0
  1050  005E                     	end


Data Sizes:
    Strings     0
    Constant    0
    Data        5
    BSS         1
    Persistent  0
    Stack       0

Auto Spaces:
    Space          Size  Autos    Used
    COMMON            0      0       0
    BANK0            62     11      17

Pointer List with Targets:

    None.

Critical Paths under _main in COMMON

    None.

Critical Paths under _main in BANK0

    _main->_delay_ms
    _delay_ms->___wmul

Call Graph Tables:

 ---------------------------------------------------------------------------------
 (Depth) Function   	        Calls       Base Space   Used Autos Params    Refs
 ---------------------------------------------------------------------------------
 (0) _main                                                 0     0      0     442
                         _ReadEEPROM
                        _WriteEEPROM
                             ___wmul
                           _delay_ms
 ---------------------------------------------------------------------------------
 (1) _delay_ms                                             5     3      2     122
                                              6 BANK0      5     3      2
                             ___wmul (ARG)
 ---------------------------------------------------------------------------------
 (1) ___wmul                                               6     2      4     244
                                              0 BANK0      6     2      4
 ---------------------------------------------------------------------------------
 (1) _WriteEEPROM                                          2     0      2      76
                                              0 BANK0      2     0      2
 ---------------------------------------------------------------------------------
 (1) _ReadEEPROM                                           2     2      0       0
                                              0 BANK0      2     2      0
 ---------------------------------------------------------------------------------
 Estimated maximum stack depth 1
 ---------------------------------------------------------------------------------

 Call Graph Graphs:

 _main (ROOT)
   _ReadEEPROM
   _WriteEEPROM
   ___wmul
   _delay_ms
     ___wmul (ARG)

 Address spaces:
Name               Size   Autos  Total    Cost      Usage
SFR1                 0      0       0       2        0.0%
BITSFR1              0      0       0       2        0.0%
BANK0               3E      B      11       4       27.4%
BITBANK0            3E      0       0       3        0.0%
SFR0                 0      0       0       1        0.0%
BITSFR0              0      0       0       1        0.0%
COMMON               0      0       0       1        0.0%
BITCOMMON            0      0       0       0        0.0%
CODE                 0      0       0       0        0.0%
DATA                 0      0      11       6        0.0%
ABS                  0      0      11       5        0.0%
NULL                 0      0       0       0        0.0%
STACK                0      0       0       2        0.0%
EEDATA              80      0       0       0        0.0%


Microchip Technology PIC Macro Assembler V2.00 build -1524193055 
Symbol Table                                                                                   Wed Aug 10 23:38:50 2022

   __size_of_WriteEEPROM 0011               __CFG_CP$ON 0000                        _x 0030  
                      _y 002D                       l40 039A                       l43 0372  
                     l44 0372                       l45 0376                       l37 038B  
                     l46 0377                       l38 037C                       l54 03CF  
                     l39 039A                       l55 03EF                       l56 03F0  
                     l49 0366                       l57 03F1                       l58 03F1  
            __CFG_CPD$ON 0000                       u80 0399                       u81 0398  
                     u90 0376                       u91 0375                       u85 0395  
                     _WR 04E1      ___wmul@multiplicand 0022                      l143 039F  
                    l144 03A9                      l145 03BE                      l146 03C3  
                    l701 035B                      l703 035D                      l711 03A3  
                    l705 035E                      l713 03B0                      l721 03C4  
                    l715 03B7                      l707 039B                      l731 03D6  
                    l723 03C7                      l717 03BE                      l709 039F  
                    l733 03DB                      l725 03C9                      l719 03C3  
                    l735 03DD                      l727 03CF                      l737 03EC  
                    l729 03D5                      l691 0369                      l693 036B  
                    l685 0378                      l695 036C                      l687 037C  
                    l697 036E                      l689 0367                      l699 0370  
                    u100 03A3                      u101 03A2                      u130 03BD  
                    u131 03BC                      u115 03AA                      u140 03DB  
                    u125 03B1                      u141 03DA                      u157 037F  
                   _GPIO 0005                     _WREN 04E2                     _main 03C4  
                   _time 002B                     btemp 005E                     start 0000  
                  ?_main 0020                    _EEADR 009B            __CFG_WDTE$OFF 0000  
                  _CMCON 0019                    _ANSEL 009F                    _GPIO5 002D  
                  _times 002E           __CFG_BOREN$OFF 0000               _ReadEEPROM 035B  
                  status 0003                    wtemp0 005E           __CFG_MCLRE$OFF 0000  
        __initialization 03F2             __end_of_main 03F2                   ??_main 0000  
                 _EEDATA 009A                   _EECON2 009D                   _TRISIO 0085  
       __end_of_delay_ms 039B           __CFG_PWRTE$OFF 0000                   ___wmul 039B  
            ?_ReadEEPROM 0020  __end_of__initialization 03FD           __pcstackCOMMON 0000  
           __pidataBANK0 0356               __pbssBANK0 0030            ??_WriteEEPROM 0000  
             __pmaintext 03C4                  ?___wmul 0020      __size_of_ReadEEPROM 000C  
              ?_delay_ms 0026          __size_of___wmul 0029      __end_of_WriteEEPROM 0378  
                __ptext1 0378                  __ptext2 039B                  __ptext3 0367  
                __ptext4 035B               ??_delay_ms 0028     end_of_initialization 03FD  
           ??_ReadEEPROM 0020              _WriteEEPROM 0367           __end_of___wmul 03C4  
     __end_of_ReadEEPROM 0367      start_initialization 03F2                 ??___wmul 0000  
            __pdataBANK0 002B                ___latbits 0000            __pcstackBANK0 0020  
      __size_of_delay_ms 0023           ___wmul@product 0024                delay_ms@i 0029  
              delay_ms@x 0026        ___wmul@multiplier 0020               _EECON1bits 009C  
           ?_WriteEEPROM 0020                 _delay_ms 0378            __size_of_main 002E  
        WriteEEPROM@data 0020               _OPTION_REG 0081        __CFG_FOSC$INTRCIO 0000  
