MPASM 5.87                    LYUK BOTIR.ASM   4-12-2020  20:33:12         PAGE  1


LOC  OBJECT CODE     LINE SOURCE TEXT
  VALUE

Warning[205]: Found directive in column 1. (LIST)
                      00001 LIST    p=16F630
                      00002             ;__CONFIG   02170H
2007   3054           00003             __CONFIG    03054H
                      00004             #include <P16f630.INC>
                      00001         LIST
                      00002 
                      00003 ;==========================================================================
                      00004 ; Build date : Jan 06 2020
                      00005 ;  MPASM PIC16F630 processor include
                      00006 ; 
                      00007 ;  (c) Copyright 1999-2020 Microchip Technology, All rights reserved
                      00008 ;==========================================================================
                      00009 
                      00350         LIST
                      00005         ERRORLEVEL      -302
  00000020            00006 Reg_1           equ         0x20                
  00000021            00007 Reg_2           equ         0x21
  00000022            00008 Reg_3           equ         0x22
  00000023            00009 Reg_info        equ         0x23                
  00000003            00010 STATUS          equ         0x03
  00000005            00011 PORTA           equ         0x05
  00000007            00012 PORTC           equ         0x07                
  00000085            00013 TRISA           equ         0x85
  00000087            00014 TRISC           equ         0x87        
                      00015 ;*******************************************************************************                
                      00016                 org         0x00
                      00017 ;*******************************************************************************
0000   1283           00018                 bcf         STATUS,5
0001   3007           00019                 movlw       b'00000111'
0002   0099           00020                 movwf       CMCON
0003   0185           00021                 clrf        PORTA
0004   0187           00022                 clrf        PORTC
0005   1683           00023                 bsf         STATUS,5
0006   23FF           00024                 call        0x3FF
0007   0090           00025                 movwf       OSCCAL              
0008   3000           00026                 MOVLW       b'00000000'
0009   0081           00027                 MOVWF       OPTION_REG  
000A   0185           00028                 clrf        TRISA
000B   0187           00029                 clrf        TRISC
000C   1007           00030                 bcf         TRISC,0
000D   1087           00031                 bcf         TRISC,1
000E   1687           00032                 bsf         TRISC,5
000F   1505           00033                 bsf         TRISA,2
0010   1485           00034                 bsf         TRISA,1
0011   1283           00035                 bcf         STATUS,5
0012   3000           00036                 movlw       b'00000000'
0013   00A3           00037                 movwf       Reg_info
                      00038 ;*******************************************************************************
0014   2???           00039 prog            call        blok                
0015   1C85           00040                 btfss       PORTA,1
0016   2???           00041                 call        aux
0017   2???           00042                 goto        prog
MPASM 5.87                    LYUK BOTIR.ASM   4-12-2020  20:33:12         PAGE  2


LOC  OBJECT CODE     LINE SOURCE TEXT
  VALUE

                      00043 ;*******************************************************************************
0018   1905           00044 blok            btfsc       PORTA,2
0019   0008           00045                 return  
001A   2???           00046                 call        delay50ms
001B   1905           00047                 btfsc       PORTA,2
001C   0008           00048                 return
001D   1A87           00049                 btfsc       PORTC,5
001E   0008           00050                 return
001F   2???           00051                 call        sekund_3.5          
0020   1A87           00052                 btfsc       PORTC,5
0021   0008           00053                 return
0022   2???           00054                 call        delay_20msekund
0023   2???           00055                 call        sekund_10.5info             
0024   1007           00056                 bcf         PORTC,0
0025   0008           00057                 return          
                      00058 ;*******************************************************************************
0026   2???           00059 aux             call        delay50ms
0027   1885           00060                 btfsc       PORTA,1
0028   0008           00061                 return
0029   1C23           00062                 btfss       Reg_info,0
002A   2???           00063                 call        sekund_10.5aux              
002B   1823           00064                 btfsc       Reg_info,0
002C   2???           00065                 call        sekund_3.5aux
                      00066                 
002D   0008           00067                 return          
                      00068 ;*******************************************************************************                
002E   1487           00069 sekund_3.5      bsf         PORTC,1
002F   2???           00070                 call        delay_3.5           
0030   1087           00071                 bcf         PORTC,1
0031   0008           00072                 return
                      00073 ;*******************************************************************************                
0032   1487           00074 sekund_3.5aux   bsf         PORTC,1
0033   2???           00075                 call        aux_3.5             
0034   1087           00076                 bcf         PORTC,1
0035   0008           00077                 return          
                      00078 ;*******************************************************************************
0036   1407           00079 sekund_10.5info bsf         PORTC,0
0037   2???           00080                 call        delay_1             
                      00081                 ;btfsc      PORTC,5
                      00082                 ;return         
0038   2???           00083                 call        delay_1             
                      00084                 ;btfsc      PORTC,5
                      00085                 ;return 
0039   2???           00086                 call        delay_1             
                      00087                 ;btfsc      PORTC,5
                      00088                 ;return         
003A   2???           00089                 call        delay_1             
                      00090                 ;btfsc      PORTC,5
                      00091                 ;return 
003B   2???           00092                 call        delay_1             
                      00093                 ;btfsc      PORTC,5
                      00094                 ;return 
003C   2???           00095                 call        delay_1             
MPASM 5.87                    LYUK BOTIR.ASM   4-12-2020  20:33:12         PAGE  3


LOC  OBJECT CODE     LINE SOURCE TEXT
  VALUE

                      00096                 ;btfsc      PORTC,5
                      00097                 ;return 
003D   2???           00098                 call        delay_1             
                      00099                 ;btfsc      PORTC,5
                      00100                 ;return
003E   2???           00101                 call        delay_1             
                      00102                 ;btfsc      PORTC,5
                      00103                 ;return 
003F   2???           00104                 call        delay_1             
                      00105                 ;btfsc      PORTC,5
                      00106                 ;return 
0040   2???           00107                 call        delay_1             
                      00108                 ;btfsc      PORTC,5
                      00109                 ;return 
0041   2???           00110                 call        delay_1             
                      00111                 ;btfsc      PORTC,5
                      00112                 ;return 
0042   2???           00113                 call        delay_1             
0043   0008           00114                 return  
                      00115 ;*******************************************************************************                
0044   1407           00116 sekund_10.5aux  bsf         PORTC,0
0045   2???           00117                 call        aux_10.5            
0046   1007           00118                 bcf         PORTC,0
0047   0008           00119                 return
                      00120 ;*******************************************************************************                
0048   3000           00121 delay_3.5       movlw       b'00000000'
0049   00A3           00122                 movwf       Reg_info
004A   3066           00123                 movlw       .102
004B   00A0           00124                 movwf       Reg_1
004C   30C2           00125                 movlw       .194
004D   00A1           00126                 movwf       Reg_2
004E   3012           00127                 movlw       .18
004F   00A2           00128                 movwf       Reg_3
0050   0BA0           00129                 decfsz      Reg_1,F
0051   2???           00130                 goto        $-1
0052   0BA1           00131                 decfsz      Reg_2,F
0053   2???           00132                 goto        $-3
0054   0BA2           00133                 decfsz      Reg_3,F
0055   2???           00134                 goto        $-5
0056   0000           00135                 nop                                     
0057   0008           00136                 return
                      00137 ;*******************************************************************************
0058   3001           00138 aux_10.5        movlw       b'00000001'
                      00139                 ;movwf      Reg_info
                      00140                 ;movlw       .55
                      00141                 ;movwf       Reg_1
                      00142                 ;movlw       .1
                      00143                 ;movwf       Reg_2
                      00144                 ;movlw       .63
                      00145                 ;movwf       Reg_3
                      00146                 ;decfsz      Reg_1,F
                      00147                 ;goto        $-1
                      00148                 ;decfsz      Reg_2,F
MPASM 5.87                    LYUK BOTIR.ASM   4-12-2020  20:33:12         PAGE  4


LOC  OBJECT CODE     LINE SOURCE TEXT
  VALUE

                      00149                 ;goto        $-3
                      00150                 ;decfsz      Reg_3,F
                      00151                 ;goto        $-5        
0059   00A3           00152                 movwf       Reg_info
005A   3066           00153                 movlw       .102
005B   00A0           00154                 movwf       Reg_1
005C   30C2           00155                 movlw       .194
005D   00A1           00156                 movwf       Reg_2
005E   3015           00157                 movlw       .21
005F   00A2           00158                 movwf       Reg_3
0060   0BA0           00159                 decfsz      Reg_1,F
0061   2???           00160                 goto        $-1
0062   0BA1           00161                 decfsz      Reg_2,F
0063   2???           00162                 goto        $-3
0064   0BA2           00163                 decfsz      Reg_3,F
0065   2???           00164                 goto        $-5
0066   0000           00165                 nop             
0067   1007           00166                 bcf         PORTC,0
0068   2???           00167                 goto        prog
                      00168 ;*******************************************************************************
0069   3000           00169 aux_3.5         movlw       b'00000000'
006A   00A3           00170                 movwf       Reg_info
006B   3066           00171                 movlw       .102
006C   00A0           00172                 movwf       Reg_1
006D   30C2           00173                 movlw       .194
006E   00A1           00174                 movwf       Reg_2
006F   3015           00175                 movlw       .21
0070   00A2           00176                 movwf       Reg_3
0071   0BA0           00177                 decfsz      Reg_1,F
0072   2???           00178                 goto        $-1
0073   0BA1           00179                 decfsz      Reg_2,F
0074   2???           00180                 goto        $-3
0075   0BA2           00181                 decfsz      Reg_3,F
0076   2???           00182                 goto        $-5
0077   0000           00183                 nop             
0078   1087           00184                 bcf         PORTC,1
0079   2???           00185                 goto        prog
                      00186 ;*******************************************************************************
007A                  00187 delay_1         ;movlw      b'00000001'
                      00188                 ;movwf      Reg_info            
007A   30C8           00189                 movlw       .200
007B   00A0           00190                 movwf       Reg_1
007C   303C           00191                 movlw       .60
007D   00A1           00192                 movwf       Reg_2
007E   3006           00193                 movlw       .6
007F   00A2           00194                 movwf       Reg_3
0080   0BA0           00195                 decfsz      Reg_1,F
0081   2???           00196                 goto        $-1
0082   0BA1           00197                 decfsz      Reg_2,F
0083   2???           00198                 goto        $-3
0084   0BA2           00199                 decfsz      Reg_3,F
0085   2???           00200                 goto        $-5 
0086   0008           00201                 return          
MPASM 5.87                    LYUK BOTIR.ASM   4-12-2020  20:33:12         PAGE  5


LOC  OBJECT CODE     LINE SOURCE TEXT
  VALUE

                      00202 ;*******************************************************************************
0087                  00203 delay_20msekund ;movlw       .238
                      00204                 ;movwf       Reg_1
                      00205                 ;movlw       .65
                      00206                 ;movwf       Reg_2
                      00207                 ;decfsz      Reg_1,F
                      00208                 ;goto        $-1
                      00209                 ;decfsz      Reg_2,F
                      00210                 ;goto        $-3
                      00211                 ;nop
                      00212                 
0087   30AD           00213                 movlw       .173
0088   00A0           00214                 movwf       Reg_1
0089   3013           00215                 movlw       .19
008A   00A1           00216                 movwf       Reg_2
008B   3006           00217                 movlw       .6
008C   00A2           00218                 movwf       Reg_3
008D   0BA0           00219                 decfsz      Reg_1,F
008E   2???           00220                 goto        $-1
008F   0BA1           00221                 decfsz      Reg_2,F
0090   2???           00222                 goto        $-3
0091   0BA2           00223                 decfsz      Reg_3,F
0092   2???           00224                 goto        $-5
0093   0000           00225                 nop
0094   0000           00226                 nop
                      00227 
0095   0008           00228                 return
                      00229                 
0096   30EE           00230 delay50ms   movlw       .238
0097   00A0           00231             movwf       Reg_1
0098   3041           00232             movlw       .65
0099   00A1           00233             movwf       Reg_2
009A   0BA0           00234             decfsz      Reg_1,F
009B   2???           00235             goto        $-1
009C   0BA1           00236             decfsz      Reg_2,F
009D   2???           00237             goto        $-3
009E   0000           00238             nop
                      00239 
009F   0008           00240             return                      
                      00241                 
                      00242 ;*******************************************************************************                
                      00243         
3054                  00244                 end
MPASM 5.87                    LYUK BOTIR.ASM   4-12-2020  20:33:12         PAGE  6


SYMBOL TABLE
  LABEL                             VALUE 

C                                 00000000
CAL0                              00000002
CAL1                              00000003
CAL2                              00000004
CAL3                              00000005
CAL4                              00000006
CAL5                              00000007
CINV                              00000004
CIS                               00000003
CM0                               00000000
CM1                               00000001
CM2                               00000002
CMCON                             00000019
CMIE                              00000003
CMIF                              00000003
COUT                              00000006
DC                                00000001
EEADR                             0000009B
EECON1                            0000009C
EECON2                            0000009D
EEDAT                             0000009A
EEDATA                            0000009A
EEIE                              00000007
EEIF                              00000007
F                                 00000001
FSR                               00000004
GIE                               00000007
INDF                              00000000
INTCON                            0000000B
INTE                              00000004
INTEDG                            00000006
INTF                              00000001
IOC                               00000096
IOCA                              00000096
IOCA0                             00000000
IOCA1                             00000001
IOCA2                             00000002
IOCA3                             00000003
IOCA4                             00000004
IOCA5                             00000005
IRP                               00000007
NOT_BOD                           00000000
NOT_BOR                           00000000
NOT_GPPU                          00000007
NOT_PD                            00000003
NOT_POR                           00000001
NOT_RAPU                          00000007
NOT_T1SYNC                        00000002
NOT_TO                            00000004
OPTION_REG                        00000081
OSCCAL                            00000090
PCL                               00000002
PCLATH                            0000000A
MPASM 5.87                    LYUK BOTIR.ASM   4-12-2020  20:33:12         PAGE  7


SYMBOL TABLE
  LABEL                             VALUE 

PCON                              0000008E
PEIE                              00000006
PIE1                              0000008C
PIR1                              0000000C
PORTA                             00000005
PORTC                             00000007
PS0                               00000000
PS1                               00000001
PS2                               00000002
PSA                               00000003
RA0                               00000000
RA1                               00000001
RA2                               00000002
RA3                               00000003
RA4                               00000004
RA5                               00000005
RAIE                              00000003
RAIF                              00000000
RC0                               00000000
RC1                               00000001
RC2                               00000002
RC3                               00000003
RC4                               00000004
RC5                               00000005
RD                                00000000
RP0                               00000005
RP1                               00000006
Reg_1                             00000020
Reg_2                             00000021
Reg_3                             00000022
Reg_info                          00000023
STATUS                            00000003
T0CS                              00000005
T0IE                              00000005
T0IF                              00000002
T0SE                              00000004
T1CKPS0                           00000004
T1CKPS1                           00000005
T1CON                             00000010
T1IE                              00000000
T1IF                              00000000
T1OSCEN                           00000003
TMR0                              00000001
TMR0IE                            00000005
TMR0IF                            00000002
TMR1                              0000000E
TMR1CS                            00000001
TMR1GE                            00000006
TMR1H                             0000000F
TMR1IE                            00000000
TMR1IF                            00000000
TMR1L                             0000000E
TMR1ON                            00000000
MPASM 5.87                    LYUK BOTIR.ASM   4-12-2020  20:33:12         PAGE  8


SYMBOL TABLE
  LABEL                             VALUE 

TRISA                             00000085
TRISA0                            00000000
TRISA1                            00000001
TRISA2                            00000002
TRISA3                            00000003
TRISA4                            00000004
TRISA5                            00000005
TRISC                             00000087
TRISC0                            00000000
TRISC1                            00000001
TRISC2                            00000002
TRISC3                            00000003
TRISC4                            00000004
TRISC5                            00000005
VR0                               00000000
VR1                               00000001
VR2                               00000002
VR3                               00000003
VRCON                             00000099
VREN                              00000007
VRR                               00000005
W                                 00000000
WPU                               00000095
WPUA                              00000095
WPUA0                             00000000
WPUA1                             00000001
WPUA2                             00000002
WPUA4                             00000004
WPUA5                             00000005
WR                                00000001
WREN                              00000002
WRERR                             00000003
Z                                 00000002
_.org_0_0051                      00000051
_.org_0_0053                      00000053
_.org_0_0055                      00000055
_.org_0_0061                      00000061
_.org_0_0063                      00000063
_.org_0_0065                      00000065
_.org_0_0072                      00000072
_.org_0_0074                      00000074
_.org_0_0076                      00000076
_.org_0_0081                      00000081
_.org_0_0083                      00000083
_.org_0_0085                      00000085
_.org_0_008E                      0000008E
_.org_0_0090                      00000090
_.org_0_0092                      00000092
_.org_0_009B                      0000009B
_.org_0_009D                      0000009D
_BODEN                            00003FFF
_BODEN_OFF                        00003FBF
_BOREN_OFF                        00003FBF
MPASM 5.87                    LYUK BOTIR.ASM   4-12-2020  20:33:12         PAGE  9


SYMBOL TABLE
  LABEL                             VALUE 

_BOREN_ON                         00003FFF
_CONFIG                           00002007
_CP                               00003F7F
_CPD                              00003EFF
_CPD_OFF                          00003FFF
_CPD_ON                           00003EFF
_CP_OFF                           00003FFF
_CP_ON                            00003F7F
_DEVID1                           00002006
_EC_OSC                           00003FFB
_EXTRC_OSC_CLKOUT                 00003FFF
_EXTRC_OSC_NOCLKOUT               00003FFE
_FOSC_EC                          00003FFB
_FOSC_EXTRCCLK                    00003FFF
_FOSC_EXTRCIO                     00003FFE
_FOSC_HS                          00003FFA
_FOSC_INTRCCLK                    00003FFD
_FOSC_INTRCIO                     00003FFC
_FOSC_LP                          00003FF8
_FOSC_XT                          00003FF9
_HS_OSC                           00003FFA
_IDLOC0                           00002000
_IDLOC1                           00002001
_IDLOC2                           00002002
_IDLOC3                           00002003
_INTRC_OSC_CLKOUT                 00003FFD
_INTRC_OSC_NOCLKOUT               00003FFC
_LP_OSC                           00003FF8
_MCLRE_OFF                        00003FDF
_MCLRE_ON                         00003FFF
_PWRTE_OFF                        00003FFF
_PWRTE_ON                         00003FEF
_WDTE_OFF                         00003FF7
_WDTE_ON                          00003FFF
_WDT_OFF                          00003FF7
_WDT_ON                           00003FFF
_XT_OSC                           00003FF9
__16F630                          00000001
aux                               00000026
aux_10.5                          00000058
aux_3.5                           00000069
blok                              00000018
delay50ms                         00000096
delay_1                           0000007A
delay_20msekund                   00000087
delay_3.5                         00000048
prog                              00000014
sekund_10.5aux                    00000044
sekund_10.5info                   00000036
sekund_3.5                        0000002E
sekund_3.5aux                     00000032

MPASM 5.87                    LYUK BOTIR.ASM   4-12-2020  20:33:12         PAGE 10





Errors   :     0
Warnings :     1 reported,     0 suppressed
Messages :     0 reported,     9 suppressed

