MPASM 5.77                       KENCRBT.ASM   10-9-2019  17:01:36         PAGE  1


LOC  OBJECT CODE     LINE SOURCE TEXT
  VALUE

Warning[205]: Found directive in column 1. (list)
                      00001 list p=12f675
                      00002         #include <P12f675.INC>
                      00001         LIST
                      00002 
                      00003 ;==========================================================================
                      00004 ; Build date : Nov 22 2017
                      00005 ;  MPASM PIC12F675 processor include
                      00006 ; 
                      00007 ;  (c) Copyright 1999-2017 Microchip Technology, All rights reserved
                      00008 ;==========================================================================
                      00009 
                      00367         LIST
                      00003         ERRORLEVEL      -302            
2007   0014           00004         __CONFIG  00014H
                      00005         ;__CONFIG       _MCLRE_OFF & _PWRTE_OFF & _WDT_OFF & _INTRC_OSC_NOCLKOUT & _BODEN_OFF & _CPD_OFF
                      00006         #define   IR_LED    GPIO,2 ; ???????????? ?????????
  00000020            00007 count           equ     0x20    
  00000023            00008 f0              equ     0x23    
  00000024            00009 f1              equ     0x24     
  00000025            00010 strelkapasmax   equ     0x25    
  00000026            00011 strelkapasmin   equ     0x26    
  00000027            00012 qizilmax        equ     0x27
  00000028            00013 qizilmin        equ     0x28
  00000029            00014 powermax        equ     0x29
  0000002A            00015 powermin        equ     0x2A
  0000002B            00016 strelkachapmax  equ     0x2B
  0000002C            00017 strelkachapmin  equ     0x2C
  0000002D            00018 strelkaonmax    equ     0x2D
  0000002E            00019 strelkaonmin    equ     0x2E
  00000032            00020 Reg_1           equ     0x32            
  00000033            00021 Reg_2           equ     0x33
  00000034            00022 Reg_3           equ     0x34
  00000038            00023 volumpasmax     equ     0x38
  00000039            00024 volumpasmin     equ     0x39
  0000003A            00025 volumtepamax    equ     0x3A
  0000003B            00026 volumtepamin    equ     0x3B
  0000003C            00027 strelkatepamax  equ     0x3C
  0000003D            00028 strelkatepamin  equ     0x3D
  0000003E            00029 fCOUNTER        equ     0x3E
  0000003F            00030 fCOUNTER2       equ     0x3F 
  00000040            00031 yashilmax       equ     0x40
  00000041            00032 yashilmin       equ     0x41    
                      00033         org     0x00
0000   2???           00034         goto    Init
                      00035 ;***********************************************************************
0001   1283           00036 Init        bcf     STATUS, RP0         ; Bank 0
0002   0185           00037             clrf    GPIO                        ; aus!
0003   3007           00038             movlw   b'00000111'
0004   0099           00039             movwf   CMCON                       ; Comparator aus
0005   1683           00040             bsf     STATUS, RP0         ; Bank 1
0006   1105           00041             bcf     TRISIO,2
0007   1605           00042             bsf     TRISIO,4
MPASM 5.77                       KENCRBT.ASM   10-9-2019  17:01:36         PAGE  2


LOC  OBJECT CODE     LINE SOURCE TEXT
  VALUE

0008   1683           00043             bsf     STATUS, RP0         ; Bank 1
0009   3000           00044             movlw           b'00000000'
000A   0090           00045             movwf           OSCCAL
000B   1283           00046             bcf     STATUS, RP0         ; Bank 0
000C   138B           00047             bcf     INTCON, GIE         ; Int deaktiviert
                      00048 ;******************************************************************************
000D   141F           00049             BSF     ADCON0, ADON        ; ADON=1
000E   159F           00050             BSF     ADCON0, CHS1        ; ADCHS1=0
000F   151F           00051             BSF     ADCON0, CHS0        ; ADCHS0=0
0010   1683           00052             BSF     STATUS,RP0  ; Bank1
0011   019F           00053             clrf    ANSEL
0012   161F           00054             BSF     ANSEL, ADCS0        ; ADCS0=1 Fosc/8
0013   159F           00055             BSF     ANSEL, ANS3
0014   1283           00056             BCF     STATUS,RP0  ; Bank0
0015   131F           00057             BCF     ADCON0, VCFG        ; RA2=digital
0016   139F           00058             BCF     ADCON0, ADFM        ; ADFM=1 linksb?ndig
                      00059 
0017   30FC           00060             movlw   0xFC                ;4.85V
0018   00A5           00061             movwf   strelkapasmax
0019   30E4           00062             movlw   0xE4                ;4.45V
001A   00A6           00063             movwf   strelkapasmin
001B   30E4           00064             movlw   0xE4                ; 4.45V
001C   00A7           00065             movwf   qizilmax
001D   30CF           00066             movlw   0xCF                ; 3.97V
001E   00A8           00067             movwf   qizilmin
001F   30CF           00068             movlw   0xCF                ; 3.97V
0020   00C0           00069             movwf   yashilmax
0021   30C5           00070             movlw   0xC5                ; 3.80V
0022   00C1           00071             movwf   yashilmin
0023   30C5           00072             movlw   0xC5                ; 3.80V
0024   00A9           00073             movwf   powermax
0025   30BE           00074             movlw   0xBE                ; 3.55V
0026   00AA           00075             movwf   powermin
0027   30BE           00076             movlw   0xBE                ; 3.55V
0028   00AB           00077             movwf   strelkachapmax
0029   30AE           00078             movlw   0xAE                ; 3.32V
002A   00AC           00079             movwf   strelkachapmin
002B   30AE           00080             movlw   0xAE                ; 3.32V
002C   00AD           00081             movwf   strelkaonmax
002D   309F           00082             movlw   0x9F                ; 3.08V
002E   00AE           00083             movwf   strelkaonmin
002F   309F           00084             movlw   0x9F                ; 3.08V
0030   00B8           00085             movwf   volumpasmax
0031   3092           00086             movlw   0x92                ; 2.85V
0032   00B9           00087             movwf   volumpasmin
0033   3092           00088             movlw   0x92                ; 2.85V
0034   00BA           00089             movwf   volumtepamax
0035   3044           00090             movlw   0x44                ; 1.32V
0036   00BB           00091             movwf   volumtepamin
0037   3044           00092             movlw   0x44                ; 1.32V
0038   00BC           00093             movwf   strelkatepamax
0039   3001           00094             movlw   0x01                ; 0.00V
003A   00BD           00095             movwf   strelkatepamin
MPASM 5.77                       KENCRBT.ASM   10-9-2019  17:01:36         PAGE  3


LOC  OBJECT CODE     LINE SOURCE TEXT
  VALUE

                      00096 ;***********************************************************************
003B   2???           00097 Mainloop    call        UMessen1        ; AN0 nach f1,f0  (f1 is entscheidend)
003C   2???           00098             call        LED             ; LED ein-/ausschalten
003D   2???           00099             goto        Mainloop
                      00100 ;***********************************************************************
003E   149F           00101 UMessen1    BSF     ADCON0, 1   ; ADC starten       
003F   189F           00102 loop        BTFSC   ADCON0, 1   ; ist der ADC fertig?
0040   2???           00103             GOTO    loop                ; nein, weiter warten       
0041   081E           00104             movfw   ADRESH              ; obere  8 Bit auslesen
0042   00A4           00105             movwf   f1          ; obere  8-Bit nach f1
0043   1683           00106             bsf     STATUS,RP0  ; Bank1
0044   081E           00107             movfw   ADRESL              ; untere 2 Bit auslesen, werden aber  nicht ben?tigt
0045   1283           00108             bcf     STATUS,RP0  ; Bank0
0046   00A3           00109             movwf   f0          ; untere 2-Bit nach f0
0047   306C           00110             movlw       .108
0048   00B2           00111             movwf       Reg_1
0049   3048           00112             movlw       .72
004A   00B3           00113             movwf       Reg_2
004B   0BB2           00114             decfsz      Reg_1,F
004C   2???           00115             goto        $-1
004D   0BB3           00116             decfsz      Reg_2,F
004E   2???           00117             goto        $-3
004F   0000           00118             nop
0050   0008           00119             return
                      00120 ;***********************************************************************
0051   0825           00121 LED         MOVFW       strelkapasmax
0052   0224           00122             subwf       f1, w           ; w:=f1-w 
0053   1C03           00123             btfss       STATUS, C
0054   2???           00124             call        strelkapas              ; LED an
                      00125 
0055   0827           00126             MOVFW       qizilmax
0056   0224           00127             subwf       f1, w           ; w:=f1-w 
0057   1C03           00128             btfss       STATUS, C
0058   2???           00129             call        qizil           ; LED an
                      00130             
0059   0840           00131             MOVFW       yashilmax
005A   0224           00132             subwf       f1, w           ; w:=f1-w 
005B   1C03           00133             btfss       STATUS, C
005C   2???           00134             call        yashil          ; LED an
                      00135 
005D   0829           00136             MOVFW       powermax
005E   0224           00137             subwf       f1, w           ; w:=f1-w 
005F   1C03           00138             btfss       STATUS, C
0060   2???           00139             call        power           ; LED an
                      00140 
0061   082B           00141             MOVFW       strelkachapmax
0062   0224           00142             subwf       f1, w           ; w:=f1-w 
0063   1C03           00143             btfss       STATUS, C
0064   2???           00144             call        strelkachap     ; LED an
                      00145 
0065   082D           00146             MOVFW       strelkaonmax
0066   0224           00147             subwf       f1, w           ; w:=f1-w 
0067   1C03           00148             btfss       STATUS, C
MPASM 5.77                       KENCRBT.ASM   10-9-2019  17:01:36         PAGE  4


LOC  OBJECT CODE     LINE SOURCE TEXT
  VALUE

0068   2???           00149             call        strelkaon       ; LED an
                      00150 
0069   0838           00151             MOVFW       volumpasmax
006A   0224           00152             subwf       f1, w           ; w:=f1-w 
006B   1C03           00153             btfss       STATUS, C
006C   2???           00154             call        volumpas        ; LED an
                      00155 
006D   083A           00156             MOVFW       volumtepamax
006E   0224           00157             subwf       f1, w           ; w:=f1-w 
006F   1C03           00158             btfss       STATUS, C
0070   2???           00159             call        volumtepa       ; LED an
                      00160 
0071   083C           00161             MOVFW       strelkatepamax
0072   0224           00162             subwf       f1, w           ; w:=f1-w 
0073   1C03           00163             btfss       STATUS, C
0074   2???           00164             call        strelkatepa     ; LED an
0075   0008           00165             return
                      00166 ;***********************************************************************
0076   0826           00167 strelkapas  MOVFW       strelkapasmin
0077   0224           00168             subwf       f1, w           ; w:=f1-w 
0078   1803           00169             btfsc       STATUS, C
0079   2???           00170             call        cmstrelkapas
007A   0008           00171             return
007B   0828           00172 qizil       MOVFW       qizilmin
007C   0224           00173             subwf       f1, w           ; w:=f1-w 
007D   1803           00174             btfsc       STATUS, C
007E   2???           00175             call        cmqizil
007F   0008           00176             return
0080   0841           00177 yashil      MOVFW       yashilmin
0081   0224           00178             subwf       f1, w           ; w:=f1-w 
0082   1803           00179             btfsc       STATUS, C
0083   2???           00180             call        cmyashil
0084   0008           00181             return          
0085   082A           00182 power       MOVFW       powermin
0086   0224           00183             subwf       f1, w           ; w:=f1-w 
0087   1803           00184             btfsc       STATUS, C
0088   2???           00185             call        cmpower
0089   0008           00186             return
008A   082C           00187 strelkachap MOVFW       strelkachapmin
008B   0224           00188             subwf       f1, w           ; w:=f1-w 
008C   1803           00189             btfsc       STATUS, C
008D   2???           00190             call        cmstrelkachap
008E   0008           00191             return      
008F   082E           00192 strelkaon   MOVFW       strelkaonmin
0090   0224           00193             subwf       f1, w           ; w:=f1-w 
0091   1803           00194             btfsc       STATUS, C
0092   2???           00195             call        cmstrelkaon
0093   0008           00196             return      
0094   0839           00197 volumpas    MOVFW       volumpasmin
0095   0224           00198             subwf       f1, w           ; w:=f1-w 
0096   1803           00199             btfsc       STATUS, C
0097   2???           00200             call        cmvolumpas
0098   0008           00201             return      
MPASM 5.77                       KENCRBT.ASM   10-9-2019  17:01:36         PAGE  5


LOC  OBJECT CODE     LINE SOURCE TEXT
  VALUE

0099   083B           00202 volumtepa   MOVFW       volumtepamin
009A   0224           00203             subwf       f1, w           ; w:=f1-w 
009B   1803           00204             btfsc       STATUS, C
009C   2???           00205             call        cmvolumtepa
009D   0008           00206             return      
009E   083D           00207 strelkatepa MOVFW       strelkatepamin
009F   0224           00208             subwf       f1, w           ; w:=f1-w 
00A0   1803           00209             btfsc       STATUS, C
00A1   2???           00210             call        cmstrelkatepa
00A2   0008           00211             return      
                      00212 ;<<<<<<<<<<<<<<<<<<<<<<<<<<<<<<<<<<<<<<<<<<<<<<<<<<<<<<<<<<<<<<<<<<<<<<<<<<<<<
00A3                  00213 Big_delay ;=770*x+1     x=(delay-5)/770 ???????? ?????????? call ? return.
00A3   00BF           00214         movwf   fCOUNTER2
00A4   01BE           00215         clrf    fCOUNTER
00A5                  00216 BD_Loop94
00A5   0BBE           00217         decfsz  fCOUNTER,1
00A6   2???           00218         goto    BD_Loop94
00A7   0BBF           00219         decfsz  fCOUNTER2,1
00A8   2???           00220         goto    BD_Loop94
00A9   0008           00221         return
                      00222 ;-----------------------------------------------------------------------------  
00AA   2???           00223 cmstrelkapas    call    delayy9ms
00AB   2???           00224                 call    delayy4.5ms
00AC   2???           00225                 call    yarmi
00AD   2???           00226                 call    Send_1;      // 38
00AE   2???           00227                 call    Send_0;      // 39
00AF   2???           00228                 call    Send_1;      // 40
00B0   2???           00229                 call    Send_0;      // 41
00B1   2???           00230                 call    Send_1;      // 42
00B2   2???           00231                 call    Send_0;      // 43
00B3   2???           00232                 call    Send_1;      // 35
00B4   2???           00233                 call    Send_0;      // 36
00B5   2???           00234                 call    Send_0;      // 37
00B6   2???           00235                 call    Send_0;      // 38
00B7   2???           00236                 call    Send_1;      // 39
00B8   2???           00237                 call    Send_0;      // 40
00B9   2???           00238                 call    Send_0;      // 41
00BA   2???           00239                 call    Send_0;      // 42
00BB   2???           00240                 call    Send_1;      // 43
00BC   2???           00241                 call    Send_0;      // 43
00BD   2???           00242                 call    Send_1;      // 43
00BE   2???           00243                 call    Send_0;      // 43
00BF   2???           00244                 call    Send_1;      // 43
00C0   2???           00245                 call    Send_0;      // 43
00C1   2???           00246                 call    Send_1;      // 43
00C2   2???           00247                 call    Send_0;      // 43
00C3   2???           00248                 call    Send_1;      // 43
00C4   2???           00249                 call    Send_0;      // 43
00C5   2???           00250                 call    Send_0;      // 43
00C6   2???           00251                 call    Send_0;      // 43
00C7   2???           00252                 call    Send_1;      // 43
00C8   2???           00253                 call    Send_0;      // 43
00C9   2???           00254                 call    Send_0;      // 43
MPASM 5.77                       KENCRBT.ASM   10-9-2019  17:01:36         PAGE  6


LOC  OBJECT CODE     LINE SOURCE TEXT
  VALUE

00CA   2???           00255                 call    Send_0;      // 43
00CB   2???           00256                 call    Send_1;      // 43
00CC   2???           00257                 call    Send_0;      // 43
00CD   2???           00258                 call    Send_1;      // 43
00CE   2???           00259                 call    Send_0;      // 43
00CF   2???           00260                 call    Send_1;      // 43
00D0   2???           00261                 call    Send_0;      // 43
00D1   2???           00262                 call    Send_0;      // 43
00D2   2???           00263                 call    Send_0;      // 43
00D3   2???           00264                 call    Send_1;      // 43
00D4   2???           00265                 call    Send_0;      // 43
00D5   2???           00266                 call    Send_0;      // 43
00D6   2???           00267                 call    Send_0;      // 43
00D7   2???           00268                 call    Send_1;      // 43
00D8   2???           00269                 call    Send_0;      // 43
00D9   2???           00270                 call    Send_0;      // 43
00DA   2???           00271                 call    Send_0;      // 43
00DB   2???           00272                 call    Send_1;      // 43
00DC   2???           00273                 call    Send_0;      // 43
00DD   2???           00274                 call    Send_0;      // 43
00DE   2???           00275                 call    Send_0;      // 43
00DF   2???           00276                 call    Send_1;      // 43
00E0   2???           00277                 call    Send_0;      // 43
00E1   3020           00278                 movlw   d'32'
00E2   2???           00279                 call    Big_delay
00E3   0008           00280                 return
00E4                  00281 cmqizil
00E4   2???           00282                 call    delayy9ms
00E5   2???           00283                 call    delayy4.5ms
00E6   2???           00284                 call    yarmi
00E7   2???           00285                 call    Send_1;      // 38
00E8   2???           00286                 call    Send_0;      // 39
00E9   2???           00287                 call    Send_1;      // 40
00EA   2???           00288                 call    Send_0;      // 41
00EB   2???           00289                 call    Send_1;      // 42
00EC   2???           00290                 call    Send_0;      // 43
00ED   2???           00291                 call    Send_1;      // 35
00EE   2???           00292                 call    Send_0;      // 36
00EF   2???           00293                 call    Send_1;      // 37
00F0   2???           00294                 call    Send_0;      // 38
00F1   2???           00295                 call    Send_0;      // 39
00F2   2???           00296                 call    Send_0;      // 40
00F3   2???           00297                 call    Send_1;      // 41
00F4   2???           00298                 call    Send_0;      // 42
00F5   2???           00299                 call    Send_1;      // 43
00F6   2???           00300                 call    Send_0;      // 43
00F7   2???           00301                 call    Send_1;      // 43
00F8   2???           00302                 call    Send_0;      // 43
00F9   2???           00303                 call    Send_1;      // 43
00FA   2???           00304                 call    Send_0;      // 43
00FB   2???           00305                 call    Send_0;      // 43
00FC   2???           00306                 call    Send_0;      // 43
00FD   2???           00307                 call    Send_1;      // 43
MPASM 5.77                       KENCRBT.ASM   10-9-2019  17:01:36         PAGE  7


LOC  OBJECT CODE     LINE SOURCE TEXT
  VALUE

00FE   2???           00308                 call    Send_0;      // 43
00FF   2???           00309                 call    Send_0;      // 43
0100   2???           00310                 call    Send_0;      // 43
0101   2???           00311                 call    Send_1;      // 43
0102   2???           00312                 call    Send_0;      // 43
0103   2???           00313                 call    Send_0;      // 43
0104   2???           00314                 call    Send_0;      // 43
0105   2???           00315                 call    Send_1;      // 43
0106   2???           00316                 call    Send_0;      // 43
0107   2???           00317                 call    Send_0;      // 43
0108   2???           00318                 call    Send_0;      // 43
0109   2???           00319                 call    Send_1;      // 43
010A   2???           00320                 call    Send_0;      // 43
010B   2???           00321                 call    Send_1;      // 43
010C   2???           00322                 call    Send_0;      // 43
010D   2???           00323                 call    Send_0;      // 43
010E   2???           00324                 call    Send_0;      // 43
010F   2???           00325                 call    Send_1;      // 43
0110   2???           00326                 call    Send_0;      // 43
0111   2???           00327                 call    Send_0;      // 43
0112   2???           00328                 call    Send_0;      // 43
0113   2???           00329                 call    Send_1;      // 43
0114   2???           00330                 call    Send_0;      // 43
0115   2???           00331                 call    Send_0;      // 43
0116   2???           00332                 call    Send_0;      // 43
0117   2???           00333                 call    Send_1;      // 43
0118   2???           00334                 call    Send_0;      // 43
0119   2???           00335                 call    Send_1;      // 43
011A   2???           00336                 call    Send_0;      // 43
011B   3020           00337                 movlw   d'32'
011C   2???           00338                 call    Big_delay
011D   0008           00339                 return
011E                  00340 cmyashil
011E   2???           00341                 call    delayy9ms
011F   2???           00342                 call    delayy4.5ms
0120   2???           00343                 call    yarmi
0121   2???           00344                 call    Send_1;      // 38
0122   2???           00345                 call    Send_0;      // 39
0123   2???           00346                 call    Send_1;      // 40
0124   2???           00347                 call    Send_0;      // 41
0125   2???           00348                 call    Send_1;      // 42
0126   2???           00349                 call    Send_0;      // 43
0127   2???           00350                 call    Send_0;      // 35
0128   2???           00351                 call    Send_0;      // 36
0129   2???           00352                 call    Send_1;      // 37
012A   2???           00353                 call    Send_0;      // 38
012B   2???           00354                 call    Send_1;      // 39
012C   2???           00355                 call    Send_0;      // 40
012D   2???           00356                 call    Send_1;      // 41
012E   2???           00357                 call    Send_0;      // 42
012F   2???           00358                 call    Send_0;      // 43
0130   2???           00359                 call    Send_0;      // 43
0131   2???           00360                 call    Send_1;      // 43
MPASM 5.77                       KENCRBT.ASM   10-9-2019  17:01:36         PAGE  8


LOC  OBJECT CODE     LINE SOURCE TEXT
  VALUE

0132   2???           00361                 call    Send_0;      // 43
0133   2???           00362                 call    Send_1;      // 43
0134   2???           00363                 call    Send_0;      // 43
0135   2???           00364                 call    Send_1;      // 43
0136   2???           00365                 call    Send_0;      // 43
0137   2???           00366                 call    Send_0;      // 43
0138   2???           00367                 call    Send_0;      // 43
0139   2???           00368                 call    Send_1;      // 43
013A   2???           00369                 call    Send_0;      // 43
013B   2???           00370                 call    Send_0;      // 43
013C   2???           00371                 call    Send_0;      // 43
013D   2???           00372                 call    Send_1;      // 43
013E   2???           00373                 call    Send_0;      // 43
013F   2???           00374                 call    Send_1;      // 43
0140   2???           00375                 call    Send_0;      // 43
0141   2???           00376                 call    Send_0;      // 43
0142   2???           00377                 call    Send_0;      // 43
0143   2???           00378                 call    Send_1;      // 43
0144   2???           00379                 call    Send_0;      // 43
0145   2???           00380                 call    Send_0;      // 43
0146   2???           00381                 call    Send_0;      // 43
0147   2???           00382                 call    Send_1;      // 43
0148   2???           00383                 call    Send_0;      // 43
0149   2???           00384                 call    Send_1;      // 43
014A   2???           00385                 call    Send_0;      // 43
014B   2???           00386                 call    Send_0;      // 43
014C   2???           00387                 call    Send_0;      // 43
014D   2???           00388                 call    Send_1;      // 43
014E   2???           00389                 call    Send_0;      // 43
014F   2???           00390                 call    Send_0;      // 43
0150   2???           00391                 call    Send_0;      // 43
0151   2???           00392                 call    Send_1;      // 43
0152   2???           00393                 call    Send_0;      // 43
0153   2???           00394                 call    Send_1;      // 43
0154   2???           00395                 call    Send_0;      // 43
0155   3020           00396                 movlw   d'32'
0156   2???           00397                 call    Big_delay
0157   0008           00398                 return
                      00399         
0158   2???           00400 cmpower         call    delayy9ms
0159   2???           00401                 call    delayy4.5ms
015A   2???           00402                 call    yarmi
015B   2???           00403                 call    Send_1;      // 38
015C   2???           00404                 call    Send_0;      // 39
015D   2???           00405                 call    Send_1;      // 40
015E   2???           00406                 call    Send_0;      // 41
015F   2???           00407                 call    Send_0;      // 42
0160   2???           00408                 call    Send_0;      // 43
0161   2???           00409                 call    Send_1;      // 35
0162   2???           00410                 call    Send_0;      // 36
0163   2???           00411                 call    Send_0;      // 37
0164   2???           00412                 call    Send_0;      // 38
0165   2???           00413                 call    Send_1;      // 39
MPASM 5.77                       KENCRBT.ASM   10-9-2019  17:01:36         PAGE  9


LOC  OBJECT CODE     LINE SOURCE TEXT
  VALUE

0166   2???           00414                 call    Send_0;      // 40
0167   2???           00415                 call    Send_1;      // 41
0168   2???           00416                 call    Send_0;      // 42
0169   2???           00417                 call    Send_1;      // 43
016A   2???           00418                 call    Send_0;      // 43
016B   2???           00419                 call    Send_0;      // 43
016C   2???           00420                 call    Send_0;      // 43
016D   2???           00421                 call    Send_1;      // 43
016E   2???           00422                 call    Send_0;      // 43
016F   2???           00423                 call    Send_1;      // 43
0170   2???           00424                 call    Send_0;      // 43
0171   2???           00425                 call    Send_1;      // 43
0172   2???           00426                 call    Send_0;      // 43
0173   2???           00427                 call    Send_1;      // 43
0174   2???           00428                 call    Send_0;      // 43
0175   2???           00429                 call    Send_1;      // 43
0176   2???           00430                 call    Send_0;      // 43
0177   2???           00431                 call    Send_1;      // 43
0178   2???           00432                 call    Send_0;      // 43
0179   2???           00433                 call    Send_0;      // 43
017A   2???           00434                 call    Send_0;      // 43
017B   2???           00435                 call    Send_1;      // 43
017C   2???           00436                 call    Send_0;      // 43
017D   2???           00437                 call    Send_0;      // 43
017E   2???           00438                 call    Send_0;      // 43
017F   2???           00439                 call    Send_1;      // 43
0180   2???           00440                 call    Send_0;      // 43
0181   2???           00441                 call    Send_1;      // 43
0182   2???           00442                 call    Send_0;      // 43
0183   2???           00443                 call    Send_0;      // 43
0184   2???           00444                 call    Send_0;      // 43
0185   2???           00445                 call    Send_1;      // 43
0186   2???           00446                 call    Send_0;      // 43
0187   2???           00447                 call    Send_0;      // 43
0188   2???           00448                 call    Send_0;      // 43
0189   2???           00449                 call    Send_1;      // 43
018A   2???           00450                 call    Send_0;      // 43
018B   2???           00451                 call    Send_0;      // 43
018C   2???           00452                 call    Send_0;      // 43
018D   2???           00453                 call    Send_1;      // 43
018E   2???           00454                 call    Send_0;      // 43
018F   3020           00455                 movlw   d'32'
0190   2???           00456                 call    Big_delay
0191   0008           00457                 return
0192   2???           00458 cmstrelkachap   call    delayy9ms
0193   2???           00459                 call    delayy4.5ms
0194   2???           00460                 call    yarmi
0195   2???           00461                 call    Send_1;      // 39
0196   2???           00462                 call    Send_0;      // 40
0197   2???           00463                 call    Send_1;      // 41
0198   2???           00464                 call    Send_0;      // 42
0199   2???           00465                 call    Send_1;      // 43
019A   2???           00466                 call    Send_0;      // 44
MPASM 5.77                       KENCRBT.ASM   10-9-2019  17:01:36         PAGE 10


LOC  OBJECT CODE     LINE SOURCE TEXT
  VALUE

019B   2???           00467                 call    Send_0;      // 45
019C   2???           00468                 call    Send_0;      // 46
019D   2???           00469                 call    Send_1;      // 47
019E   2???           00470                 call    Send_0;      // 48
019F   2???           00471                 call    Send_1;      // 49
01A0   2???           00472                 call    Send_0;      // 50
01A1   2???           00473                 call    Send_0;      // 51
01A2   2???           00474                 call    Send_0;      // 52
01A3   2???           00475                 call    Send_1;      // 53
01A4   2???           00476                 call    Send_0;      // 54
01A5   2???           00477                 call    Send_1;      // 55
01A6   2???           00478                 call    Send_0;      // 56
01A7   2???           00479                 call    Send_1;      // 57
01A8   2???           00480                 call    Send_0;      // 58
01A9   2???           00481                 call    Send_1;      // 59
01AA   2???           00482                 call    Send_0;      // 60
01AB   2???           00483                 call    Send_1;      // 61
01AC   2???           00484                 call    Send_0;      // 62
01AD   2???           00485                 call    Send_0;      // 63
01AE   2???           00486                 call    Send_0;      // 64
01AF   2???           00487                 call    Send_1;      // 65
01B0   2???           00488                 call    Send_0;      // 66
01B1   2???           00489                 call    Send_1;      // 67
01B2   2???           00490                 call    Send_0;      // 68
01B3   2???           00491                 call    Send_0;      // 69
01B4   2???           00492                 call    Send_0;      // 70
01B5   2???           00493                 call    Send_1;      // 71
01B6   2???           00494                 call    Send_0;      // 72
01B7   2???           00495                 call    Send_1;      // 73
01B8   2???           00496                 call    Send_0;      // 74
01B9   2???           00497                 call    Send_0;      // 75
01BA   2???           00498                 call    Send_0;      // 76
01BB   2???           00499                 call    Send_1;      // 77
01BC   2???           00500                 call    Send_0;      // 78
01BD   2???           00501                 call    Send_0;      // 79
01BE   2???           00502                 call    Send_0;      // 80
01BF   2???           00503                 call    Send_1;      // 81
01C0   2???           00504                 call    Send_0;      // 82
01C1   2???           00505                 call    Send_0;      // 83
01C2   2???           00506                 call    Send_0;      // 84
01C3   2???           00507                 call    Send_1;      // 85
01C4   2???           00508                 call    Send_0;      // 86
01C5   2???           00509                 call    Send_0;      // 87
01C6   2???           00510                 call    Send_0;      // 88
01C7   2???           00511                 call    Send_1;      // 89
01C8   2???           00512                 call    Send_0;      // 90
01C9   3020           00513                 movlw   d'32'
01CA   2???           00514                 call    Big_delay
01CB   0008           00515                 return
01CC   2???           00516 cmstrelkaon     call    delayy9ms
01CD   2???           00517                 call    delayy4.5ms
01CE   2???           00518                 call    yarmi
01CF   2???           00519                 call    Send_1;      // 39
MPASM 5.77                       KENCRBT.ASM   10-9-2019  17:01:36         PAGE 11


LOC  OBJECT CODE     LINE SOURCE TEXT
  VALUE

01D0   2???           00520                 call    Send_0;      // 40
01D1   2???           00521                 call    Send_1;      // 41
01D2   2???           00522                 call    Send_0;      // 42
01D3   2???           00523                 call    Send_0;      // 43
01D4   2???           00524                 call    Send_0;      // 44
01D5   2???           00525                 call    Send_1;      // 45
01D6   2???           00526                 call    Send_0;      // 46
01D7   2???           00527                 call    Send_0;      // 47
01D8   2???           00528                 call    Send_0;      // 48
01D9   2???           00529                 call    Send_1;      // 49
01DA   2???           00530                 call    Send_0;      // 50
01DB   2???           00531                 call    Send_1;      // 51
01DC   2???           00532                 call    Send_0;      // 52
01DD   2???           00533                 call    Send_0;      // 53
01DE   2???           00534                 call    Send_0;      // 54
01DF   2???           00535                 call    Send_1;      // 55
01E0   2???           00536                 call    Send_0;      // 56
01E1   2???           00537                 call    Send_1;      // 57
01E2   2???           00538                 call    Send_0;      // 58
01E3   2???           00539                 call    Send_1;      // 59
01E4   2???           00540                 call    Send_0;      // 60
01E5   2???           00541                 call    Send_1;      // 61
01E6   2???           00542                 call    Send_0;      // 62
01E7   2???           00543                 call    Send_1;      // 63
01E8   2???           00544                 call    Send_0;      // 64
01E9   2???           00545                 call    Send_1;      // 65
01EA   2???           00546                 call    Send_0;      // 66
01EB   2???           00547                 call    Send_1;      // 67
01EC   2???           00548                 call    Send_0;      // 68
01ED   2???           00549                 call    Send_0;      // 69
01EE   2???           00550                 call    Send_0;      // 70
01EF   2???           00551                 call    Send_1;      // 71
01F0   2???           00552                 call    Send_0;      // 72
01F1   2???           00553                 call    Send_1;      // 73
01F2   2???           00554                 call    Send_0;      // 74
01F3   2???           00555                 call    Send_0;      // 75
01F4   2???           00556                 call    Send_0;      // 76
01F5   2???           00557                 call    Send_1;      // 77
01F6   2???           00558                 call    Send_0;      // 78
01F7   2???           00559                 call    Send_0;      // 79
01F8   2???           00560                 call    Send_0;      // 80
01F9   2???           00561                 call    Send_1;      // 81
01FA   2???           00562                 call    Send_0;      // 82
01FB   2???           00563                 call    Send_0;      // 83
01FC   2???           00564                 call    Send_0;      // 84
01FD   2???           00565                 call    Send_1;      // 85
01FE   2???           00566                 call    Send_0;      // 86
01FF   2???           00567                 call    Send_0;      // 87
0200   2???           00568                 call    Send_0;      // 88
0201   2???           00569                 call    Send_1;      // 89
0202   2???           00570                 call    Send_0;      // 90
0203   3020           00571                 movlw   d'32'
0204   2???           00572                 call    Big_delay
MPASM 5.77                       KENCRBT.ASM   10-9-2019  17:01:36         PAGE 12


LOC  OBJECT CODE     LINE SOURCE TEXT
  VALUE

0205   0008           00573                 return
0206   2???           00574 cmvolumpas      call    delayy9ms
0207   2???           00575                 call    delayy4.5ms
0208   2???           00576                 call    yarmi
0209   2???           00577                 call    Send_1;      // 39
020A   2???           00578                 call    Send_0;      // 40
020B   2???           00579                 call    Send_1;      // 41
020C   2???           00580                 call    Send_0;      // 42
020D   2???           00581                 call    Send_0;      // 43
020E   2???           00582                 call    Send_0;      // 44
020F   2???           00583                 call    Send_1;      // 45
0210   2???           00584                 call    Send_0;      // 46
0211   2???           00585                 call    Send_1;      // 47
0212   2???           00586                 call    Send_0;      // 48
0213   2???           00587                 call    Send_0;      // 49
0214   2???           00588                 call    Send_0;      // 50
0215   2???           00589                 call    Send_1;      // 51
0216   2???           00590                 call    Send_0;      // 52
0217   2???           00591                 call    Send_1;      // 53
0218   2???           00592                 call    Send_0;      // 54
0219   2???           00593                 call    Send_0;      // 55
021A   2???           00594                 call    Send_0;      // 56
021B   2???           00595                 call    Send_1;      // 57
021C   2???           00596                 call    Send_0;      // 58
021D   2???           00597                 call    Send_1;      // 59
021E   2???           00598                 call    Send_0;      // 60
021F   2???           00599                 call    Send_1;      // 61
0220   2???           00600                 call    Send_0;      // 62
0221   2???           00601                 call    Send_1;      // 63
0222   2???           00602                 call    Send_0;      // 64
0223   2???           00603                 call    Send_1;      // 65
0224   2???           00604                 call    Send_0;      // 66
0225   2???           00605                 call    Send_0;      // 67
0226   2???           00606                 call    Send_0;      // 68
0227   2???           00607                 call    Send_1;      // 69
0228   2???           00608                 call    Send_0;      // 70
0229   2???           00609                 call    Send_1;      // 71
022A   2???           00610                 call    Send_0;      // 72
022B   2???           00611                 call    Send_0;      // 73
022C   2???           00612                 call    Send_0;      // 74
022D   2???           00613                 call    Send_1;      // 75
022E   2???           00614                 call    Send_0;      // 76
022F   2???           00615                 call    Send_1;      // 77
0230   2???           00616                 call    Send_0;      // 78
0231   2???           00617                 call    Send_0;      // 79
0232   2???           00618                 call    Send_0;      // 80
0233   2???           00619                 call    Send_1;      // 81
0234   2???           00620                 call    Send_0;      // 82
0235   2???           00621                 call    Send_0;      // 83
0236   2???           00622                 call    Send_0;      // 84
0237   2???           00623                 call    Send_1;      // 85
0238   2???           00624                 call    Send_0;      // 86
0239   2???           00625                 call    Send_0;      // 87
MPASM 5.77                       KENCRBT.ASM   10-9-2019  17:01:36         PAGE 13


LOC  OBJECT CODE     LINE SOURCE TEXT
  VALUE

023A   2???           00626                 call    Send_0;      // 88
023B   2???           00627                 call    Send_1;      // 89
023C   2???           00628                 call    Send_0;      // 90
023D   3020           00629                 movlw   d'32'
023E   2???           00630                 call    Big_delay
023F   0008           00631                 return
0240   2???           00632 cmvolumtepa     call    delayy9ms
0241   2???           00633                 call    delayy4.5ms
0242   2???           00634                 call    yarmi
0243   2???           00635                 call    Send_1;      // 39
0244   2???           00636                 call    Send_0;      // 40
0245   2???           00637                 call    Send_1;      // 41
0246   2???           00638                 call    Send_0;      // 42
0247   2???           00639                 call    Send_1;      // 43
0248   2???           00640                 call    Send_0;      // 44
0249   2???           00641                 call    Send_1;      // 45
024A   2???           00642                 call    Send_0;      // 46
024B   2???           00643                 call    Send_0;      // 47
024C   2???           00644                 call    Send_0;      // 48
024D   2???           00645                 call    Send_1;      // 49
024E   2???           00646                 call    Send_0;      // 50
024F   2???           00647                 call    Send_1;      // 51
0250   2???           00648                 call    Send_0;      // 52
0251   2???           00649                 call    Send_0;      // 53
0252   2???           00650                 call    Send_0;      // 54
0253   2???           00651                 call    Send_1;      // 55
0254   2???           00652                 call    Send_0;      // 56
0255   2???           00653                 call    Send_1;      // 57
0256   2???           00654                 call    Send_0;      // 58
0257   2???           00655                 call    Send_1;      // 59
0258   2???           00656                 call    Send_0;      // 60
0259   2???           00657                 call    Send_1;      // 61
025A   2???           00658                 call    Send_0;      // 62
025B   2???           00659                 call    Send_0;      // 63
025C   2???           00660                 call    Send_0;      // 64
025D   2???           00661                 call    Send_1;      // 65
025E   2???           00662                 call    Send_0;      // 66
025F   2???           00663                 call    Send_0;      // 67
0260   2???           00664                 call    Send_0;      // 68
0261   2???           00665                 call    Send_1;      // 69
0262   2???           00666                 call    Send_0;      // 70
0263   2???           00667                 call    Send_1;      // 71
0264   2???           00668                 call    Send_0;      // 72
0265   2???           00669                 call    Send_0;      // 73
0266   2???           00670                 call    Send_0;      // 74
0267   2???           00671                 call    Send_1;      // 75
0268   2???           00672                 call    Send_0;      // 76
0269   2???           00673                 call    Send_1;      // 77
026A   2???           00674                 call    Send_0;      // 78
026B   2???           00675                 call    Send_0;      // 79
026C   2???           00676                 call    Send_0;      // 80
026D   2???           00677                 call    Send_1;      // 81
026E   2???           00678                 call    Send_0;      // 82
MPASM 5.77                       KENCRBT.ASM   10-9-2019  17:01:36         PAGE 14


LOC  OBJECT CODE     LINE SOURCE TEXT
  VALUE

026F   2???           00679                 call    Send_0;      // 83
0270   2???           00680                 call    Send_0;      // 84
0271   2???           00681                 call    Send_1;      // 85
0272   2???           00682                 call    Send_0;      // 86
0273   2???           00683                 call    Send_0;      // 87
0274   2???           00684                 call    Send_0;      // 88
0275   2???           00685                 call    Send_1;      // 89
0276   2???           00686                 call    Send_0;      // 90
0277   3020           00687                 movlw   d'32'
0278   2???           00688                 call    Big_delay
0279   0008           00689                 return
027A                  00690 cmstrelkatepa
027A   2???           00691                 call    delayy9ms
027B   2???           00692                 call    delayy4.5ms
027C   2???           00693                 call    yarmi
027D   2???           00694                 call    Send_1;      // 38
027E   2???           00695                 call    Send_0;      // 39
027F   2???           00696                 call    Send_1;      // 40
0280   2???           00697                 call    Send_0;      // 41
0281   2???           00698                 call    Send_0;      // 42
0282   2???           00699                 call    Send_0;      // 43
0283   2???           00700                 call    Send_1;      // 44
0284   2???           00701                 call    Send_0;      // 45
0285   2???           00702                 call    Send_1;      // 46
0286   2???           00703                 call    Send_0;      // 47
0287   2???           00704                 call    Send_0;      // 48
0288   2???           00705                 call    Send_0;      // 49
0289   2???           00706                 call    Send_1;      // 50
028A   2???           00707                 call    Send_0;      // 51
028B   2???           00708                 call    Send_0;      // 52
028C   2???           00709                 call    Send_0;      // 53
028D   2???           00710                 call    Send_1;      // 54
028E   2???           00711                 call    Send_0;      // 55
028F   2???           00712                 call    Send_1;      // 56
0290   2???           00713                 call    Send_0;      // 57
0291   2???           00714                 call    Send_1;      // 58
0292   2???           00715                 call    Send_0;      // 59
0293   2???           00716                 call    Send_1;      // 60
0294   2???           00717                 call    Send_0;      // 61
0295   2???           00718                 call    Send_1;      // 62
0296   2???           00719                 call    Send_0;      // 63
0297   2???           00720                 call    Send_1;      // 64
0298   2???           00721                 call    Send_0;      // 65
0299   2???           00722                 call    Send_0;      // 66
029A   2???           00723                 call    Send_0;      // 67
029B   2???           00724                 call    Send_1;      // 68
029C   2???           00725                 call    Send_0;      // 69
029D   2???           00726                 call    Send_1;      // 70
029E   2???           00727                 call    Send_0;      // 71
029F   2???           00728                 call    Send_1;      // 72
02A0   2???           00729                 call    Send_0;      // 73
02A1   2???           00730                 call    Send_0;      // 74
02A2   2???           00731                 call    Send_0;      // 75
MPASM 5.77                       KENCRBT.ASM   10-9-2019  17:01:36         PAGE 15


LOC  OBJECT CODE     LINE SOURCE TEXT
  VALUE

02A3   2???           00732                 call    Send_1;      // 76
02A4   2???           00733                 call    Send_0;      // 77
02A5   2???           00734                 call    Send_0;      // 78
02A6   2???           00735                 call    Send_0;      // 79
02A7   2???           00736                 call    Send_1;      // 80
02A8   2???           00737                 call    Send_0;      // 81
02A9   2???           00738                 call    Send_0;      // 82
02AA   2???           00739                 call    Send_0;      // 83
02AB   2???           00740                 call    Send_1;      // 84
02AC   2???           00741                 call    Send_0;      // 85
02AD   2???           00742                 call    Send_0;      // 86
02AE   2???           00743                 call    Send_0;      // 87
02AF   2???           00744                 call    Send_1;      // 88
02B0   2???           00745                 call    Send_0;      // 89
02B1   3020           00746                 movlw   d'32'
02B2   2???           00747                 call    Big_delay
02B3   0008           00748                 return
02B4   2???           00749 yarmi           call    Send_1;      // 86
02B5   2???           00750                 call    Send_0;      // 87
02B6   2???           00751                 call    Send_0;      // 88
02B7   2???           00752                 call    Send_0;      // 89
02B8   2???           00753                 call    Send_1;      // 0
02B9   2???           00754                 call    Send_0;      // 1
02BA   2???           00755                 call    Send_1;      // 2
02BB   2???           00756                 call    Send_0;      // 3
02BC   2???           00757                 call    Send_1;      // 4
02BD   2???           00758                 call    Send_0;      // 5
02BE   2???           00759                 call    Send_0;      // 6
02BF   2???           00760                 call    Send_0;      // 7
02C0   2???           00761                 call    Send_1;      // 8
02C1   2???           00762                 call    Send_0;      // 9
02C2   2???           00763                 call    Send_0;      // 10
02C3   2???           00764                 call    Send_0;      // 11
02C4   2???           00765                 call    Send_1;      // 12
02C5   2???           00766                 call    Send_0;      // 13
02C6   2???           00767                 call    Send_0;      // 14
02C7   2???           00768                 call    Send_0;      // 15
02C8   2???           00769                 call    Send_1;      // 16
02C9   2???           00770                 call    Send_0;      // 17
02CA   2???           00771                 call    Send_1;      // 19
02CB   2???           00772                 call    Send_0;      // 20
02CC   2???           00773                 call    Send_0;      // 21
02CD   2???           00774                 call    Send_0;      // 22
02CE   2???           00775                 call    Send_1;      // 23
02CF   2???           00776                 call    Send_0;      // 24
02D0   2???           00777                 call    Send_1;      // 25
02D1   2???           00778                 call    Send_0;      // 26
02D2   2???           00779                 call    Send_0;      // 27
02D3   2???           00780                 call    Send_0;      // 28
02D4   2???           00781                 call    Send_1;      // 29
02D5   2???           00782                 call    Send_0;      // 30
02D6   2???           00783                 call    Send_0;      // 31
02D7   2???           00784                 call    Send_0;      // 32
MPASM 5.77                       KENCRBT.ASM   10-9-2019  17:01:36         PAGE 16


LOC  OBJECT CODE     LINE SOURCE TEXT
  VALUE

02D8   2???           00785                 call    Send_1;      // 33
02D9   2???           00786                 call    Send_0;      // 34
02DA   2???           00787                 call    Send_1;      // 35
02DB   2???           00788                 call    Send_0;      // 36
02DC   2???           00789                 call    Send_1;      // 37
02DD   2???           00790                 call    Send_0;      // 38
02DE   2???           00791                 call    Send_1;      // 39
02DF   2???           00792                 call    Send_0;      // 40
02E0   2???           00793                 call    Send_0;      // 41
02E1   2???           00794                 call    Send_0;      // 42
02E2   0008           00795                 return
02E3   2???           00796 bt              call    delayy9ms
02E4   2???           00797                 call    delayy4.5ms
02E5   2???           00798                 call    yarmi
02E6   2???           00799                 call    Send_1;      // 38
02E7   2???           00800                 call    Send_0;      // 39
02E8   2???           00801                 call    Send_1;      // 40
02E9   2???           00802                 call    Send_0;      // 41
02EA   2???           00803                 call    Send_0;      // 42
02EB   2???           00804                 call    Send_0;      // 43
02EC   2???           00805                 call    Send_1;      // 35
02ED   2???           00806                 call    Send_0;      // 36
02EE   2???           00807                 call    Send_0;      // 37
02EF   2???           00808                 call    Send_0;      // 38
02F0   2???           00809                 call    Send_1;      // 39
02F1   2???           00810                 call    Send_0;      // 40
02F2   2???           00811                 call    Send_0;      // 41
02F3   2???           00812                 call    Send_0;      // 42
02F4   2???           00813                 call    Send_1;      // 43
02F5   2???           00814                 call    Send_0;      // 43
02F6   2???           00815                 call    Send_1;      // 43
02F7   2???           00816                 call    Send_0;      // 43
02F8   2???           00817                 call    Send_0;      // 43
02F9   2???           00818                 call    Send_0;      // 43
02FA   2???           00819                 call    Send_1;      // 43
02FB   2???           00820                 call    Send_0;      // 43
02FC   2???           00821                 call    Send_1;      // 43
02FD   2???           00822                 call    Send_0;      // 43
02FE   2???           00823                 call    Send_1;      // 43
02FF   2???           00824                 call    Send_0;      // 43
0300   2???           00825                 call    Send_0;      // 43
0301   2???           00826                 call    Send_0;      // 43
0302   2???           00827                 call    Send_1;      // 43
0303   2???           00828                 call    Send_0;      // 43
0304   2???           00829                 call    Send_1;      // 43
0305   2???           00830                 call    Send_0;      // 43
0306   2???           00831                 call    Send_1;      // 43
0307   2???           00832                 call    Send_0;      // 43
0308   2???           00833                 call    Send_1;      // 43
0309   2???           00834                 call    Send_0;      // 43
030A   2???           00835                 call    Send_0;      // 43
030B   2???           00836                 call    Send_0;      // 43
030C   2???           00837                 call    Send_1;      // 43
MPASM 5.77                       KENCRBT.ASM   10-9-2019  17:01:36         PAGE 17


LOC  OBJECT CODE     LINE SOURCE TEXT
  VALUE

030D   2???           00838                 call    Send_0;      // 43
030E   2???           00839                 call    Send_1;      // 43
030F   2???           00840                 call    Send_0;      // 43
0310   2???           00841                 call    Send_0;      // 43
0311   2???           00842                 call    Send_0;      // 43
0312   2???           00843                 call    Send_1;      // 43
0313   2???           00844                 call    Send_0;      // 43
0314   2???           00845                 call    Send_0;      // 43
0315   2???           00846                 call    Send_0;      // 43
0316   2???           00847                 call    Send_1;      // 43
0317   2???           00848                 call    Send_0;      // 43
0318   2???           00849                 call    Send_1;      // 43
0319   2???           00850                 call    Send_0;      // 43
031A   3020           00851                 movlw   d'32'
031B   2???           00852                 call    Big_delay
                      00853                 
031C   3013           00854 Send_1          movlw   d'19'       ; 527 millisekund
031D   00B2           00855                 movwf   Reg_1
031E   1505           00856 Send1_Loop      bsf     IR_LED
031F   0000           00857                 nop
0320   0000           00858                 nop
0321   0000           00859                 nop
0322   0000           00860                 nop
0323   0000           00861                 nop
0324   0000           00862                 nop
0325   0000           00863                 nop
0326   0000           00864                 nop
0327   0000           00865                 nop
0328   0000           00866                 nop
0329   0000           00867                 nop
032A   0000           00868                 nop
032B   1105           00869                 bcf     IR_LED
032C   0000           00870                 nop
032D   0000           00871                 nop
032E   0000           00872                 nop
032F   0000           00873                 nop
0330   0000           00874                 nop
0331   0000           00875                 nop
0332   0000           00876                 nop
0333   0000           00877                 nop
0334   0000           00878                 nop
0335   0000           00879                 nop
0336   0BB2           00880                 decfsz  Reg_1,1
0337   2???           00881                 goto    Send1_Loop
0338   0008           00882                 return
                      00883 ;-----------------------------------------------------------------------------          
0339   3013           00884 Send_0          movlw   d'19'   ;527 millisekund
033A   00B2           00885                 movwf   Reg_1
033B   1105           00886 Send0_Loop      bcf     IR_LED
033C   0000           00887                 nop
033D   0000           00888                 nop
033E   0000           00889                 nop
033F   0000           00890                 nop
MPASM 5.77                       KENCRBT.ASM   10-9-2019  17:01:36         PAGE 18


LOC  OBJECT CODE     LINE SOURCE TEXT
  VALUE

0340   0000           00891                 nop
0341   0000           00892                 nop
0342   0000           00893                 nop
0343   0000           00894                 nop
0344   0000           00895                 nop
0345   0000           00896                 nop
0346   0000           00897                 nop
0347   0000           00898                 nop
0348   1105           00899                 bcf     IR_LED
0349   0000           00900                 nop
034A   0000           00901                 nop
034B   0000           00902                 nop
034C   0000           00903                 nop
034D   0000           00904                 nop
034E   0000           00905                 nop
034F   0000           00906                 nop
0350   0000           00907                 nop
0351   0000           00908                 nop
0352   0000           00909                 nop
0353   0BB2           00910                 decfsz  Reg_1,1
0354   2???           00911                 goto    Send0_Loop
0355   0008           00912                 return
                      00913 ;-----------------------------------------------------------------------------
0356   30B9           00914 delayy9ms       movlw   d'185'
0357   00B2           00915                 movwf   Reg_1
0358   1505           00916 Send0_Loopp     bsf     IR_LED
0359   0000           00917                 nop
035A   0000           00918                 nop
035B   0000           00919                 nop
035C   0000           00920                 nop
035D   0000           00921                 nop
035E   0000           00922                 nop
035F   0000           00923                 nop
0360   0000           00924                 nop
0361   0000           00925                 nop
0362   0000           00926                 nop
0363   0000           00927                 nop
0364   0000           00928                 nop
0365   1105           00929                 bcf     IR_LED
0366   0000           00930                 nop
0367   0000           00931                 nop
0368   0000           00932                 nop
0369   0000           00933                 nop
036A   0000           00934                 nop
036B   0000           00935                 nop
036C   0000           00936                 nop
036D   0000           00937                 nop
036E   0000           00938                 nop
036F   0000           00939                 nop
0370   0BB2           00940                 decfsz  Reg_1,1
0371   2???           00941                 goto    Send0_Loopp
0372   3084           00942                 movlw   d'132'
0373   00B2           00943                 movwf   Reg_1
MPASM 5.77                       KENCRBT.ASM   10-9-2019  17:01:36         PAGE 19


LOC  OBJECT CODE     LINE SOURCE TEXT
  VALUE

0374   1505           00944 Send0_Loopp1    bsf     IR_LED
0375   0000           00945                 nop
0376   0000           00946                 nop
0377   0000           00947                 nop
0378   0000           00948                 nop
0379   0000           00949                 nop
037A   0000           00950                 nop
037B   0000           00951                 nop
037C   0000           00952                 nop
037D   0000           00953                 nop
037E   0000           00954                 nop
037F   0000           00955                 nop
0380   0000           00956                 nop
0381   1105           00957                 bcf     IR_LED
0382   0000           00958                 nop
0383   0000           00959                 nop
0384   0000           00960                 nop
0385   0000           00961                 nop
0386   0000           00962                 nop
0387   0000           00963                 nop
0388   0000           00964                 nop
0389   0000           00965                 nop
038A   0000           00966                 nop
038B   0000           00967                 nop
038C   0BB2           00968                 decfsz  Reg_1,1
038D   2???           00969                 goto    Send0_Loopp1
038E   0008           00970                 return
038F   30AA           00971 delayy4.5ms     movlw       .170
0390   00B2           00972                 movwf       Reg_1
0391   3006           00973                 movlw       .6
0392   00B3           00974                 movwf       Reg_2
0393   0BB2           00975                 decfsz      Reg_1,F
0394   2???           00976                 goto        $-1
0395   0BB3           00977                 decfsz      Reg_2,F
0396   2???           00978                 goto        $-3
0397   0008           00979                 return
                      00980 ;-----------------------------------------------------------------------------  
0014                  00981                 end
MPASM 5.77                       KENCRBT.ASM   10-9-2019  17:01:36         PAGE 20


SYMBOL TABLE
  LABEL                             VALUE 

ADCON0                            0000001F
ADCS0                             00000004
ADCS1                             00000005
ADCS2                             00000006
ADFM                              00000007
ADIE                              00000006
ADIF                              00000006
ADON                              00000000
ADRESH                            0000001E
ADRESL                            0000009E
ANS0                              00000000
ANS1                              00000001
ANS2                              00000002
ANS3                              00000003
ANSEL                             0000009F
BD_Loop94                         000000A5
Big_delay                         000000A3
C                                 00000000
CAL0                              00000002
CAL1                              00000003
CAL2                              00000004
CAL3                              00000005
CAL4                              00000006
CAL5                              00000007
CHS0                              00000002
CHS1                              00000003
CINV                              00000004
CIS                               00000003
CM0                               00000000
CM1                               00000001
CM2                               00000002
CMCON                             00000019
CMIE                              00000003
CMIF                              00000003
COUT                              00000006
DC                                00000001
EEADR                             0000009B
EECON1                            0000009C
EECON2                            0000009D
EEDAT                             0000009A
EEDATA                            0000009A
EEIE                              00000007
EEIF                              00000007
F                                 00000001
FSR                               00000004
GIE                               00000007
GO                                00000001
GO_DONE                           00000001
GO_NOT_DONE                       00000001
GP0                               00000000
GP1                               00000001
GP2                               00000002
GP3                               00000003
MPASM 5.77                       KENCRBT.ASM   10-9-2019  17:01:36         PAGE 21


SYMBOL TABLE
  LABEL                             VALUE 

GP4                               00000004
GP5                               00000005
GPIE                              00000003
GPIF                              00000000
GPIO                              00000005
GPIO0                             00000000
GPIO1                             00000001
GPIO2                             00000002
GPIO3                             00000003
GPIO4                             00000004
GPIO5                             00000005
INDF                              00000000
INTCON                            0000000B
INTE                              00000004
INTEDG                            00000006
INTF                              00000001
IOC                               00000096
IOC0                              00000000
IOC1                              00000001
IOC2                              00000002
IOC3                              00000003
IOC4                              00000004
IOC5                              00000005
IOCB                              00000096
IOCB0                             00000000
IOCB1                             00000001
IOCB2                             00000002
IOCB3                             00000003
IOCB4                             00000004
IOCB5                             00000005
IRP                               00000007
IR_LED                            GPIO,2
Init                              00000001
LED                               00000051
Mainloop                          0000003B
NOT_BOD                           00000000
NOT_BOR                           00000000
NOT_DONE                          00000001
NOT_GPPU                          00000007
NOT_PD                            00000003
NOT_POR                           00000001
NOT_T1SYNC                        00000002
NOT_TO                            00000004
OPTION_REG                        00000081
OSCCAL                            00000090
PCL                               00000002
PCLATH                            0000000A
PCON                              0000008E
PEIE                              00000006
PIE1                              0000008C
PIR1                              0000000C
PS0                               00000000
PS1                               00000001
MPASM 5.77                       KENCRBT.ASM   10-9-2019  17:01:36         PAGE 22


SYMBOL TABLE
  LABEL                             VALUE 

PS2                               00000002
PSA                               00000003
RD                                00000000
RP0                               00000005
RP1                               00000006
Reg_1                             00000032
Reg_2                             00000033
Reg_3                             00000034
STATUS                            00000003
Send0_Loop                        0000033B
Send0_Loopp                       00000358
Send0_Loopp1                      00000374
Send1_Loop                        0000031E
Send_0                            00000339
Send_1                            0000031C
T0CS                              00000005
T0IE                              00000005
T0IF                              00000002
T0SE                              00000004
T1CKPS0                           00000004
T1CKPS1                           00000005
T1CON                             00000010
T1IE                              00000000
T1IF                              00000000
T1OSCEN                           00000003
TMR0                              00000001
TMR0IE                            00000005
TMR0IF                            00000002
TMR1                              0000000E
TMR1CS                            00000001
TMR1GE                            00000006
TMR1H                             0000000F
TMR1IE                            00000000
TMR1IF                            00000000
TMR1L                             0000000E
TMR1ON                            00000000
TRISIO                            00000085
TRISIO0                           00000000
TRISIO1                           00000001
TRISIO2                           00000002
TRISIO3                           00000003
TRISIO4                           00000004
TRISIO5                           00000005
UMessen1                          0000003E
VCFG                              00000006
VR0                               00000000
VR1                               00000001
VR2                               00000002
VR3                               00000003
VRCON                             00000099
VREN                              00000007
VRR                               00000005
W                                 00000000
MPASM 5.77                       KENCRBT.ASM   10-9-2019  17:01:36         PAGE 23


SYMBOL TABLE
  LABEL                             VALUE 

WPU                               00000095
WPU0                              00000000
WPU1                              00000001
WPU2                              00000002
WPU4                              00000004
WPU5                              00000005
WR                                00000001
WREN                              00000002
WRERR                             00000003
Z                                 00000002
_.org_0_004C                      0000004C
_.org_0_004E                      0000004E
_.org_0_0394                      00000394
_.org_0_0396                      00000396
_BODEN_OFF                        00003FBF
_BODEN_ON                         00003FFF
_BOREN_OFF                        00003FBF
_BOREN_ON                         00003FFF
_CONFIG                           00002007
_CPD_OFF                          00003FFF
_CPD_ON                           00003EFF
_CP_OFF                           00003FFF
_CP_ON                            00003F7F
_DEVID1                           00002006
_EC_OSC                           00003FFB
_EXTRC_OSC_CLKOUT                 00003FFF
_EXTRC_OSC_NOCLKOUT               00003FFE
_FOSC_EC                          00003FFB
_FOSC_EXTRCCLK                    00003FFF
_FOSC_EXTRCIO                     00003FFE
_FOSC_HS                          00003FFA
_FOSC_INTRCCLK                    00003FFD
_FOSC_INTRCIO                     00003FFC
_FOSC_LP                          00003FF8
_FOSC_XT                          00003FF9
_HS_OSC                           00003FFA
_IDLOC0                           00002000
_IDLOC1                           00002001
_IDLOC2                           00002002
_IDLOC3                           00002003
_INTRC_OSC_CLKOUT                 00003FFD
_INTRC_OSC_NOCLKOUT               00003FFC
_LP_OSC                           00003FF8
_MCLRE_OFF                        00003FDF
_MCLRE_ON                         00003FFF
_PWRTE_OFF                        00003FFF
_PWRTE_ON                         00003FEF
_WDTE_OFF                         00003FF7
_WDTE_ON                          00003FFF
_WDT_OFF                          00003FF7
_WDT_ON                           00003FFF
_XT_OSC                           00003FF9
__12F675                          00000001
MPASM 5.77                       KENCRBT.ASM   10-9-2019  17:01:36         PAGE 24


SYMBOL TABLE
  LABEL                             VALUE 

bt                                000002E3
cmpower                           00000158
cmqizil                           000000E4
cmstrelkachap                     00000192
cmstrelkaon                       000001CC
cmstrelkapas                      000000AA
cmstrelkatepa                     0000027A
cmvolumpas                        00000206
cmvolumtepa                       00000240
cmyashil                          0000011E
count                             00000020
delayy4.5ms                       0000038F
delayy9ms                         00000356
f0                                00000023
f1                                00000024
fCOUNTER                          0000003E
fCOUNTER2                         0000003F
loop                              0000003F
power                             00000085
powermax                          00000029
powermin                          0000002A
qizil                             0000007B
qizilmax                          00000027
qizilmin                          00000028
strelkachap                       0000008A
strelkachapmax                    0000002B
strelkachapmin                    0000002C
strelkaon                         0000008F
strelkaonmax                      0000002D
strelkaonmin                      0000002E
strelkapas                        00000076
strelkapasmax                     00000025
strelkapasmin                     00000026
strelkatepa                       0000009E
strelkatepamax                    0000003C
strelkatepamin                    0000003D
volumpas                          00000094
volumpasmax                       00000038
volumpasmin                       00000039
volumtepa                         00000099
volumtepamax                      0000003A
volumtepamin                      0000003B
yarmi                             000002B4
yashil                            00000080
yashilmax                         00000040
yashilmin                         00000041

Errors   :     0
Warnings :     1 reported,     0 suppressed
Messages :     0 reported,     7 suppressed

