MPASM 5.83                     PICRBTNEW.ASM   10-9-2019  16:51:41         PAGE  1


LOC  OBJECT CODE     LINE SOURCE TEXT
  VALUE

Warning[205]: Found directive in column 1. (list)
                      00001 list p=12f675
                      00002         #include <P12f675.INC>
                      00001         LIST
                      00002 
                      00003 ;==========================================================================
                      00004 ; Build date : Jan 21 2019
                      00005 ;  MPASM PIC12F675 processor include
                      00006 ; 
                      00007 ;  (c) Copyright 1999-2019 Microchip Technology, All rights reserved
                      00008 ;==========================================================================
                      00009 
                      00367         LIST
                      00003         ERRORLEVEL      -302            
2007   0054           00004         __CONFIG  00054H
                      00005         ;__CONFIG       _MCLRE_OFF & _PWRTE_OFF & _WDT_OFF & _INTRC_OSC_NOCLKOUT & _BODEN_OFF
                      00006         #define   IR_LED    GPIO,2 ; ???????????? ?????????
  00000020            00007 count           equ     0x20    
  00000023            00008 f0              equ     0x23    
  00000024            00009 f1              equ     0x24     
  00000025            00010 strelkapasmax   equ     0x25    
  00000026            00011 strelkapasmin   equ     0x26    
  00000027            00012 qizilmax        equ     0x27
  00000028            00013 qizilmin        equ     0x28
  00000029            00014 powermax        equ     0x29
  0000002A            00015 powermin        equ     0x2A
  0000002B            00016 strelkachapmax  equ     0x2B
  0000002C            00017 strelkachapmin  equ     0x2C
  0000002D            00018 strelkaonmax    equ     0x2D
  0000002E            00019 strelkaonmin    equ     0x2E
  00000032            00020 Reg_1           equ     0x32            
  00000033            00021 Reg_2           equ     0x33
  00000034            00022 Reg_3           equ     0x34
  00000038            00023 volumpasmax     equ     0x38
  00000039            00024 volumpasmin     equ     0x39
  0000003A            00025 volumtepamax    equ     0x3A
  0000003B            00026 volumtepamin    equ     0x3B
  0000003C            00027 strelkatepamax  equ     0x3C
  0000003D            00028 strelkatepamin  equ     0x3D
  0000003E            00029 fCOUNTER        equ     0x3E
  0000003F            00030 fCOUNTER2       equ     0x3F 
  00000040            00031 yashilmax       equ     0x40
  00000041            00032 yashilmin       equ     0x41    
                      00033         org     0x00
0000   2???           00034         goto    Init
                      00035 ;***********************************************************************
0001   1283           00036 Init        bcf     STATUS, RP0         ; Bank 0
0002   0185           00037             clrf    GPIO                        ; aus!
0003   3007           00038             movlw   b'00000111'
0004   0099           00039             movwf   CMCON                       ; Comparator aus
0005   1683           00040             bsf     STATUS, RP0         ; Bank 1
0006   1105           00041             bcf     TRISIO,2
0007   1605           00042             bsf     TRISIO,4
MPASM 5.83                     PICRBTNEW.ASM   10-9-2019  16:51:41         PAGE  2


LOC  OBJECT CODE     LINE SOURCE TEXT
  VALUE

0008   1683           00043             bsf     STATUS, RP0         ; Bank 1
0009   23FF           00044             call    0x3FF
000A   0090           00045             movwf   OSCCAL                      ; 4-MHz-Kalibrierung
000B   1283           00046             bcf     STATUS, RP0         ; Bank 0
000C   138B           00047             bcf     INTCON, GIE         ; Int deaktiviert
                      00048 ;******************************************************************************
000D   141F           00049             BSF     ADCON0, ADON        ; ADON=1
000E   159F           00050             BSF     ADCON0, CHS1        ; ADCHS1=0
000F   151F           00051             BSF     ADCON0, CHS0        ; ADCHS0=0
0010   1683           00052             BSF     STATUS,RP0  ; Bank1
0011   019F           00053             clrf    ANSEL
0012   161F           00054             BSF     ANSEL, ADCS0        ; ADCS0=1 Fosc/8
0013   159F           00055             BSF     ANSEL, ANS3
0014   1283           00056             BCF     STATUS,RP0  ; Bank0
0015   131F           00057             BCF     ADCON0, VCFG        ; RA2=digital
0016   139F           00058             BCF     ADCON0, ADFM        ; ADFM=1 linksb?ndig
                      00059             
0017   30FC           00060             movlw   0xFC                ;4.85V      
0018   00A5           00061             movwf   strelkapasmax
0019   30E4           00062             movlw   0xE4                ;4.45V
001A   00A6           00063             movwf   strelkapasmin
001B   30E4           00064             movlw   0xE4                ; 4.45V
001C   00A7           00065             movwf   qizilmax
001D   30CF           00066             movlw   0xCF                ; 3.97V
001E   00A8           00067             movwf   qizilmin
001F   30CF           00068             movlw   0xCF                ; 3.97V
0020   00C0           00069             movwf   yashilmax
0021   30C5           00070             movlw   0xC5                ; 3.80V
0022   00C1           00071             movwf   yashilmin
0023   30C5           00072             movlw   0xC5                ; 3.80V
0024   00A9           00073             movwf   powermax
0025   30BE           00074             movlw   0xBE                ; 3.55V
0026   00AA           00075             movwf   powermin
0027   30BE           00076             movlw   0xBE                ; 3.55V
0028   00AB           00077             movwf   strelkachapmax
0029   30AE           00078             movlw   0xAE                ; 3.32V
002A   00AC           00079             movwf   strelkachapmin
002B   30AE           00080             movlw   0xAE                ; 3.32V
002C   00AD           00081             movwf   strelkaonmax
002D   309F           00082             movlw   0x9F                ; 3.08V
002E   00AE           00083             movwf   strelkaonmin
002F   309F           00084             movlw   0x9F                ; 3.08V
0030   00B8           00085             movwf   volumpasmax
0031   3092           00086             movlw   0x92                ; 2.85V
0032   00B9           00087             movwf   volumpasmin
0033   3092           00088             movlw   0x92                ; 2.85V
0034   00BA           00089             movwf   volumtepamax            
0035   3044           00090             movlw   0x44                ; 1.32V
0036   00BB           00091             movwf   volumtepamin            
0037   3044           00092             movlw   0x44                ; 1.32V
0038   00BC           00093             movwf   strelkatepamax
0039   3001           00094             movlw   0x01                ; 0.00V
003A   00BD           00095             movwf   strelkatepamin
MPASM 5.83                     PICRBTNEW.ASM   10-9-2019  16:51:41         PAGE  3


LOC  OBJECT CODE     LINE SOURCE TEXT
  VALUE

                      00096 ;***********************************************************************
003B   2???           00097 Mainloop    call        UMessen1        ; AN0 nach f1,f0  (f1 is entscheidend)
003C   2???           00098             call        LED             ; LED ein-/ausschalten
003D   2???           00099             goto        Mainloop
                      00100 ;***********************************************************************
003E   149F           00101 UMessen1    BSF     ADCON0, 1   ; ADC starten       
003F   189F           00102 loop        BTFSC   ADCON0, 1   ; ist der ADC fertig?
0040   2???           00103             GOTO    loop                ; nein, weiter warten       
0041   081E           00104             movfw   ADRESH              ; obere  8 Bit auslesen
0042   00A4           00105             movwf   f1          ; obere  8-Bit nach f1
0043   1683           00106             bsf     STATUS,RP0  ; Bank1
0044   081E           00107             movfw   ADRESL              ; untere 2 Bit auslesen, werden aber  nicht ben?tigt
0045   1283           00108             bcf     STATUS,RP0  ; Bank0
0046   00A3           00109             movwf   f0          ; untere 2-Bit nach f0
0047   30A5           00110             movlw       .165
0048   00B2           00111             movwf       Reg_1
0049   3033           00112             movlw       .51
004A   00B3           00113             movwf       Reg_2
004B   0BB2           00114             decfsz      Reg_1,F
004C   2???           00115             goto        $-1
004D   0BB3           00116             decfsz      Reg_2,F
004E   2???           00117             goto        $-3
004F   0008           00118             return
                      00119 ;***********************************************************************
0050   0825           00120 LED         MOVFW       strelkapasmax
0051   0224           00121             subwf       f1, w           ; w:=f1-w 
0052   1C03           00122             btfss       STATUS, C
0053   2???           00123             call        strelkapas              ; LED an
                      00124 
0054   0827           00125             MOVFW       qizilmax
0055   0224           00126             subwf       f1, w           ; w:=f1-w 
0056   1C03           00127             btfss       STATUS, C
0057   2???           00128             call        qizil           ; LED an
                      00129             
0058   0840           00130             MOVFW       yashilmax
0059   0224           00131             subwf       f1, w           ; w:=f1-w 
005A   1C03           00132             btfss       STATUS, C
005B   2???           00133             call        yashil          ; LED an
                      00134 
005C   0829           00135             MOVFW       powermax
005D   0224           00136             subwf       f1, w           ; w:=f1-w 
005E   1C03           00137             btfss       STATUS, C
005F   2???           00138             call        power           ; LED an
                      00139 
0060   082B           00140             MOVFW       strelkachapmax
0061   0224           00141             subwf       f1, w           ; w:=f1-w 
0062   1C03           00142             btfss       STATUS, C
0063   2???           00143             call        strelkachap     ; LED an
                      00144 
0064   082D           00145             MOVFW       strelkaonmax
0065   0224           00146             subwf       f1, w           ; w:=f1-w 
0066   1C03           00147             btfss       STATUS, C
0067   2???           00148             call        strelkaon       ; LED an
MPASM 5.83                     PICRBTNEW.ASM   10-9-2019  16:51:41         PAGE  4


LOC  OBJECT CODE     LINE SOURCE TEXT
  VALUE

                      00149 
0068   0838           00150             MOVFW       volumpasmax
0069   0224           00151             subwf       f1, w           ; w:=f1-w 
006A   1C03           00152             btfss       STATUS, C
006B   2???           00153             call        volumpas        ; LED an
                      00154 
006C   083A           00155             MOVFW       volumtepamax
006D   0224           00156             subwf       f1, w           ; w:=f1-w 
006E   1C03           00157             btfss       STATUS, C
006F   2???           00158             call        volumtepa       ; LED an
                      00159 
0070   083C           00160             MOVFW       strelkatepamax
0071   0224           00161             subwf       f1, w           ; w:=f1-w 
0072   1C03           00162             btfss       STATUS, C
0073   2???           00163             call        strelkatepa     ; LED an
0074   0008           00164             return
                      00165 ;***********************************************************************
0075   0826           00166 strelkapas  MOVFW       strelkapasmin
0076   0224           00167             subwf       f1, w           ; w:=f1-w 
0077   1803           00168             btfsc       STATUS, C
0078   2???           00169             call        cmstrelkapas
0079   0008           00170             return
007A   0828           00171 qizil       MOVFW       qizilmin
007B   0224           00172             subwf       f1, w           ; w:=f1-w 
007C   1803           00173             btfsc       STATUS, C
007D   2???           00174             call        qiziluderjat
007E   0008           00175             return
007F   0841           00176 yashil      MOVFW       yashilmin
0080   0224           00177             subwf       f1, w           ; w:=f1-w 
0081   1803           00178             btfsc       STATUS, C
0082   2???           00179             call        yashiluderjat
0083   0008           00180             return          
0084   082A           00181 power       MOVFW       powermin
0085   0224           00182             subwf       f1, w           ; w:=f1-w 
0086   1803           00183             btfsc       STATUS, C
0087   2???           00184             call        cmpower
0088   0008           00185             return
0089   082C           00186 strelkachap MOVFW       strelkachapmin
008A   0224           00187             subwf       f1, w           ; w:=f1-w 
008B   1803           00188             btfsc       STATUS, C
008C   2???           00189             call        cmstrelkachap
008D   0008           00190             return      
008E   082E           00191 strelkaon   MOVFW       strelkaonmin
008F   0224           00192             subwf       f1, w           ; w:=f1-w 
0090   1803           00193             btfsc       STATUS, C
0091   2???           00194             call        cmstrelkaon
0092   0008           00195             return      
0093   0839           00196 volumpas    MOVFW       volumpasmin
0094   0224           00197             subwf       f1, w           ; w:=f1-w 
0095   1803           00198             btfsc       STATUS, C
0096   2???           00199             call        cmvolumpas
0097   0008           00200             return      
0098   083B           00201 volumtepa   MOVFW       volumtepamin
MPASM 5.83                     PICRBTNEW.ASM   10-9-2019  16:51:41         PAGE  5


LOC  OBJECT CODE     LINE SOURCE TEXT
  VALUE

0099   0224           00202             subwf       f1, w           ; w:=f1-w 
009A   1803           00203             btfsc       STATUS, C
009B   2???           00204             call        cmvolumtepa
009C   0008           00205             return      
009D   083D           00206 strelkatepa MOVFW       strelkatepamin
009E   0224           00207             subwf       f1, w           ; w:=f1-w 
009F   1803           00208             btfsc       STATUS, C
00A0   2???           00209             call        cmstrelkatepa
00A1   0008           00210             return      
                      00211 ;<<<<<<<<<<<<<<<<<<<<<<<<<<<<<<<<<<<<<<<<<<<<<<<<<<<<<<<<<<<<<<<<<<<<<<<<<<<<<
00A2                  00212 Big_delay ;=770*x+1     x=(delay-5)/770 ???????? ?????????? call ? return.
00A2   00BF           00213         movwf   fCOUNTER2
00A3   01BE           00214         clrf    fCOUNTER
00A4                  00215 BD_Loop94
00A4   0BBE           00216         decfsz  fCOUNTER,1
00A5   2???           00217         goto    BD_Loop94
00A6   0BBF           00218         decfsz  fCOUNTER2,1
00A7   2???           00219         goto    BD_Loop94
00A8   0008           00220         return
                      00221 ;-----------------------------------------------------------------------------
00A9                  00222 qiziluderjat
00A9   2???           00223                 call    delay250ms
00AA   2???           00224                 call    UMessen1
                      00225                 
00AB   0827           00226                 MOVFW   qizilmax
00AC   0224           00227                 subwf   f1, w           ; w:=f1-w 
00AD   1803           00228                 btfsc   STATUS, C
                      00229                 
00AE   2???           00230                 call    cmqizil 
00AF   2???           00231                 call    cmmute
                      00232                 
00B0   2???           00233                 call    delay250ms
                      00234                 
00B1   2???           00235 krug            call    UMessen1
00B2   0827           00236                 MOVFW   qizilmax
00B3   0224           00237                 subwf   f1, w           ; w:=f1-w 
00B4   1C03           00238                 btfss   STATUS, C
                      00239                 
                      00240                 
00B5   2???           00241                 goto    krug
00B6   2???           00242                 goto    Mainloop
                      00243 ;-----------------------------------------------------------------------------
00B7                  00244 yashiluderjat
00B7   2???           00245                 call    delay250ms
00B8   2???           00246                 call    UMessen1
                      00247                 
00B9   0840           00248                 MOVFW   yashilmax
00BA   0224           00249                 subwf   f1, w           ; w:=f1-w 
00BB   1803           00250                 btfsc   STATUS, C
                      00251                 
00BC   2???           00252                 call    cmyashil        
00BD   2???           00253                 call    cmpause
                      00254                 
MPASM 5.83                     PICRBTNEW.ASM   10-9-2019  16:51:41         PAGE  6


LOC  OBJECT CODE     LINE SOURCE TEXT
  VALUE

00BE   2???           00255                 call    delay250ms
                      00256                 
00BF   2???           00257 krug1           call    UMessen1
00C0   0840           00258                 MOVFW   yashilmax
00C1   0224           00259                 subwf   f1, w           ; w:=f1-w 
00C2   1C03           00260                 btfss   STATUS, C
                      00261                 
                      00262                 
00C3   2???           00263                 goto    krug1
00C4   2???           00264                 goto    Mainloop                
                      00265 ;-----------------------------------------------------------------------------  
00C5                  00266 poweruderjat
00C5   2???           00267                 call    delay250ms
00C6   2???           00268                 call    UMessen1
                      00269                 
00C7   0829           00270                 MOVFW   powermax
00C8   0224           00271                 subwf   f1, w           ; w:=f1-w 
00C9   1803           00272                 btfsc   STATUS, C
                      00273                 
00CA   2???           00274                 call    cmpower 
00CB   2???           00275                 call    cmequalizer
                      00276                 
00CC   2???           00277                 call    delay250ms
                      00278                 
00CD   2???           00279 krug2           call    UMessen1
00CE   0829           00280                 MOVFW   powermax
00CF   0224           00281                 subwf   f1, w           ; w:=f1-w 
00D0   1C03           00282                 btfss   STATUS, C
                      00283                 
                      00284                 
00D1   2???           00285                 goto    krug2
00D2   2???           00286                 goto    Mainloop                
                      00287 ;-----------------------------------------------------------------------------                  
00D3   2???           00288 cmstrelkapas    call    delayy9ms
00D4   2???           00289                 call    delayy4.5ms
00D5   2???           00290                 call    yarmi
00D6   2???           00291                 call    metka101000
00D7   2???           00292                 call    metka10101010101000
00D8   2???           00293                 call    metka10101000
00D9   2???           00294                 call    metka1000
00DA   2???           00295                 call    metka1000
00DB   2???           00296                 call    metka1000
00DC   2???           00297                 call    metka1000
00DD   2???           00298                 call    metka101000
00DE   2???           00299                 call    Send_1;      // 43
00DF   2???           00300                 call    Send_0;      // 43
00E0   3020           00301                 movlw   d'32'
00E1   2???           00302                 call    Big_delay
00E2   0008           00303                 return
00E3                  00304 cmqizil
00E3   2???           00305                 call    bt
00E4   2???           00306                 call    delayy9ms
00E5   2???           00307                 call    delayy4.5ms
MPASM 5.83                     PICRBTNEW.ASM   10-9-2019  16:51:41         PAGE  7


LOC  OBJECT CODE     LINE SOURCE TEXT
  VALUE

00E6   2???           00308                 call    metka1000
00E7   2???           00309                 call    metka1000
00E8   2???           00310                 call    metka1000
00E9   2???           00311                 call    metka1000
00EA   2???           00312                 call    metka101000
00EB   2???           00313                 call    metka101000
00EC   2???           00314                 call    metka101010101000
00ED   2???           00315                 call    metka101000
00EE   2???           00316                 call    metka101000
00EF   2???           00317                 call    metka1000
00F0   2???           00318                 call    metka10101000
00F1   2???           00319                 call    metka1000
00F2   2???           00320                 call    metka101010101000
00F3   2???           00321                 call    metka1000
00F4   2???           00322                 call    metka10101000
00F5   2???           00323                 call    metka1000
00F6   2???           00324                 call    Send_1;      // 88
00F7   2???           00325                 call    Send_0;      // 89
00F8   3020           00326                 movlw   d'32'
00F9   2???           00327                 call    Big_delay               
00FA   2???           00328                 goto    Mainloop
                      00329                 
00FB   2???           00330 cmmute          call    cmmute1
00FC   2???           00331                 call    delayy9ms
00FD   2???           00332                 call    delayy4.5ms
00FE   2???           00333                 call    metka1000
00FF   2???           00334                 call    metka1000
0100   2???           00335                 call    metka1000
0101   2???           00336                 call    metka1000
0102   2???           00337                 call    metka101000
0103   2???           00338                 call    metka101000
0104   2???           00339                 call    metka101010101000
0105   2???           00340                 call    metka101000
0106   2???           00341                 call    metka10101010101000
0107   2???           00342                 call    metka1000
0108   2???           00343                 call    metka10101000
0109   2???           00344                 call    metka1000
010A   2???           00345                 call    metka1000
010B   2???           00346                 call    metka1000
010C   2???           00347                 call    metka10101000
010D   2???           00348                 call    metka1000
010E   2???           00349                 call    Send_1;      // 88
010F   2???           00350                 call    Send_0;      // 89
0110   3020           00351                 movlw   d'32'
0111   2???           00352                 call    Big_delay
0112   0008           00353                 return          
0113                  00354 cmyashil
0113   2???           00355                 call    bt
0114   2???           00356                 call    delayy9ms
0115   2???           00357                 call    delayy4.5ms
0116   2???           00358                 call    metka1000
0117   2???           00359                 call    metka1000
0118   2???           00360                 call    metka1000
MPASM 5.83                     PICRBTNEW.ASM   10-9-2019  16:51:41         PAGE  8


LOC  OBJECT CODE     LINE SOURCE TEXT
  VALUE

0119   2???           00361                 call    metka1000
011A   2???           00362                 call    metka101000
011B   2???           00363                 call    metka101000
011C   2???           00364                 call    metka101010101000
011D   2???           00365                 call    metka101000
011E   2???           00366                 call    metka10101000
011F   2???           00367                 call    metka10101000
0120   2???           00368                 call    metka1000
0121   2???           00369                 call    metka10101000
0122   2???           00370                 call    metka101000
0123   2???           00371                 call    metka1000
0124   2???           00372                 call    metka10101000
0125   2???           00373                 call    metka1000
0126   2???           00374                 call    Send_1;      // 88
0127   2???           00375                 call    Send_0;      // 89
0128   3020           00376                 movlw   d'32'
0129   2???           00377                 call    Big_delay
012A   2???           00378                 goto    Mainloop
                      00379                 
012B   2???           00380 cmpause         call    delayy9ms
012C   2???           00381                 call    delayy4.5ms
012D   2???           00382                 call    yarmi
012E   2???           00383                 call    metka101010101000
012F   2???           00384                 call    metka1000
0130   2???           00385                 call    metka101000     
0131   2???           00386                 call    metka101000     
0132   2???           00387                 call    metka1000
0133   2???           00388                 call    metka1000
0134   2???           00389                 call    metka10101000
0135   2???           00390                 call    metka101000
0136   2???           00391                 call    Send_1;      // 88
0137   2???           00392                 call    Send_0;      // 89
0138   3020           00393                 movlw   d'32'
0139   2???           00394                 call    Big_delay
013A   0008           00395                 return
                      00396         
013B   2???           00397 cmpower         call    delayy9ms
013C   2???           00398                 call    delayy4.5ms
013D   2???           00399                 call    yarmi
013E   2???           00400                 call    metka10101000
013F   2???           00401                 call    metka101000
0140   2???           00402                 call    metka1000
0141   2???           00403                 call    metka1010101000
0142   2???           00404                 call    metka101000
0143   2???           00405                 call    metka10101000
0144   2???           00406                 call    metka1000
0145   2???           00407                 call    metka1000
0146   2???           00408                 call    Send_1;      // 43
0147   2???           00409                 call    Send_0;      // 43
0148   3020           00410                 movlw   d'32'
0149   2???           00411                 call    Big_delay
014A   0008           00412                 return
                      00413 
MPASM 5.83                     PICRBTNEW.ASM   10-9-2019  16:51:41         PAGE  9


LOC  OBJECT CODE     LINE SOURCE TEXT
  VALUE

014B   2???           00414 cmequalizer     call    delayy9ms
014C   2???           00415                 call    delayy4.5ms
014D   2???           00416                 call    yarmi
014E   2???           00417                 call    Send_1;      // 38
014F   2???           00418                 call    Send_0;      // 39
0150   2???           00419                 call    Send_1;      // 40
0151   2???           00420                 call    Send_0;      // 41
0152   2???           00421                 call    Send_0;      // 42
0153   2???           00422                 call    Send_0;      // 43
0154   2???           00423                 call    Send_1;      // 35
0155   2???           00424                 call    Send_0;      // 36
0156   2???           00425                 call    Send_1;      // 37
0157   2???           00426                 call    Send_0;      // 38
0158   2???           00427                 call    Send_0;      // 39
0159   2???           00428                 call    Send_0;      // 40
015A   2???           00429                 call    Send_1;      // 41
015B   2???           00430                 call    Send_0;      // 42
015C   2???           00431                 call    Send_0;      // 43
015D   2???           00432                 call    Send_0;      // 43
015E   2???           00433                 call    Send_1;      // 43
015F   2???           00434                 call    Send_0;      // 43
0160   2???           00435                 call    Send_1;      // 43
0161   2???           00436                 call    Send_0;      // 43
0162   2???           00437                 call    Send_1;      // 43
0163   2???           00438                 call    Send_0;      // 43
0164   2???           00439                 call    Send_1;      // 43
0165   2???           00440                 call    Send_0;      // 43
0166   2???           00441                 call    Send_1;      // 43
0167   2???           00442                 call    Send_0;      // 43
0168   2???           00443                 call    Send_1;      // 43
0169   2???           00444                 call    Send_0;      // 43
016A   2???           00445                 call    Send_0;      // 43
016B   2???           00446                 call    Send_0;      // 43
016C   2???           00447                 call    Send_1;      // 43
016D   2???           00448                 call    Send_0;      // 43
016E   2???           00449                 call    Send_1;      // 43
016F   2???           00450                 call    Send_0;      // 43
0170   2???           00451                 call    Send_1;      // 43
0171   2???           00452                 call    Send_0;      // 43
0172   2???           00453                 call    Send_0;      // 43
0173   2???           00454                 call    Send_0;      // 43
0174   2???           00455                 call    Send_1;      // 43
0175   2???           00456                 call    Send_0;      // 43
0176   2???           00457                 call    Send_0;      // 43
0177   2???           00458                 call    Send_0;      // 43
0178   2???           00459                 call    Send_1;      // 43
0179   2???           00460                 call    Send_0;      // 43
017A   2???           00461                 call    Send_0;      // 43
017B   2???           00462                 call    Send_0;      // 43
017C   2???           00463                 call    Send_1;      // 43
017D   2???           00464                 call    Send_0;      // 43
017E   2???           00465                 call    Send_0;      // 43
017F   2???           00466                 call    Send_0;      // 43
MPASM 5.83                     PICRBTNEW.ASM   10-9-2019  16:51:41         PAGE 10


LOC  OBJECT CODE     LINE SOURCE TEXT
  VALUE

0180   2???           00467                 call    Send_1;      // 43
0181   2???           00468                 call    Send_0;      // 43
Warning[202]: Argument out of range.  Least significant bits used.
0182   3040           00469                 movlw   d'320'
0183   2???           00470                 call    Big_delay
0184   0008           00471                 return
                      00472                 
0185   2???           00473 cmstrelkachap   call    delayy9ms
0186   2???           00474                 call    delayy4.5ms
0187   2???           00475                 call    yarmi
0188   2???           00476                 call    metka10101000
0189   2???           00477                 call    metka101010101000
018A   2???           00478                 call    metka101000     
018B   2???           00479                 call    metka101000     
018C   2???           00480                 call    metka1000
018D   2???           00481                 call    metka1000
018E   2???           00482                 call    metka1000
018F   2???           00483                 call    metka101000
0190   2???           00484                 call    Send_1;      // 89
0191   2???           00485                 call    Send_0;      // 90
0192   3020           00486                 movlw   d'32'
0193   2???           00487                 call    Big_delay
0194   0008           00488                 return
0195   2???           00489 cmstrelkaon     call    delayy9ms
0196   2???           00490                 call    delayy4.5ms
0197   2???           00491                 call    yarmi
0198   2???           00492                 call    metka101000
0199   2???           00493                 call    metka1000
019A   2???           00494                 call    metka101010101000
019B   2???           00495                 call    metka1010101000
019C   2???           00496                 call    metka1000
019D   2???           00497                 call    metka1000
019E   2???           00498                 call    metka1000
019F   2???           00499                 call    metka101000     
01A0   2???           00500                 call    Send_1;      // 89
01A1   2???           00501                 call    Send_0;      // 90
01A2   3020           00502                 movlw   d'32'
01A3   2???           00503                 call    Big_delay
01A4   0008           00504                 return
01A5   2???           00505 cmvolumpas      call    delayy9ms
01A6   2???           00506                 call    delayy4.5ms
01A7   2???           00507                 call    yarmi
01A8   2???           00508                 call    metka101000     
01A9   2???           00509                 call    metka1000
01AA   2???           00510                 call    metka101000     
01AB   2???           00511                 call    metka1010101010101000
01AC   2???           00512                 call    metka101000
01AD   2???           00513                 call    metka1000
01AE   2???           00514                 call    metka1000
01AF   2???           00515                 call    metka1000
01B0   2???           00516                 call    Send_1;      // 89
01B1   2???           00517                 call    Send_0;      // 90
01B2   3020           00518                 movlw   d'32'
MPASM 5.83                     PICRBTNEW.ASM   10-9-2019  16:51:41         PAGE 11


LOC  OBJECT CODE     LINE SOURCE TEXT
  VALUE

01B3   2???           00519                 call    Big_delay
01B4   0008           00520                 return
01B5   2???           00521 cmvolumtepa     call    delayy9ms
01B6   2???           00522                 call    delayy4.5ms
01B7   2???           00523                 call    yarmi
01B8   2???           00524                 call    metka10101000
01B9   2???           00525                 call    metka101000
01BA   2???           00526                 call    metka101010101000
01BB   2???           00527                 call    metka101000
01BC   2???           00528                 call    metka101000
01BD   2???           00529                 call    metka1000
01BE   2???           00530                 call    metka1000
01BF   2???           00531                 call    metka1000
01C0   2???           00532                 call    Send_1;      // 89
01C1   2???           00533                 call    Send_0;      // 90
01C2   3020           00534                 movlw   d'32'
01C3   2???           00535                 call    Big_delay
01C4   0008           00536                 return
01C5                  00537 cmstrelkatepa
01C5   2???           00538                 call    delayy9ms
01C6   2???           00539                 call    delayy4.5ms
01C7   2???           00540                 call    yarmi
01C8   2???           00541                 call    metka101010101010101000
01C9   2???           00542                 call    metka101000
01CA   2???           00543                 call    metka1000
01CB   2???           00544                 call    metka1000
01CC   2???           00545                 call    metka1000
01CD   2???           00546                 call    metka1000
01CE   2???           00547                 call    metka1000
01CF   2???           00548                 call    metka101000
01D0   2???           00549                 call    Send_1;      // 88
01D1   2???           00550                 call    Send_0;      // 89
01D2   3020           00551                 movlw   d'32'
01D3   2???           00552                 call    Big_delay
01D4   0008           00553                 return
                      00554                 
01D5   2???           00555 yarmi           call    metka1000
01D6   2???           00556                 call    metka101000
01D7   2???           00557                 call    metka1000
01D8   2???           00558                 call    metka101000             
01D9   2???           00559                 call    metka101000
01DA   2???           00560                 call    metka101000
01DB   2???           00561                 call    metka10101000
01DC   2???           00562                 call    metka101000             
01DD   0008           00563                 return
01DE   2???           00564 bt              call    delayy9ms
01DF   2???           00565                 call    delayy4.5ms
01E0   2???           00566                 call    yarmi
01E1   2???           00567                 call    metka101000
01E2   2???           00568                 call    metka1000
01E3   2???           00569                 call    metka1000
01E4   2???           00570                 call    metka101000
01E5   2???           00571                 call    metka10101000
MPASM 5.83                     PICRBTNEW.ASM   10-9-2019  16:51:41         PAGE 12


LOC  OBJECT CODE     LINE SOURCE TEXT
  VALUE

01E6   2???           00572                 call    metka1010101000
01E7   2???           00573                 call    metka101000
01E8   2???           00574                 call    metka1000
01E9   2???           00575                 call    Send_1;      // 43
01EA   2???           00576                 call    Send_0;      // 43
01EB   2???           00577                 call    Send_1;      // 43
01EC   2???           00578                 call    Send_0;      // 43
01ED   3020           00579                 movlw   d'32'
01EE   2???           00580                 call    Big_delay
01EF   0008           00581                 return
                      00582                 
01F0   2???           00583 cmmute1         call    delayy9ms
01F1   2???           00584                 call    delayy4.5ms
01F2   2???           00585                 call    yarmi
01F3   2???           00586                 call    metka101000
01F4   2???           00587                 call    metka10101000
01F5   2???           00588                 call    metka1000
01F6   2???           00589                 call    metka101010101000
01F7   2???           00590                 call    metka1000
01F8   2???           00591                 call    metka10101000
01F9   2???           00592                 call    metka1000
01FA   2???           00593                 call    metka1000
01FB   2???           00594                 call    Send_1;      // 43
01FC   2???           00595                 call    Send_0;      // 43
01FD   3020           00596                 movlw   d'32'
01FE   2???           00597                 call    Big_delay
01FF   0008           00598                 return
                      00599                 
0200                  00600 metka101010101010101000 
0200   2???           00601                 call    Send_1;      // 43
0201   2???           00602                 call    Send_0;      // 43              
0202                  00603 metka1010101010101000   
0202   2???           00604                 call    Send_1;      // 43
0203   2???           00605                 call    Send_0;      // 43              
0204                  00606 metka10101010101000     
0204   2???           00607                 call    Send_1;      // 43
0205   2???           00608                 call    Send_0;      // 43              
0206                  00609 metka101010101000       
0206   2???           00610                 call    Send_1;      // 43
0207   2???           00611                 call    Send_0;      // 43              
0208   2???           00612 metka1010101000 call    Send_1;      // 43
0209   2???           00613                 call    Send_0;      // 43              
020A   2???           00614 metka10101000   call    Send_1;      // 43
020B   2???           00615                 call    Send_0;      // 43
020C   2???           00616 metka101000     call    Send_1;      // 43
020D   2???           00617                 call    Send_0;      // 43
020E   2???           00618 metka1000       call    Send_1;      // 43
020F   2???           00619                 call    Send_0;      // 43
0210   2???           00620                 call    Send_0;      // 43
0211   2???           00621                 call    Send_0;      // 43              
0212   0008           00622                 return
                      00623                 
0213   3013           00624 Send_1          movlw   d'19'       ; 527 millisekund
MPASM 5.83                     PICRBTNEW.ASM   10-9-2019  16:51:41         PAGE 13


LOC  OBJECT CODE     LINE SOURCE TEXT
  VALUE

0214   00B2           00625                 movwf   Reg_1
0215   1505           00626 Send1_Loop      bsf     IR_LED
0216   0000           00627                 nop
0217   0000           00628                 nop
0218   0000           00629                 nop
0219   0000           00630                 nop
021A   0000           00631                 nop
021B   0000           00632                 nop
021C   0000           00633                 nop
021D   0000           00634                 nop
021E   0000           00635                 nop
021F   0000           00636                 nop
0220   0000           00637                 nop
0221   0000           00638                 nop
0222   1105           00639                 bcf     IR_LED
0223   0000           00640                 nop
0224   0000           00641                 nop
0225   0000           00642                 nop
0226   0000           00643                 nop
0227   0000           00644                 nop
0228   0000           00645                 nop
0229   0000           00646                 nop
022A   0000           00647                 nop
022B   0000           00648                 nop
022C   0000           00649                 nop
022D   0BB2           00650                 decfsz  Reg_1,1
022E   2???           00651                 goto    Send1_Loop
022F   0008           00652                 return
                      00653 ;-----------------------------------------------------------------------------          
0230   3013           00654 Send_0          movlw   d'19'   ;527 millisekund
0231   00B2           00655                 movwf   Reg_1
0232   1105           00656 Send0_Loop      bcf     IR_LED
0233   0000           00657                 nop
0234   0000           00658                 nop
0235   0000           00659                 nop
0236   0000           00660                 nop
0237   0000           00661                 nop
0238   0000           00662                 nop
0239   0000           00663                 nop
023A   0000           00664                 nop
023B   0000           00665                 nop
023C   0000           00666                 nop
023D   0000           00667                 nop
023E   0000           00668                 nop
023F   1105           00669                 bcf     IR_LED
0240   0000           00670                 nop
0241   0000           00671                 nop
0242   0000           00672                 nop
0243   0000           00673                 nop
0244   0000           00674                 nop
0245   0000           00675                 nop
0246   0000           00676                 nop
0247   0000           00677                 nop
MPASM 5.83                     PICRBTNEW.ASM   10-9-2019  16:51:41         PAGE 14


LOC  OBJECT CODE     LINE SOURCE TEXT
  VALUE

0248   0000           00678                 nop
0249   0000           00679                 nop
024A   0BB2           00680                 decfsz  Reg_1,1
024B   2???           00681                 goto    Send0_Loop
024C   0008           00682                 return
                      00683 ;-----------------------------------------------------------------------------
024D   30B9           00684 delayy9ms       movlw   d'185'
024E   00B2           00685                 movwf   Reg_1
024F   1505           00686 Send0_Loopp     bsf     IR_LED
0250   0000           00687                 nop
0251   0000           00688                 nop
0252   0000           00689                 nop
0253   0000           00690                 nop
0254   0000           00691                 nop
0255   0000           00692                 nop
0256   0000           00693                 nop
0257   0000           00694                 nop
0258   0000           00695                 nop
0259   0000           00696                 nop
025A   0000           00697                 nop
025B   0000           00698                 nop
025C   1105           00699                 bcf     IR_LED
025D   0000           00700                 nop
025E   0000           00701                 nop
025F   0000           00702                 nop
0260   0000           00703                 nop
0261   0000           00704                 nop
0262   0000           00705                 nop
0263   0000           00706                 nop
0264   0000           00707                 nop
0265   0000           00708                 nop
0266   0000           00709                 nop
0267   0BB2           00710                 decfsz  Reg_1,1
0268   2???           00711                 goto    Send0_Loopp
0269   3084           00712                 movlw   d'132'
026A   00B2           00713                 movwf   Reg_1
026B   1505           00714 Send0_Loopp1    bsf     IR_LED
026C   0000           00715                 nop
026D   0000           00716                 nop
026E   0000           00717                 nop
026F   0000           00718                 nop
0270   0000           00719                 nop
0271   0000           00720                 nop
0272   0000           00721                 nop
0273   0000           00722                 nop
0274   0000           00723                 nop
0275   0000           00724                 nop
0276   0000           00725                 nop
0277   0000           00726                 nop
0278   1105           00727                 bcf     IR_LED
0279   0000           00728                 nop
027A   0000           00729                 nop
027B   0000           00730                 nop
MPASM 5.83                     PICRBTNEW.ASM   10-9-2019  16:51:41         PAGE 15


LOC  OBJECT CODE     LINE SOURCE TEXT
  VALUE

027C   0000           00731                 nop
027D   0000           00732                 nop
027E   0000           00733                 nop
027F   0000           00734                 nop
0280   0000           00735                 nop
0281   0000           00736                 nop
0282   0000           00737                 nop
0283   0BB2           00738                 decfsz  Reg_1,1
0284   2???           00739                 goto    Send0_Loopp1
0285   0008           00740                 return
0286   30AA           00741 delayy4.5ms     movlw       .170
0287   00B2           00742                 movwf       Reg_1
0288   3006           00743                 movlw       .6
0289   00B3           00744                 movwf       Reg_2
028A   0BB2           00745                 decfsz      Reg_1,F
028B   2???           00746                 goto        $-1
028C   0BB3           00747                 decfsz      Reg_2,F
028D   2???           00748                 goto        $-3
028E   0008           00749                 return
                      00750 
028F   30A9           00751 delay250ms      movlw       .169
0290   00B2           00752                 movwf       Reg_1
0291   3045           00753                 movlw       .69
0292   00B3           00754                 movwf       Reg_2
0293   3002           00755                 movlw       .2
0294   00B4           00756                 movwf       Reg_3
0295   0BB2           00757                 decfsz      Reg_1,F
0296   2???           00758                 goto        $-1
0297   0BB3           00759                 decfsz      Reg_2,F
0298   2???           00760                 goto        $-3
0299   0BB4           00761                 decfsz      Reg_3,F
029A   2???           00762                 goto        $-5
029B   0000           00763                 nop
029C   0000           00764                 nop
                      00765 
029D   0008           00766                 return
                      00767                 
                      00768 ;-----------------------------------------------------------------------------  
0054                  00769                 end
MPASM 5.83                     PICRBTNEW.ASM   10-9-2019  16:51:41         PAGE 16


SYMBOL TABLE
  LABEL                             VALUE 

ADCON0                            0000001F
ADCS0                             00000004
ADCS1                             00000005
ADCS2                             00000006
ADFM                              00000007
ADIE                              00000006
ADIF                              00000006
ADON                              00000000
ADRESH                            0000001E
ADRESL                            0000009E
ANS0                              00000000
ANS1                              00000001
ANS2                              00000002
ANS3                              00000003
ANSEL                             0000009F
BD_Loop94                         000000A4
Big_delay                         000000A2
C                                 00000000
CAL0                              00000002
CAL1                              00000003
CAL2                              00000004
CAL3                              00000005
CAL4                              00000006
CAL5                              00000007
CHS0                              00000002
CHS1                              00000003
CINV                              00000004
CIS                               00000003
CM0                               00000000
CM1                               00000001
CM2                               00000002
CMCON                             00000019
CMIE                              00000003
CMIF                              00000003
COUT                              00000006
DC                                00000001
EEADR                             0000009B
EECON1                            0000009C
EECON2                            0000009D
EEDAT                             0000009A
EEDATA                            0000009A
EEIE                              00000007
EEIF                              00000007
F                                 00000001
FSR                               00000004
GIE                               00000007
GO                                00000001
GO_DONE                           00000001
GO_NOT_DONE                       00000001
GP0                               00000000
GP1                               00000001
GP2                               00000002
GP3                               00000003
MPASM 5.83                     PICRBTNEW.ASM   10-9-2019  16:51:41         PAGE 17


SYMBOL TABLE
  LABEL                             VALUE 

GP4                               00000004
GP5                               00000005
GPIE                              00000003
GPIF                              00000000
GPIO                              00000005
GPIO0                             00000000
GPIO1                             00000001
GPIO2                             00000002
GPIO3                             00000003
GPIO4                             00000004
GPIO5                             00000005
INDF                              00000000
INTCON                            0000000B
INTE                              00000004
INTEDG                            00000006
INTF                              00000001
IOC                               00000096
IOC0                              00000000
IOC1                              00000001
IOC2                              00000002
IOC3                              00000003
IOC4                              00000004
IOC5                              00000005
IOCB                              00000096
IOCB0                             00000000
IOCB1                             00000001
IOCB2                             00000002
IOCB3                             00000003
IOCB4                             00000004
IOCB5                             00000005
IRP                               00000007
IR_LED                            GPIO,2
Init                              00000001
LED                               00000050
Mainloop                          0000003B
NOT_BOD                           00000000
NOT_BOR                           00000000
NOT_DONE                          00000001
NOT_GPPU                          00000007
NOT_PD                            00000003
NOT_POR                           00000001
NOT_T1SYNC                        00000002
NOT_TO                            00000004
OPTION_REG                        00000081
OSCCAL                            00000090
PCL                               00000002
PCLATH                            0000000A
PCON                              0000008E
PEIE                              00000006
PIE1                              0000008C
PIR1                              0000000C
PS0                               00000000
PS1                               00000001
MPASM 5.83                     PICRBTNEW.ASM   10-9-2019  16:51:41         PAGE 18


SYMBOL TABLE
  LABEL                             VALUE 

PS2                               00000002
PSA                               00000003
RD                                00000000
RP0                               00000005
RP1                               00000006
Reg_1                             00000032
Reg_2                             00000033
Reg_3                             00000034
STATUS                            00000003
Send0_Loop                        00000232
Send0_Loopp                       0000024F
Send0_Loopp1                      0000026B
Send1_Loop                        00000215
Send_0                            00000230
Send_1                            00000213
T0CS                              00000005
T0IE                              00000005
T0IF                              00000002
T0SE                              00000004
T1CKPS0                           00000004
T1CKPS1                           00000005
T1CON                             00000010
T1IE                              00000000
T1IF                              00000000
T1OSCEN                           00000003
TMR0                              00000001
TMR0IE                            00000005
TMR0IF                            00000002
TMR1                              0000000E
TMR1CS                            00000001
TMR1GE                            00000006
TMR1H                             0000000F
TMR1IE                            00000000
TMR1IF                            00000000
TMR1L                             0000000E
TMR1ON                            00000000
TRISIO                            00000085
TRISIO0                           00000000
TRISIO1                           00000001
TRISIO2                           00000002
TRISIO3                           00000003
TRISIO4                           00000004
TRISIO5                           00000005
UMessen1                          0000003E
VCFG                              00000006
VR0                               00000000
VR1                               00000001
VR2                               00000002
VR3                               00000003
VRCON                             00000099
VREN                              00000007
VRR                               00000005
W                                 00000000
MPASM 5.83                     PICRBTNEW.ASM   10-9-2019  16:51:41         PAGE 19


SYMBOL TABLE
  LABEL                             VALUE 

WPU                               00000095
WPU0                              00000000
WPU1                              00000001
WPU2                              00000002
WPU4                              00000004
WPU5                              00000005
WR                                00000001
WREN                              00000002
WRERR                             00000003
Z                                 00000002
_.org_0_004C                      0000004C
_.org_0_004E                      0000004E
_.org_0_028B                      0000028B
_.org_0_028D                      0000028D
_.org_0_0296                      00000296
_.org_0_0298                      00000298
_.org_0_029A                      0000029A
_BODEN_OFF                        00003FBF
_BODEN_ON                         00003FFF
_BOREN_OFF                        00003FBF
_BOREN_ON                         00003FFF
_CONFIG                           00002007
_CPD_OFF                          00003FFF
_CPD_ON                           00003EFF
_CP_OFF                           00003FFF
_CP_ON                            00003F7F
_DEVID1                           00002006
_EC_OSC                           00003FFB
_EXTRC_OSC_CLKOUT                 00003FFF
_EXTRC_OSC_NOCLKOUT               00003FFE
_FOSC_EC                          00003FFB
_FOSC_EXTRCCLK                    00003FFF
_FOSC_EXTRCIO                     00003FFE
_FOSC_HS                          00003FFA
_FOSC_INTRCCLK                    00003FFD
_FOSC_INTRCIO                     00003FFC
_FOSC_LP                          00003FF8
_FOSC_XT                          00003FF9
_HS_OSC                           00003FFA
_IDLOC0                           00002000
_IDLOC1                           00002001
_IDLOC2                           00002002
_IDLOC3                           00002003
_INTRC_OSC_CLKOUT                 00003FFD
_INTRC_OSC_NOCLKOUT               00003FFC
_LP_OSC                           00003FF8
_MCLRE_OFF                        00003FDF
_MCLRE_ON                         00003FFF
_PWRTE_OFF                        00003FFF
_PWRTE_ON                         00003FEF
_WDTE_OFF                         00003FF7
_WDTE_ON                          00003FFF
_WDT_OFF                          00003FF7
MPASM 5.83                     PICRBTNEW.ASM   10-9-2019  16:51:41         PAGE 20


SYMBOL TABLE
  LABEL                             VALUE 

_WDT_ON                           00003FFF
_XT_OSC                           00003FF9
__12F675                          00000001
bt                                000001DE
cmequalizer                       0000014B
cmmute                            000000FB
cmmute1                           000001F0
cmpause                           0000012B
cmpower                           0000013B
cmqizil                           000000E3
cmstrelkachap                     00000185
cmstrelkaon                       00000195
cmstrelkapas                      000000D3
cmstrelkatepa                     000001C5
cmvolumpas                        000001A5
cmvolumtepa                       000001B5
cmyashil                          00000113
count                             00000020
delay250ms                        0000028F
delayy4.5ms                       00000286
delayy9ms                         0000024D
f0                                00000023
f1                                00000024
fCOUNTER                          0000003E
fCOUNTER2                         0000003F
krug                              000000B1
krug1                             000000BF
krug2                             000000CD
loop                              0000003F
metka1000                         0000020E
metka101000                       0000020C
metka10101000                     0000020A
metka1010101000                   00000208
metka101010101000                 00000206
metka10101010101000               00000204
metka1010101010101000             00000202
metka101010101010101000           00000200
power                             00000084
powermax                          00000029
powermin                          0000002A
poweruderjat                      000000C5
qizil                             0000007A
qizilmax                          00000027
qizilmin                          00000028
qiziluderjat                      000000A9
strelkachap                       00000089
strelkachapmax                    0000002B
strelkachapmin                    0000002C
strelkaon                         0000008E
strelkaonmax                      0000002D
strelkaonmin                      0000002E
strelkapas                        00000075
strelkapasmax                     00000025
MPASM 5.83                     PICRBTNEW.ASM   10-9-2019  16:51:41         PAGE 21


SYMBOL TABLE
  LABEL                             VALUE 

strelkapasmin                     00000026
strelkatepa                       0000009D
strelkatepamax                    0000003C
strelkatepamin                    0000003D
volumpas                          00000093
volumpasmax                       00000038
volumpasmin                       00000039
volumtepa                         00000098
volumtepamax                      0000003A
volumtepamin                      0000003B
yarmi                             000001D5
yashil                            0000007F
yashilmax                         00000040
yashilmin                         00000041
yashiluderjat                     000000B7

Errors   :     0
Warnings :     2 reported,     0 suppressed
Messages :     0 reported,     7 suppressed

