MPASM 5.77                         KENBT.ASM   5-19-2019  5:55:20         PAGE  1


LOC  OBJECT CODE     LINE SOURCE TEXT
  VALUE

Warning[205]: Found directive in column 1. (list)
                      00001 list p=12f675
                      00002 
                      00003         #include <P12f675.INC>
                      00001         LIST
                      00002 
                      00003 ;==========================================================================
                      00004 ; Build date : Nov 22 2017
                      00005 ;  MPASM PIC12F675 processor include
                      00006 ; 
                      00007 ;  (c) Copyright 1999-2017 Microchip Technology, All rights reserved
                      00008 ;==========================================================================
                      00009 
                      00367         LIST
                      00004 
                      00005         ERRORLEVEL      -302            
                      00006 
                      00007 
2007   0014           00008         __CONFIG  00014H
                      00009         ;__CONFIG       _MCLRE_OFF & _PWRTE_OFF & _WDT_OFF & _INTRC_OSC_NOCLKOUT & _BODEN_OFF
                      00010         #define   IR_LED    GPIO,2 ; ???????????? ?????????
                      00011 
                      00012 
  00000026            00013 count           equ     0x26    
  00000027            00014 loops           equ     0x27    
  00000028            00015 loops2          equ     0x28    
                      00016 
                      00017 
  00000029            00018 f0              equ     0x29    
  0000002A            00019 f1              equ     0x2A     
                      00020 
  0000002B            00021 powermax        equ     0x2B    
  0000002C            00022 powermin        equ     0x2C    
  0000002D            00023 modemax         equ     0x2D
  0000002E            00024 modemin         equ     0x2E
  00000037            00025 seekmax         equ     0x37
  00000038            00026 seekmin         equ     0x38
  00000039            00027 volumtepamax    equ     0x39
  00000030            00028 volumtepamin    equ     0x30
  0000003A            00029 volumpasmax     equ     0x3A
  0000003B            00030 volumpasmin     equ     0x3B
  0000003C            00031 fCOUNTER        equ     0x3C ; ??????? ?????? ??? ?????????? ???????????.
  0000003D            00032 fCOUNTER2       equ     0x3D ; ???????2.
  0000003E            00033 Sec1            equ     0x3E    
  00000031            00034 Reg_1           equ     0x31            
  00000032            00035 Reg_2           equ     0x32
  00000033            00036 Reg_3           equ     0x33
  00000034            00037 Reg_4           equ     0x34
  00000035            00038 Reg_5           equ     0x35
  00000036            00039 Reg_6           equ     0x36            
                      00040                 
                      00041 
                      00042 
MPASM 5.77                         KENBT.ASM   5-19-2019  5:55:20         PAGE  2


LOC  OBJECT CODE     LINE SOURCE TEXT
  VALUE

                      00043         org     0x00
                      00044 
0000   2???           00045         goto    Init
                      00046 
                      00047 ;***********************************************************************
                      00048 ; Initialisierung
                      00049 ;
0001   1283           00050 Init        bcf     STATUS, RP0         ; Bank 0
0002   0185           00051             clrf    GPIO                        ; aus!
0003   3007           00052             movlw   b'00000111'
0004   0099           00053             movwf   CMCON                       ; Comparator aus
0005   1683           00054             bsf     STATUS, RP0         ; Bank 1
0006   1105           00055             bcf     TRISIO,2
0007   1605           00056             bsf     TRISIO,4
0008   1683           00057             bsf     STATUS, RP0         ; Bank 1
0009   23FF           00058             call    0x3FF
000A   0090           00059             movwf   OSCCAL                      ; 4-MHz-Kalibrierung
000B   1283           00060             bcf     STATUS, RP0         ; Bank 0
000C   138B           00061             bcf     INTCON, GIE         ; Int deaktiviert
                      00062 ;******************************************************************************
000D   141F           00063             BSF     ADCON0, ADON        ; ADON=1
000E   159F           00064             BSF     ADCON0, CHS1        ; ADCHS1=0
000F   151F           00065             BSF     ADCON0, CHS0        ; ADCHS0=0
0010   1683           00066             BSF     STATUS,RP0  ; Bank1
0011   019F           00067             clrf    ANSEL
0012   161F           00068             BSF     ANSEL, ADCS0        ; ADCS0=1 Fosc/8
0013   159F           00069             BSF     ANSEL, ANS3
0014   1283           00070             BCF     STATUS,RP0  ; Bank0
0015   131F           00071             BCF     ADCON0, VCFG        ; RA2=digital
0016   139F           00072             BCF     ADCON0, ADFM        ; ADFM=1 linksb?ndig
                      00073 
                      00074                 
0017   30FD           00075             movlw   0xFD                ;4.84V
0018   00AB           00076             movwf   powermax
                      00077         
0019   30F4           00078             movlw   0xF4                ;4.69V
001A   00AC           00079             movwf   powermin
                      00080 
                      00081             
001B   30F4           00082             movlw   0xF4                ; 4.64V
001C   00AD           00083             movwf   modemax
                      00084 
001D   30EC           00085             movlw   0xEC                ; 4.56V
001E   00AE           00086             movwf   modemin
                      00087             
                      00088             
001F   30EC           00089             movlw   0xEC                ; 4.46V
0020   00B7           00090             movwf   seekmax
                      00091             
0021   30CF           00092             movlw   0xCF                ; 4.38V
0022   00B8           00093             movwf   seekmin
                      00094             
                      00095             
MPASM 5.77                         KENBT.ASM   5-19-2019  5:55:20         PAGE  3


LOC  OBJECT CODE     LINE SOURCE TEXT
  VALUE

0023   30CF           00096             movlw   0xCF                ; 3.77V
0024   00B9           00097             movwf   volumtepamax
                      00098             
0025   3055           00099             movlw   0x55                ; 3.69V
0026   00B0           00100             movwf   volumtepamin
                      00101             
                      00102             
0027   3055           00103             movlw   0x55                ; 0.01V
0028   00BA           00104             movwf   volumpasmax
                      00105             
0029   3002           00106             movlw   0x02                ; 0.06V
002A   00BB           00107             movwf   volumpasmin
                      00108 ;***********************************************************************
                      00109 ;Main 
002B                  00110 Mainloop
                      00111         ; Messen
002B   2???           00112         call    UMessen1        ; AN0 nach f1,f0  (f1 is entscheidend)
002C   2???           00113         call    LED             ; LED ein-/ausschalten
002D   2???           00114         goto    Mainloop
                      00115 
                      00116 ;***********************************************************************
002E   149F           00117 UMessen1    BSF     ADCON0, 1   ; ADC starten       
002F   189F           00118 loop        BTFSC   ADCON0, 1   ; ist der ADC fertig?
0030   2???           00119             GOTO    loop                ; nein, weiter warten       
0031   081E           00120             movfw   ADRESH              ; obere  8 Bit auslesen
0032   00AA           00121             movwf   f1          ; obere  8-Bit nach f1
0033   1683           00122             bsf     STATUS,RP0  ; Bank1
0034   081E           00123             movfw   ADRESL              ; untere 2 Bit auslesen, werden aber  nicht ben?tigt
0035   1283           00124             bcf     STATUS,RP0  ; Bank0
0036   00A9           00125             movwf   f0          ; untere 2-Bit nach f0
0037   30A5           00126             movlw       .165
0038   00B1           00127             movwf       Reg_1
0039   3033           00128             movlw       .51
003A   00B2           00129             movwf       Reg_2
003B   0BB1           00130             decfsz      Reg_1,F
003C   2???           00131             goto        $-1
003D   0BB2           00132             decfsz      Reg_2,F
003E   2???           00133             goto        $-3
003F   0008           00134             return
                      00135 ;***********************************************************************
                      00136 ; LED ein/aus-schalten
0040                  00137 LED
                      00138         
0040   082B           00139         MOVFW   powermax
0041   022A           00140         subwf   f1, w           ; w:=f1-w 
0042   1C03           00141         btfss   STATUS, C
0043   2???           00142         call    power           ; LED an
                      00143         
                      00144         
0044   082D           00145         MOVFW   modemax
0045   022A           00146         subwf   f1, w           ; w:=f1-w 
0046   1C03           00147         btfss   STATUS, C
0047   2???           00148         call    mode            ; LED an
MPASM 5.77                         KENBT.ASM   5-19-2019  5:55:20         PAGE  4


LOC  OBJECT CODE     LINE SOURCE TEXT
  VALUE

                      00149         
                      00150         
0048   0837           00151         MOVFW   seekmax
0049   022A           00152         subwf   f1, w           ; w:=f1-w 
004A   1C03           00153         btfss   STATUS, C
004B   2???           00154         call    seek            ; LED an
                      00155         
                      00156         
004C   0839           00157         MOVFW   volumtepamax
004D   022A           00158         subwf   f1, w           ; w:=f1-w 
004E   1C03           00159         btfss   STATUS, C
004F   2???           00160         call    volumtepa       ; LED an
                      00161         
                      00162         
0050   083A           00163         MOVFW   volumpasmax
0051   022A           00164         subwf   f1, w           ; w:=f1-w 
0052   1C03           00165         btfss   STATUS, C
0053   2???           00166         call    volumpas        ; LED an
                      00167         
0054   0008           00168         return
                      00169 ;***********************************************************************
                      00170 ; pr?fen ob f1<Uoff
0055   082C           00171 power   MOVFW   powermin
0056   022A           00172         subwf   f1, w           ; w:=f1-w 
0057   1803           00173         btfsc   STATUS, C
0058   2???           00174         call    cmpower
0059   301E           00175         movlw   d'30'
005A   2???           00176         call    Big_delay
005B   0008           00177         return
                      00178         
005C   082E           00179 mode    MOVFW   modemin
005D   022A           00180         subwf   f1, w           ; w:=f1-w 
005E   1803           00181         btfsc   STATUS, C
005F   2???           00182         call    cmmode
0060   301E           00183         movlw   d'30'
0061   2???           00184         call    Big_delay
0062   0008           00185         return
                      00186         
0063   0838           00187 seek    MOVFW   seekmin
0064   022A           00188         subwf   f1, w           ; w:=f1-w 
0065   1803           00189         btfsc   STATUS, C
0066   2???           00190         call    cmseek
0067   301E           00191         movlw   d'30'
0068   2???           00192         call    Big_delay
0069   0008           00193         return
                      00194         
006A   0830           00195 volumtepa MOVFW volumtepamin
006B   022A           00196         subwf   f1, w           ; w:=f1-w 
006C   1803           00197         btfsc   STATUS, C
006D   2???           00198         call    cmvolumtepa
006E   301E           00199         movlw   d'30'
006F   2???           00200         call    Big_delay
0070   0008           00201         return  
MPASM 5.77                         KENBT.ASM   5-19-2019  5:55:20         PAGE  5


LOC  OBJECT CODE     LINE SOURCE TEXT
  VALUE

                      00202         
0071   083B           00203 volumpas MOVFW  volumpasmin
0072   022A           00204         subwf   f1, w           ; w:=f1-w 
0073   1803           00205         btfsc   STATUS, C
0074   2???           00206         call    cmvolumpas
0075   301E           00207         movlw   d'30'
0076   2???           00208         call    Big_delay
0077   0008           00209         return  
                      00210         
                      00211 ;***********************************************************************
                      00212 
                      00213 ;                  ? ? ? ? ? ? ? ? ?   ? ? ? ? ? ? ?
                      00214 ;>>>>>>>>>>>>>>>>>>>>>>>>>>>>>>>>>>>>>>>>>>>>>>>>>>>>>>>>>>>>>>>>>>>>>>>>>>>>>
                      00215 ;-----------------------------------------------------------------------------
0078                  00216 Big_delay ;=770*x+1     x=(delay-5)/770 ???????? ?????????? call ? return.
0078   00BD           00217         movwf   fCOUNTER2
0079   01BC           00218         clrf    fCOUNTER
007A                  00219 BD_Loop94
007A   0BBC           00220         decfsz  fCOUNTER,1
007B   2???           00221         goto    BD_Loop94
007C   0BBD           00222         decfsz  fCOUNTER2,1
007D   2???           00223         goto    BD_Loop94
007E   0008           00224         return
                      00225 ;-----------------------------------------------------------------------------
007F                  00226 delay
007F   00BC           00227         movwf   fCOUNTER
0080                  00228 D_Loop36
0080   0BBC           00229         decfsz  fCOUNTER,1
0081   2???           00230         goto    D_Loop36
0082   0008           00231         return
                      00232 ;-----------------------------------------------------------------------------
0083                  00233 cmpower
                      00234         
0083   2???           00235         call    delayy9ms
0084   2???           00236         call    delayy4.5ms
0085   2???           00237         call    Send_1;      // 0
0086   2???           00238         call    Send_0;      // 1
0087   2???           00239         call    Send_0;      // 2
0088   2???           00240         call    Send_0;      // 3
0089   2???           00241         call    Send_1;      // 4
008A   2???           00242         call    Send_0;      // 5
008B   2???           00243         call    Send_1;      // 6
008C   2???           00244         call    Send_0;      // 7
008D   2???           00245         call    Send_1;      // 8
008E   2???           00246         call    Send_0;      // 9
008F   2???           00247         call    Send_0;      // 10
0090   2???           00248         call    Send_0;      // 11
0091   2???           00249         call    Send_1;      // 12
0092   2???           00250         call    Send_0;      // 13
0093   2???           00251         call    Send_0;      // 14
0094   2???           00252         call    Send_0;      // 15
0095   2???           00253         call    Send_1;      // 16
0096   2???           00254         call    Send_0;      // 17
MPASM 5.77                         KENBT.ASM   5-19-2019  5:55:20         PAGE  6


LOC  OBJECT CODE     LINE SOURCE TEXT
  VALUE

0097   2???           00255         call    Send_0;      // 19
0098   2???           00256         call    Send_0;      // 20
0099   2???           00257         call    Send_1;      // 21
009A   2???           00258         call    Send_0;      // 22
009B   2???           00259         call    Send_1;      // 23
009C   2???           00260         call    Send_0;      // 24
009D   2???           00261         call    Send_0;      // 25
009E   2???           00262         call    Send_0;      // 26
009F   2???           00263         call    Send_1;      // 27
00A0   2???           00264         call    Send_0;      // 28
00A1   2???           00265         call    Send_1;      // 29
00A2   2???           00266         call    Send_0;      // 30
00A3   2???           00267         call    Send_0;      // 31
00A4   2???           00268         call    Send_0;      // 32
00A5   2???           00269         call    Send_1;      // 33
00A6   2???           00270         call    Send_0;      // 34
00A7   2???           00271         call    Send_0;      // 35
00A8   2???           00272         call    Send_0;      // 36
00A9   2???           00273         call    Send_1;      // 37
00AA   2???           00274         call    Send_0;      // 38
00AB   2???           00275         call    Send_1;      // 39
00AC   2???           00276         call    Send_0;      // 40
00AD   2???           00277         call    Send_1;      // 41
00AE   2???           00278         call    Send_0;      // 42
00AF   2???           00279         call    Send_1;      // 43
00B0   2???           00280         call    Send_0;      // 35
00B1   2???           00281         call    Send_0;      // 36
00B2   2???           00282         call    Send_0;      // 37
00B3   2???           00283         call    Send_1;      // 38
00B4   2???           00284         call    Send_0;      // 39
00B5   2???           00285         call    Send_1;      // 40
00B6   2???           00286         call    Send_0;      // 41
00B7   2???           00287         call    Send_0;      // 42
00B8   2???           00288         call    Send_0;      // 43
00B9   2???           00289         call    Send_1;      // 35
00BA   2???           00290         call    Send_0;      // 36
00BB   2???           00291         call    Send_0;      // 37
00BC   2???           00292         call    Send_0;      // 38
00BD   2???           00293         call    Send_1;      // 39
00BE   2???           00294         call    Send_0;      // 40
00BF   2???           00295         call    Send_1;      // 41
00C0   2???           00296         call    Send_0;      // 42
00C1   2???           00297         call    Send_1;      // 43
00C2   2???           00298         call    Send_0;      // 43
00C3   2???           00299         call    Send_0;      // 43
00C4   2???           00300         call    Send_0;      // 43
00C5   2???           00301         call    Send_1;      // 43
00C6   2???           00302         call    Send_0;      // 43
00C7   2???           00303         call    Send_1;      // 43
00C8   2???           00304         call    Send_0;      // 43
00C9   2???           00305         call    Send_1;      // 43
00CA   2???           00306         call    Send_0;      // 43
00CB   2???           00307         call    Send_1;      // 43
MPASM 5.77                         KENBT.ASM   5-19-2019  5:55:20         PAGE  7


LOC  OBJECT CODE     LINE SOURCE TEXT
  VALUE

00CC   2???           00308         call    Send_0;      // 43
00CD   2???           00309         call    Send_1;      // 43
00CE   2???           00310         call    Send_0;      // 43
00CF   2???           00311         call    Send_1;      // 43
00D0   2???           00312         call    Send_0;      // 43
00D1   2???           00313         call    Send_0;      // 43
00D2   2???           00314         call    Send_0;      // 43
00D3   2???           00315         call    Send_1;      // 43
00D4   2???           00316         call    Send_0;      // 43
00D5   2???           00317         call    Send_0;      // 43
00D6   2???           00318         call    Send_0;      // 43
00D7   2???           00319         call    Send_1;      // 43
00D8   2???           00320         call    Send_0;      // 43
00D9   2???           00321         call    Send_1;      // 43
00DA   2???           00322         call    Send_0;      // 43
00DB   2???           00323         call    Send_0;      // 43
00DC   2???           00324         call    Send_0;      // 43
00DD   2???           00325         call    Send_1;      // 43
00DE   2???           00326         call    Send_0;      // 43
00DF   2???           00327         call    Send_0;      // 43
00E0   2???           00328         call    Send_0;      // 43
00E1   2???           00329         call    Send_1;      // 43
00E2   2???           00330         call    Send_0;      // 43
00E3   2???           00331         call    Send_0;      // 43
00E4   2???           00332         call    Send_0;      // 43
00E5   2???           00333         call    Send_1;      // 43
00E6   2???           00334         call    Send_0;      // 43
00E7   3020           00335         movlw   d'32'
00E8   2???           00336         call    Big_delay
                      00337         
00E9   0008           00338         return
                      00339 ;-----------------------------------------------------------------------------
00EA                  00340 cmmode
00EA   2???           00341         call    delayy9ms
00EB   2???           00342         call    delayy4.5ms
00EC   2???           00343         call    Send_1;      // 0
00ED   2???           00344         call    Send_0;      // 1
00EE   2???           00345         call    Send_0;      // 2
00EF   2???           00346         call    Send_0;      // 3
00F0   2???           00347         call    Send_1;      // 4
00F1   2???           00348         call    Send_0;      // 5
00F2   2???           00349         call    Send_1;      // 6
00F3   2???           00350         call    Send_0;      // 7
00F4   2???           00351         call    Send_1;      // 8
00F5   2???           00352         call    Send_0;      // 9
00F6   2???           00353         call    Send_0;      // 10
00F7   2???           00354         call    Send_0;      // 11
00F8   2???           00355         call    Send_1;      // 12
00F9   2???           00356         call    Send_0;      // 13
00FA   2???           00357         call    Send_0;      // 14
00FB   2???           00358         call    Send_0;      // 15
00FC   2???           00359         call    Send_1;      // 16
00FD   2???           00360         call    Send_0;      // 17
MPASM 5.77                         KENBT.ASM   5-19-2019  5:55:20         PAGE  8


LOC  OBJECT CODE     LINE SOURCE TEXT
  VALUE

00FE   2???           00361         call    Send_0;      // 19
00FF   2???           00362         call    Send_0;      // 20
0100   2???           00363         call    Send_1;      // 21
0101   2???           00364         call    Send_0;      // 22
0102   2???           00365         call    Send_1;      // 23
0103   2???           00366         call    Send_0;      // 24
0104   2???           00367         call    Send_0;      // 25
0105   2???           00368         call    Send_0;      // 26
0106   2???           00369         call    Send_1;      // 27
0107   2???           00370         call    Send_0;      // 28
0108   2???           00371         call    Send_1;      // 29
0109   2???           00372         call    Send_0;      // 30
010A   2???           00373         call    Send_0;      // 31
010B   2???           00374         call    Send_0;      // 32
010C   2???           00375         call    Send_1;      // 33
010D   2???           00376         call    Send_0;      // 34
010E   2???           00377         call    Send_0;      // 35
010F   2???           00378         call    Send_0;      // 36
0110   2???           00379         call    Send_1;      // 37
0111   2???           00380         call    Send_0;      // 38
0112   2???           00381         call    Send_1;      // 39
0113   2???           00382         call    Send_0;      // 40
0114   2???           00383         call    Send_1;      // 41
0115   2???           00384         call    Send_0;      // 42
0116   2???           00385         call    Send_1;      // 43
0117   2???           00386         call    Send_0;      // 35
0118   2???           00387         call    Send_0;      // 36
0119   2???           00388         call    Send_0;      // 37
011A   2???           00389         call    Send_1;      // 38
011B   2???           00390         call    Send_0;      // 39
011C   2???           00391         call    Send_1;      // 40
011D   2???           00392         call    Send_0;      // 41
011E   2???           00393         call    Send_1;      // 42
011F   2???           00394         call    Send_0;      // 43
0120   2???           00395         call    Send_0;      // 44
0121   2???           00396         call    Send_0;      // 45
0122   2???           00397         call    Send_1;      // 46
0123   2???           00398         call    Send_0;      // 47
0124   2???           00399         call    Send_0;      // 48
0125   2???           00400         call    Send_0;      // 49
0126   2???           00401         call    Send_1;      // 50
0127   2???           00402         call    Send_0;      // 51
0128   2???           00403         call    Send_1;      // 52
0129   2???           00404         call    Send_0;      // 53
012A   2???           00405         call    Send_0;      // 54
012B   2???           00406         call    Send_0;      // 55
012C   2???           00407         call    Send_1;      // 56
012D   2???           00408         call    Send_0;      // 57
012E   2???           00409         call    Send_1;      // 58
012F   2???           00410         call    Send_0;      // 59
0130   2???           00411         call    Send_1;      // 60
0131   2???           00412         call    Send_0;      // 61
0132   2???           00413         call    Send_1;      // 62
MPASM 5.77                         KENBT.ASM   5-19-2019  5:55:20         PAGE  9


LOC  OBJECT CODE     LINE SOURCE TEXT
  VALUE

0133   2???           00414         call    Send_0;      // 63
0134   2???           00415         call    Send_0;      // 64
0135   2???           00416         call    Send_0;      // 65
0136   2???           00417         call    Send_1;      // 66
0137   2???           00418         call    Send_0;      // 67
0138   2???           00419         call    Send_1;      // 68
0139   2???           00420         call    Send_0;      // 69
013A   2???           00421         call    Send_1;      // 70
013B   2???           00422         call    Send_0;      // 71
013C   2???           00423         call    Send_0;      // 72
013D   2???           00424         call    Send_0;      // 73
013E   2???           00425         call    Send_1;      // 74
013F   2???           00426         call    Send_0;      // 75
0140   2???           00427         call    Send_1;      // 76
0141   2???           00428         call    Send_0;      // 77
0142   2???           00429         call    Send_0;      // 78
0143   2???           00430         call    Send_0;      // 79
0144   2???           00431         call    Send_1;      // 80
0145   2???           00432         call    Send_0;      // 81
0146   2???           00433         call    Send_0;      // 82
0147   2???           00434         call    Send_0;      // 83
0148   2???           00435         call    Send_1;      // 84
0149   2???           00436         call    Send_0;      // 85
014A   2???           00437         call    Send_0;      // 86
014B   2???           00438         call    Send_0;      // 87
014C   2???           00439         call    Send_1;      // 88
014D   2???           00440         call    Send_0;      // 89
014E   0008           00441         return
                      00442         
                      00443 ;-----------------------------------------------------------------------------
014F                  00444 cmseek
014F   2???           00445         call    delayy9ms
0150   2???           00446         call    delayy4.5ms
0151   2???           00447         call    Send_1;      // 0
0152   2???           00448         call    Send_0;      // 1
0153   2???           00449         call    Send_0;      // 2
0154   2???           00450         call    Send_0;      // 3
0155   2???           00451         call    Send_1;      // 4
0156   2???           00452         call    Send_0;      // 5
0157   2???           00453         call    Send_1;      // 6
0158   2???           00454         call    Send_0;      // 7
0159   2???           00455         call    Send_1;      // 8
015A   2???           00456         call    Send_0;      // 9
015B   2???           00457         call    Send_0;      // 10
015C   2???           00458         call    Send_0;      // 11
015D   2???           00459         call    Send_1;      // 12
015E   2???           00460         call    Send_0;      // 13
015F   2???           00461         call    Send_0;      // 14
0160   2???           00462         call    Send_0;      // 15
0161   2???           00463         call    Send_1;      // 16
0162   2???           00464         call    Send_0;      // 17
0163   2???           00465         call    Send_0;      // 19
0164   2???           00466         call    Send_0;      // 20
MPASM 5.77                         KENBT.ASM   5-19-2019  5:55:20         PAGE 10


LOC  OBJECT CODE     LINE SOURCE TEXT
  VALUE

0165   2???           00467         call    Send_1;      // 21
0166   2???           00468         call    Send_0;      // 22
0167   2???           00469         call    Send_1;      // 23
0168   2???           00470         call    Send_0;      // 24
0169   2???           00471         call    Send_0;      // 25
016A   2???           00472         call    Send_0;      // 26
016B   2???           00473         call    Send_1;      // 27
016C   2???           00474         call    Send_0;      // 28
016D   2???           00475         call    Send_1;      // 29
016E   2???           00476         call    Send_0;      // 30
016F   2???           00477         call    Send_0;      // 31
0170   2???           00478         call    Send_0;      // 32
0171   2???           00479         call    Send_1;      // 33
0172   2???           00480         call    Send_0;      // 34
0173   2???           00481         call    Send_0;      // 35
0174   2???           00482         call    Send_0;      // 36
0175   2???           00483         call    Send_1;      // 37
0176   2???           00484         call    Send_0;      // 38
0177   2???           00485         call    Send_1;      // 39
0178   2???           00486         call    Send_0;      // 40
0179   2???           00487         call    Send_1;      // 41
017A   2???           00488         call    Send_0;      // 42
017B   2???           00489         call    Send_1;      // 43
017C   2???           00490         call    Send_0;      // 35
017D   2???           00491         call    Send_0;      // 36
017E   2???           00492         call    Send_0;      // 37
017F   2???           00493         call    Send_1;      // 38
0180   2???           00494         call    Send_0;      // 39
0181   2???           00495         call    Send_1;      // 40
0182   2???           00496         call    Send_0;      // 41
0183   2???           00497         call    Send_0;      // 42
0184   2???           00498         call    Send_0;      // 43
0185   2???           00499         call    Send_1;      // 44
0186   2???           00500         call    Send_0;      // 45
0187   2???           00501         call    Send_0;      // 46
0188   2???           00502         call    Send_0;      // 47
0189   2???           00503         call    Send_1;      // 48
018A   2???           00504         call    Send_0;      // 49
018B   2???           00505         call    Send_1;      // 50
018C   2???           00506         call    Send_0;      // 51
018D   2???           00507         call    Send_0;      // 52
018E   2???           00508         call    Send_0;      // 53
018F   2???           00509         call    Send_1;      // 54
0190   2???           00510         call    Send_0;      // 55
0191   2???           00511         call    Send_1;      // 56
0192   2???           00512         call    Send_0;      // 57
0193   2???           00513         call    Send_1;      // 58
0194   2???           00514         call    Send_0;      // 59
0195   2???           00515         call    Send_1;      // 60
0196   2???           00516         call    Send_0;      // 61
0197   2???           00517         call    Send_1;      // 62
0198   2???           00518         call    Send_0;      // 63
0199   2???           00519         call    Send_1;      // 64
MPASM 5.77                         KENBT.ASM   5-19-2019  5:55:20         PAGE 11


LOC  OBJECT CODE     LINE SOURCE TEXT
  VALUE

019A   2???           00520         call    Send_0;      // 65
019B   2???           00521         call    Send_1;      // 66
019C   2???           00522         call    Send_0;      // 67
019D   2???           00523         call    Send_0;      // 68
019E   2???           00524         call    Send_0;      // 69
019F   2???           00525         call    Send_1;      // 70
01A0   2???           00526         call    Send_0;      // 71
01A1   2???           00527         call    Send_1;      // 72
01A2   2???           00528         call    Send_0;      // 73
01A3   2???           00529         call    Send_0;      // 74
01A4   2???           00530         call    Send_0;      // 75
01A5   2???           00531         call    Send_1;      // 76
01A6   2???           00532         call    Send_0;      // 77
01A7   2???           00533         call    Send_0;      // 78
01A8   2???           00534         call    Send_0;      // 79
01A9   2???           00535         call    Send_1;      // 80
01AA   2???           00536         call    Send_0;      // 81
01AB   2???           00537         call    Send_0;      // 82
01AC   2???           00538         call    Send_0;      // 83
01AD   2???           00539         call    Send_1;      // 84
01AE   2???           00540         call    Send_0;      // 85
01AF   2???           00541         call    Send_0;      // 86
01B0   2???           00542         call    Send_0;      // 87
01B1   2???           00543         call    Send_1;      // 88
01B2   2???           00544         call    Send_0;      // 89
01B3   0008           00545         return
                      00546         
                      00547 ;-----------------------------------------------------------------------------
                      00548         
                      00549         
01B4                  00550 cmvolumtepa     
01B4   2???           00551         call    delayy9ms
01B5   2???           00552         call    delayy4.5ms
01B6   2???           00553         call    Send_1;      // 0
01B7   2???           00554         call    Send_0;      // 1
01B8   2???           00555         call    Send_0;      // 2
01B9   2???           00556         call    Send_0;      // 3
01BA   2???           00557         call    Send_1;      // 4
01BB   2???           00558         call    Send_0;      // 5
01BC   2???           00559         call    Send_1;      // 6
01BD   2???           00560         call    Send_0;      // 7
01BE   2???           00561         call    Send_1;      // 8
01BF   2???           00562         call    Send_0;      // 9
01C0   2???           00563         call    Send_0;      // 10
01C1   2???           00564         call    Send_0;      // 11
01C2   2???           00565         call    Send_1;      // 12
01C3   2???           00566         call    Send_0;      // 13
01C4   2???           00567         call    Send_0;      // 14
01C5   2???           00568         call    Send_0;      // 15
01C6   2???           00569         call    Send_1;      // 16
01C7   2???           00570         call    Send_0;      // 17
01C8   2???           00571         call    Send_0;      // 19
01C9   2???           00572         call    Send_0;      // 20
MPASM 5.77                         KENBT.ASM   5-19-2019  5:55:20         PAGE 12


LOC  OBJECT CODE     LINE SOURCE TEXT
  VALUE

01CA   2???           00573         call    Send_1;      // 21
01CB   2???           00574         call    Send_0;      // 22
01CC   2???           00575         call    Send_1;      // 24
01CD   2???           00576         call    Send_0;      // 25
01CE   2???           00577         call    Send_0;      // 26
01CF   2???           00578         call    Send_0;      // 27
01D0   2???           00579         call    Send_1;      // 28
01D1   2???           00580         call    Send_0;      // 29
01D2   2???           00581         call    Send_1;      // 30
01D3   2???           00582         call    Send_0;      // 31
01D4   2???           00583         call    Send_0;      // 32
01D5   2???           00584         call    Send_0;      // 33
01D6   2???           00585         call    Send_1;      // 34
01D7   2???           00586         call    Send_0;      // 35
01D8   2???           00587         call    Send_0;      // 36
01D9   2???           00588         call    Send_0;      // 37
01DA   2???           00589         call    Send_1;      // 38
01DB   2???           00590         call    Send_0;      // 39
01DC   2???           00591         call    Send_1;      // 40
01DD   2???           00592         call    Send_0;      // 41
01DE   2???           00593         call    Send_1;      // 42
01DF   2???           00594         call    Send_0;      // 43
01E0   2???           00595         call    Send_1;      // 35
01E1   2???           00596         call    Send_0;      // 36
01E2   2???           00597         call    Send_0;      // 37
01E3   2???           00598         call    Send_0;      // 38
01E4   2???           00599         call    Send_1;      // 39
01E5   2???           00600         call    Send_0;      // 40
01E6   2???           00601         call    Send_1;      // 41
01E7   2???           00602         call    Send_0;      // 42
01E8   2???           00603         call    Send_1;      // 43
01E9   2???           00604         call    Send_0;      // 44
01EA   2???           00605         call    Send_1;      // 45
01EB   2???           00606         call    Send_0;      // 46
01EC   2???           00607         call    Send_0;      // 47
01ED   2???           00608         call    Send_0;      // 48
01EE   2???           00609         call    Send_1;      // 49
01EF   2???           00610         call    Send_0;      // 50
01F0   2???           00611         call    Send_1;      // 51
01F1   2???           00612         call    Send_0;      // 52
01F2   2???           00613         call    Send_0;      // 53
01F3   2???           00614         call    Send_0;      // 54
01F4   2???           00615         call    Send_1;      // 55
01F5   2???           00616         call    Send_0;      // 56
01F6   2???           00617         call    Send_1;      // 57
01F7   2???           00618         call    Send_0;      // 58
01F8   2???           00619         call    Send_1;      // 59
01F9   2???           00620         call    Send_0;      // 60
01FA   2???           00621         call    Send_1;      // 61
01FB   2???           00622         call    Send_0;      // 62
01FC   2???           00623         call    Send_0;      // 63
01FD   2???           00624         call    Send_0;      // 64
01FE   2???           00625         call    Send_1;      // 65
MPASM 5.77                         KENBT.ASM   5-19-2019  5:55:20         PAGE 13


LOC  OBJECT CODE     LINE SOURCE TEXT
  VALUE

01FF   2???           00626         call    Send_0;      // 66
0200   2???           00627         call    Send_0;      // 67
0201   2???           00628         call    Send_0;      // 68
0202   2???           00629         call    Send_1;      // 69
0203   2???           00630         call    Send_0;      // 70
0204   2???           00631         call    Send_1;      // 71
0205   2???           00632         call    Send_0;      // 72
0206   2???           00633         call    Send_0;      // 73
0207   2???           00634         call    Send_0;      // 74
0208   2???           00635         call    Send_1;      // 75
0209   2???           00636         call    Send_0;      // 76
020A   2???           00637         call    Send_1;      // 77
020B   2???           00638         call    Send_0;      // 78
020C   2???           00639         call    Send_0;      // 79
020D   2???           00640         call    Send_0;      // 80
020E   2???           00641         call    Send_1;      // 81
020F   2???           00642         call    Send_0;      // 82
0210   2???           00643         call    Send_0;      // 83
0211   2???           00644         call    Send_0;      // 84
0212   2???           00645         call    Send_1;      // 85
0213   2???           00646         call    Send_0;      // 86
0214   2???           00647         call    Send_0;      // 87
0215   2???           00648         call    Send_0;      // 88
0216   2???           00649         call    Send_1;      // 89
0217   2???           00650         call    Send_0;      // 90
0218   0008           00651         return
                      00652         
                      00653 ;-----------------------------------------------------------------------------
                      00654         
0219                  00655 cmvolumpas
0219   2???           00656         call    delayy9ms
021A   2???           00657         call    delayy4.5ms
021B   2???           00658         call    Send_1;      // 0
021C   2???           00659         call    Send_0;      // 1
021D   2???           00660         call    Send_0;      // 2
021E   2???           00661         call    Send_0;      // 3
021F   2???           00662         call    Send_1;      // 4
0220   2???           00663         call    Send_0;      // 5
0221   2???           00664         call    Send_1;      // 6
0222   2???           00665         call    Send_0;      // 7
0223   2???           00666         call    Send_1;      // 8
0224   2???           00667         call    Send_0;      // 9
0225   2???           00668         call    Send_0;      // 10
0226   2???           00669         call    Send_0;      // 11
0227   2???           00670         call    Send_1;      // 12
0228   2???           00671         call    Send_0;      // 13
0229   2???           00672         call    Send_0;      // 14
022A   2???           00673         call    Send_0;      // 15
022B   2???           00674         call    Send_1;      // 16
022C   2???           00675         call    Send_0;      // 17
022D   2???           00676         call    Send_0;      // 19
022E   2???           00677         call    Send_0;      // 20
022F   2???           00678         call    Send_1;      // 21
MPASM 5.77                         KENBT.ASM   5-19-2019  5:55:20         PAGE 14


LOC  OBJECT CODE     LINE SOURCE TEXT
  VALUE

0230   2???           00679         call    Send_0;      // 22
0231   2???           00680         call    Send_1;      // 23
0232   2???           00681         call    Send_0;      // 25
0233   2???           00682         call    Send_0;      // 26
0234   2???           00683         call    Send_0;      // 27
0235   2???           00684         call    Send_1;      // 28
0236   2???           00685         call    Send_0;      // 29
0237   2???           00686         call    Send_1;      // 30
0238   2???           00687         call    Send_0;      // 31
0239   2???           00688         call    Send_0;      // 32
023A   2???           00689         call    Send_0;      // 33
023B   2???           00690         call    Send_1;      // 34
023C   2???           00691         call    Send_0;      // 35
023D   2???           00692         call    Send_0;      // 36
023E   2???           00693         call    Send_0;      // 37
023F   2???           00694         call    Send_1;      // 38
0240   2???           00695         call    Send_0;      // 39
0241   2???           00696         call    Send_1;      // 40
0242   2???           00697         call    Send_0;      // 41
0243   2???           00698         call    Send_1;      // 42
0244   2???           00699         call    Send_0;      // 43
0245   2???           00700         call    Send_1;      // 35
0246   2???           00701         call    Send_0;      // 36
0247   2???           00702         call    Send_0;      // 37
0248   2???           00703         call    Send_0;      // 38
0249   2???           00704         call    Send_1;      // 39
024A   2???           00705         call    Send_0;      // 40
024B   2???           00706         call    Send_1;      // 41
024C   2???           00707         call    Send_0;      // 42
024D   2???           00708         call    Send_0;      // 43
024E   2???           00709         call    Send_0;      // 44
024F   2???           00710         call    Send_1;      // 45
0250   2???           00711         call    Send_0;      // 46
0251   2???           00712         call    Send_1;      // 47
0252   2???           00713         call    Send_0;      // 48
0253   2???           00714         call    Send_0;      // 49
0254   2???           00715         call    Send_0;      // 50
0255   2???           00716         call    Send_1;      // 51
0256   2???           00717         call    Send_0;      // 52
0257   2???           00718         call    Send_1;      // 53
0258   2???           00719         call    Send_0;      // 54
0259   2???           00720         call    Send_0;      // 55
025A   2???           00721         call    Send_0;      // 56
025B   2???           00722         call    Send_1;      // 57
025C   2???           00723         call    Send_0;      // 58
025D   2???           00724         call    Send_1;      // 59
025E   2???           00725         call    Send_0;      // 60
025F   2???           00726         call    Send_1;      // 61
0260   2???           00727         call    Send_0;      // 62
0261   2???           00728         call    Send_1;      // 63
0262   2???           00729         call    Send_0;      // 64
0263   2???           00730         call    Send_1;      // 65
0264   2???           00731         call    Send_0;      // 66
MPASM 5.77                         KENBT.ASM   5-19-2019  5:55:20         PAGE 15


LOC  OBJECT CODE     LINE SOURCE TEXT
  VALUE

0265   2???           00732         call    Send_0;      // 67
0266   2???           00733         call    Send_0;      // 68
0267   2???           00734         call    Send_1;      // 69
0268   2???           00735         call    Send_0;      // 70
0269   2???           00736         call    Send_1;      // 71
026A   2???           00737         call    Send_0;      // 72
026B   2???           00738         call    Send_0;      // 73
026C   2???           00739         call    Send_0;      // 74
026D   2???           00740         call    Send_1;      // 75
026E   2???           00741         call    Send_0;      // 76
026F   2???           00742         call    Send_1;      // 77
0270   2???           00743         call    Send_0;      // 78
0271   2???           00744         call    Send_0;      // 79
0272   2???           00745         call    Send_0;      // 80
0273   2???           00746         call    Send_1;      // 81
0274   2???           00747         call    Send_0;      // 82
0275   2???           00748         call    Send_0;      // 83
0276   2???           00749         call    Send_0;      // 84
0277   2???           00750         call    Send_1;      // 85
0278   2???           00751         call    Send_0;      // 86
0279   2???           00752         call    Send_0;      // 87
027A   2???           00753         call    Send_0;      // 88
027B   2???           00754         call    Send_1;      // 89
027C   2???           00755         call    Send_0;      // 90
027D   0008           00756         return
                      00757         
                      00758 ;-----------------------------------------------------------------------------
027E                  00759 Send_1 ; ???????????? 527 ???.
027E   3014           00760         movlw   d'20'
027F   00BC           00761         movwf   fCOUNTER
0280                  00762 Send1_Loop
0280   1505           00763         bsf     IR_LED
0281   0000           00764         nop
0282   0000           00765         nop
0283   0000           00766         nop
0284   0000           00767         nop
0285   0000           00768         nop
0286   0000           00769         nop
0287   0000           00770         nop
0288   0000           00771         nop
0289   0000           00772         nop
028A   0000           00773         nop
028B   0000           00774         nop
028C   0000           00775         nop
028D   1105           00776         bcf     IR_LED
028E   0000           00777         nop
028F   0000           00778         nop
0290   0000           00779         nop
0291   0000           00780         nop
0292   0000           00781         nop
0293   0000           00782         nop
0294   0000           00783         nop
0295   0000           00784         nop
MPASM 5.77                         KENBT.ASM   5-19-2019  5:55:20         PAGE 16


LOC  OBJECT CODE     LINE SOURCE TEXT
  VALUE

0296   0000           00785         nop
0297   0000           00786         nop
0298   0BBC           00787         decfsz  fCOUNTER,1
0299   2???           00788         goto    Send1_Loop
029A   0008           00789         return
                      00790 ;-----------------------------------------------------------------------------
029B                  00791 Send_0 ; ???????????? 527 ???.
029B   3014           00792         movlw   d'20'
029C   00BC           00793         movwf   fCOUNTER
029D                  00794 Send0_Loop
029D   1105           00795         bcf     IR_LED
029E   0000           00796         nop
029F   0000           00797         nop
02A0   0000           00798         nop
02A1   0000           00799         nop
02A2   0000           00800         nop
02A3   0000           00801         nop
02A4   0000           00802         nop
02A5   0000           00803         nop
02A6   0000           00804         nop
02A7   0000           00805         nop
02A8   0000           00806         nop
02A9   0000           00807         nop
02AA   1105           00808         bcf     IR_LED
02AB   0000           00809         nop
02AC   0000           00810         nop
02AD   0000           00811         nop
02AE   0000           00812         nop
02AF   0000           00813         nop
02B0   0000           00814         nop
02B1   0000           00815         nop
02B2   0000           00816         nop
02B3   0000           00817         nop
02B4   0000           00818         nop
02B5   0BBC           00819         decfsz  fCOUNTER,1
02B6   2???           00820         goto    Send0_Loop
02B7   0008           00821         return
                      00822 ;-----------------------------------------------------------------------------
02B8                  00823 delayy9ms 
                      00824          
02B8   30C8           00825         movlw   d'200'
02B9   00BC           00826         movwf   fCOUNTER
02BA                  00827 Send0_Loopp
02BA   1505           00828         bsf     IR_LED
02BB   0000           00829         nop
02BC   0000           00830         nop
02BD   0000           00831         nop
02BE   0000           00832         nop
02BF   0000           00833         nop
02C0   0000           00834         nop
02C1   0000           00835         nop
02C2   0000           00836         nop
02C3   0000           00837         nop
MPASM 5.77                         KENBT.ASM   5-19-2019  5:55:20         PAGE 17


LOC  OBJECT CODE     LINE SOURCE TEXT
  VALUE

02C4   0000           00838         nop
02C5   0000           00839         nop
02C6   0000           00840         nop
02C7   1105           00841         bcf     IR_LED
02C8   0000           00842         nop
02C9   0000           00843         nop
02CA   0000           00844         nop
02CB   0000           00845         nop
02CC   0000           00846         nop
02CD   0000           00847         nop
02CE   0000           00848         nop
02CF   0000           00849         nop
02D0   0000           00850         nop
02D1   0000           00851         nop
02D2   0BBC           00852         decfsz  fCOUNTER,1
02D3   2???           00853         goto    Send0_Loopp
                      00854         
02D4   3084           00855         movlw   d'132'
02D5   00BC           00856         movwf   fCOUNTER
02D6                  00857 Send0_Loopp1
02D6   1505           00858         bsf     IR_LED
02D7   0000           00859         nop
02D8   0000           00860         nop
02D9   0000           00861         nop
02DA   0000           00862         nop
02DB   0000           00863         nop
02DC   0000           00864         nop
02DD   0000           00865         nop
02DE   0000           00866         nop
02DF   0000           00867         nop
02E0   0000           00868         nop
02E1   0000           00869         nop
02E2   0000           00870         nop
02E3   1105           00871         bcf     IR_LED
02E4   0000           00872         nop
02E5   0000           00873         nop
02E6   0000           00874         nop
02E7   0000           00875         nop
02E8   0000           00876         nop
02E9   0000           00877         nop
02EA   0000           00878         nop
02EB   0000           00879         nop
02EC   0000           00880         nop
02ED   0000           00881         nop
02EE   0BBC           00882         decfsz  fCOUNTER,1
02EF   2???           00883         goto    Send0_Loopp1
02F0   0008           00884         return
                      00885         
                      00886         
02F1                  00887 delayy4.5ms     
02F1   30D7           00888         movlw       .215
02F2   00B1           00889         movwf       Reg_1
02F3   3006           00890         movlw       .6
MPASM 5.77                         KENBT.ASM   5-19-2019  5:55:20         PAGE 18


LOC  OBJECT CODE     LINE SOURCE TEXT
  VALUE

02F4   00B2           00891         movwf       Reg_2
02F5   0BB1           00892         decfsz      Reg_1,F
02F6   2???           00893         goto        $-1
02F7   0BB2           00894         decfsz      Reg_2,F
02F8   2???           00895         goto        $-3
02F9   0008           00896         return
                      00897 ;-----------------------------------------------------------------------------  
                      00898 
0014                  00899         end
MPASM 5.77                         KENBT.ASM   5-19-2019  5:55:20         PAGE 19


SYMBOL TABLE
  LABEL                             VALUE 

ADCON0                            0000001F
ADCS0                             00000004
ADCS1                             00000005
ADCS2                             00000006
ADFM                              00000007
ADIE                              00000006
ADIF                              00000006
ADON                              00000000
ADRESH                            0000001E
ADRESL                            0000009E
ANS0                              00000000
ANS1                              00000001
ANS2                              00000002
ANS3                              00000003
ANSEL                             0000009F
BD_Loop94                         0000007A
Big_delay                         00000078
C                                 00000000
CAL0                              00000002
CAL1                              00000003
CAL2                              00000004
CAL3                              00000005
CAL4                              00000006
CAL5                              00000007
CHS0                              00000002
CHS1                              00000003
CINV                              00000004
CIS                               00000003
CM0                               00000000
CM1                               00000001
CM2                               00000002
CMCON                             00000019
CMIE                              00000003
CMIF                              00000003
COUT                              00000006
DC                                00000001
D_Loop36                          00000080
EEADR                             0000009B
EECON1                            0000009C
EECON2                            0000009D
EEDAT                             0000009A
EEDATA                            0000009A
EEIE                              00000007
EEIF                              00000007
F                                 00000001
FSR                               00000004
GIE                               00000007
GO                                00000001
GO_DONE                           00000001
GO_NOT_DONE                       00000001
GP0                               00000000
GP1                               00000001
GP2                               00000002
MPASM 5.77                         KENBT.ASM   5-19-2019  5:55:20         PAGE 20


SYMBOL TABLE
  LABEL                             VALUE 

GP3                               00000003
GP4                               00000004
GP5                               00000005
GPIE                              00000003
GPIF                              00000000
GPIO                              00000005
GPIO0                             00000000
GPIO1                             00000001
GPIO2                             00000002
GPIO3                             00000003
GPIO4                             00000004
GPIO5                             00000005
INDF                              00000000
INTCON                            0000000B
INTE                              00000004
INTEDG                            00000006
INTF                              00000001
IOC                               00000096
IOC0                              00000000
IOC1                              00000001
IOC2                              00000002
IOC3                              00000003
IOC4                              00000004
IOC5                              00000005
IOCB                              00000096
IOCB0                             00000000
IOCB1                             00000001
IOCB2                             00000002
IOCB3                             00000003
IOCB4                             00000004
IOCB5                             00000005
IRP                               00000007
IR_LED                            GPIO,2
Init                              00000001
LED                               00000040
Mainloop                          0000002B
NOT_BOD                           00000000
NOT_BOR                           00000000
NOT_DONE                          00000001
NOT_GPPU                          00000007
NOT_PD                            00000003
NOT_POR                           00000001
NOT_T1SYNC                        00000002
NOT_TO                            00000004
OPTION_REG                        00000081
OSCCAL                            00000090
PCL                               00000002
PCLATH                            0000000A
PCON                              0000008E
PEIE                              00000006
PIE1                              0000008C
PIR1                              0000000C
PS0                               00000000
MPASM 5.77                         KENBT.ASM   5-19-2019  5:55:20         PAGE 21


SYMBOL TABLE
  LABEL                             VALUE 

PS1                               00000001
PS2                               00000002
PSA                               00000003
RD                                00000000
RP0                               00000005
RP1                               00000006
Reg_1                             00000031
Reg_2                             00000032
Reg_3                             00000033
Reg_4                             00000034
Reg_5                             00000035
Reg_6                             00000036
STATUS                            00000003
Sec1                              0000003E
Send0_Loop                        0000029D
Send0_Loopp                       000002BA
Send0_Loopp1                      000002D6
Send1_Loop                        00000280
Send_0                            0000029B
Send_1                            0000027E
T0CS                              00000005
T0IE                              00000005
T0IF                              00000002
T0SE                              00000004
T1CKPS0                           00000004
T1CKPS1                           00000005
T1CON                             00000010
T1IE                              00000000
T1IF                              00000000
T1OSCEN                           00000003
TMR0                              00000001
TMR0IE                            00000005
TMR0IF                            00000002
TMR1                              0000000E
TMR1CS                            00000001
TMR1GE                            00000006
TMR1H                             0000000F
TMR1IE                            00000000
TMR1IF                            00000000
TMR1L                             0000000E
TMR1ON                            00000000
TRISIO                            00000085
TRISIO0                           00000000
TRISIO1                           00000001
TRISIO2                           00000002
TRISIO3                           00000003
TRISIO4                           00000004
TRISIO5                           00000005
UMessen1                          0000002E
VCFG                              00000006
VR0                               00000000
VR1                               00000001
VR2                               00000002
MPASM 5.77                         KENBT.ASM   5-19-2019  5:55:20         PAGE 22


SYMBOL TABLE
  LABEL                             VALUE 

VR3                               00000003
VRCON                             00000099
VREN                              00000007
VRR                               00000005
W                                 00000000
WPU                               00000095
WPU0                              00000000
WPU1                              00000001
WPU2                              00000002
WPU4                              00000004
WPU5                              00000005
WR                                00000001
WREN                              00000002
WRERR                             00000003
Z                                 00000002
_.org_0_003C                      0000003C
_.org_0_003E                      0000003E
_.org_0_02F6                      000002F6
_.org_0_02F8                      000002F8
_BODEN_OFF                        00003FBF
_BODEN_ON                         00003FFF
_BOREN_OFF                        00003FBF
_BOREN_ON                         00003FFF
_CONFIG                           00002007
_CPD_OFF                          00003FFF
_CPD_ON                           00003EFF
_CP_OFF                           00003FFF
_CP_ON                            00003F7F
_DEVID1                           00002006
_EC_OSC                           00003FFB
_EXTRC_OSC_CLKOUT                 00003FFF
_EXTRC_OSC_NOCLKOUT               00003FFE
_FOSC_EC                          00003FFB
_FOSC_EXTRCCLK                    00003FFF
_FOSC_EXTRCIO                     00003FFE
_FOSC_HS                          00003FFA
_FOSC_INTRCCLK                    00003FFD
_FOSC_INTRCIO                     00003FFC
_FOSC_LP                          00003FF8
_FOSC_XT                          00003FF9
_HS_OSC                           00003FFA
_IDLOC0                           00002000
_IDLOC1                           00002001
_IDLOC2                           00002002
_IDLOC3                           00002003
_INTRC_OSC_CLKOUT                 00003FFD
_INTRC_OSC_NOCLKOUT               00003FFC
_LP_OSC                           00003FF8
_MCLRE_OFF                        00003FDF
_MCLRE_ON                         00003FFF
_PWRTE_OFF                        00003FFF
_PWRTE_ON                         00003FEF
_WDTE_OFF                         00003FF7
MPASM 5.77                         KENBT.ASM   5-19-2019  5:55:20         PAGE 23


SYMBOL TABLE
  LABEL                             VALUE 

_WDTE_ON                          00003FFF
_WDT_OFF                          00003FF7
_WDT_ON                           00003FFF
_XT_OSC                           00003FF9
__12F675                          00000001
cmmode                            000000EA
cmpower                           00000083
cmseek                            0000014F
cmvolumpas                        00000219
cmvolumtepa                       000001B4
count                             00000026
delay                             0000007F
delayy4.5ms                       000002F1
delayy9ms                         000002B8
f0                                00000029
f1                                0000002A
fCOUNTER                          0000003C
fCOUNTER2                         0000003D
loop                              0000002F
loops                             00000027
loops2                            00000028
mode                              0000005C
modemax                           0000002D
modemin                           0000002E
power                             00000055
powermax                          0000002B
powermin                          0000002C
seek                              00000063
seekmax                           00000037
seekmin                           00000038
volumpas                          00000071
volumpasmax                       0000003A
volumpasmin                       0000003B
volumtepa                         0000006A
volumtepamax                      00000039
volumtepamin                      00000030

Errors   :     0
Warnings :     1 reported,     0 suppressed
Messages :     0 reported,     7 suppressed

