MPASM 5.87                 COBALTSTARTER.ASM   1-9-2021  21:53:40         PAGE  1


LOC  OBJECT CODE     LINE SOURCE TEXT
  VALUE

                      00001 ; Mehribon va Rahmli Alloh nomi bilan       
                      00002             LIST        p=16F628A
                      00003             ;__CONFIG   02170H
2007   0010           00004             __CONFIG    00010H
                      00005             #include <P16f628A.INC>
                      00001         LIST
                      00002 
                      00003 ;==========================================================================
                      00004 ; Build date : Jan 06 2020
                      00005 ;  MPASM PIC16F628A processor include
                      00006 ; 
                      00007 ;  (c) Copyright 1999-2020 Microchip Technology, All rights reserved
                      00008 ;==========================================================================
                      00009 
                      00386         LIST
                      00006         ERRORLEVEL      -302                
  00000006            00007 PORTB       equ         06h
  00000086            00008 TRISB       equ         86h
  00000003            00009 STATUS      equ         03h
  00000005            00010 PORTA       equ         05h
  00000085            00011 TRISA       equ         85h
  00000020            00012 Reg_1       equ         20h
  00000021            00013 Reg_2       equ         21h
  00000022            00014 Reg_3       equ         22h
  00000023            00015 Regstart    equ         23h         
  0000009F            00016 VRCON       equ         9Fh
                      00017     
                      00018             ORG         0x000              
                      00019 ;-------------------------------------------------------------------------------            
0000   1283           00020             bcf         STATUS,5
0001   0185           00021             clrf        PORTA
0002   0186           00022             clrf        PORTB
0003   1683           00023             bsf         STATUS,5            
0004   158E           00024             bsf         PCON,3
0005   108E           00025             bcf         PCON,1
0006   140E           00026             bsf         PCON,0      
0007   3080           00027             MOVLW       b'10000000'        
0008   0081           00028             MOVWF       OPTION_REG          
0009   0186           00029             CLRF        TRISB
000A   0185           00030             CLRF        TRISA
000B   1485           00031             bsf         TRISA,1
000C   1105           00032             bcf         TRISA,2
000D   1505           00033             bsf         TRISA,2
000E   1406           00034             bsf         TRISB,0
000F   1486           00035             bsf         TRISB,1
0010   1506           00036             bsf         TRISB,2
0011   1005           00037             bcf         TRISA,0
0012   1305           00038             bcf         TRISA,6
0013   1385           00039             bcf         TRISA,7
0014   1186           00040             bcf         TRISB,3
0015   1206           00041             bcf         TRISB,4
0016   1286           00042             bcf         TRISB,5
0017   1306           00043             bcf         TRISB,6
MPASM 5.87                 COBALTSTARTER.ASM   1-9-2021  21:53:40         PAGE  2


LOC  OBJECT CODE     LINE SOURCE TEXT
  VALUE

0018   1386           00044             bcf         TRISB,7
0019   1283           00045             bcf         STATUS,5            
001A   3007           00046             MOVLW       7           
001B   009F           00047             MOVWF       CMCON         ; Comparators off, all pins digital I/O       
                      00048 ;-------------------------------------------------------------------------------
                      00049 ;prerevaniya btfss      PORTA,2
                      00050             ;goto       margat      
                      00051 ;-------------------------------------------------------------------------------            
                      00052             
001C   1D05           00053 programma   btfss       PORTA,2
001D   2???           00054             goto        ahrana1     
001E   2???           00055             goto        programma
                      00056 ;-------------------------------------------------------------------------------
001F   0185           00057 tormoz      clrf        PORTA
0020   0186           00058             clrf        PORTB       
0021   2???           00059             goto        programma           
                      00060 ;-------------------------------------------------------------------------------
0022   1206           00061 start       bcf         PORTB,4     
0023   1706           00062             bsf         PORTB,6
0024   2???           00063             call        delaystart          
0025   1686           00064             bsf         PORTB,5
0026   2???           00065             call        delay520ms
0027   1C06           00066             btfss       PORTB,0 ; knopka generator
0028   2???           00067             call        delay3sek                   
0029   1286           00068             bcf         PORTB,5     
002A   1606           00069             bsf         PORTB,4
002B   1706           00070             bsf         PORTB,6     
002C   1886           00071 start1      btfsc       PORTB,1
002D   2???           00072             goto        tormoz
002E   1286           00073             bcf         PORTB,5     
002F   1606           00074             bsf         PORTB,4
0030   1706           00075             bsf         PORTB,6     
0031   2???           00076             goto        start1
                      00077 ;-------------------------------------------------------------------------------            
0032                  00078 ahrana1     
0032   30EE           00079             movlw       .238
0033   00A0           00080             movwf       Reg_1
0034   3041           00081             movlw       .65
0035   00A1           00082             movwf       Reg_2
0036   0BA0           00083             decfsz      Reg_1,F
0037   2???           00084             goto        $-1
0038   0BA1           00085             decfsz      Reg_2,F
0039   2???           00086             goto        $-3
003A   0000           00087             nop
003B   1D05           00088             btfss       PORTA,2
003C   2???           00089             goto        ahrana1
                      00090 
                      00091             
                      00092             
003D   3055           00093             movlw       .85
003E   00A0           00094             movwf       Reg_1
003F   308A           00095             movlw       .138
0040   00A1           00096             movwf       Reg_2
MPASM 5.87                 COBALTSTARTER.ASM   1-9-2021  21:53:40         PAGE  3


LOC  OBJECT CODE     LINE SOURCE TEXT
  VALUE

0041   3003           00097             movlw       .3
0042   00A2           00098             movwf       Reg_3
0043   1D05           00099             btfss       PORTA,2
0044   2???           00100             goto        ahrana2
0045   0BA0           00101             decfsz      Reg_1,F
0046   2???           00102             goto        $-3
0047   0BA1           00103             decfsz      Reg_2,F
0048   2???           00104             goto        $-3
0049   0BA2           00105             decfsz      Reg_3,F
004A   2???           00106             goto        $-5
004B   0000           00107             nop
004C   0000           00108             nop
                      00109 
004D   2???           00110             goto        programma
                      00111 ;-------------------------------------------------------------------------------            
004E                  00112 ahrana2     
004E   30EE           00113             movlw       .238
004F   00A0           00114             movwf       Reg_1
0050   3041           00115             movlw       .65
0051   00A1           00116             movwf       Reg_2
0052   0BA0           00117             decfsz      Reg_1,F
0053   2???           00118             goto        $-1
0054   0BA1           00119             decfsz      Reg_2,F
0055   2???           00120             goto        $-3
0056   0000           00121             nop
0057   1D05           00122             btfss       PORTA,2
0058   2???           00123             goto        ahrana2
                      00124             
0059   3055           00125             movlw       .85
005A   00A0           00126             movwf       Reg_1
005B   308A           00127             movlw       .138
005C   00A1           00128             movwf       Reg_2
005D   3003           00129             movlw       .3
005E   00A2           00130             movwf       Reg_3
005F   1D05           00131             btfss       PORTA,2
0060   2???           00132             goto        start
0061   0BA0           00133             decfsz      Reg_1,F
0062   2???           00134             goto        $-3
0063   0BA1           00135             decfsz      Reg_2,F
0064   2???           00136             goto        $-3
0065   0BA2           00137             decfsz      Reg_3,F
0066   2???           00138             goto        $-5
0067   0000           00139             nop
0068   0000           00140             nop     
0069   2???           00141             goto        programma
                      00142 ;-------------------------------------------------------------------------------            
006A                  00143 ahrana3     
006A   30EE           00144             movlw       .238
006B   00A0           00145             movwf       Reg_1
006C   3041           00146             movlw       .65
006D   00A1           00147             movwf       Reg_2
006E   0BA0           00148             decfsz      Reg_1,F
006F   2???           00149             goto        $-1
MPASM 5.87                 COBALTSTARTER.ASM   1-9-2021  21:53:40         PAGE  4


LOC  OBJECT CODE     LINE SOURCE TEXT
  VALUE

0070   0BA1           00150             decfsz      Reg_2,F
0071   2???           00151             goto        $-3
0072   0000           00152             nop
0073   1D05           00153             btfss       PORTA,2
0074   2???           00154             goto        ahrana3
                      00155 
0075   3055           00156             movlw       .85
0076   00A0           00157             movwf       Reg_1
0077   308A           00158             movlw       .138
0078   00A1           00159             movwf       Reg_2
0079   3003           00160             movlw       .3
007A   00A2           00161             movwf       Reg_3
007B   1D05           00162             btfss       PORTA,2
007C   2???           00163             goto        start
007D   0BA0           00164             decfsz      Reg_1,F
007E   2???           00165             goto        $-3
007F   0BA1           00166             decfsz      Reg_2,F
0080   2???           00167             goto        $-3
0081   0BA2           00168             decfsz      Reg_3,F
0082   2???           00169             goto        $-5
0083   0000           00170             nop
0084   0000           00171             nop        
0085   2???           00172             goto        programma           
                      00173 ;-------------------------------------------------------------------------------            
0086   3055           00174 delayknopka movlw       .85
0087   00A0           00175             movwf       Reg_1
0088   308A           00176             movlw       .138
0089   00A1           00177             movwf       Reg_2
008A   3003           00178             movlw       .3
008B   00A2           00179             movwf       Reg_3
008C   0BA0           00180             decfsz      Reg_1,F
008D   2???           00181             goto        $-1
008E   0BA1           00182             decfsz      Reg_2,F
008F   2???           00183             goto        $-3
0090   0BA2           00184             decfsz      Reg_3,F
0091   2???           00185             goto        $-5
0092   0000           00186             nop
0093   0000           00187             nop
0094   0008           00188             return
                      00189             
0095   3002           00190 delay3sek   movlw       .2
0096   00A0           00191             movwf       Reg_1
0097   3007           00192             movlw       .7
0098   00A1           00193             movwf       Reg_2
0099   3009           00194             movlw       .9
009A   00A2           00195             movwf       Reg_3
009B   1806           00196             btfsc       PORTB,0 ; knopka generator
009C   0008           00197             return
009D   0BA0           00198             decfsz      Reg_1,F
009E   2???           00199             goto        $-3
009F   0BA1           00200             decfsz      Reg_2,F
00A0   2???           00201             goto        $-3
00A1   0BA2           00202             decfsz      Reg_3,F
MPASM 5.87                 COBALTSTARTER.ASM   1-9-2021  21:53:40         PAGE  5


LOC  OBJECT CODE     LINE SOURCE TEXT
  VALUE

00A2   2???           00203             goto        $-5
00A3   0000           00204             nop
00A4   0000           00205             nop            
00A5   0008           00206             return
                      00207 
00A6   3049           00208 delaystart  movlw       .73
00A7   00A0           00209             movwf       Reg_1
00A8   3099           00210             movlw       .153
00A9   00A1           00211             movwf       Reg_2
00AA   3007           00212             movlw       .7
00AB   00A2           00213             movwf       Reg_3
00AC   0BA0           00214             decfsz      Reg_1,F
00AD   2???           00215             goto        $-1
00AE   0BA1           00216             decfsz      Reg_2,F
00AF   2???           00217             goto        $-3
00B0   0BA2           00218             decfsz      Reg_3,F
00B1   2???           00219             goto        $-5
00B2   0008           00220             return          
                      00221             
                      00222 
00B3   300D           00223 bigdelay    movlw       .13
00B4   00A0           00224             movwf       Reg_1
00B5   3039           00225             movlw       .57
00B6   00A1           00226             movwf       Reg_2
00B7   3010           00227             movlw       .16
00B8   00A2           00228             movwf       Reg_3
00B9   0BA0           00229             decfsz      Reg_1,F
00BA   2???           00230             goto        $-1
00BB   0BA1           00231             decfsz      Reg_2,F
00BC   2???           00232             goto        $-3
00BD   0BA2           00233             decfsz      Reg_3,F
00BE   2???           00234             goto        $-5
00BF   0000           00235             nop
00C0   0000           00236             nop
00C1   0008           00237             return
                      00238             
00C2   30BA           00239 delay20ms   movlw       .186
00C3   00A0           00240             movwf       Reg_1
00C4   3004           00241             movlw       .4
00C5   00A1           00242             movwf       Reg_2
00C6   3002           00243             movlw       .2
00C7   00A2           00244             movwf       Reg_3
00C8   0BA0           00245             decfsz      Reg_1,F
00C9   2???           00246             goto        $-1
00CA   0BA1           00247             decfsz      Reg_2,F
00CB   2???           00248             goto        $-3
00CC   0BA2           00249             decfsz      Reg_3,F
00CD   2???           00250             goto        $-5
00CE   0000           00251             nop
00CF   0008           00252             return
                      00253             
00D0   304B           00254 delay520ms  movlw       .75
00D1   00A0           00255             movwf       Reg_1
MPASM 5.87                 COBALTSTARTER.ASM   1-9-2021  21:53:40         PAGE  6


LOC  OBJECT CODE     LINE SOURCE TEXT
  VALUE

00D2   30B1           00256             movlw       .177
00D3   00A1           00257             movwf       Reg_2
00D4   3003           00258             movlw       .3
00D5   00A2           00259             movwf       Reg_3
00D6   0BA0           00260             decfsz      Reg_1,F
00D7   2???           00261             goto        $-1
00D8   0BA1           00262             decfsz      Reg_2,F
00D9   2???           00263             goto        $-3
00DA   0BA2           00264             decfsz      Reg_3,F
00DB   2???           00265             goto        $-5
00DC   0000           00266             nop
00DD   0000           00267             nop
                      00268 
00DE   0008           00269             return
                      00270 
                      00271             
                      00272 
                      00273 ;-------------------------------------------------------------------------------            
0010                  00274             end
MPASM 5.87                 COBALTSTARTER.ASM   1-9-2021  21:53:40         PAGE  7


SYMBOL TABLE
  LABEL                             VALUE 

ADDEN                             00000003
ADEN                              00000003
BRGH                              00000002
C                                 00000000
C1INV                             00000004
C1OUT                             00000006
C2INV                             00000005
C2OUT                             00000007
CCP1CON                           00000017
CCP1IE                            00000002
CCP1IF                            00000002
CCP1M0                            00000000
CCP1M1                            00000001
CCP1M2                            00000002
CCP1M3                            00000003
CCP1X                             00000005
CCP1Y                             00000004
CCPR1                             00000015
CCPR1H                            00000016
CCPR1L                            00000015
CIS                               00000003
CM0                               00000000
CM1                               00000001
CM2                               00000002
CMCON                             0000001F
CMIE                              00000006
CMIF                              00000006
CREN                              00000004
CSRC                              00000007
DATA_CP_OFF                       00003FFF
DATA_CP_ON                        00003EFF
DC                                00000001
EEADR                             0000009B
EECON1                            0000009C
EECON2                            0000009D
EEDATA                            0000009A
EEIE                              00000007
EEIF                              00000007
F                                 00000001
FERR                              00000002
FSR                               00000004
GIE                               00000007
INDF                              00000000
INTCON                            0000000B
INTE                              00000004
INTEDG                            00000006
INTF                              00000001
IRP                               00000007
NOT_BO                            00000000
NOT_BOD                           00000000
NOT_BOR                           00000000
NOT_PD                            00000003
NOT_POR                           00000001
MPASM 5.87                 COBALTSTARTER.ASM   1-9-2021  21:53:40         PAGE  8


SYMBOL TABLE
  LABEL                             VALUE 

NOT_RBPU                          00000007
NOT_T1SYNC                        00000002
NOT_TO                            00000004
OERR                              00000001
OPTION_REG                        00000081
OSCF                              00000003
PCL                               00000002
PCLATH                            0000000A
PCON                              0000008E
PEIE                              00000006
PIE1                              0000008C
PIR1                              0000000C
PORTA                             00000005
PORTB                             00000006
PR2                               00000092
PS0                               00000000
PS1                               00000001
PS2                               00000002
PSA                               00000003
RA0                               00000000
RA1                               00000001
RA2                               00000002
RA3                               00000003
RA4                               00000004
RA5                               00000005
RA6                               00000006
RA7                               00000007
RB0                               00000000
RB1                               00000001
RB2                               00000002
RB3                               00000003
RB4                               00000004
RB5                               00000005
RB6                               00000006
RB7                               00000007
RBIE                              00000003
RBIF                              00000000
RCIE                              00000005
RCIF                              00000005
RCREG                             0000001A
RCSTA                             00000018
RD                                00000000
RP0                               00000005
RP1                               00000006
RX9                               00000006
RX9D                              00000000
Reg_1                             00000020
Reg_2                             00000021
Reg_3                             00000022
Regstart                          00000023
SPBRG                             00000099
SPEN                              00000007
SREN                              00000005
MPASM 5.87                 COBALTSTARTER.ASM   1-9-2021  21:53:40         PAGE  9


SYMBOL TABLE
  LABEL                             VALUE 

STATUS                            00000003
SYNC                              00000004
T0CS                              00000005
T0IE                              00000005
T0IF                              00000002
T0SE                              00000004
T1CKPS0                           00000004
T1CKPS1                           00000005
T1CON                             00000010
T1OSCEN                           00000003
T2CKPS0                           00000000
T2CKPS1                           00000001
T2CON                             00000012
TMR0                              00000001
TMR0IE                            00000005
TMR0IF                            00000002
TMR1                              0000000E
TMR1CS                            00000001
TMR1H                             0000000F
TMR1IE                            00000000
TMR1IF                            00000000
TMR1L                             0000000E
TMR1ON                            00000000
TMR2                              00000011
TMR2IE                            00000001
TMR2IF                            00000001
TMR2ON                            00000002
TOUTPS0                           00000003
TOUTPS1                           00000004
TOUTPS2                           00000005
TOUTPS3                           00000006
TRISA                             00000085
TRISA0                            00000000
TRISA1                            00000001
TRISA2                            00000002
TRISA3                            00000003
TRISA4                            00000004
TRISA5                            00000005
TRISA6                            00000006
TRISA7                            00000007
TRISB                             00000086
TRISB0                            00000000
TRISB1                            00000001
TRISB2                            00000002
TRISB3                            00000003
TRISB4                            00000004
TRISB5                            00000005
TRISB6                            00000006
TRISB7                            00000007
TRMT                              00000001
TX9                               00000006
TX9D                              00000000
TXEN                              00000005
MPASM 5.87                 COBALTSTARTER.ASM   1-9-2021  21:53:40         PAGE 10


SYMBOL TABLE
  LABEL                             VALUE 

TXIE                              00000004
TXIF                              00000004
TXREG                             00000019
TXSTA                             00000098
VR0                               00000000
VR1                               00000001
VR2                               00000002
VR3                               00000003
VRCON                             0000009F
VREN                              00000007
VROE                              00000006
VRR                               00000005
W                                 00000000
WR                                00000001
WREN                              00000002
WRERR                             00000003
Z                                 00000002
_.org_0_0037                      00000037
_.org_0_0039                      00000039
_.org_0_0046                      00000046
_.org_0_0048                      00000048
_.org_0_004A                      0000004A
_.org_0_0053                      00000053
_.org_0_0055                      00000055
_.org_0_0062                      00000062
_.org_0_0064                      00000064
_.org_0_0066                      00000066
_.org_0_006F                      0000006F
_.org_0_0071                      00000071
_.org_0_007E                      0000007E
_.org_0_0080                      00000080
_.org_0_0082                      00000082
_.org_0_008D                      0000008D
_.org_0_008F                      0000008F
_.org_0_0091                      00000091
_.org_0_009E                      0000009E
_.org_0_00A0                      000000A0
_.org_0_00A2                      000000A2
_.org_0_00AD                      000000AD
_.org_0_00AF                      000000AF
_.org_0_00B1                      000000B1
_.org_0_00BA                      000000BA
_.org_0_00BC                      000000BC
_.org_0_00BE                      000000BE
_.org_0_00C9                      000000C9
_.org_0_00CB                      000000CB
_.org_0_00CD                      000000CD
_.org_0_00D7                      000000D7
_.org_0_00D9                      000000D9
_.org_0_00DB                      000000DB
_BODEN_OFF                        00003FBF
_BODEN_ON                         00003FFF
_BOREN_OFF                        00003FBF
MPASM 5.87                 COBALTSTARTER.ASM   1-9-2021  21:53:40         PAGE 11


SYMBOL TABLE
  LABEL                             VALUE 

_BOREN_ON                         00003FFF
_CONFIG                           00002007
_CPD_OFF                          00003FFF
_CPD_ON                           00003EFF
_CP_OFF                           00003FFF
_CP_ON                            00001FFF
_DEVID1                           00002006
_ER_OSC_CLKOUT                    00003FFF
_ER_OSC_NOCLKOUT                  00003FFE
_EXTCLK_OSC                       00003FEF
_FOSC_ECIO                        00003FEF
_FOSC_EXTRCCLK                    00003FFF
_FOSC_EXTRCIO                     00003FFE
_FOSC_HS                          00003FEE
_FOSC_INTOSCCLK                   00003FFD
_FOSC_INTOSCIO                    00003FFC
_FOSC_LP                          00003FEC
_FOSC_XT                          00003FED
_HS_OSC                           00003FEE
_IDLOC0                           00002000
_IDLOC1                           00002001
_IDLOC2                           00002002
_IDLOC3                           00002003
_INTOSC_OSC_CLKOUT                00003FFD
_INTOSC_OSC_NOCLKOUT              00003FFC
_INTRC_OSC_CLKOUT                 00003FFD
_INTRC_OSC_NOCLKOUT               00003FFC
_LP_OSC                           00003FEC
_LVP_OFF                          00003F7F
_LVP_ON                           00003FFF
_MCLRE_OFF                        00003FDF
_MCLRE_ON                         00003FFF
_PWRTE_OFF                        00003FFF
_PWRTE_ON                         00003FF7
_RC_OSC_CLKOUT                    00003FFF
_RC_OSC_NOCLKOUT                  00003FFE
_WDTE_OFF                         00003FFB
_WDTE_ON                          00003FFF
_WDT_OFF                          00003FFB
_WDT_ON                           00003FFF
_XT_OSC                           00003FED
__16F628A                         00000001
ahrana1                           00000032
ahrana2                           0000004E
ahrana3                           0000006A
bigdelay                          000000B3
delay20ms                         000000C2
delay3sek                         00000095
delay520ms                        000000D0
delayknopka                       00000086
delaystart                        000000A6
programma                         0000001C
start                             00000022
MPASM 5.87                 COBALTSTARTER.ASM   1-9-2021  21:53:40         PAGE 12


SYMBOL TABLE
  LABEL                             VALUE 

start1                            0000002C
tormoz                            0000001F

Errors   :     0
Warnings :     0 reported,     0 suppressed
Messages :     0 reported,    20 suppressed

