MPASM 5.87                  PICRBT_BOTIR.ASM   4-16-2020  16:51:03         PAGE  1


LOC  OBJECT CODE     LINE SOURCE TEXT
  VALUE

Warning[205]: Found directive in column 1. (list)
                      00001 list p=12f675
                      00002         #include <P12f675.INC>
                      00001         LIST
                      00002 
                      00003 ;==========================================================================
                      00004 ; Build date : Jan 06 2020
                      00005 ;  MPASM PIC12F675 processor include
                      00006 ; 
                      00007 ;  (c) Copyright 1999-2020 Microchip Technology, All rights reserved
                      00008 ;==========================================================================
                      00009 
                      00367         LIST
                      00003         ERRORLEVEL      -302            
2007   0054           00004         __CONFIG  00054H
                      00005         ;__CONFIG       _MCLRE_OFF & _PWRTE_OFF & _WDT_OFF & _INTRC_OSC_NOCLKOUT & _BODEN_OFF
                      00006         #define   IR_LED    GPIO,2 ; ???????????? ?????????
  00000020            00007 count           equ     0x20    
  00000023            00008 f0              equ     0x23    
  00000024            00009 f1              equ     0x24     
  00000025            00010 strelkapasmax   equ     0x25    
  00000026            00011 strelkapasmin   equ     0x26    
  00000027            00012 qizilmax        equ     0x27
  00000028            00013 qizilmin        equ     0x28
  00000029            00014 powermax        equ     0x29
  0000002A            00015 powermin        equ     0x2A
  0000002B            00016 strelkachapmax  equ     0x2B
  0000002C            00017 strelkachapmin  equ     0x2C
  0000002D            00018 strelkaonmax    equ     0x2D
  0000002E            00019 strelkaonmin    equ     0x2E
  00000032            00020 Reg_1           equ     0x32            
  00000033            00021 Reg_2           equ     0x33
  00000034            00022 Reg_3           equ     0x34
  00000038            00023 volumpasmax     equ     0x38
  00000039            00024 volumpasmin     equ     0x39
  0000003A            00025 volumtepamax    equ     0x3A
  0000003B            00026 volumtepamin    equ     0x3B
  0000003C            00027 strelkatepamax  equ     0x3C
  0000003D            00028 strelkatepamin  equ     0x3D
  0000003E            00029 fCOUNTER        equ     0x3E
  0000003F            00030 fCOUNTER2       equ     0x3F 
  00000040            00031 yashilmax       equ     0x40
  00000041            00032 yashilmin       equ     0x41
                      00033         
                      00034                 org     0x00
0000   2???           00035                 goto    Init            
                      00036 ;***********************************************************************
0001   1283           00037 Init        bcf     STATUS, RP0         ; Bank 0
0002   0185           00038             clrf    GPIO                        ; aus!
0003   3007           00039             movlw   b'00000111'
0004   0099           00040             movwf   CMCON                       ; Comparator aus
0005   1683           00041             bsf     STATUS, RP0         ; Bank 1
0006   1105           00042             bcf     TRISIO,2
MPASM 5.87                  PICRBT_BOTIR.ASM   4-16-2020  16:51:03         PAGE  2


LOC  OBJECT CODE     LINE SOURCE TEXT
  VALUE

0007   1605           00043             bsf     TRISIO,4
0008   1683           00044             bsf     STATUS, RP0         ; Bank 1
0009   23FF           00045             call    0x3FF
000A   0090           00046             movwf   OSCCAL                      ; 4-MHz-Kalibrierung
000B   1283           00047             bcf     STATUS, RP0         ; Bank 0
000C   138B           00048             bcf     INTCON, GIE         ; Int deaktiviert          
                      00049 ;******************************************************************************
000D   141F           00050             BSF     ADCON0, ADON        ; ADON=1
000E   159F           00051             BSF     ADCON0, CHS1        ; ADCHS1=0
000F   151F           00052             BSF     ADCON0, CHS0        ; ADCHS0=0
0010   1683           00053             BSF     STATUS,RP0  ; Bank1
0011   019F           00054             clrf    ANSEL          
0012   161F           00055             BSF     ANSEL, ADCS0        ; ADCS0=1 Fosc/8
0013   159F           00056             BSF     ANSEL, ANS3
0014   1283           00057             BCF     STATUS,RP0  ; Bank0
0015   131F           00058             BCF     ADCON0, VCFG        ; RA2=digital
0016   139F           00059             BCF     ADCON0, ADFM        ; ADFM=1 linksb?ndig
                      00060             
0017   30FC           00061             movlw   0xFC                ;4.85V      
0018   00A5           00062             movwf   strelkapasmax
0019   30E4           00063             movlw   0xE4                ;4.45V
001A   00A6           00064             movwf   strelkapasmin
001B   30E4           00065             movlw   0xE4                ; 4.45V
001C   00A7           00066             movwf   qizilmax
001D   30CF           00067             movlw   0xCF                ; 3.97V
001E   00A8           00068             movwf   qizilmin
001F   30CF           00069             movlw   0xCF                ; 3.97V
0020   00C0           00070             movwf   yashilmax
0021   30C5           00071             movlw   0xC5                ; 3.80V
0022   00C1           00072             movwf   yashilmin
0023   30C5           00073             movlw   0xC5                ; 3.80V
0024   00A9           00074             movwf   powermax
0025   30BE           00075             movlw   0xBE                ; 3.55V
0026   00AA           00076             movwf   powermin
0027   30BE           00077             movlw   0xBE                ; 3.55V
0028   00AB           00078             movwf   strelkachapmax
0029   30AE           00079             movlw   0xAE                ; 3.32V
002A   00AC           00080             movwf   strelkachapmin
002B   30AE           00081             movlw   0xAE                ; 3.32V
002C   00AD           00082             movwf   strelkaonmax
002D   309F           00083             movlw   0x9F                ; 3.08V
002E   00AE           00084             movwf   strelkaonmin
002F   309F           00085             movlw   0x9F                ; 3.08V
0030   00B8           00086             movwf   volumpasmax
0031   3092           00087             movlw   0x92                ; 2.85V
0032   00B9           00088             movwf   volumpasmin
0033   3092           00089             movlw   0x92                ; 2.85V
0034   00BA           00090             movwf   volumtepamax            
0035   3044           00091             movlw   0x44                ; 1.32V
0036   00BB           00092             movwf   volumtepamin            
0037   3044           00093             movlw   0x44                ; 1.32V
0038   00BC           00094             movwf   strelkatepamax
0039   3001           00095             movlw   0x01                ; 0.00V
MPASM 5.87                  PICRBT_BOTIR.ASM   4-16-2020  16:51:03         PAGE  3


LOC  OBJECT CODE     LINE SOURCE TEXT
  VALUE

003A   00BD           00096             movwf   strelkatepamin
                      00097 ;***********************************************************************
003B   2???           00098 Mainloop    call        UMessen1        ; AN0 nach f1,f0  (f1 is entscheidend)
003C   2???           00099             call        LED             ; LED ein-/ausschalten
003D   2???           00100             goto        Mainloop
                      00101 ;***********************************************************************
003E   149F           00102 UMessen1    BSF     ADCON0, 1   ; ADC starten       
003F   189F           00103 loop        BTFSC   ADCON0, 1   ; ist der ADC fertig?
0040   2???           00104             GOTO    loop                ; nein, weiter warten       
0041   081E           00105             movfw   ADRESH              ; obere  8 Bit auslesen
0042   00A4           00106             movwf   f1          ; obere  8-Bit nach f1
0043   1683           00107             bsf     STATUS,RP0  ; Bank1
0044   081E           00108             movfw   ADRESL              ; untere 2 Bit auslesen, werden aber  nicht ben?tigt
0045   1283           00109             bcf     STATUS,RP0  ; Bank0
0046   00A3           00110             movwf   f0          ; untere 2-Bit nach f0
0047   30AB           00111             movlw       .171
0048   00B2           00112             movwf       Reg_1
0049   3019           00113             movlw       .25
004A   00B3           00114             movwf       Reg_2
004B   0BB2           00115             decfsz      Reg_1,F
004C   2???           00116             goto        $-1
004D   0BB3           00117             decfsz      Reg_2,F
004E   2???           00118             goto        $-3
004F   0000           00119             nop
0050   0000           00120             nop
0051   0008           00121             return
                      00122 ;***********************************************************************
0052   0825           00123 LED         MOVFW       strelkapasmax
0053   0224           00124             subwf       f1, w           ; w:=f1-w 
0054   1C03           00125             btfss       STATUS, C
0055   2???           00126             call        strelkapas              ; LED an
                      00127 
0056   0827           00128             MOVFW       qizilmax
0057   0224           00129             subwf       f1, w           ; w:=f1-w 
0058   1C03           00130             btfss       STATUS, C
0059   2???           00131             call        qizil           ; LED an
                      00132             
005A   0840           00133             MOVFW       yashilmax
005B   0224           00134             subwf       f1, w           ; w:=f1-w 
005C   1C03           00135             btfss       STATUS, C
005D   2???           00136             call        yashil          ; LED an
                      00137 
005E   0829           00138             MOVFW       powermax
005F   0224           00139             subwf       f1, w           ; w:=f1-w 
0060   1C03           00140             btfss       STATUS, C
0061   2???           00141             call        power           ; LED an
                      00142 
0062   082B           00143             MOVFW       strelkachapmax
0063   0224           00144             subwf       f1, w           ; w:=f1-w 
0064   1C03           00145             btfss       STATUS, C
0065   2???           00146             call        strelkachap     ; LED an
                      00147 
0066   082D           00148             MOVFW       strelkaonmax
MPASM 5.87                  PICRBT_BOTIR.ASM   4-16-2020  16:51:03         PAGE  4


LOC  OBJECT CODE     LINE SOURCE TEXT
  VALUE

0067   0224           00149             subwf       f1, w           ; w:=f1-w 
0068   1C03           00150             btfss       STATUS, C
0069   2???           00151             call        strelkaon       ; LED an
                      00152 
006A   0838           00153             MOVFW       volumpasmax
006B   0224           00154             subwf       f1, w           ; w:=f1-w 
006C   1C03           00155             btfss       STATUS, C
006D   2???           00156             call        volumpas        ; LED an
                      00157 
006E   083A           00158             MOVFW       volumtepamax
006F   0224           00159             subwf       f1, w           ; w:=f1-w 
0070   1C03           00160             btfss       STATUS, C
0071   2???           00161             call        volumtepa       ; LED an
                      00162 
0072   083C           00163             MOVFW       strelkatepamax
0073   0224           00164             subwf       f1, w           ; w:=f1-w 
0074   1C03           00165             btfss       STATUS, C
0075   2???           00166             call        strelkatepa     ; LED an
0076   0008           00167             return
                      00168 ;***********************************************************************
0077   0826           00169 strelkapas  MOVFW       strelkapasmin
0078   0224           00170             subwf       f1, w           ; w:=f1-w 
0079   1803           00171             btfsc       STATUS, C
007A   2???           00172             call        cmstrelkapas
007B   0008           00173             return
007C   0828           00174 qizil       MOVFW       qizilmin
007D   0224           00175             subwf       f1, w           ; w:=f1-w 
007E   1803           00176             btfsc       STATUS, C
007F   2???           00177             call        qiziluderjat
0080   0008           00178             return
0081   0841           00179 yashil      MOVFW       yashilmin
0082   0224           00180             subwf       f1, w           ; w:=f1-w 
0083   1803           00181             btfsc       STATUS, C
0084   2???           00182             call        yashiluderjat
0085   0008           00183             return          
0086   082A           00184 power       MOVFW       powermin
0087   0224           00185             subwf       f1, w           ; w:=f1-w 
0088   1803           00186             btfsc       STATUS, C
0089   2???           00187             call        cmpower
008A   0008           00188             return
008B   082C           00189 strelkachap MOVFW       strelkachapmin
008C   0224           00190             subwf       f1, w           ; w:=f1-w 
008D   1803           00191             btfsc       STATUS, C
008E   2???           00192             call        cmstrelkachap
008F   0008           00193             return      
0090   082E           00194 strelkaon   MOVFW       strelkaonmin
0091   0224           00195             subwf       f1, w           ; w:=f1-w 
0092   1803           00196             btfsc       STATUS, C
0093   2???           00197             call        cmstrelkaon
0094   0008           00198             return      
0095   0839           00199 volumpas    MOVFW       volumpasmin
0096   0224           00200             subwf       f1, w           ; w:=f1-w 
0097   1803           00201             btfsc       STATUS, C
MPASM 5.87                  PICRBT_BOTIR.ASM   4-16-2020  16:51:03         PAGE  5


LOC  OBJECT CODE     LINE SOURCE TEXT
  VALUE

0098   2???           00202             call        cmvolumpas
0099   0008           00203             return      
009A   083B           00204 volumtepa   MOVFW       volumtepamin
009B   0224           00205             subwf       f1, w           ; w:=f1-w 
009C   1803           00206             btfsc       STATUS, C
009D   2???           00207             call        cmvolumtepa
009E   0008           00208             return      
009F   083D           00209 strelkatepa MOVFW       strelkatepamin
00A0   0224           00210             subwf       f1, w           ; w:=f1-w 
00A1   1803           00211             btfsc       STATUS, C
00A2   2???           00212             call        cmstrelkatepa
00A3   0008           00213             return      
                      00214 ;<<<<<<<<<<<<<<<<<<<<<<<<<<<<<<<<<<<<<<<<<<<<<<<<<<<<<<<<<<<<<<<<<<<<<<<<<<<<<
00A4                  00215 Big_delay ;=770*x+1     x=(delay-5)/770 ???????? ?????????? call ? return.
00A4   00BF           00216         movwf   fCOUNTER2
00A5   01BE           00217         clrf    fCOUNTER
00A6                  00218 BD_Loop94
00A6   0BBE           00219         decfsz  fCOUNTER,1
00A7   2???           00220         goto    BD_Loop94
00A8   0BBF           00221         decfsz  fCOUNTER2,1
00A9   2???           00222         goto    BD_Loop94
00AA   0008           00223         return
                      00224 ;-----------------------------------------------------------------------------
00AB   2???           00225 qiziluderjat    call    cmqizil
00AC   2???           00226                 call    delay29ms
00AD   2???           00227                 call    cmmute
                      00228                 ;call   cmatt
00AE   0008           00229                 return
                      00230 ;-----------------------------------------------------------------------------
00AF   2???           00231 yashiluderjat   call    cmyashil
00B0   2???           00232                 call    delay29ms
00B1   2???           00233                 call    cmpause         
00B2   0008           00234                 return          
                      00235 ;-----------------------------------------------------------------------------  
00B3   2???           00236 cmstrelkapas    call    delayy9ms
00B4   2???           00237                 call    delayy4.5ms
00B5   2???           00238                 call    yarmi
00B6   2???           00239                 call    metka101000
00B7   2???           00240                 call    metka10101010101000
00B8   2???           00241                 call    metka10101000
00B9   2???           00242                 call    metka1000
00BA   2???           00243                 call    metka1000
00BB   2???           00244                 call    metka1000
00BC   2???           00245                 call    metka1000
00BD   2???           00246                 call    metka101000
00BE   2???           00247                 call    Send_1;      // 43
00BF   2???           00248                 call    Send_0;      // 43              
00C0   0008           00249                 return
                      00250 
00C1   2???           00251 cmqizil         call    bt
00C2   2???           00252                 call    delayy9ms
00C3   2???           00253                 call    delayy4.5ms
00C4   2???           00254                 call    metka1000
MPASM 5.87                  PICRBT_BOTIR.ASM   4-16-2020  16:51:03         PAGE  6


LOC  OBJECT CODE     LINE SOURCE TEXT
  VALUE

00C5   2???           00255                 call    metka1000
00C6   2???           00256                 call    metka1000
00C7   2???           00257                 call    metka1000
00C8   2???           00258                 call    metka101000
00C9   2???           00259                 call    metka101000
00CA   2???           00260                 call    metka101010101000
00CB   2???           00261                 call    metka101000
00CC   2???           00262                 call    metka101000
00CD   2???           00263                 call    metka1000
00CE   2???           00264                 call    metka10101000
00CF   2???           00265                 call    metka1000
00D0   2???           00266                 call    metka101010101000
00D1   2???           00267                 call    metka1000
00D2   2???           00268                 call    metka10101000
00D3   2???           00269                 call    metka1000
00D4   2???           00270                 call    Send_1;      // 88
00D5   2???           00271                 call    Send_0;      // 89                              
00D6   0008           00272                 return
                      00273                 
00D7   2???           00274 cmmute          call    cmmute1
00D8   2???           00275                 call    delayy9ms
00D9   2???           00276                 call    delayy4.5ms
00DA   2???           00277                 call    metka1000
00DB   2???           00278                 call    metka1000
00DC   2???           00279                 call    metka1000
00DD   2???           00280                 call    metka1000
00DE   2???           00281                 call    metka101000
00DF   2???           00282                 call    metka101000
00E0   2???           00283                 call    metka101010101000
00E1   2???           00284                 call    metka101000
00E2   2???           00285                 call    metka10101010101000
00E3   2???           00286                 call    metka1000
00E4   2???           00287                 call    metka10101000
00E5   2???           00288                 call    metka1000
00E6   2???           00289                 call    metka1000
00E7   2???           00290                 call    metka1000
00E8   2???           00291                 call    metka10101000
00E9   2???           00292                 call    metka1000
00EA   2???           00293                 call    Send_1;      // 88
00EB   2???           00294                 call    Send_0;      // 89              
00EC   0008           00295                 return          
                      00296 
00ED   2???           00297 cmatt           call    delayy9ms
00EE   2???           00298                 call    delayy4.5ms
00EF   2???           00299                 call    yarmi
00F0   2???           00300                 call    Send_1;      // 38
00F1   2???           00301                 call    Send_0;      // 39
00F2   2???           00302                 call    Send_1;      // 40
00F3   2???           00303                 call    Send_0;      // 41
00F4   2???           00304                 call    Send_1;      // 42
00F5   2???           00305                 call    Send_0;      // 43
00F6   2???           00306                 call    Send_1;      // 35
00F7   2???           00307                 call    Send_0;      // 36
MPASM 5.87                  PICRBT_BOTIR.ASM   4-16-2020  16:51:03         PAGE  7


LOC  OBJECT CODE     LINE SOURCE TEXT
  VALUE

00F8   2???           00308                 call    Send_0;      // 37
00F9   2???           00309                 call    Send_0;      // 38
00FA   2???           00310                 call    Send_1;      // 39
00FB   2???           00311                 call    Send_0;      // 40
00FC   2???           00312                 call    Send_0;      // 41
00FD   2???           00313                 call    Send_0;      // 42
00FE   2???           00314                 call    Send_1;      // 43
00FF   2???           00315                 call    Send_0;      // 43
0100   2???           00316                 call    Send_1;      // 43
0101   2???           00317                 call    Send_0;      // 43
0102   2???           00318                 call    Send_1;      // 43
0103   2???           00319                 call    Send_0;      // 43
0104   2???           00320                 call    Send_1;      // 43
0105   2???           00321                 call    Send_0;      // 43
0106   2???           00322                 call    Send_1;      // 43
0107   2???           00323                 call    Send_0;      // 43
0108   2???           00324                 call    Send_0;      // 43
0109   2???           00325                 call    Send_0;      // 43
010A   2???           00326                 call    Send_1;      // 43
010B   2???           00327                 call    Send_0;      // 43
010C   2???           00328                 call    Send_0;      // 43
010D   2???           00329                 call    Send_0;      // 43
010E   2???           00330                 call    Send_1;      // 43
010F   2???           00331                 call    Send_0;      // 43
0110   2???           00332                 call    Send_1;      // 43
0111   2???           00333                 call    Send_0;      // 43
0112   2???           00334                 call    Send_1;      // 43
0113   2???           00335                 call    Send_0;      // 43
0114   2???           00336                 call    Send_0;      // 43
0115   2???           00337                 call    Send_0;      // 43
0116   2???           00338                 call    Send_1;      // 43
0117   2???           00339                 call    Send_0;      // 43
0118   2???           00340                 call    Send_0;      // 43
0119   2???           00341                 call    Send_0;      // 43
011A   2???           00342                 call    Send_1;      // 43
011B   2???           00343                 call    Send_0;      // 43
011C   2???           00344                 call    Send_0;      // 43
011D   2???           00345                 call    Send_0;      // 43
011E   2???           00346                 call    Send_1;      // 43
011F   2???           00347                 call    Send_0;      // 43
0120   2???           00348                 call    Send_0;      // 43
0121   2???           00349                 call    Send_0;      // 43
0122   2???           00350                 call    Send_1;      // 43
0123   2???           00351                 call    Send_0;      // 43              
0124   0008           00352                 return
                      00353                 
0125   2???           00354 cmyashil        call    bt
0126   2???           00355                 call    delayy9ms
0127   2???           00356                 call    delayy4.5ms
0128   2???           00357                 call    metka1000
0129   2???           00358                 call    metka1000
012A   2???           00359                 call    metka1000
012B   2???           00360                 call    metka1000
MPASM 5.87                  PICRBT_BOTIR.ASM   4-16-2020  16:51:03         PAGE  8


LOC  OBJECT CODE     LINE SOURCE TEXT
  VALUE

012C   2???           00361                 call    metka101000
012D   2???           00362                 call    metka101000
012E   2???           00363                 call    metka101010101000
012F   2???           00364                 call    metka101000
0130   2???           00365                 call    metka10101000
0131   2???           00366                 call    metka10101000
0132   2???           00367                 call    metka1000
0133   2???           00368                 call    metka10101000
0134   2???           00369                 call    metka101000
0135   2???           00370                 call    metka1000
0136   2???           00371                 call    metka10101000
0137   2???           00372                 call    metka1000
0138   2???           00373                 call    Send_1;      // 88
0139   2???           00374                 call    Send_0;      // 89              
013A   0008           00375                 return
                      00376                 
013B   2???           00377 metka2          call    delayy9ms
013C   2???           00378                 call    delayy4.5ms
013D   2???           00379                 call    metka1000
013E   2???           00380                 call    metka1000
013F   2???           00381                 call    metka1000
0140   2???           00382                 call    metka1000
0141   2???           00383                 call    metka101000
0142   2???           00384                 call    metka101000
0143   2???           00385                 call    metka101010101000
0144   2???           00386                 call    metka101000     
0145   2???           00387                 call    metka10101000
0146   2???           00388                 call    metka10101000
0147   2???           00389                 call    metka1000
0148   2???           00390                 call    metka10101000
0149   2???           00391                 call    metka101000
014A   2???           00392                 call    metka1000
014B   2???           00393                 call    metka10101000
014C   2???           00394                 call    metka1000
014D   2???           00395                 call    Send_1;      // 43
014E   2???           00396                 call    Send_0;      // 43              
014F   0008           00397                 return  
                      00398                 
0150   2???           00399 cmpause         call    delayy9ms
0151   2???           00400                 call    delayy4.5ms
0152   2???           00401                 call    yarmi
0153   2???           00402                 call    metka101010101000
0154   2???           00403                 call    metka1000
0155   2???           00404                 call    metka101000     
0156   2???           00405                 call    metka101000     
0157   2???           00406                 call    metka1000
0158   2???           00407                 call    metka1000
0159   2???           00408                 call    metka10101000
015A   2???           00409                 call    metka101000
015B   2???           00410                 call    Send_1;      // 88
015C   2???           00411                 call    Send_0;      // 89              
015D   0008           00412                 return
                      00413         
MPASM 5.87                  PICRBT_BOTIR.ASM   4-16-2020  16:51:03         PAGE  9


LOC  OBJECT CODE     LINE SOURCE TEXT
  VALUE

015E   2???           00414 cmpower         call    delayy9ms
015F   2???           00415                 call    delayy4.5ms
0160   2???           00416                 call    yarmi
0161   2???           00417                 call    metka10101000
0162   2???           00418                 call    metka101000
0163   2???           00419                 call    metka1000
0164   2???           00420                 call    metka1010101000
0165   2???           00421                 call    metka101000
0166   2???           00422                 call    metka10101000
0167   2???           00423                 call    metka1000
0168   2???           00424                 call    metka1000
0169   2???           00425                 call    Send_1;      // 43
016A   2???           00426                 call    Send_0;      // 43              
016B   0008           00427                 return
                      00428 
016C   2???           00429 cmstrelkachap   call    delayy9ms
016D   2???           00430                 call    delayy4.5ms
016E   2???           00431                 call    yarmi
016F   2???           00432                 call    metka10101000
0170   2???           00433                 call    metka101010101000
0171   2???           00434                 call    metka101000     
0172   2???           00435                 call    metka101000     
0173   2???           00436                 call    metka1000
0174   2???           00437                 call    metka1000
0175   2???           00438                 call    metka1000
0176   2???           00439                 call    metka101000
0177   2???           00440                 call    Send_1;      // 89
0178   2???           00441                 call    Send_0;      // 90              
0179   0008           00442                 return
017A   2???           00443 cmstrelkaon     call    delayy9ms
017B   2???           00444                 call    delayy4.5ms
017C   2???           00445                 call    yarmi
017D   2???           00446                 call    metka101000
017E   2???           00447                 call    metka1000
017F   2???           00448                 call    metka101010101000
0180   2???           00449                 call    metka1010101000
0181   2???           00450                 call    metka1000
0182   2???           00451                 call    metka1000
0183   2???           00452                 call    metka1000
0184   2???           00453                 call    metka101000     
0185   2???           00454                 call    Send_1;      // 89
0186   2???           00455                 call    Send_0;      // 90              
0187   0008           00456                 return
0188   2???           00457 cmvolumpas      call    delayy9ms
0189   2???           00458                 call    delayy4.5ms
018A   2???           00459                 call    yarmi
018B   2???           00460                 call    metka101000     
018C   2???           00461                 call    metka1000
018D   2???           00462                 call    metka101000     
018E   2???           00463                 call    metka1010101010101000
018F   2???           00464                 call    metka101000
0190   2???           00465                 call    metka1000
0191   2???           00466                 call    metka1000
MPASM 5.87                  PICRBT_BOTIR.ASM   4-16-2020  16:51:03         PAGE 10


LOC  OBJECT CODE     LINE SOURCE TEXT
  VALUE

0192   2???           00467                 call    metka1000
0193   2???           00468                 call    Send_1;      // 89
0194   2???           00469                 call    Send_0;      // 90              
0195   0008           00470                 return
                      00471                 
0196   2???           00472 cmvolumtepa     call    delayy9ms
0197   2???           00473                 call    delayy4.5ms
0198   2???           00474                 call    yarmi
0199   2???           00475                 call    metka10101000
019A   2???           00476                 call    metka101000
019B   2???           00477                 call    metka101010101000
019C   2???           00478                 call    metka101000
019D   2???           00479                 call    metka101000
019E   2???           00480                 call    metka1000
019F   2???           00481                 call    metka1000
01A0   2???           00482                 call    metka1000
01A1   2???           00483                 call    Send_1;      // 89
01A2   2???           00484                 call    Send_0;      // 90              
01A3   0008           00485                 return
01A4                  00486 cmstrelkatepa
01A4   2???           00487                 call    delayy9ms
01A5   2???           00488                 call    delayy4.5ms
01A6   2???           00489                 call    yarmi
01A7   2???           00490                 call    metka101010101010101000
01A8   2???           00491                 call    metka101000
01A9   2???           00492                 call    metka1000
01AA   2???           00493                 call    metka1000
01AB   2???           00494                 call    metka1000
01AC   2???           00495                 call    metka1000
01AD   2???           00496                 call    metka1000
01AE   2???           00497                 call    metka101000
01AF   2???           00498                 call    Send_1;      // 88
01B0   2???           00499                 call    Send_0;      // 89              
01B1   0008           00500                 return
                      00501                 
01B2   2???           00502 yarmi           call    metka1000
01B3   2???           00503                 call    metka101000
01B4   2???           00504                 call    metka1000
01B5   2???           00505                 call    metka101000             
01B6   2???           00506                 call    metka101000
01B7   2???           00507                 call    metka101000
01B8   2???           00508                 call    metka10101000
01B9   2???           00509                 call    metka101000             
01BA   0008           00510                 return
                      00511 
01BB   2???           00512 bt              call    delayy9ms
01BC   2???           00513                 call    delayy4.5ms
01BD   2???           00514                 call    yarmi
01BE   2???           00515                 call    metka101000
01BF   2???           00516                 call    metka1000
01C0   2???           00517                 call    metka1000
01C1   2???           00518                 call    metka101000
01C2   2???           00519                 call    metka10101000
MPASM 5.87                  PICRBT_BOTIR.ASM   4-16-2020  16:51:03         PAGE 11


LOC  OBJECT CODE     LINE SOURCE TEXT
  VALUE

01C3   2???           00520                 call    metka1010101000
01C4   2???           00521                 call    metka101000
01C5   2???           00522                 call    metka1000
01C6   2???           00523                 call    Send_1;      // 43
01C7   2???           00524                 call    Send_0;      // 43
01C8   2???           00525                 call    Send_1;      // 43
01C9   2???           00526                 call    Send_0;      // 43
01CA   3020           00527                 movlw   d'32'
01CB   2???           00528                 call    Big_delay
01CC   0008           00529                 return
                      00530                 
01CD   2???           00531 cmmute1         call    delayy9ms
01CE   2???           00532                 call    delayy4.5ms
01CF   2???           00533                 call    yarmi
01D0   2???           00534                 call    metka101000
01D1   2???           00535                 call    metka10101000
01D2   2???           00536                 call    metka1000
01D3   2???           00537                 call    metka101010101000
01D4   2???           00538                 call    metka1000
01D5   2???           00539                 call    metka10101000
01D6   2???           00540                 call    metka1000
01D7   2???           00541                 call    metka1000
01D8   2???           00542                 call    Send_1;      // 43
01D9   2???           00543                 call    Send_0;      // 43
01DA   3020           00544                 movlw   d'32'
01DB   2???           00545                 call    Big_delay
01DC   0008           00546                 return
                      00547                 
01DD                  00548 metka101010101010101000 
01DD   2???           00549                 call    Send_1;      // 43
01DE   2???           00550                 call    Send_0;      // 43              
01DF                  00551 metka1010101010101000   
01DF   2???           00552                 call    Send_1;      // 43
01E0   2???           00553                 call    Send_0;      // 43              
01E1                  00554 metka10101010101000     
01E1   2???           00555                 call    Send_1;      // 43
01E2   2???           00556                 call    Send_0;      // 43              
01E3                  00557 metka101010101000       
01E3   2???           00558                 call    Send_1;      // 43
01E4   2???           00559                 call    Send_0;      // 43              
01E5   2???           00560 metka1010101000 call    Send_1;      // 43
01E6   2???           00561                 call    Send_0;      // 43              
01E7   2???           00562 metka10101000   call    Send_1;      // 43
01E8   2???           00563                 call    Send_0;      // 43
01E9   2???           00564 metka101000     call    Send_1;      // 43
01EA   2???           00565                 call    Send_0;      // 43
01EB   2???           00566 metka1000       call    Send_1;      // 43
01EC   2???           00567                 call    Send_0;      // 43
01ED   2???           00568                 call    Send_0;      // 43
01EE   2???           00569                 call    Send_0;      // 43              
01EF   0008           00570                 return
                      00571                 
01F0   3013           00572 Send_1          movlw   d'19'       ; 527 millisekund
MPASM 5.87                  PICRBT_BOTIR.ASM   4-16-2020  16:51:03         PAGE 12


LOC  OBJECT CODE     LINE SOURCE TEXT
  VALUE

01F1   00B2           00573                 movwf   Reg_1
01F2   1505           00574 Send1_Loop      bsf     IR_LED
01F3   0000           00575                 nop
01F4   0000           00576                 nop
01F5   0000           00577                 nop
01F6   0000           00578                 nop
01F7   0000           00579                 nop
01F8   0000           00580                 nop
01F9   0000           00581                 nop
01FA   0000           00582                 nop
01FB   0000           00583                 nop
01FC   0000           00584                 nop
01FD   0000           00585                 nop
01FE   0000           00586                 nop
01FF   1105           00587                 bcf     IR_LED
0200   0000           00588                 nop
0201   0000           00589                 nop
0202   0000           00590                 nop
0203   0000           00591                 nop
0204   0000           00592                 nop
0205   0000           00593                 nop
0206   0000           00594                 nop
0207   0000           00595                 nop
0208   0000           00596                 nop
0209   0000           00597                 nop
020A   0BB2           00598                 decfsz  Reg_1,1
020B   2???           00599                 goto    Send1_Loop
020C   0008           00600                 return
                      00601 ;-----------------------------------------------------------------------------          
020D   3013           00602 Send_0          movlw   d'19'   ;527 millisekund
020E   00B2           00603                 movwf   Reg_1
020F   1105           00604 Send0_Loop      bcf     IR_LED
0210   0000           00605                 nop
0211   0000           00606                 nop
0212   0000           00607                 nop
0213   0000           00608                 nop
0214   0000           00609                 nop
0215   0000           00610                 nop
0216   0000           00611                 nop
0217   0000           00612                 nop
0218   0000           00613                 nop
0219   0000           00614                 nop
021A   0000           00615                 nop
021B   0000           00616                 nop
021C   1105           00617                 bcf     IR_LED
021D   0000           00618                 nop
021E   0000           00619                 nop
021F   0000           00620                 nop
0220   0000           00621                 nop
0221   0000           00622                 nop
0222   0000           00623                 nop
0223   0000           00624                 nop
0224   0000           00625                 nop
MPASM 5.87                  PICRBT_BOTIR.ASM   4-16-2020  16:51:03         PAGE 13


LOC  OBJECT CODE     LINE SOURCE TEXT
  VALUE

0225   0000           00626                 nop
0226   0000           00627                 nop
0227   0BB2           00628                 decfsz  Reg_1,1
0228   2???           00629                 goto    Send0_Loop
0229   0008           00630                 return
                      00631 ;-----------------------------------------------------------------------------
022A   30B9           00632 delayy9ms       movlw   d'185'
022B   00B2           00633                 movwf   Reg_1
022C   1505           00634 Send0_Loopp     bsf     IR_LED
022D   0000           00635                 nop
022E   0000           00636                 nop
022F   0000           00637                 nop
0230   0000           00638                 nop
0231   0000           00639                 nop
0232   0000           00640                 nop
0233   0000           00641                 nop
0234   0000           00642                 nop
0235   0000           00643                 nop
0236   0000           00644                 nop
0237   0000           00645                 nop
0238   0000           00646                 nop
0239   1105           00647                 bcf     IR_LED
023A   0000           00648                 nop
023B   0000           00649                 nop
023C   0000           00650                 nop
023D   0000           00651                 nop
023E   0000           00652                 nop
023F   0000           00653                 nop
0240   0000           00654                 nop
0241   0000           00655                 nop
0242   0000           00656                 nop
0243   0000           00657                 nop
0244   0BB2           00658                 decfsz  Reg_1,1
0245   2???           00659                 goto    Send0_Loopp
0246   3084           00660                 movlw   d'132'
0247   00B2           00661                 movwf   Reg_1
0248   1505           00662 Send0_Loopp1    bsf     IR_LED
0249   0000           00663                 nop
024A   0000           00664                 nop
024B   0000           00665                 nop
024C   0000           00666                 nop
024D   0000           00667                 nop
024E   0000           00668                 nop
024F   0000           00669                 nop
0250   0000           00670                 nop
0251   0000           00671                 nop
0252   0000           00672                 nop
0253   0000           00673                 nop
0254   0000           00674                 nop
0255   1105           00675                 bcf     IR_LED
0256   0000           00676                 nop
0257   0000           00677                 nop
0258   0000           00678                 nop
MPASM 5.87                  PICRBT_BOTIR.ASM   4-16-2020  16:51:03         PAGE 14


LOC  OBJECT CODE     LINE SOURCE TEXT
  VALUE

0259   0000           00679                 nop
025A   0000           00680                 nop
025B   0000           00681                 nop
025C   0000           00682                 nop
025D   0000           00683                 nop
025E   0000           00684                 nop
025F   0000           00685                 nop
0260   0BB2           00686                 decfsz  Reg_1,1
0261   2???           00687                 goto    Send0_Loopp1
0262   0008           00688                 return
0263   30AA           00689 delayy4.5ms     movlw       .170
0264   00B2           00690                 movwf       Reg_1
0265   3006           00691                 movlw       .6
0266   00B3           00692                 movwf       Reg_2
0267   0BB2           00693                 decfsz      Reg_1,F
0268   2???           00694                 goto        $-1
0269   0BB3           00695                 decfsz      Reg_2,F
026A   2???           00696                 goto        $-3
026B   0008           00697                 return
                      00698 
026C   30A9           00699 delay250ms      movlw       .169
026D   00B2           00700                 movwf       Reg_1
026E   3045           00701                 movlw       .69
026F   00B3           00702                 movwf       Reg_2
0270   3002           00703                 movlw       .2
0271   00B4           00704                 movwf       Reg_3
0272   0BB2           00705                 decfsz      Reg_1,F
0273   2???           00706                 goto        $-1
0274   0BB3           00707                 decfsz      Reg_2,F
0275   2???           00708                 goto        $-3
0276   0BB4           00709                 decfsz      Reg_3,F
0277   2???           00710                 goto        $-5
0278   0000           00711                 nop
0279   0000           00712                 nop
                      00713 
027A   0008           00714                 return
                      00715                 
                      00716                 
027B   30A8           00717 delay29ms       movlw       .168
027C   00B2           00718                 movwf       Reg_1
027D   3026           00719                 movlw       .38
027E   00B3           00720                 movwf       Reg_2
027F   0BB2           00721                 decfsz      Reg_1,F
0280   2???           00722                 goto        $-1
0281   0BB3           00723                 decfsz      Reg_2,F
0282   2???           00724                 goto        $-3
0283   0000           00725                 nop
                      00726 
                      00727 
0284   0008           00728                 return
                      00729                 
                      00730 ;-----------------------------------------------------------------------------  
0054                  00731                 end
MPASM 5.87                  PICRBT_BOTIR.ASM   4-16-2020  16:51:03         PAGE 15


SYMBOL TABLE
  LABEL                             VALUE 

ADCON0                            0000001F
ADCS0                             00000004
ADCS1                             00000005
ADCS2                             00000006
ADFM                              00000007
ADIE                              00000006
ADIF                              00000006
ADON                              00000000
ADRESH                            0000001E
ADRESL                            0000009E
ANS0                              00000000
ANS1                              00000001
ANS2                              00000002
ANS3                              00000003
ANSEL                             0000009F
BD_Loop94                         000000A6
Big_delay                         000000A4
C                                 00000000
CAL0                              00000002
CAL1                              00000003
CAL2                              00000004
CAL3                              00000005
CAL4                              00000006
CAL5                              00000007
CHS0                              00000002
CHS1                              00000003
CINV                              00000004
CIS                               00000003
CM0                               00000000
CM1                               00000001
CM2                               00000002
CMCON                             00000019
CMIE                              00000003
CMIF                              00000003
COUT                              00000006
DC                                00000001
EEADR                             0000009B
EECON1                            0000009C
EECON2                            0000009D
EEDAT                             0000009A
EEDATA                            0000009A
EEIE                              00000007
EEIF                              00000007
F                                 00000001
FSR                               00000004
GIE                               00000007
GO                                00000001
GO_DONE                           00000001
GO_NOT_DONE                       00000001
GP0                               00000000
GP1                               00000001
GP2                               00000002
GP3                               00000003
MPASM 5.87                  PICRBT_BOTIR.ASM   4-16-2020  16:51:03         PAGE 16


SYMBOL TABLE
  LABEL                             VALUE 

GP4                               00000004
GP5                               00000005
GPIE                              00000003
GPIF                              00000000
GPIO                              00000005
GPIO0                             00000000
GPIO1                             00000001
GPIO2                             00000002
GPIO3                             00000003
GPIO4                             00000004
GPIO5                             00000005
INDF                              00000000
INTCON                            0000000B
INTE                              00000004
INTEDG                            00000006
INTF                              00000001
IOC                               00000096
IOC0                              00000000
IOC1                              00000001
IOC2                              00000002
IOC3                              00000003
IOC4                              00000004
IOC5                              00000005
IOCB                              00000096
IOCB0                             00000000
IOCB1                             00000001
IOCB2                             00000002
IOCB3                             00000003
IOCB4                             00000004
IOCB5                             00000005
IRP                               00000007
IR_LED                            GPIO,2
Init                              00000001
LED                               00000052
Mainloop                          0000003B
NOT_BOD                           00000000
NOT_BOR                           00000000
NOT_DONE                          00000001
NOT_GPPU                          00000007
NOT_PD                            00000003
NOT_POR                           00000001
NOT_T1SYNC                        00000002
NOT_TO                            00000004
OPTION_REG                        00000081
OSCCAL                            00000090
PCL                               00000002
PCLATH                            0000000A
PCON                              0000008E
PEIE                              00000006
PIE1                              0000008C
PIR1                              0000000C
PS0                               00000000
PS1                               00000001
MPASM 5.87                  PICRBT_BOTIR.ASM   4-16-2020  16:51:03         PAGE 17


SYMBOL TABLE
  LABEL                             VALUE 

PS2                               00000002
PSA                               00000003
RD                                00000000
RP0                               00000005
RP1                               00000006
Reg_1                             00000032
Reg_2                             00000033
Reg_3                             00000034
STATUS                            00000003
Send0_Loop                        0000020F
Send0_Loopp                       0000022C
Send0_Loopp1                      00000248
Send1_Loop                        000001F2
Send_0                            0000020D
Send_1                            000001F0
T0CS                              00000005
T0IE                              00000005
T0IF                              00000002
T0SE                              00000004
T1CKPS0                           00000004
T1CKPS1                           00000005
T1CON                             00000010
T1IE                              00000000
T1IF                              00000000
T1OSCEN                           00000003
TMR0                              00000001
TMR0IE                            00000005
TMR0IF                            00000002
TMR1                              0000000E
TMR1CS                            00000001
TMR1GE                            00000006
TMR1H                             0000000F
TMR1IE                            00000000
TMR1IF                            00000000
TMR1L                             0000000E
TMR1ON                            00000000
TRISIO                            00000085
TRISIO0                           00000000
TRISIO1                           00000001
TRISIO2                           00000002
TRISIO3                           00000003
TRISIO4                           00000004
TRISIO5                           00000005
UMessen1                          0000003E
VCFG                              00000006
VR0                               00000000
VR1                               00000001
VR2                               00000002
VR3                               00000003
VRCON                             00000099
VREN                              00000007
VRR                               00000005
W                                 00000000
MPASM 5.87                  PICRBT_BOTIR.ASM   4-16-2020  16:51:03         PAGE 18


SYMBOL TABLE
  LABEL                             VALUE 

WPU                               00000095
WPU0                              00000000
WPU1                              00000001
WPU2                              00000002
WPU4                              00000004
WPU5                              00000005
WR                                00000001
WREN                              00000002
WRERR                             00000003
Z                                 00000002
_.org_0_004C                      0000004C
_.org_0_004E                      0000004E
_.org_0_0268                      00000268
_.org_0_026A                      0000026A
_.org_0_0273                      00000273
_.org_0_0275                      00000275
_.org_0_0277                      00000277
_.org_0_0280                      00000280
_.org_0_0282                      00000282
_BODEN_OFF                        00003FBF
_BODEN_ON                         00003FFF
_BOREN_OFF                        00003FBF
_BOREN_ON                         00003FFF
_CONFIG                           00002007
_CPD_OFF                          00003FFF
_CPD_ON                           00003EFF
_CP_OFF                           00003FFF
_CP_ON                            00003F7F
_DEVID1                           00002006
_EC_OSC                           00003FFB
_EXTRC_OSC_CLKOUT                 00003FFF
_EXTRC_OSC_NOCLKOUT               00003FFE
_FOSC_EC                          00003FFB
_FOSC_EXTRCCLK                    00003FFF
_FOSC_EXTRCIO                     00003FFE
_FOSC_HS                          00003FFA
_FOSC_INTRCCLK                    00003FFD
_FOSC_INTRCIO                     00003FFC
_FOSC_LP                          00003FF8
_FOSC_XT                          00003FF9
_HS_OSC                           00003FFA
_IDLOC0                           00002000
_IDLOC1                           00002001
_IDLOC2                           00002002
_IDLOC3                           00002003
_INTRC_OSC_CLKOUT                 00003FFD
_INTRC_OSC_NOCLKOUT               00003FFC
_LP_OSC                           00003FF8
_MCLRE_OFF                        00003FDF
_MCLRE_ON                         00003FFF
_PWRTE_OFF                        00003FFF
_PWRTE_ON                         00003FEF
_WDTE_OFF                         00003FF7
MPASM 5.87                  PICRBT_BOTIR.ASM   4-16-2020  16:51:03         PAGE 19


SYMBOL TABLE
  LABEL                             VALUE 

_WDTE_ON                          00003FFF
_WDT_OFF                          00003FF7
_WDT_ON                           00003FFF
_XT_OSC                           00003FF9
__12F675                          00000001
bt                                000001BB
cmatt                             000000ED
cmmute                            000000D7
cmmute1                           000001CD
cmpause                           00000150
cmpower                           0000015E
cmqizil                           000000C1
cmstrelkachap                     0000016C
cmstrelkaon                       0000017A
cmstrelkapas                      000000B3
cmstrelkatepa                     000001A4
cmvolumpas                        00000188
cmvolumtepa                       00000196
cmyashil                          00000125
count                             00000020
delay250ms                        0000026C
delay29ms                         0000027B
delayy4.5ms                       00000263
delayy9ms                         0000022A
f0                                00000023
f1                                00000024
fCOUNTER                          0000003E
fCOUNTER2                         0000003F
loop                              0000003F
metka1000                         000001EB
metka101000                       000001E9
metka10101000                     000001E7
metka1010101000                   000001E5
metka101010101000                 000001E3
metka10101010101000               000001E1
metka1010101010101000             000001DF
metka101010101010101000           000001DD
metka2                            0000013B
power                             00000086
powermax                          00000029
powermin                          0000002A
qizil                             0000007C
qizilmax                          00000027
qizilmin                          00000028
qiziluderjat                      000000AB
strelkachap                       0000008B
strelkachapmax                    0000002B
strelkachapmin                    0000002C
strelkaon                         00000090
strelkaonmax                      0000002D
strelkaonmin                      0000002E
strelkapas                        00000077
strelkapasmax                     00000025
MPASM 5.87                  PICRBT_BOTIR.ASM   4-16-2020  16:51:03         PAGE 20


SYMBOL TABLE
  LABEL                             VALUE 

strelkapasmin                     00000026
strelkatepa                       0000009F
strelkatepamax                    0000003C
strelkatepamin                    0000003D
volumpas                          00000095
volumpasmax                       00000038
volumpasmin                       00000039
volumtepa                         0000009A
volumtepamax                      0000003A
volumtepamin                      0000003B
yarmi                             000001B2
yashil                            00000081
yashilmax                         00000040
yashilmin                         00000041
yashiluderjat                     000000AF

Errors   :     0
Warnings :     1 reported,     0 suppressed
Messages :     0 reported,     7 suppressed

