MPASM 5.83                       ALPCRBT.ASM   10-9-2019  17:04:31         PAGE  1


LOC  OBJECT CODE     LINE SOURCE TEXT
  VALUE

Warning[205]: Found directive in column 1. (list)
                      00001 list p=12f675
                      00002         #include <P12f675.INC>
                      00001         LIST
                      00002 
                      00003 ;==========================================================================
                      00004 ; Build date : Jan 21 2019
                      00005 ;  MPASM PIC12F675 processor include
                      00006 ; 
                      00007 ;  (c) Copyright 1999-2019 Microchip Technology, All rights reserved
                      00008 ;==========================================================================
                      00009 
                      00367         LIST
                      00003         ERRORLEVEL      -302            
2007   0054           00004         __CONFIG  00054H
                      00005         ;__CONFIG       _MCLRE_OFF & _PWRTE_OFF & _WDT_OFF & _INTRC_OSC_NOCLKOUT & _BODEN_OFF
                      00006         #define   IR_LED    GPIO,2 ; ???????????? ?????????
  00000020            00007 count           equ     0x20    
  00000023            00008 f0              equ     0x23    
  00000024            00009 f1              equ     0x24     
  00000025            00010 strelkapasmax   equ     0x25    
  00000026            00011 strelkapasmin   equ     0x26    
  00000027            00012 qizilmax        equ     0x27
  00000028            00013 qizilmin        equ     0x28
  00000029            00014 powermax        equ     0x29
  0000002A            00015 powermin        equ     0x2A
  0000002B            00016 strelkachapmax  equ     0x2B
  0000002C            00017 strelkachapmin  equ     0x2C
  0000002D            00018 strelkaonmax    equ     0x2D
  0000002E            00019 strelkaonmin    equ     0x2E
  00000032            00020 Reg_1           equ     0x32            
  00000033            00021 Reg_2           equ     0x33
  00000034            00022 Reg_3           equ     0x34
  00000038            00023 volumpasmax     equ     0x38
  00000039            00024 volumpasmin     equ     0x39
  0000003A            00025 volumtepamax    equ     0x3A
  0000003B            00026 volumtepamin    equ     0x3B
  0000003C            00027 strelkatepamax  equ     0x3C
  0000003D            00028 strelkatepamin  equ     0x3D
  0000003E            00029 fCOUNTER        equ     0x3E
  0000003F            00030 fCOUNTER2       equ     0x3F 
  00000040            00031 yashilmax       equ     0x40
  00000041            00032 yashilmin       equ     0x41    
                      00033         org     0x00
0000   2???           00034         goto    Init
                      00035 ;***********************************************************************
0001   1283           00036 Init        bcf     STATUS, RP0         ; Bank 0
0002   0185           00037             clrf    GPIO                        ; aus!
0003   3007           00038             movlw   b'00000111'
0004   0099           00039             movwf   CMCON                       ; Comparator aus
0005   1683           00040             bsf     STATUS, RP0         ; Bank 1
0006   1105           00041             bcf     TRISIO,2
0007   1605           00042             bsf     TRISIO,4
MPASM 5.83                       ALPCRBT.ASM   10-9-2019  17:04:31         PAGE  2


LOC  OBJECT CODE     LINE SOURCE TEXT
  VALUE

0008   1683           00043             bsf     STATUS, RP0         ; Bank 1
0009   23FF           00044             call    0x3FF
000A   0090           00045             movwf   OSCCAL                      ; 4-MHz-Kalibrierung
000B   1283           00046             bcf     STATUS, RP0         ; Bank 0
000C   138B           00047             bcf     INTCON, GIE         ; Int deaktiviert
                      00048 ;******************************************************************************
000D   141F           00049             BSF     ADCON0, ADON        ; ADON=1
000E   159F           00050             BSF     ADCON0, CHS1        ; ADCHS1=0
000F   151F           00051             BSF     ADCON0, CHS0        ; ADCHS0=0
0010   1683           00052             BSF     STATUS,RP0  ; Bank1
0011   019F           00053             clrf    ANSEL
0012   161F           00054             BSF     ANSEL, ADCS0        ; ADCS0=1 Fosc/8
0013   159F           00055             BSF     ANSEL, ANS3
0014   1283           00056             BCF     STATUS,RP0  ; Bank0
0015   131F           00057             BCF     ADCON0, VCFG        ; RA2=digital
0016   139F           00058             BCF     ADCON0, ADFM        ; ADFM=1 linksb?ndig
                      00059             
0017   30FC           00060             movlw   0xFC                ;4.85V      
0018   00A5           00061             movwf   strelkapasmax
0019   30E4           00062             movlw   0xE4                ;4.45V
001A   00A6           00063             movwf   strelkapasmin
001B   30E4           00064             movlw   0xE4                ; 4.45V
001C   00A7           00065             movwf   qizilmax
001D   30CF           00066             movlw   0xCF                ; 3.97V
001E   00A8           00067             movwf   qizilmin
001F   30CF           00068             movlw   0xCF                ; 3.97V
0020   00C0           00069             movwf   yashilmax
0021   30C5           00070             movlw   0xC5                ; 3.80V
0022   00C1           00071             movwf   yashilmin
0023   30C5           00072             movlw   0xC5                ; 3.80V
0024   00A9           00073             movwf   powermax
0025   30BE           00074             movlw   0xBE                ; 3.55V
0026   00AA           00075             movwf   powermin
0027   30BE           00076             movlw   0xBE                ; 3.55V
0028   00AB           00077             movwf   strelkachapmax
0029   30AE           00078             movlw   0xAE                ; 3.32V
002A   00AC           00079             movwf   strelkachapmin
002B   30AE           00080             movlw   0xAE                ; 3.32V
002C   00AD           00081             movwf   strelkaonmax
002D   309F           00082             movlw   0x9F                ; 3.08V
002E   00AE           00083             movwf   strelkaonmin
002F   309F           00084             movlw   0x9F                ; 3.08V
0030   00B8           00085             movwf   volumpasmax
0031   3092           00086             movlw   0x92                ; 2.85V
0032   00B9           00087             movwf   volumpasmin
0033   3092           00088             movlw   0x92                ; 2.85V
0034   00BA           00089             movwf   volumtepamax            
0035   3044           00090             movlw   0x44                ; 1.32V
0036   00BB           00091             movwf   volumtepamin            
0037   3044           00092             movlw   0x44                ; 1.32V
0038   00BC           00093             movwf   strelkatepamax
0039   3001           00094             movlw   0x01                ; 0.00V
003A   00BD           00095             movwf   strelkatepamin
MPASM 5.83                       ALPCRBT.ASM   10-9-2019  17:04:31         PAGE  3


LOC  OBJECT CODE     LINE SOURCE TEXT
  VALUE

                      00096 ;***********************************************************************
003B   2???           00097 Mainloop    call        UMessen1        ; AN0 nach f1,f0  (f1 is entscheidend)
003C   2???           00098             call        LED             ; LED ein-/ausschalten
003D   2???           00099             goto        Mainloop
                      00100 ;***********************************************************************
003E   149F           00101 UMessen1    BSF     ADCON0, 1   ; ADC starten       
003F   189F           00102 loop        BTFSC   ADCON0, 1   ; ist der ADC fertig?
0040   2???           00103             GOTO    loop                ; nein, weiter warten       
0041   081E           00104             movfw   ADRESH              ; obere  8 Bit auslesen
0042   00A4           00105             movwf   f1          ; obere  8-Bit nach f1
0043   1683           00106             bsf     STATUS,RP0  ; Bank1
0044   081E           00107             movfw   ADRESL              ; untere 2 Bit auslesen, werden aber  nicht ben?tigt
0045   1283           00108             bcf     STATUS,RP0  ; Bank0
0046   00A3           00109             movwf   f0          ; untere 2-Bit nach f0
0047   30A5           00110             movlw       .165
0048   00B2           00111             movwf       Reg_1
0049   3033           00112             movlw       .51
004A   00B3           00113             movwf       Reg_2
004B   0BB2           00114             decfsz      Reg_1,F
004C   2???           00115             goto        $-1
004D   0BB3           00116             decfsz      Reg_2,F
004E   2???           00117             goto        $-3
004F   0008           00118             return
                      00119 ;***********************************************************************
0050   0825           00120 LED         MOVFW       strelkapasmax
0051   0224           00121             subwf       f1, w           ; w:=f1-w 
0052   1C03           00122             btfss       STATUS, C
0053   2???           00123             call        strelkapas              ; LED an
                      00124 
0054   0827           00125             MOVFW       qizilmax
0055   0224           00126             subwf       f1, w           ; w:=f1-w 
0056   1C03           00127             btfss       STATUS, C
0057   2???           00128             call        qizil           ; LED an
                      00129             
0058   0840           00130             MOVFW       yashilmax
0059   0224           00131             subwf       f1, w           ; w:=f1-w 
005A   1C03           00132             btfss       STATUS, C
005B   2???           00133             call        yashil          ; LED an
                      00134 
005C   0829           00135             MOVFW       powermax
005D   0224           00136             subwf       f1, w           ; w:=f1-w 
005E   1C03           00137             btfss       STATUS, C
005F   2???           00138             call        power           ; LED an
                      00139 
0060   082B           00140             MOVFW       strelkachapmax
0061   0224           00141             subwf       f1, w           ; w:=f1-w 
0062   1C03           00142             btfss       STATUS, C
0063   2???           00143             call        strelkachap     ; LED an
                      00144 
0064   082D           00145             MOVFW       strelkaonmax
0065   0224           00146             subwf       f1, w           ; w:=f1-w 
0066   1C03           00147             btfss       STATUS, C
0067   2???           00148             call        strelkaon       ; LED an
MPASM 5.83                       ALPCRBT.ASM   10-9-2019  17:04:31         PAGE  4


LOC  OBJECT CODE     LINE SOURCE TEXT
  VALUE

                      00149 
0068   0838           00150             MOVFW       volumpasmax
0069   0224           00151             subwf       f1, w           ; w:=f1-w 
006A   1C03           00152             btfss       STATUS, C
006B   2???           00153             call        volumpas        ; LED an
                      00154 
006C   083A           00155             MOVFW       volumtepamax
006D   0224           00156             subwf       f1, w           ; w:=f1-w 
006E   1C03           00157             btfss       STATUS, C
006F   2???           00158             call        volumtepa       ; LED an
                      00159 
0070   083C           00160             MOVFW       strelkatepamax
0071   0224           00161             subwf       f1, w           ; w:=f1-w 
0072   1C03           00162             btfss       STATUS, C
0073   2???           00163             call        strelkatepa     ; LED an
0074   0008           00164             return
                      00165 ;***********************************************************************
0075   0826           00166 strelkapas  MOVFW       strelkapasmin
0076   0224           00167             subwf       f1, w           ; w:=f1-w 
0077   1803           00168             btfsc       STATUS, C
0078   2???           00169             call        cmstrelkapas
0079   0008           00170             return
007A   0828           00171 qizil       MOVFW       qizilmin
007B   0224           00172             subwf       f1, w           ; w:=f1-w 
007C   1803           00173             btfsc       STATUS, C
007D   2???           00174             call        cmqizil
007E   0008           00175             return
007F   0841           00176 yashil      MOVFW       yashilmin
0080   0224           00177             subwf       f1, w           ; w:=f1-w 
0081   1803           00178             btfsc       STATUS, C
0082   2???           00179             call        cmyashil
0083   0008           00180             return          
0084   082A           00181 power       MOVFW       powermin
0085   0224           00182             subwf       f1, w           ; w:=f1-w 
0086   1803           00183             btfsc       STATUS, C
0087   2???           00184             call        cmpower
0088   0008           00185             return
0089   082C           00186 strelkachap MOVFW       strelkachapmin
008A   0224           00187             subwf       f1, w           ; w:=f1-w 
008B   1803           00188             btfsc       STATUS, C
008C   2???           00189             call        cmstrelkachap
008D   0008           00190             return      
008E   082E           00191 strelkaon   MOVFW       strelkaonmin
008F   0224           00192             subwf       f1, w           ; w:=f1-w 
0090   1803           00193             btfsc       STATUS, C
0091   2???           00194             call        cmstrelkaon
0092   0008           00195             return      
0093   0839           00196 volumpas    MOVFW       volumpasmin
0094   0224           00197             subwf       f1, w           ; w:=f1-w 
0095   1803           00198             btfsc       STATUS, C
0096   2???           00199             call        cmvolumpas
0097   0008           00200             return      
0098   083B           00201 volumtepa   MOVFW       volumtepamin
MPASM 5.83                       ALPCRBT.ASM   10-9-2019  17:04:31         PAGE  5


LOC  OBJECT CODE     LINE SOURCE TEXT
  VALUE

0099   0224           00202             subwf       f1, w           ; w:=f1-w 
009A   1803           00203             btfsc       STATUS, C
009B   2???           00204             call        cmvolumtepa
009C   0008           00205             return      
009D   083D           00206 strelkatepa MOVFW       strelkatepamin
009E   0224           00207             subwf       f1, w           ; w:=f1-w 
009F   1803           00208             btfsc       STATUS, C
00A0   2???           00209             call        cmstrelkatepa
00A1   0008           00210             return      
                      00211 ;<<<<<<<<<<<<<<<<<<<<<<<<<<<<<<<<<<<<<<<<<<<<<<<<<<<<<<<<<<<<<<<<<<<<<<<<<<<<<
00A2                  00212 Big_delay ;=770*x+1     x=(delay-5)/770 ???????? ?????????? call ? return.
00A2   00BF           00213         movwf   fCOUNTER2
00A3   01BE           00214         clrf    fCOUNTER
00A4                  00215 BD_Loop94
00A4   0BBE           00216         decfsz  fCOUNTER,1
00A5   2???           00217         goto    BD_Loop94
00A6   0BBF           00218         decfsz  fCOUNTER2,1
00A7   2???           00219         goto    BD_Loop94
00A8   0008           00220         return
                      00221 ;-----------------------------------------------------------------------------
                      00222         
                      00223         
00A9   2???           00224 cmstrelkachap   call    delayy9ms
00AA   2???           00225                 call    delayy4.5ms
00AB   2???           00226                 call    yarmi
00AC   2???           00227                 call    Send_1;      // 38
00AD   2???           00228                 call    Send_0;      // 39
00AE   2???           00229                 call    Send_0;      // 40
00AF   2???           00230                 call    Send_0;      // 41
00B0   2???           00231                 call    Send_1;      // 42
00B1   2???           00232                 call    Send_0;      // 43
00B2   2???           00233                 call    Send_0;      // 35
00B3   2???           00234                 call    Send_0;      // 36
00B4   2???           00235                 call    Send_1;      // 37
00B5   2???           00236                 call    Send_0;      // 38
00B6   2???           00237                 call    Send_1;      // 39
00B7   2???           00238                 call    Send_0;      // 40
00B8   2???           00239                 call    Send_1;      // 41
00B9   2???           00240                 call    Send_0;      // 42
00BA   2???           00241                 call    Send_0;      // 43
00BB   2???           00242                 call    Send_0;      // 43
00BC   2???           00243                 call    Send_1;      // 43
00BD   2???           00244                 call    Send_0;      // 43
00BE   2???           00245                 call    Send_1;      // 43
00BF   2???           00246                 call    Send_0;      // 43
00C0   2???           00247                 call    Send_1;      // 43
00C1   2???           00248                 call    Send_0;      // 43
00C2   2???           00249                 call    Send_1;      // 43
00C3   2???           00250                 call    Send_0;      // 43
00C4   2???           00251                 call    Send_1;      // 43
00C5   2???           00252                 call    Send_0;      // 43
00C6   2???           00253                 call    Send_1;      // 43
00C7   2???           00254                 call    Send_0;      // 43
MPASM 5.83                       ALPCRBT.ASM   10-9-2019  17:04:31         PAGE  6


LOC  OBJECT CODE     LINE SOURCE TEXT
  VALUE

00C8   2???           00255                 call    Send_0;      // 43
00C9   2???           00256                 call    Send_0;      // 43
00CA   2???           00257                 call    Send_1;      // 43
00CB   2???           00258                 call    Send_0;      // 43
00CC   2???           00259                 call    Send_0;      // 43
00CD   2???           00260                 call    Send_0;      // 43
00CE   2???           00261                 call    Send_1;      // 43
00CF   2???           00262                 call    Send_0;      // 43
00D0   2???           00263                 call    Send_1;      // 43
00D1   2???           00264                 call    Send_0;      // 43
00D2   2???           00265                 call    Send_0;      // 43
00D3   2???           00266                 call    Send_0;      // 43
00D4   2???           00267                 call    Send_1;      // 43
00D5   2???           00268                 call    Send_0;      // 43
00D6   2???           00269                 call    Send_0;      // 43
00D7   2???           00270                 call    Send_0;      // 43
00D8   2???           00271                 call    Send_1;      // 43
00D9   2???           00272                 call    Send_0;      // 43
00DA   2???           00273                 call    Send_0;      // 43
00DB   2???           00274                 call    Send_0;      // 43
00DC   2???           00275                 call    Send_1;      // 43
00DD   2???           00276                 call    Send_0;      // 43              
00DE   3020           00277                 movlw   d'32'
00DF   2???           00278                 call    Big_delay
00E0   0008           00279                 return
                      00280 
00E1   2???           00281 cmqizil         call    delayy9ms
00E2   2???           00282                 call    delayy4.5ms
00E3   2???           00283                 call    yarmi
00E4   2???           00284                 call    Send_1;      // 38
00E5   2???           00285                 call    Send_0;      // 39
00E6   2???           00286                 call    Send_1;      // 40
00E7   2???           00287                 call    Send_0;      // 41
00E8   2???           00288                 call    Send_0;      // 42
00E9   2???           00289                 call    Send_0;      // 43
00EA   2???           00290                 call    Send_1;      // 35
00EB   2???           00291                 call    Send_0;      // 36
00EC   2???           00292                 call    Send_0;      // 37
00ED   2???           00293                 call    Send_0;      // 38
00EE   2???           00294                 call    Send_1;      // 39
00EF   2???           00295                 call    Send_0;      // 40
00F0   2???           00296                 call    Send_1;      // 41
00F1   2???           00297                 call    Send_0;      // 42
00F2   2???           00298                 call    Send_0;      // 43
00F3   2???           00299                 call    Send_0;      // 43
00F4   2???           00300                 call    Send_1;      // 43
00F5   2???           00301                 call    Send_0;      // 43
00F6   2???           00302                 call    Send_1;      // 43
00F7   2???           00303                 call    Send_0;      // 43
00F8   2???           00304                 call    Send_1;      // 43
00F9   2???           00305                 call    Send_0;      // 43
00FA   2???           00306                 call    Send_1;      // 43
00FB   2???           00307                 call    Send_0;      // 43
MPASM 5.83                       ALPCRBT.ASM   10-9-2019  17:04:31         PAGE  7


LOC  OBJECT CODE     LINE SOURCE TEXT
  VALUE

00FC   2???           00308                 call    Send_0;      // 43
00FD   2???           00309                 call    Send_0;      // 43
00FE   2???           00310                 call    Send_1;      // 43
00FF   2???           00311                 call    Send_0;      // 43
0100   2???           00312                 call    Send_1;      // 43
0101   2???           00313                 call    Send_0;      // 43
0102   2???           00314                 call    Send_1;      // 43
0103   2???           00315                 call    Send_0;      // 43
0104   2???           00316                 call    Send_0;      // 43
0105   2???           00317                 call    Send_0;      // 43
0106   2???           00318                 call    Send_1;      // 43
0107   2???           00319                 call    Send_0;      // 43
0108   2???           00320                 call    Send_1;      // 43
0109   2???           00321                 call    Send_0;      // 43
010A   2???           00322                 call    Send_0;      // 43
010B   2???           00323                 call    Send_0;      // 43
010C   2???           00324                 call    Send_1;      // 43
010D   2???           00325                 call    Send_0;      // 43
010E   2???           00326                 call    Send_0;      // 43
010F   2???           00327                 call    Send_0;      // 43
0110   2???           00328                 call    Send_1;      // 43
0111   2???           00329                 call    Send_0;      // 43
0112   2???           00330                 call    Send_0;      // 43
0113   2???           00331                 call    Send_0;      // 43
0114   2???           00332                 call    Send_1;      // 43
0115   2???           00333                 call    Send_0;      // 43              
0116   3020           00334                 movlw   d'32'
0117   2???           00335                 call    Big_delay
0118   0008           00336                 return
                      00337 
0119   2???           00338 cmyashil        call    delayy9ms
011A   2???           00339                 call    delayy4.5ms
011B   2???           00340                 call    yarmi
011C   2???           00341                 call    Send_1;      // 38
011D   2???           00342                 call    Send_0;      // 39
011E   2???           00343                 call    Send_0;      // 40
011F   2???           00344                 call    Send_0;      // 41
0120   2???           00345                 call    Send_1;      // 42
0121   2???           00346                 call    Send_0;      // 43
0122   2???           00347                 call    Send_0;      // 35
0123   2???           00348                 call    Send_0;      // 36
0124   2???           00349                 call    Send_1;      // 37
0125   2???           00350                 call    Send_0;      // 38
0126   2???           00351                 call    Send_0;      // 39
0127   2???           00352                 call    Send_0;      // 40
0128   2???           00353                 call    Send_1;      // 41
0129   2???           00354                 call    Send_0;      // 42
012A   2???           00355                 call    Send_1;      // 43
012B   2???           00356                 call    Send_0;      // 43
012C   2???           00357                 call    Send_1;      // 43
012D   2???           00358                 call    Send_0;      // 43
012E   2???           00359                 call    Send_1;      // 43
012F   2???           00360                 call    Send_0;      // 43
MPASM 5.83                       ALPCRBT.ASM   10-9-2019  17:04:31         PAGE  8


LOC  OBJECT CODE     LINE SOURCE TEXT
  VALUE

0130   2???           00361                 call    Send_1;      // 43
0131   2???           00362                 call    Send_0;      // 43
0132   2???           00363                 call    Send_1;      // 43
0133   2???           00364                 call    Send_0;      // 43
0134   2???           00365                 call    Send_1;      // 43
0135   2???           00366                 call    Send_0;      // 43
0136   2???           00367                 call    Send_1;      // 43
0137   2???           00368                 call    Send_0;      // 43
0138   2???           00369                 call    Send_1;      // 43
0139   2???           00370                 call    Send_0;      // 43
013A   2???           00371                 call    Send_0;      // 43
013B   2???           00372                 call    Send_0;      // 43
013C   2???           00373                 call    Send_1;      // 43
013D   2???           00374                 call    Send_0;      // 43
013E   2???           00375                 call    Send_0;      // 43
013F   2???           00376                 call    Send_0;      // 43
0140   2???           00377                 call    Send_1;      // 43
0141   2???           00378                 call    Send_0;      // 43
0142   2???           00379                 call    Send_0;      // 43
0143   2???           00380                 call    Send_0;      // 43
0144   2???           00381                 call    Send_1;      // 43
0145   2???           00382                 call    Send_0;      // 43
0146   2???           00383                 call    Send_0;      // 43
0147   2???           00384                 call    Send_0;      // 43
0148   2???           00385                 call    Send_1;      // 43
0149   2???           00386                 call    Send_0;      // 43
014A   2???           00387                 call    Send_0;      // 43
014B   2???           00388                 call    Send_0;      // 43
014C   2???           00389                 call    Send_1;      // 43
014D   2???           00390                 call    Send_0;      // 43              
014E   3020           00391                 movlw   d'32'
014F   2???           00392                 call    Big_delay
0150   0008           00393                 return
                      00394         
0151   2???           00395 cmpower         call    delayy9ms
0152   2???           00396                 call    delayy4.5ms
0153   2???           00397                 call    yarmi
0154   2???           00398                 call    Send_1;      // 38
0155   2???           00399                 call    Send_0;      // 39
0156   2???           00400                 call    Send_1;      // 40
0157   2???           00401                 call    Send_0;      // 41
0158   2???           00402                 call    Send_0;      // 42
0159   2???           00403                 call    Send_0;      // 43
015A   2???           00404                 call    Send_1;      // 35
015B   2???           00405                 call    Send_0;      // 36
015C   2???           00406                 call    Send_1;      // 37
015D   2???           00407                 call    Send_0;      // 38
015E   2???           00408                 call    Send_0;      // 39
015F   2???           00409                 call    Send_0;      // 40
0160   2???           00410                 call    Send_1;      // 41
0161   2???           00411                 call    Send_0;      // 42
0162   2???           00412                 call    Send_1;      // 43
0163   2???           00413                 call    Send_0;      // 43
MPASM 5.83                       ALPCRBT.ASM   10-9-2019  17:04:31         PAGE  9


LOC  OBJECT CODE     LINE SOURCE TEXT
  VALUE

0164   2???           00414                 call    Send_1;      // 43
0165   2???           00415                 call    Send_0;      // 43
0166   2???           00416                 call    Send_1;      // 43
0167   2???           00417                 call    Send_0;      // 43
0168   2???           00418                 call    Send_1;      // 43
0169   2???           00419                 call    Send_0;      // 43
016A   2???           00420                 call    Send_0;      // 43
016B   2???           00421                 call    Send_0;      // 43
016C   2???           00422                 call    Send_1;      // 43
016D   2???           00423                 call    Send_0;      // 43
016E   2???           00424                 call    Send_1;      // 43
016F   2???           00425                 call    Send_0;      // 43
0170   2???           00426                 call    Send_0;      // 43
0171   2???           00427                 call    Send_0;      // 43
0172   2???           00428                 call    Send_1;      // 43
0173   2???           00429                 call    Send_0;      // 43
0174   2???           00430                 call    Send_1;      // 43
0175   2???           00431                 call    Send_0;      // 43
0176   2???           00432                 call    Send_0;      // 43
0177   2???           00433                 call    Send_0;      // 43
0178   2???           00434                 call    Send_1;      // 43
0179   2???           00435                 call    Send_0;      // 43
017A   2???           00436                 call    Send_0;      // 43
017B   2???           00437                 call    Send_0;      // 43
017C   2???           00438                 call    Send_1;      // 43
017D   2???           00439                 call    Send_0;      // 43
017E   2???           00440                 call    Send_0;      // 43
017F   2???           00441                 call    Send_0;      // 43
0180   2???           00442                 call    Send_1;      // 43
0181   2???           00443                 call    Send_0;      // 43
0182   2???           00444                 call    Send_0;      // 43
0183   2???           00445                 call    Send_0;      // 43
0184   2???           00446                 call    Send_1;      // 43
0185   2???           00447                 call    Send_0;      // 43
0186   3020           00448                 movlw   d'32'
0187   2???           00449                 call    Big_delay
0188   0008           00450                 return
                      00451                 
                      00452         
0189   2???           00453 cmstrelkapas    call    delayy9ms
018A   2???           00454                 call    delayy4.5ms
018B   2???           00455                 call    yarmi
018C   2???           00456                 call    Send_1;      // 38
018D   2???           00457                 call    Send_0;      // 39
018E   2???           00458                 call    Send_0;      // 40
018F   2???           00459                 call    Send_0;      // 41
0190   2???           00460                 call    Send_1;      // 42
0191   2???           00461                 call    Send_0;      // 43
0192   2???           00462                 call    Send_0;      // 35
0193   2???           00463                 call    Send_0;      // 36
0194   2???           00464                 call    Send_1;      // 37
0195   2???           00465                 call    Send_0;      // 38
0196   2???           00466                 call    Send_0;      // 39
MPASM 5.83                       ALPCRBT.ASM   10-9-2019  17:04:31         PAGE 10


LOC  OBJECT CODE     LINE SOURCE TEXT
  VALUE

0197   2???           00467                 call    Send_0;      // 40
0198   2???           00468                 call    Send_1;      // 41
0199   2???           00469                 call    Send_0;      // 42
019A   2???           00470                 call    Send_0;      // 43
019B   2???           00471                 call    Send_0;      // 43
019C   2???           00472                 call    Send_1;      // 43
019D   2???           00473                 call    Send_0;      // 43
019E   2???           00474                 call    Send_1;      // 43
019F   2???           00475                 call    Send_0;      // 43
01A0   2???           00476                 call    Send_1;      // 43
01A1   2???           00477                 call    Send_0;      // 43
01A2   2???           00478                 call    Send_1;      // 43
01A3   2???           00479                 call    Send_0;      // 43
01A4   2???           00480                 call    Send_1;      // 43
01A5   2???           00481                 call    Send_0;      // 43
01A6   2???           00482                 call    Send_1;      // 43
01A7   2???           00483                 call    Send_0;      // 43
01A8   2???           00484                 call    Send_1;      // 43
01A9   2???           00485                 call    Send_0;      // 43
01AA   2???           00486                 call    Send_1;      // 43
01AB   2???           00487                 call    Send_0;      // 43
01AC   2???           00488                 call    Send_1;      // 43
01AD   2???           00489                 call    Send_0;      // 43
01AE   2???           00490                 call    Send_0;      // 43
01AF   2???           00491                 call    Send_0;      // 43
01B0   2???           00492                 call    Send_1;      // 43
01B1   2???           00493                 call    Send_0;      // 43
01B2   2???           00494                 call    Send_0;      // 43
01B3   2???           00495                 call    Send_0;      // 43
01B4   2???           00496                 call    Send_1;      // 43
01B5   2???           00497                 call    Send_0;      // 43
01B6   2???           00498                 call    Send_0;      // 43
01B7   2???           00499                 call    Send_0;      // 43
01B8   2???           00500                 call    Send_1;      // 43
01B9   2???           00501                 call    Send_0;      // 43
01BA   2???           00502                 call    Send_0;      // 43
01BB   2???           00503                 call    Send_0;      // 43
01BC   2???           00504                 call    Send_1;      // 43
01BD   2???           00505                 call    Send_0;      // 43
01BE   3020           00506                 movlw   d'32'
01BF   2???           00507                 call    Big_delay
01C0   0008           00508                 return
                      00509                 
                      00510         
01C1   2???           00511 cmstrelkatepa   call    delayy9ms
01C2   2???           00512                 call    delayy4.5ms
01C3   2???           00513                 call    yarmi
01C4   2???           00514                 call    Send_1;      // 38
01C5   2???           00515                 call    Send_0;      // 39
01C6   2???           00516                 call    Send_1;      // 40
01C7   2???           00517                 call    Send_0;      // 41
01C8   2???           00518                 call    Send_0;      // 42
01C9   2???           00519                 call    Send_0;      // 43
MPASM 5.83                       ALPCRBT.ASM   10-9-2019  17:04:31         PAGE 11


LOC  OBJECT CODE     LINE SOURCE TEXT
  VALUE

01CA   2???           00520                 call    Send_1;      // 35
01CB   2???           00521                 call    Send_0;      // 36
01CC   2???           00522                 call    Send_0;      // 37
01CD   2???           00523                 call    Send_0;      // 38
01CE   2???           00524                 call    Send_1;      // 39
01CF   2???           00525                 call    Send_0;      // 40
01D0   2???           00526                 call    Send_0;      // 41
01D1   2???           00527                 call    Send_0;      // 42
01D2   2???           00528                 call    Send_1;      // 43
01D3   2???           00529                 call    Send_0;      // 43
01D4   2???           00530                 call    Send_1;      // 43
01D5   2???           00531                 call    Send_0;      // 43
01D6   2???           00532                 call    Send_1;      // 43
01D7   2???           00533                 call    Send_0;      // 43
01D8   2???           00534                 call    Send_1;      // 43
01D9   2???           00535                 call    Send_0;      // 43
01DA   2???           00536                 call    Send_1;      // 43
01DB   2???           00537                 call    Send_0;      // 43
01DC   2???           00538                 call    Send_0;      // 43
01DD   2???           00539                 call    Send_0;      // 43
01DE   2???           00540                 call    Send_1;      // 43
01DF   2???           00541                 call    Send_0;      // 43
01E0   2???           00542                 call    Send_1;      // 43
01E1   2???           00543                 call    Send_0;      // 43
01E2   2???           00544                 call    Send_1;      // 43
01E3   2???           00545                 call    Send_0;      // 43
01E4   2???           00546                 call    Send_1;      // 43
01E5   2???           00547                 call    Send_0;      // 43
01E6   2???           00548                 call    Send_0;      // 43
01E7   2???           00549                 call    Send_0;      // 43
01E8   2???           00550                 call    Send_1;      // 43
01E9   2???           00551                 call    Send_0;      // 43
01EA   2???           00552                 call    Send_0;      // 43
01EB   2???           00553                 call    Send_0;      // 43
01EC   2???           00554                 call    Send_1;      // 43
01ED   2???           00555                 call    Send_0;      // 43
01EE   2???           00556                 call    Send_0;      // 43
01EF   2???           00557                 call    Send_0;      // 43
01F0   2???           00558                 call    Send_1;      // 43
01F1   2???           00559                 call    Send_0;      // 43
01F2   2???           00560                 call    Send_0;      // 43
01F3   2???           00561                 call    Send_0;      // 43
01F4   2???           00562                 call    Send_1;      // 43
01F5   2???           00563                 call    Send_0;      // 43
01F6   3020           00564                 movlw   d'32'
01F7   2???           00565                 call    Big_delay
01F8   0008           00566                 return
01F9   2???           00567 cmvolumpas      call    delayy9ms
01FA   2???           00568                 call    delayy4.5ms
01FB   2???           00569                 call    yarmi
01FC   2???           00570                 call    Send_1;      // 38
01FD   2???           00571                 call    Send_0;      // 39
01FE   2???           00572                 call    Send_0;      // 40
MPASM 5.83                       ALPCRBT.ASM   10-9-2019  17:04:31         PAGE 12


LOC  OBJECT CODE     LINE SOURCE TEXT
  VALUE

01FF   2???           00573                 call    Send_0;      // 41
0200   2???           00574                 call    Send_1;      // 42
0201   2???           00575                 call    Send_0;      // 43
0202   2???           00576                 call    Send_1;      // 35
0203   2???           00577                 call    Send_0;      // 36
0204   2???           00578                 call    Send_0;      // 37
0205   2???           00579                 call    Send_0;      // 38
0206   2???           00580                 call    Send_1;      // 39
0207   2???           00581                 call    Send_0;      // 40
0208   2???           00582                 call    Send_1;      // 41
0209   2???           00583                 call    Send_0;      // 42
020A   2???           00584                 call    Send_0;      // 43
020B   2???           00585                 call    Send_0;      // 43
020C   2???           00586                 call    Send_1;      // 43
020D   2???           00587                 call    Send_0;      // 43
020E   2???           00588                 call    Send_1;      // 43
020F   2???           00589                 call    Send_0;      // 43
0210   2???           00590                 call    Send_1;      // 43
0211   2???           00591                 call    Send_0;      // 43
0212   2???           00592                 call    Send_1;      // 43
0213   2???           00593                 call    Send_0;      // 43
0214   2???           00594                 call    Send_1;      // 43
0215   2???           00595                 call    Send_0;      // 43
0216   2???           00596                 call    Send_0;      // 43
0217   2???           00597                 call    Send_0;      // 43
0218   2???           00598                 call    Send_1;      // 43
0219   2???           00599                 call    Send_0;      // 43
021A   2???           00600                 call    Send_1;      // 43
021B   2???           00601                 call    Send_0;      // 43
021C   2???           00602                 call    Send_0;      // 43
021D   2???           00603                 call    Send_0;      // 43
021E   2???           00604                 call    Send_1;      // 43
021F   2???           00605                 call    Send_0;      // 43
0220   2???           00606                 call    Send_1;      // 43
0221   2???           00607                 call    Send_0;      // 43
0222   2???           00608                 call    Send_0;      // 43
0223   2???           00609                 call    Send_0;      // 43
0224   2???           00610                 call    Send_1;      // 43
0225   2???           00611                 call    Send_0;      // 43
0226   2???           00612                 call    Send_0;      // 43
0227   2???           00613                 call    Send_0;      // 43
0228   2???           00614                 call    Send_1;      // 43
0229   2???           00615                 call    Send_0;      // 43
022A   2???           00616                 call    Send_0;      // 43
022B   2???           00617                 call    Send_0;      // 43
022C   2???           00618                 call    Send_1;      // 43
022D   2???           00619                 call    Send_0;      // 43
022E   3020           00620                 movlw   d'32'
022F   2???           00621                 call    Big_delay
0230   0008           00622                 return
0231   2???           00623 cmvolumtepa     call    delayy9ms
0232   2???           00624                 call    delayy4.5ms
0233   2???           00625                 call    yarmi
MPASM 5.83                       ALPCRBT.ASM   10-9-2019  17:04:31         PAGE 13


LOC  OBJECT CODE     LINE SOURCE TEXT
  VALUE

0234   2???           00626                 call    Send_1;      // 38
0235   2???           00627                 call    Send_0;      // 39
0236   2???           00628                 call    Send_1;      // 40
0237   2???           00629                 call    Send_0;      // 41
0238   2???           00630                 call    Send_1;      // 42
0239   2???           00631                 call    Send_0;      // 43
023A   2???           00632                 call    Send_0;      // 35
023B   2???           00633                 call    Send_0;      // 36
023C   2???           00634                 call    Send_1;      // 37
023D   2???           00635                 call    Send_0;      // 38
023E   2???           00636                 call    Send_1;      // 39
023F   2???           00637                 call    Send_0;      // 40
0240   2???           00638                 call    Send_0;      // 41
0241   2???           00639                 call    Send_0;      // 42
0242   2???           00640                 call    Send_1;      // 43
0243   2???           00641                 call    Send_0;      // 43
0244   2???           00642                 call    Send_1;      // 43
0245   2???           00643                 call    Send_0;      // 43
0246   2???           00644                 call    Send_1;      // 43
0247   2???           00645                 call    Send_0;      // 43
0248   2???           00646                 call    Send_1;      // 43
0249   2???           00647                 call    Send_0;      // 43
024A   2???           00648                 call    Send_0;      // 43
024B   2???           00649                 call    Send_0;      // 43
024C   2???           00650                 call    Send_1;      // 43
024D   2???           00651                 call    Send_0;      // 43
024E   2???           00652                 call    Send_0;      // 43
024F   2???           00653                 call    Send_0;      // 43
0250   2???           00654                 call    Send_1;      // 43
0251   2???           00655                 call    Send_0;      // 43
0252   2???           00656                 call    Send_1;      // 43
0253   2???           00657                 call    Send_0;      // 43
0254   2???           00658                 call    Send_0;      // 43
0255   2???           00659                 call    Send_0;      // 43
0256   2???           00660                 call    Send_1;      // 43
0257   2???           00661                 call    Send_0;      // 43
0258   2???           00662                 call    Send_1;      // 43
0259   2???           00663                 call    Send_0;      // 43
025A   2???           00664                 call    Send_0;      // 43
025B   2???           00665                 call    Send_0;      // 43
025C   2???           00666                 call    Send_1;      // 43
025D   2???           00667                 call    Send_0;      // 43
025E   2???           00668                 call    Send_0;      // 43
025F   2???           00669                 call    Send_0;      // 43
0260   2???           00670                 call    Send_1;      // 43
0261   2???           00671                 call    Send_0;      // 43
0262   2???           00672                 call    Send_0;      // 43
0263   2???           00673                 call    Send_0;      // 43
0264   2???           00674                 call    Send_1;      // 43
0265   2???           00675                 call    Send_0;      // 43
0266   3020           00676                 movlw   d'32'
0267   2???           00677                 call    Big_delay
0268   0008           00678                 return
MPASM 5.83                       ALPCRBT.ASM   10-9-2019  17:04:31         PAGE 14


LOC  OBJECT CODE     LINE SOURCE TEXT
  VALUE

                      00679                 
                      00680 
0269   2???           00681 cmstrelkaon     call    delayy9ms
026A   2???           00682                 call    delayy4.5ms
026B   2???           00683                 call    yarmi
026C   2???           00684                 call    Send_1;      // 38
026D   2???           00685                 call    Send_0;      // 39
026E   2???           00686                 call    Send_1;      // 40
026F   2???           00687                 call    Send_0;      // 41
0270   2???           00688                 call    Send_0;      // 42
0271   2???           00689                 call    Send_0;      // 43
0272   2???           00690                 call    Send_1;      // 35
0273   2???           00691                 call    Send_0;      // 36
0274   2???           00692                 call    Send_1;      // 37
0275   2???           00693                 call    Send_0;      // 38
0276   2???           00694                 call    Send_1;      // 39
0277   2???           00695                 call    Send_0;      // 40
0278   2???           00696                 call    Send_0;      // 41
0279   2???           00697                 call    Send_0;      // 42
027A   2???           00698                 call    Send_1;      // 43
027B   2???           00699                 call    Send_0;      // 43
027C   2???           00700                 call    Send_1;      // 43
027D   2???           00701                 call    Send_0;      // 43
027E   2???           00702                 call    Send_1;      // 43
027F   2???           00703                 call    Send_0;      // 43
0280   2???           00704                 call    Send_1;      // 43
0281   2???           00705                 call    Send_0;      // 43
0282   2???           00706                 call    Send_0;      // 43
0283   2???           00707                 call    Send_0;      // 43
0284   2???           00708                 call    Send_1;      // 43
0285   2???           00709                 call    Send_0;      // 43
0286   2???           00710                 call    Send_1;      // 43
0287   2???           00711                 call    Send_0;      // 43
0288   2???           00712                 call    Send_0;      // 43
0289   2???           00713                 call    Send_0;      // 43
028A   2???           00714                 call    Send_1;      // 43
028B   2???           00715                 call    Send_0;      // 43
028C   2???           00716                 call    Send_0;      // 43
028D   2???           00717                 call    Send_0;      // 43
028E   2???           00718                 call    Send_1;      // 43
028F   2???           00719                 call    Send_0;      // 43
0290   2???           00720                 call    Send_1;      // 43
0291   2???           00721                 call    Send_0;      // 43
0292   2???           00722                 call    Send_0;      // 43
0293   2???           00723                 call    Send_0;      // 43
0294   2???           00724                 call    Send_1;      // 43
0295   2???           00725                 call    Send_0;      // 43
0296   2???           00726                 call    Send_0;      // 43
0297   2???           00727                 call    Send_0;      // 43
0298   2???           00728                 call    Send_1;      // 43
0299   2???           00729                 call    Send_0;      // 43
029A   2???           00730                 call    Send_0;      // 43
029B   2???           00731                 call    Send_0;      // 43
MPASM 5.83                       ALPCRBT.ASM   10-9-2019  17:04:31         PAGE 15


LOC  OBJECT CODE     LINE SOURCE TEXT
  VALUE

029C   2???           00732                 call    Send_1;      // 43
029D   2???           00733                 call    Send_0;      // 43
029E   3020           00734                 movlw   d'32'
029F   2???           00735                 call    Big_delay
02A0   0008           00736                 return
02A1   2???           00737 yarmi           call    Send_1;      // 86
02A2   2???           00738                 call    Send_0;      // 87
02A3   2???           00739                 call    Send_1;      // 88
02A4   2???           00740                 call    Send_0;      // 89
02A5   2???           00741                 call    Send_0;      // 0
02A6   2???           00742                 call    Send_0;      // 1
02A7   2???           00743                 call    Send_1;      // 2
02A8   2???           00744                 call    Send_0;      // 3
02A9   2???           00745                 call    Send_0;      // 4
02AA   2???           00746                 call    Send_0;      // 5
02AB   2???           00747                 call    Send_1;      // 6
02AC   2???           00748                 call    Send_0;      // 7
02AD   2???           00749                 call    Send_1;      // 8
02AE   2???           00750                 call    Send_0;      // 9
02AF   2???           00751                 call    Send_1;      // 10
02B0   2???           00752                 call    Send_0;      // 11
02B1   2???           00753                 call    Send_1;      // 12
02B2   2???           00754                 call    Send_0;      // 13
02B3   2???           00755                 call    Send_1;      // 14
02B4   2???           00756                 call    Send_0;      // 15
02B5   2???           00757                 call    Send_0;      // 16
02B6   2???           00758                 call    Send_0;      // 17
02B7   2???           00759                 call    Send_1;      // 19
02B8   2???           00760                 call    Send_0;      // 20
02B9   2???           00761                 call    Send_1;      // 21
02BA   2???           00762                 call    Send_0;      // 22
02BB   2???           00763                 call    Send_0;      // 23
02BC   2???           00764                 call    Send_0;      // 24
02BD   2???           00765                 call    Send_1;      // 25
02BE   2???           00766                 call    Send_0;      // 26
02BF   2???           00767                 call    Send_1;      // 27
02C0   2???           00768                 call    Send_0;      // 28
02C1   2???           00769                 call    Send_1;      // 29
02C2   2???           00770                 call    Send_0;      // 30
02C3   2???           00771                 call    Send_0;      // 31
02C4   2???           00772                 call    Send_0;      // 32
02C5   2???           00773                 call    Send_1;      // 33
02C6   2???           00774                 call    Send_0;      // 34
02C7   2???           00775                 call    Send_0;      // 35
02C8   2???           00776                 call    Send_0;      // 36
02C9   2???           00777                 call    Send_1;      // 37
02CA   2???           00778                 call    Send_0;      // 38
02CB   2???           00779                 call    Send_0;      // 39
02CC   2???           00780                 call    Send_0;      // 40
02CD   2???           00781                 call    Send_1;      // 41
02CE   2???           00782                 call    Send_0;      // 42
02CF   0008           00783                 return
                      00784 
MPASM 5.83                       ALPCRBT.ASM   10-9-2019  17:04:31         PAGE 16


LOC  OBJECT CODE     LINE SOURCE TEXT
  VALUE

                      00785                 
02D0   3013           00786 Send_1          movlw   d'19'       ; 527 millisekund
02D1   00B2           00787                 movwf   Reg_1
02D2   1505           00788 Send1_Loop      bsf     IR_LED
02D3   0000           00789                 nop
02D4   0000           00790                 nop
02D5   0000           00791                 nop
02D6   0000           00792                 nop
02D7   0000           00793                 nop
02D8   0000           00794                 nop
02D9   0000           00795                 nop
02DA   0000           00796                 nop
02DB   0000           00797                 nop
02DC   0000           00798                 nop
02DD   0000           00799                 nop
02DE   0000           00800                 nop
02DF   1105           00801                 bcf     IR_LED
02E0   0000           00802                 nop
02E1   0000           00803                 nop
02E2   0000           00804                 nop
02E3   0000           00805                 nop
02E4   0000           00806                 nop
02E5   0000           00807                 nop
02E6   0000           00808                 nop
02E7   0000           00809                 nop
02E8   0000           00810                 nop
02E9   0000           00811                 nop
02EA   0BB2           00812                 decfsz  Reg_1,1
02EB   2???           00813                 goto    Send1_Loop
02EC   0008           00814                 return
                      00815 ;-----------------------------------------------------------------------------          
02ED   3013           00816 Send_0          movlw   d'19'   ;527 millisekund
02EE   00B2           00817                 movwf   Reg_1
02EF   1105           00818 Send0_Loop      bcf     IR_LED
02F0   0000           00819                 nop
02F1   0000           00820                 nop
02F2   0000           00821                 nop
02F3   0000           00822                 nop
02F4   0000           00823                 nop
02F5   0000           00824                 nop
02F6   0000           00825                 nop
02F7   0000           00826                 nop
02F8   0000           00827                 nop
02F9   0000           00828                 nop
02FA   0000           00829                 nop
02FB   0000           00830                 nop
02FC   1105           00831                 bcf     IR_LED
02FD   0000           00832                 nop
02FE   0000           00833                 nop
02FF   0000           00834                 nop
0300   0000           00835                 nop
0301   0000           00836                 nop
0302   0000           00837                 nop
MPASM 5.83                       ALPCRBT.ASM   10-9-2019  17:04:31         PAGE 17


LOC  OBJECT CODE     LINE SOURCE TEXT
  VALUE

0303   0000           00838                 nop
0304   0000           00839                 nop
0305   0000           00840                 nop
0306   0000           00841                 nop
0307   0BB2           00842                 decfsz  Reg_1,1
0308   2???           00843                 goto    Send0_Loop
0309   0008           00844                 return
                      00845 ;-----------------------------------------------------------------------------
030A   30B9           00846 delayy9ms       movlw   d'185'
030B   00B2           00847                 movwf   Reg_1
030C   1505           00848 Send0_Loopp     bsf     IR_LED
030D   0000           00849                 nop
030E   0000           00850                 nop
030F   0000           00851                 nop
0310   0000           00852                 nop
0311   0000           00853                 nop
0312   0000           00854                 nop
0313   0000           00855                 nop
0314   0000           00856                 nop
0315   0000           00857                 nop
0316   0000           00858                 nop
0317   0000           00859                 nop
0318   0000           00860                 nop
0319   1105           00861                 bcf     IR_LED
031A   0000           00862                 nop
031B   0000           00863                 nop
031C   0000           00864                 nop
031D   0000           00865                 nop
031E   0000           00866                 nop
031F   0000           00867                 nop
0320   0000           00868                 nop
0321   0000           00869                 nop
0322   0000           00870                 nop
0323   0000           00871                 nop
0324   0BB2           00872                 decfsz  Reg_1,1
0325   2???           00873                 goto    Send0_Loopp
0326   3084           00874                 movlw   d'132'
0327   00B2           00875                 movwf   Reg_1
0328   1505           00876 Send0_Loopp1    bsf     IR_LED
0329   0000           00877                 nop
032A   0000           00878                 nop
032B   0000           00879                 nop
032C   0000           00880                 nop
032D   0000           00881                 nop
032E   0000           00882                 nop
032F   0000           00883                 nop
0330   0000           00884                 nop
0331   0000           00885                 nop
0332   0000           00886                 nop
0333   0000           00887                 nop
0334   0000           00888                 nop
0335   1105           00889                 bcf     IR_LED
0336   0000           00890                 nop
MPASM 5.83                       ALPCRBT.ASM   10-9-2019  17:04:31         PAGE 18


LOC  OBJECT CODE     LINE SOURCE TEXT
  VALUE

0337   0000           00891                 nop
0338   0000           00892                 nop
0339   0000           00893                 nop
033A   0000           00894                 nop
033B   0000           00895                 nop
033C   0000           00896                 nop
033D   0000           00897                 nop
033E   0000           00898                 nop
033F   0000           00899                 nop
0340   0BB2           00900                 decfsz  Reg_1,1
0341   2???           00901                 goto    Send0_Loopp1
0342   0008           00902                 return
0343   30AA           00903 delayy4.5ms     movlw       .170
0344   00B2           00904                 movwf       Reg_1
0345   3006           00905                 movlw       .6
0346   00B3           00906                 movwf       Reg_2
0347   0BB2           00907                 decfsz      Reg_1,F
0348   2???           00908                 goto        $-1
0349   0BB3           00909                 decfsz      Reg_2,F
034A   2???           00910                 goto        $-3
034B   0008           00911                 return
                      00912 ;-----------------------------------------------------------------------------  
0054                  00913                 end
MPASM 5.83                       ALPCRBT.ASM   10-9-2019  17:04:31         PAGE 19


SYMBOL TABLE
  LABEL                             VALUE 

ADCON0                            0000001F
ADCS0                             00000004
ADCS1                             00000005
ADCS2                             00000006
ADFM                              00000007
ADIE                              00000006
ADIF                              00000006
ADON                              00000000
ADRESH                            0000001E
ADRESL                            0000009E
ANS0                              00000000
ANS1                              00000001
ANS2                              00000002
ANS3                              00000003
ANSEL                             0000009F
BD_Loop94                         000000A4
Big_delay                         000000A2
C                                 00000000
CAL0                              00000002
CAL1                              00000003
CAL2                              00000004
CAL3                              00000005
CAL4                              00000006
CAL5                              00000007
CHS0                              00000002
CHS1                              00000003
CINV                              00000004
CIS                               00000003
CM0                               00000000
CM1                               00000001
CM2                               00000002
CMCON                             00000019
CMIE                              00000003
CMIF                              00000003
COUT                              00000006
DC                                00000001
EEADR                             0000009B
EECON1                            0000009C
EECON2                            0000009D
EEDAT                             0000009A
EEDATA                            0000009A
EEIE                              00000007
EEIF                              00000007
F                                 00000001
FSR                               00000004
GIE                               00000007
GO                                00000001
GO_DONE                           00000001
GO_NOT_DONE                       00000001
GP0                               00000000
GP1                               00000001
GP2                               00000002
GP3                               00000003
MPASM 5.83                       ALPCRBT.ASM   10-9-2019  17:04:31         PAGE 20


SYMBOL TABLE
  LABEL                             VALUE 

GP4                               00000004
GP5                               00000005
GPIE                              00000003
GPIF                              00000000
GPIO                              00000005
GPIO0                             00000000
GPIO1                             00000001
GPIO2                             00000002
GPIO3                             00000003
GPIO4                             00000004
GPIO5                             00000005
INDF                              00000000
INTCON                            0000000B
INTE                              00000004
INTEDG                            00000006
INTF                              00000001
IOC                               00000096
IOC0                              00000000
IOC1                              00000001
IOC2                              00000002
IOC3                              00000003
IOC4                              00000004
IOC5                              00000005
IOCB                              00000096
IOCB0                             00000000
IOCB1                             00000001
IOCB2                             00000002
IOCB3                             00000003
IOCB4                             00000004
IOCB5                             00000005
IRP                               00000007
IR_LED                            GPIO,2
Init                              00000001
LED                               00000050
Mainloop                          0000003B
NOT_BOD                           00000000
NOT_BOR                           00000000
NOT_DONE                          00000001
NOT_GPPU                          00000007
NOT_PD                            00000003
NOT_POR                           00000001
NOT_T1SYNC                        00000002
NOT_TO                            00000004
OPTION_REG                        00000081
OSCCAL                            00000090
PCL                               00000002
PCLATH                            0000000A
PCON                              0000008E
PEIE                              00000006
PIE1                              0000008C
PIR1                              0000000C
PS0                               00000000
PS1                               00000001
MPASM 5.83                       ALPCRBT.ASM   10-9-2019  17:04:31         PAGE 21


SYMBOL TABLE
  LABEL                             VALUE 

PS2                               00000002
PSA                               00000003
RD                                00000000
RP0                               00000005
RP1                               00000006
Reg_1                             00000032
Reg_2                             00000033
Reg_3                             00000034
STATUS                            00000003
Send0_Loop                        000002EF
Send0_Loopp                       0000030C
Send0_Loopp1                      00000328
Send1_Loop                        000002D2
Send_0                            000002ED
Send_1                            000002D0
T0CS                              00000005
T0IE                              00000005
T0IF                              00000002
T0SE                              00000004
T1CKPS0                           00000004
T1CKPS1                           00000005
T1CON                             00000010
T1IE                              00000000
T1IF                              00000000
T1OSCEN                           00000003
TMR0                              00000001
TMR0IE                            00000005
TMR0IF                            00000002
TMR1                              0000000E
TMR1CS                            00000001
TMR1GE                            00000006
TMR1H                             0000000F
TMR1IE                            00000000
TMR1IF                            00000000
TMR1L                             0000000E
TMR1ON                            00000000
TRISIO                            00000085
TRISIO0                           00000000
TRISIO1                           00000001
TRISIO2                           00000002
TRISIO3                           00000003
TRISIO4                           00000004
TRISIO5                           00000005
UMessen1                          0000003E
VCFG                              00000006
VR0                               00000000
VR1                               00000001
VR2                               00000002
VR3                               00000003
VRCON                             00000099
VREN                              00000007
VRR                               00000005
W                                 00000000
MPASM 5.83                       ALPCRBT.ASM   10-9-2019  17:04:31         PAGE 22


SYMBOL TABLE
  LABEL                             VALUE 

WPU                               00000095
WPU0                              00000000
WPU1                              00000001
WPU2                              00000002
WPU4                              00000004
WPU5                              00000005
WR                                00000001
WREN                              00000002
WRERR                             00000003
Z                                 00000002
_.org_0_004C                      0000004C
_.org_0_004E                      0000004E
_.org_0_0348                      00000348
_.org_0_034A                      0000034A
_BODEN_OFF                        00003FBF
_BODEN_ON                         00003FFF
_BOREN_OFF                        00003FBF
_BOREN_ON                         00003FFF
_CONFIG                           00002007
_CPD_OFF                          00003FFF
_CPD_ON                           00003EFF
_CP_OFF                           00003FFF
_CP_ON                            00003F7F
_DEVID1                           00002006
_EC_OSC                           00003FFB
_EXTRC_OSC_CLKOUT                 00003FFF
_EXTRC_OSC_NOCLKOUT               00003FFE
_FOSC_EC                          00003FFB
_FOSC_EXTRCCLK                    00003FFF
_FOSC_EXTRCIO                     00003FFE
_FOSC_HS                          00003FFA
_FOSC_INTRCCLK                    00003FFD
_FOSC_INTRCIO                     00003FFC
_FOSC_LP                          00003FF8
_FOSC_XT                          00003FF9
_HS_OSC                           00003FFA
_IDLOC0                           00002000
_IDLOC1                           00002001
_IDLOC2                           00002002
_IDLOC3                           00002003
_INTRC_OSC_CLKOUT                 00003FFD
_INTRC_OSC_NOCLKOUT               00003FFC
_LP_OSC                           00003FF8
_MCLRE_OFF                        00003FDF
_MCLRE_ON                         00003FFF
_PWRTE_OFF                        00003FFF
_PWRTE_ON                         00003FEF
_WDTE_OFF                         00003FF7
_WDTE_ON                          00003FFF
_WDT_OFF                          00003FF7
_WDT_ON                           00003FFF
_XT_OSC                           00003FF9
__12F675                          00000001
MPASM 5.83                       ALPCRBT.ASM   10-9-2019  17:04:31         PAGE 23


SYMBOL TABLE
  LABEL                             VALUE 

cmpower                           00000151
cmqizil                           000000E1
cmstrelkachap                     000000A9
cmstrelkaon                       00000269
cmstrelkapas                      00000189
cmstrelkatepa                     000001C1
cmvolumpas                        000001F9
cmvolumtepa                       00000231
cmyashil                          00000119
count                             00000020
delayy4.5ms                       00000343
delayy9ms                         0000030A
f0                                00000023
f1                                00000024
fCOUNTER                          0000003E
fCOUNTER2                         0000003F
loop                              0000003F
power                             00000084
powermax                          00000029
powermin                          0000002A
qizil                             0000007A
qizilmax                          00000027
qizilmin                          00000028
strelkachap                       00000089
strelkachapmax                    0000002B
strelkachapmin                    0000002C
strelkaon                         0000008E
strelkaonmax                      0000002D
strelkaonmin                      0000002E
strelkapas                        00000075
strelkapasmax                     00000025
strelkapasmin                     00000026
strelkatepa                       0000009D
strelkatepamax                    0000003C
strelkatepamin                    0000003D
volumpas                          00000093
volumpasmax                       00000038
volumpasmin                       00000039
volumtepa                         00000098
volumtepamax                      0000003A
volumtepamin                      0000003B
yarmi                             000002A1
yashil                            0000007F
yashilmax                         00000040
yashilmin                         00000041

Errors   :     0
Warnings :     1 reported,     0 suppressed
Messages :     0 reported,     7 suppressed

