

Microchip Technology PIC LITE Macro Assembler V2.00 build -1524193055 
                                                                                               Tue Feb 25 22:10:44 2020

Microchip Technology Omniscient Code Generator v2.00 (Free mode) build 20180527130849
     1  0000                     
      + 0000                     
     2                           ; Version 2.00
     3                           ; Generated 27/05/2018 GMT
     4                           
     5                           ; 
     6                           ; Copyright © 2018, Microchip Technology Inc. and its subsidiaries ("Microchip")
     7                           ; All rights reserved.
     8                           ; 
     9                           ; This software is developed by Microchip Technology Inc. and its subsidiaries ("Microch
                                 ip").
    10                           ; 
    11                           ; Redistribution and use in source and binary forms, with or without modification, are
    12                           ; permitted provided that the following conditions are met:
    13                           ; 
    14                           ;     1. Redistributions of source code must retain the above copyright notice, this lis
                                 t of
    15                           ;        conditions and the following disclaimer.
    16                           ; 
    17                           ;     2. Redistributions in binary form must reproduce the above copyright notice, this 
                                 list
    18                           ;        of conditions and the following disclaimer in the documentation and/or other
    19                           ;        materials provided with the distribution.
    20                           ; 
    21                           ;     3. Microchip's name may not be used to endorse or promote products derived from th
                                 is
    22                           ;        software without specific prior written permission.
    23                           ; 
    24                           ; THIS SOFTWARE IS PROVIDED BY MICROCHIP "AS IS" AND ANY EXPRESS OR IMPLIED WARRANTIES,

    25                           ; INCLUDING, BUT NOT LIMITED TO, THE IMPLIED WARRANTIES OF MERCHANTABILITY AND FITNESS F
                                 OR
    26                           ; PURPOSE ARE DISCLAIMED.  IN NO EVENT SHALL MICROCHIP BE LIABLE FOR ANY DIRECT, INDIREC
                                 T,
    27                           ; INCIDENTAL, SPECIAL, EXEMPLARY, OR CONSEQUENTIAL DAMAGES (INCLUDING BUT NOT LIMITED TO
                                 
    28                           ; PROCUREMENT OF SUBSTITUTE GOODS OR SERVICES; LOSS OF USE, DATA OR PROFITS; OR BUSINESS
                                 
    29                           ; INTERRUPTION) HOWSOEVER CAUSED AND ON ANY THEORY OF LIABILITY, WHETHER IN CONTRACT, ST
                                 RICT
    30                           ; LIABILITY, OR TORT (INCLUDING NEGLIGENCE OR OTHERWISE) ARISING IN ANY WAY OUT OF THE U
                                 SE OF
    31                           ; THIS SOFTWARE, EVEN IF ADVISED OF THE POSSIBILITY OF SUCH DAMAGE.
    32                           ; 
    33                           
    34                           
    35                           ; 
    36                           ; Code-generator required, PIC12F675 Definitions
    37                           ; 
    38  0004                     fsr0 equ 04h
    39  0004                     indf equ 00h
    40  0000                     indf0 equ 00h
    41  0000                     pc equ 02h
    42  0002                     pcl equ 02h
    43  0002                     pclath equ 0Ah
    44  000A                     status equ 03h
    45  0003                     
     2                           opt pagewidth 120
     3  0000                     byte0	macro	val
     4                           	(getbyte(val,0))
     5                           endm
     6  0000                     byte1	macro	val
     7                           	(getbyte(val,1))
     8                           endm
     9  0000                     byte2	macro	val
    10                           	(getbyte(val,2))
    11                           endm
    12  0000                     byte3	macro	val
    13                           	(getbyte(val,3))
    14                           endm
    15  0000                     byte4	macro	val
    16                           	(getbyte(val,4))
    17                           endm
    18  0000                     byte5	macro	val
    19                           	(getbyte(val,5))
    20                           endm
    21  0000                     byte6	macro	val
    22                           	(getbyte(val,6))
    23                           endm
    24  0000                     byte7	macro	val
    25                           	(getbyte(val,7))
    26                           endm
    27  0000                     getword	macro	val,pos
    28                           	(((val) >> (8 * pos)) and 0xffff)
    29                           endm
    30  0000                     word0	macro	val
    31                           	(getword(val,0))
    32                           endm
    33  0000                     word1	macro	val
    34                           	(getword(val,2))
    35                           endm
    36  0000                     word2	macro	val
    37                           	(getword(val,4))
    38                           endm
    39  0000                     word3	macro	val
    40                           	(getword(val,6))
    41                           endm
    42  0000                     gettword	macro	val,pos
    43                           	(((val) >> (8 * pos)) and 0xffffff)
    44                           endm
    45  0000                     tword0	macro	val
    46                           	(gettword(val,0))
    47                           endm
    48  0000                     tword1	macro	val
    49                           	(gettword(val,3))
    50                           endm
    51  0000                     tword2	macro	val
    52                           	(gettword(val,6))
    53                           endm
    54  0000                     getdword	macro	val,pos
    55                           	(((val) >> (8 * pos)) and 0xffffffff)
    56                           endm
    57  0000                     dword0	macro	val
    58                           	(getdword(val,0))
    59                           endm
    60  0000                     dword1	macro	val
    61                           	(getdword(val,4))
    62                           endm
    63  0000                     clrc	macro
    64                           	bcf	3,0
    65                           	endm
    66  0000                     clrz	macro
    67                           	bcf	3,2
    68                           	endm
    69  0000                     setc	macro
    70                           	bsf	3,0
    71                           	endm
    72  0000                     setz	macro
    73                           	bsf	3,2
    74                           	endm
    75  0000                     skipc	macro
    76                           	btfss	3,0
    77                           	endm
    78  0000                     skipz	macro
    79                           	btfss	3,2
    80                           	endm
    81  0000                     skipnc	macro
    82                           	btfsc	3,0
    83                           	endm
    84  0000                     skipnz	macro
    85                           	btfsc	3,2
    86                           	endm
    87  0000                     # 54 "C:\Program Files (x86)\Microchip\xc8\v2.00\pic\include\pic12f675.h"
    88                           INDF equ 00h ;# 
    89  0000                     # 74 "C:\Program Files (x86)\Microchip\xc8\v2.00\pic\include\pic12f675.h"
    90                           TMR0 equ 01h ;# 
    91  0001                     # 94 "C:\Program Files (x86)\Microchip\xc8\v2.00\pic\include\pic12f675.h"
    92                           PCL equ 02h ;# 
    93  0002                     # 114 "C:\Program Files (x86)\Microchip\xc8\v2.00\pic\include\pic12f675.h"
    94                           STATUS equ 03h ;# 
    95  0003                     # 200 "C:\Program Files (x86)\Microchip\xc8\v2.00\pic\include\pic12f675.h"
    96                           FSR equ 04h ;# 
    97  0004                     # 220 "C:\Program Files (x86)\Microchip\xc8\v2.00\pic\include\pic12f675.h"
    98                           GPIO equ 05h ;# 
    99  0005                     # 308 "C:\Program Files (x86)\Microchip\xc8\v2.00\pic\include\pic12f675.h"
   100                           PCLATH equ 0Ah ;# 
   101  000A                     # 328 "C:\Program Files (x86)\Microchip\xc8\v2.00\pic\include\pic12f675.h"
   102                           INTCON equ 0Bh ;# 
   103  000B                     # 406 "C:\Program Files (x86)\Microchip\xc8\v2.00\pic\include\pic12f675.h"
   104                           PIR1 equ 0Ch ;# 
   105  000C                     # 454 "C:\Program Files (x86)\Microchip\xc8\v2.00\pic\include\pic12f675.h"
   106                           TMR1 equ 0Eh ;# 
   107  000E                     # 461 "C:\Program Files (x86)\Microchip\xc8\v2.00\pic\include\pic12f675.h"
   108                           TMR1L equ 0Eh ;# 
   109  000E                     # 481 "C:\Program Files (x86)\Microchip\xc8\v2.00\pic\include\pic12f675.h"
   110                           TMR1H equ 0Fh ;# 
   111  000F                     # 501 "C:\Program Files (x86)\Microchip\xc8\v2.00\pic\include\pic12f675.h"
   112                           T1CON equ 010h ;# 
   113  0010                     # 566 "C:\Program Files (x86)\Microchip\xc8\v2.00\pic\include\pic12f675.h"
   114                           CMCON equ 019h ;# 
   115  0019                     # 625 "C:\Program Files (x86)\Microchip\xc8\v2.00\pic\include\pic12f675.h"
   116                           ADRESH equ 01Eh ;# 
   117  001E                     # 645 "C:\Program Files (x86)\Microchip\xc8\v2.00\pic\include\pic12f675.h"
   118                           ADCON0 equ 01Fh ;# 
   119  001F                     # 729 "C:\Program Files (x86)\Microchip\xc8\v2.00\pic\include\pic12f675.h"
   120                           OPTION_REG equ 081h ;# 
   121  0081                     # 799 "C:\Program Files (x86)\Microchip\xc8\v2.00\pic\include\pic12f675.h"
   122                           TRISIO equ 085h ;# 
   123  0085                     # 849 "C:\Program Files (x86)\Microchip\xc8\v2.00\pic\include\pic12f675.h"
   124                           PIE1 equ 08Ch ;# 
   125  008C                     # 897 "C:\Program Files (x86)\Microchip\xc8\v2.00\pic\include\pic12f675.h"
   126                           PCON equ 08Eh ;# 
   127  008E                     # 931 "C:\Program Files (x86)\Microchip\xc8\v2.00\pic\include\pic12f675.h"
   128                           OSCCAL equ 090h ;# 
   129  0090                     # 991 "C:\Program Files (x86)\Microchip\xc8\v2.00\pic\include\pic12f675.h"
   130                           WPU equ 095h ;# 
   131  0095                     # 1036 "C:\Program Files (x86)\Microchip\xc8\v2.00\pic\include\pic12f675.h"
   132                           IOC equ 096h ;# 
   133  0096                     # 1041 "C:\Program Files (x86)\Microchip\xc8\v2.00\pic\include\pic12f675.h"
   134                           IOCB equ 096h ;# 
   135  0096                     # 1210 "C:\Program Files (x86)\Microchip\xc8\v2.00\pic\include\pic12f675.h"
   136                           VRCON equ 099h ;# 
   137  0099                     # 1270 "C:\Program Files (x86)\Microchip\xc8\v2.00\pic\include\pic12f675.h"
   138                           EEDATA equ 09Ah ;# 
   139  009A                     # 1275 "C:\Program Files (x86)\Microchip\xc8\v2.00\pic\include\pic12f675.h"
   140                           EEDAT equ 09Ah ;# 
   141  009A                     # 1308 "C:\Program Files (x86)\Microchip\xc8\v2.00\pic\include\pic12f675.h"
   142                           EEADR equ 09Bh ;# 
   143  009B                     # 1328 "C:\Program Files (x86)\Microchip\xc8\v2.00\pic\include\pic12f675.h"
   144                           EECON1 equ 09Ch ;# 
   145  009C                     # 1366 "C:\Program Files (x86)\Microchip\xc8\v2.00\pic\include\pic12f675.h"
   146                           EECON2 equ 09Dh ;# 
   147  009D                     # 1386 "C:\Program Files (x86)\Microchip\xc8\v2.00\pic\include\pic12f675.h"
   148                           ADRESL equ 09Eh ;# 
   149  009E                     # 1406 "C:\Program Files (x86)\Microchip\xc8\v2.00\pic\include\pic12f675.h"
   150                           ANSEL equ 09Fh ;# 
   151  009F                     # 54 "C:\Program Files (x86)\Microchip\xc8\v2.00\pic\include\pic12f675.h"
   152                           INDF equ 00h ;# 
   153  0000                     # 74 "C:\Program Files (x86)\Microchip\xc8\v2.00\pic\include\pic12f675.h"
   154                           TMR0 equ 01h ;# 
   155  0001                     # 94 "C:\Program Files (x86)\Microchip\xc8\v2.00\pic\include\pic12f675.h"
   156                           PCL equ 02h ;# 
   157  0002                     # 114 "C:\Program Files (x86)\Microchip\xc8\v2.00\pic\include\pic12f675.h"
   158                           STATUS equ 03h ;# 
   159  0003                     # 200 "C:\Program Files (x86)\Microchip\xc8\v2.00\pic\include\pic12f675.h"
   160                           FSR equ 04h ;# 
   161  0004                     # 220 "C:\Program Files (x86)\Microchip\xc8\v2.00\pic\include\pic12f675.h"
   162                           GPIO equ 05h ;# 
   163  0005                     # 308 "C:\Program Files (x86)\Microchip\xc8\v2.00\pic\include\pic12f675.h"
   164                           PCLATH equ 0Ah ;# 
   165  000A                     # 328 "C:\Program Files (x86)\Microchip\xc8\v2.00\pic\include\pic12f675.h"
   166                           INTCON equ 0Bh ;# 
   167  000B                     # 406 "C:\Program Files (x86)\Microchip\xc8\v2.00\pic\include\pic12f675.h"
   168                           PIR1 equ 0Ch ;# 
   169  000C                     # 454 "C:\Program Files (x86)\Microchip\xc8\v2.00\pic\include\pic12f675.h"
   170                           TMR1 equ 0Eh ;# 
   171  000E                     # 461 "C:\Program Files (x86)\Microchip\xc8\v2.00\pic\include\pic12f675.h"
   172                           TMR1L equ 0Eh ;# 
   173  000E                     # 481 "C:\Program Files (x86)\Microchip\xc8\v2.00\pic\include\pic12f675.h"
   174                           TMR1H equ 0Fh ;# 
   175  000F                     # 501 "C:\Program Files (x86)\Microchip\xc8\v2.00\pic\include\pic12f675.h"
   176                           T1CON equ 010h ;# 
   177  0010                     # 566 "C:\Program Files (x86)\Microchip\xc8\v2.00\pic\include\pic12f675.h"
   178                           CMCON equ 019h ;# 
   179  0019                     # 625 "C:\Program Files (x86)\Microchip\xc8\v2.00\pic\include\pic12f675.h"
   180                           ADRESH equ 01Eh ;# 
   181  001E                     # 645 "C:\Program Files (x86)\Microchip\xc8\v2.00\pic\include\pic12f675.h"
   182                           ADCON0 equ 01Fh ;# 
   183  001F                     # 729 "C:\Program Files (x86)\Microchip\xc8\v2.00\pic\include\pic12f675.h"
   184                           OPTION_REG equ 081h ;# 
   185  0081                     # 799 "C:\Program Files (x86)\Microchip\xc8\v2.00\pic\include\pic12f675.h"
   186                           TRISIO equ 085h ;# 
   187  0085                     # 849 "C:\Program Files (x86)\Microchip\xc8\v2.00\pic\include\pic12f675.h"
   188                           PIE1 equ 08Ch ;# 
   189  008C                     # 897 "C:\Program Files (x86)\Microchip\xc8\v2.00\pic\include\pic12f675.h"
   190                           PCON equ 08Eh ;# 
   191  008E                     # 931 "C:\Program Files (x86)\Microchip\xc8\v2.00\pic\include\pic12f675.h"
   192                           OSCCAL equ 090h ;# 
   193  0090                     # 991 "C:\Program Files (x86)\Microchip\xc8\v2.00\pic\include\pic12f675.h"
   194                           WPU equ 095h ;# 
   195  0095                     # 1036 "C:\Program Files (x86)\Microchip\xc8\v2.00\pic\include\pic12f675.h"
   196                           IOC equ 096h ;# 
   197  0096                     # 1041 "C:\Program Files (x86)\Microchip\xc8\v2.00\pic\include\pic12f675.h"
   198                           IOCB equ 096h ;# 
   199  0096                     # 1210 "C:\Program Files (x86)\Microchip\xc8\v2.00\pic\include\pic12f675.h"
   200                           VRCON equ 099h ;# 
   201  0099                     # 1270 "C:\Program Files (x86)\Microchip\xc8\v2.00\pic\include\pic12f675.h"
   202                           EEDATA equ 09Ah ;# 
   203  009A                     # 1275 "C:\Program Files (x86)\Microchip\xc8\v2.00\pic\include\pic12f675.h"
   204                           EEDAT equ 09Ah ;# 
   205  009A                     # 1308 "C:\Program Files (x86)\Microchip\xc8\v2.00\pic\include\pic12f675.h"
   206                           EEADR equ 09Bh ;# 
   207  009B                     # 1328 "C:\Program Files (x86)\Microchip\xc8\v2.00\pic\include\pic12f675.h"
   208                           EECON1 equ 09Ch ;# 
   209  009C                     # 1366 "C:\Program Files (x86)\Microchip\xc8\v2.00\pic\include\pic12f675.h"
   210                           EECON2 equ 09Dh ;# 
   211  009D                     # 1386 "C:\Program Files (x86)\Microchip\xc8\v2.00\pic\include\pic12f675.h"
   212                           ADRESL equ 09Eh ;# 
   213  009E                     # 1406 "C:\Program Files (x86)\Microchip\xc8\v2.00\pic\include\pic12f675.h"
   214                           ANSEL equ 09Fh ;# 
   215  009F                     	FNROOT	_main
   216                           	global	_GPIObits
   217                           _GPIObits	set	0x5
   218  0005                     	global	_GPIO
   219                           _GPIO	set	0x5
   220  0005                     	global	_OPTION_REG
   221                           _OPTION_REG	set	0x81
   222  0081                     	global	_TRISIO
   223                           _TRISIO	set	0x85
   224  0085                     ; #config settings
   225                           global __CFG_FOSC$INTRCIO
   226                           __CFG_FOSC$INTRCIO equ 0x0
   227  0000                     global __CFG_WDTE$OFF
   228                           __CFG_WDTE$OFF equ 0x0
   229  0000                     global __CFG_PWRTE$OFF
   230                           __CFG_PWRTE$OFF equ 0x0
   231  0000                     global __CFG_MCLRE$OFF
   232                           __CFG_MCLRE$OFF equ 0x0
   233  0000                     global __CFG_BOREN$OFF
   234                           __CFG_BOREN$OFF equ 0x0
   235  0000                     global __CFG_CP$ON
   236                           __CFG_CP$ON equ 0x0
   237  0000                     global __CFG_CPD$ON
   238                           __CFG_CPD$ON equ 0x0
   239  0000                     	file	"C:\Users\XUSNID~1\AppData\Local\Temp\s4fo."
   240                           	line	#
   241                           psect cinit,class=CODE,delta=2
   242                           global start_initialization
   243                           start_initialization:
   244  03FD                     
   245                           global __initialization
   246                           __initialization:
   247  03FD                     psect cinit,class=CODE,delta=2,merge=1
   248                           global end_of_initialization,__end_of__initialization
   249                           
   250                           ;End of C runtime variable initialization code
   251                           
   252                           end_of_initialization:
   253  03FD                     __end_of__initialization:
   254  03FD                     clrf status
   255  03FD  0183               ljmp _main	;jump to C main() function
   256  03FE  2BD9               psect	cstackBANK0,class=BANK0,space=1,noexec
   257                           global __pcstackBANK0
   258                           __pcstackBANK0:
   259  0020                     ?_main:	; 1 bytes @ 0x0
   260  0020                     ??_main:	; 1 bytes @ 0x0
   261  0020                     	ds	2
   262  0020                     ;!
   263                           ;!Data Sizes:
   264                           ;!    Strings     0
   265                           ;!    Constant    0
   266                           ;!    Data        0
   267                           ;!    BSS         0
   268                           ;!    Persistent  0
   269                           ;!    Stack       0
   270                           ;!
   271                           ;!Auto Spaces:
   272                           ;!    Space          Size  Autos    Used
   273                           ;!    COMMON            0      0       0
   274                           ;!    BANK0            62      2       2
   275                           
   276                           ;!
   277                           ;!Pointer List with Targets:
   278                           ;!
   279                           ;!    None.
   280                           
   281                           
   282                           ;!
   283                           ;!Critical Paths under _main in COMMON
   284                           ;!
   285                           ;!    None.
   286                           ;!
   287                           ;!Critical Paths under _main in BANK0
   288                           ;!
   289                           ;!    None.
   290                           
   291 ;;
   292 ;;Main: autosize = 0, tempsize = 2, incstack = 0, save=0
   293 ;;
   294                           
   295                           ;!
   296                           ;!Call Graph Tables:
   297                           ;!
   298                           ;! ---------------------------------------------------------------------------------
   299                           ;! (Depth) Function   	        Calls       Base Space   Used Autos Params    Refs
   300                           ;! ---------------------------------------------------------------------------------
   301                           ;! (0) _main                                                 2     2      0       0
   302                           ;!                                              0 BANK0      2     2      0
   303                           ;! ---------------------------------------------------------------------------------
   304                           ;! Estimated maximum stack depth 0
   305                           ;! ---------------------------------------------------------------------------------
   306                           ;!
   307                           ;! Call Graph Graphs:
   308                           ;!
   309                           ;! _main (ROOT)
   310                           ;!
   311                           
   312                           ;! Address spaces:
   313                           
   314                           ;!Name               Size   Autos  Total    Cost      Usage
   315                           ;!BITCOMMON            0      0       0       0        0.0%
   316                           ;!EEDATA              80      0       0       0        0.0%
   317                           ;!NULL                 0      0       0       0        0.0%
   318                           ;!CODE                 0      0       0       0        0.0%
   319                           ;!BITSFR0              0      0       0       1        0.0%
   320                           ;!SFR0                 0      0       0       1        0.0%
   321                           ;!COMMON               0      0       0       1        0.0%
   322                           ;!BITSFR1              0      0       0       2        0.0%
   323                           ;!SFR1                 0      0       0       2        0.0%
   324                           ;!STACK                0      0       0       2        0.0%
   325                           ;!BITBANK0            3E      0       0       3        0.0%
   326                           ;!BANK0               3E      2       2       4        3.2%
   327                           ;!ABS                  0      0       0       5        0.0%
   328                           ;!DATA                 0      0       0       6        0.0%
   329                           
   330                           	global	_main
   331                           
   332 ;; *************** function _main *****************
   333 ;; Defined at:
   334 ;;		line 15 in file "Bakavoy.c"
   335 ;; Parameters:    Size  Location     Type
   336 ;;		None
   337 ;; Auto vars:     Size  Location     Type
   338 ;;		None
   339 ;; Return value:  Size  Location     Type
   340 ;;                  1    wreg      void 
   341 ;; Registers used:
   342 ;;		wreg, status,2
   343 ;; Tracked objects:
   344 ;;		On entry : B00/0
   345 ;;		On exit  : 0/0
   346 ;;		Unchanged: 0/0
   347 ;; Data sizes:     COMMON   BANK0
   348 ;;      Params:         0       0
   349 ;;      Locals:         0       0
   350 ;;      Temps:          0       2
   351 ;;      Totals:         0       2
   352 ;;Total ram usage:        2 bytes
   353 ;; This function calls:
   354 ;;		Nothing
   355 ;; This function is called by:
   356 ;;		Startup code after reset
   357 ;; This function uses a non-reentrant model
   358 ;;
   359                           psect	maintext,global,class=CODE,delta=2,split=1,group=0
   360                           	file	"Bakavoy.c"
   361                           	line	15
   362                           global __pmaintext
   363                           __pmaintext:	;psect for function _main
   364  03D9                     psect	maintext
   365                           	file	"Bakavoy.c"
   366                           	line	15
   367                           	global	__size_of_main
   368                           	__size_of_main	equ	__end_of_main-_main
   369  0024                     	
   370                           _main:	
   371  03D9                     ;incstack = 0
   372                           	opt	stack 8
   373                           ; Regs used in _main: [wreg+status,2]
   374                           	line	16
   375                           	
   376                           l605:	
   377  03D9                     ;Bakavoy.c: 16: }
   378                           	movlw	low(08h)
   379  03D9  3008               	bsf	status, 5	;RP0=1, select bank1
   380  03DA  1683               	movwf	(133)^080h	;volatile
   381  03DB  0085               	line	17
   382                           	movlw	low(03h)
   383  03DC  3003               	bcf	status, 5	;RP0=0, select bank0
   384  03DD  1283               	movwf	(5)	;volatile
   385  03DE  0085               	line	18
   386                           	
   387                           l607:	
   388  03DF                     	bsf	status, 5	;RP0=1, select bank1
   389  03DF  1683               	clrf	(129)^080h	;volatile
   390  03E0  0181               	goto	l609
   391  03E1  2BE2               	line	19
   392                           	
   393                           l15:	
   394  03E2                     	line	21
   395                           	
   396                           l609:	
   397  03E2                     	movlw	low(01h)
   398  03E2  3001               	bcf	status, 5	;RP0=0, select bank0
   399  03E3  1283               	movwf	(5)	;volatile
   400  03E4  0085               	line	24
   401                           	
   402                           l611:	
   403  03E5                     	opt asmopt_push
   404                           opt asmopt_off
   405                           movlw	130
   406  03E5  3082               movwf	((??_main+0)+0+1),f
   407  03E6  00A1               	movlw	221
   408  03E7  30DD               movwf	((??_main+0)+0),f
   409  03E8  00A0               	u17:
   410  03E9                     decfsz	((??_main+0)+0),f
   411  03E9  0BA0               	goto	u17
   412  03EA  2BE9               	decfsz	((??_main+0)+0+1),f
   413  03EB  0BA1               	goto	u17
   414  03EC  2BE9               	nop2
   415  03ED  2BEE               opt asmopt_pop
   416                           
   417                           	line	25
   418                           	
   419                           l613:	
   420  03EE                     	bcf	status, 5	;RP0=0, select bank0
   421  03EE  1283               	bcf	(5),0	;volatile
   422  03EF  1005               	line	26
   423                           	
   424                           l615:	
   425  03F0                     	bcf	(5),1	;volatile
   426  03F0  1085               	line	28
   427                           	
   428                           l617:	
   429  03F1                     	opt asmopt_push
   430                           opt asmopt_off
   431                           movlw	130
   432  03F1  3082               movwf	((??_main+0)+0+1),f
   433  03F2  00A1               	movlw	221
   434  03F3  30DD               movwf	((??_main+0)+0),f
   435  03F4  00A0               	u27:
   436  03F5                     decfsz	((??_main+0)+0),f
   437  03F5  0BA0               	goto	u27
   438  03F6  2BF5               	decfsz	((??_main+0)+0+1),f
   439  03F7  0BA1               	goto	u27
   440  03F8  2BF5               	nop2
   441  03F9  2BFA               opt asmopt_pop
   442                           
   443                           	goto	l609
   444  03FA  2BE2               	line	29
   445                           	
   446                           l16:	
   447  03FB                     	goto	l609
   448  03FB  2BE2               	
   449                           l17:	
   450  03FC                     	line	31
   451                           	
   452                           l18:	
   453  03FC                     	global	start
   454                           	ljmp	start
   455  03FC  2800               	opt stack 0
   456                           GLOBAL	__end_of_main
   457                           	__end_of_main:
   458  03FD                     	signat	_main,89
   459                           global	___latbits
   460                           ___latbits	equ	0
   461  0000                     	global	btemp
   462                           	btemp set 05Eh
   463  005E                     
   464                           	DABS	1,94,2	;btemp
   465                           	global	wtemp0
   466                           	wtemp0 set btemp+0
   467  005E                     	end


Data Sizes:
    Strings     0
    Constant    0
    Data        0
    BSS         0
    Persistent  0
    Stack       0

Auto Spaces:
    Space          Size  Autos    Used
    COMMON            0      0       0
    BANK0            62      2       2

Pointer List with Targets:

    None.

Critical Paths under _main in COMMON

    None.

Critical Paths under _main in BANK0

    None.

Call Graph Tables:

 ---------------------------------------------------------------------------------
 (Depth) Function   	        Calls       Base Space   Used Autos Params    Refs
 ---------------------------------------------------------------------------------
 (0) _main                                                 2     2      0       0
                                              0 BANK0      2     2      0
 ---------------------------------------------------------------------------------
 Estimated maximum stack depth 0
 ---------------------------------------------------------------------------------

 Call Graph Graphs:

 _main (ROOT)

 Address spaces:
Name               Size   Autos  Total    Cost      Usage
BITCOMMON            0      0       0       0        0.0%
EEDATA              80      0       0       0        0.0%
NULL                 0      0       0       0        0.0%
CODE                 0      0       0       0        0.0%
BITSFR0              0      0       0       1        0.0%
SFR0                 0      0       0       1        0.0%
COMMON               0      0       0       1        0.0%
BITSFR1              0      0       0       2        0.0%
SFR1                 0      0       0       2        0.0%
STACK                0      0       0       2        0.0%
BITBANK0            3E      0       0       3        0.0%
BANK0               3E      2       2       4        3.2%
ABS                  0      0       0       5        0.0%
DATA                 0      0       0       6        0.0%


Microchip Technology PIC Macro Assembler V2.00 build -1524193055 
Symbol Table                                                                                   Tue Feb 25 22:10:44 2020

             __CFG_CP$ON 0000                       l15 03E2                       l16 03FB  
                     l17 03FC                       l18 03FC                       u17 03E9  
            __CFG_CPD$ON 0000                       u27 03F5                      l611 03E5  
                    l613 03EE                      l605 03D9                      l615 03F0  
                    l607 03DF                      l617 03F1                      l609 03E2  
                   _GPIO 0005                     _main 03D9                     btemp 005E  
                   start 0000                    ?_main 0020            __CFG_WDTE$OFF 0000  
         __CFG_BOREN$OFF 0000                    status 0003                    wtemp0 005E  
         __CFG_MCLRE$OFF 0000          __initialization 03FD             __end_of_main 03FD  
                 ??_main 0020                   _TRISIO 0085           __CFG_PWRTE$OFF 0000  
__end_of__initialization 03FD               __pmaintext 03D9     end_of_initialization 03FD  
    start_initialization 03FD                ___latbits 0000            __pcstackBANK0 0020  
               _GPIObits 0005            __size_of_main 0024               _OPTION_REG 0081  
      __CFG_FOSC$INTRCIO 0000  
